2018-04-25T18:46:34.8224114+01:00 0HLDAQHUALD7J:00000001 [INF] Request starting HTTP/1.1 GET http://localhost:5000/   (ca22a1cb)
2018-04-25T18:46:35.2704114+01:00 0HLDAQHUALD7J:00000001 [INF] Executing action method "Tinix.Controllers.HomeController.Index (Tinix)" with arguments ([""]) - ModelState is Valid (ba7f4ac2)
2018-04-25T18:46:39.4324114+01:00 0HLDAQHUALD7J:00000001 [INF] Executing ViewResult, running view at path "/Views/Home/Index.cshtml". (9707eebe)
2018-04-25T18:46:41.3554114+01:00 0HLDAQHUALD7P:00000001 [INF] Request starting HTTP/1.1 GET http://localhost:5000/css/site.css   (ca22a1cb)
2018-04-25T18:46:41.3574114+01:00 0HLDAQHUALD7J:00000001 [INF] Executed action "Tinix.Controllers.HomeController.Index (Tinix)" in 6057.3755ms (afa2e885)
2018-04-25T18:46:41.3764114+01:00 0HLDAQHUALD7R:00000001 [INF] Request starting HTTP/1.1 GET http://localhost:5000/js/bootstrap.min.js   (ca22a1cb)
2018-04-25T18:46:41.5104114+01:00 0HLDAQHUALD7R:00000001 [INF] Sending file. Request path: '"/js/bootstrap.min.js"'. Physical path: '"C:\Users\ondero\desktop\dev\tinix\src\Tinix\wwwroot\js\bootstrap.min.js"' (27b0a520)
2018-04-25T18:46:41.5174114+01:00 0HLDAQHUALD7S:00000001 [INF] Request starting HTTP/1.1 GET http://localhost:5000/js/popper.min.js   (ca22a1cb)
2018-04-25T18:46:41.5334114+01:00 0HLDAQHUALD7Q:00000001 [INF] Request starting HTTP/1.1 GET http://localhost:5000/css/bootstrap.min.css   (ca22a1cb)
2018-04-25T18:46:41.5884114+01:00 0HLDAQHUALD7J:00000001 [INF] Request finished in 6604.7362ms 200 text/html; charset=utf-8 (791a596a)
2018-04-25T18:46:41.6244114+01:00 0HLDAQHUALD7P:00000001 [INF] Sending file. Request path: '"/css/site.css"'. Physical path: '"C:\Users\ondero\desktop\dev\tinix\src\Tinix\wwwroot\css\site.css"' (27b0a520)
2018-04-25T18:46:41.6324114+01:00 0HLDAQHUALD7R:00000001 [INF] Request finished in 221.8051ms 200 application/javascript (791a596a)
2018-04-25T18:46:41.6354114+01:00 0HLDAQHUALD7S:00000001 [INF] Sending file. Request path: '"/js/popper.min.js"'. Physical path: '"C:\Users\ondero\desktop\dev\tinix\src\Tinix\wwwroot\js\popper.min.js"' (27b0a520)
2018-04-25T18:46:41.6414114+01:00 0HLDAQHUALD7T:00000001 [INF] Request starting HTTP/1.1 GET http://localhost:5000/js/jquery.js   (ca22a1cb)
2018-04-25T18:46:41.7014114+01:00 0HLDAQHUALD7Q:00000001 [INF] Sending file. Request path: '"/css/bootstrap.min.css"'. Physical path: '"C:\Users\ondero\desktop\dev\tinix\src\Tinix\wwwroot\css\bootstrap.min.css"' (27b0a520)
2018-04-25T18:46:41.7244114+01:00 0HLDAQHUALD7T:00000001 [INF] The file "/js/jquery.js" was not modified (f1f8d725)
2018-04-25T18:46:41.7354114+01:00 0HLDAQHUALD7S:00000001 [INF] Request finished in 310.3834ms 200 application/javascript (791a596a)
2018-04-25T18:46:41.7904114+01:00 0HLDAQHUALD7P:00000001 [INF] Request finished in 387.8828ms 200 text/css (791a596a)
2018-04-25T18:46:41.7964114+01:00 0HLDAQHUALD7T:00000001 [INF] Request finished in 172.4376ms 304 application/javascript (791a596a)
2018-04-25T18:46:41.8054114+01:00 0HLDAQHUALD7Q:00000001 [INF] Request finished in 414.9815ms 200 text/css (791a596a)
2018-04-25T18:46:42.9074114+01:00 0HLDAQHUALD7Q:00000002 [INF] Request starting HTTP/1.1 GET http://localhost:5000/favicon.ico   (ca22a1cb)
2018-04-25T18:46:42.9204114+01:00 0HLDAQHUALD7Q:00000002 [INF] Sending file. Request path: '"/favicon.ico"'. Physical path: '"C:\Users\ondero\desktop\dev\tinix\src\Tinix\wwwroot\favicon.ico"' (27b0a520)
2018-04-25T18:46:42.9474114+01:00 0HLDAQHUALD7Q:00000002 [INF] Request finished in 22.6299ms 0 image/x-icon (791a596a)
2018-04-25T18:46:48.1214114+01:00 0HLDAQHUALD7R:00000002 [INF] Request starting HTTP/1.1 GET http://localhost:5000/Home/Detail/9b01c867-16f4-44f0-99b3-9f957d520ca9?name=EL%2BMukavva   (ca22a1cb)
2018-04-25T18:46:48.1594114+01:00 0HLDAQHUALD7R:00000002 [INF] Executing action method "Tinix.Controllers.HomeController.Detail (Tinix)" with arguments (["9b01c867-16f4-44f0-99b3-9f957d520ca9", "EL+Mukavva"]) - ModelState is Valid (ba7f4ac2)
2018-04-25T18:46:48.3114114+01:00 0HLDAQHUALD7R:00000002 [INF] Executing ViewResult, running view at path "/Views/Home/Detail.cshtml". (9707eebe)
2018-04-25T18:46:48.4774114+01:00 0HLDAQHUALD7R:00000002 [INF] Executed action "Tinix.Controllers.HomeController.Detail (Tinix)" in 344.868ms (afa2e885)
2018-04-25T18:46:48.4864114+01:00 0HLDAQHUALD7R:00000002 [INF] Request finished in 389.0966ms 200 text/html; charset=utf-8 (791a596a)
2018-04-25T18:46:48.5544114+01:00 0HLDAQHUALD7R:00000003 [INF] Request starting HTTP/1.1 GET http://localhost:5000/js/jquery.validate.min.js   (ca22a1cb)
2018-04-25T18:46:48.5864114+01:00 0HLDAQHUALD7R:00000003 [INF] The file "/js/jquery.validate.min.js" was not modified (f1f8d725)
2018-04-25T18:46:48.6114114+01:00 0HLDAQHUALD7R:00000003 [INF] Request finished in 68.7705ms 304 application/javascript (791a596a)
2018-04-25T18:46:48.6204114+01:00 0HLDAQHUALD7S:00000002 [INF] Request starting HTTP/1.1 GET http://localhost:5000/js/jquery.validate.unobtrusive.js   (ca22a1cb)
2018-04-25T18:46:48.6274114+01:00 0HLDAQHUALD7S:00000002 [INF] The file "/js/jquery.validate.unobtrusive.js" was not modified (f1f8d725)
2018-04-25T18:46:48.6544114+01:00 0HLDAQHUALD7S:00000002 [INF] Request finished in 93.491ms 304 application/javascript (791a596a)
2018-04-25T18:46:51.4684114+01:00 0HLDAQHUALD7R:00000004 [INF] Request starting HTTP/1.1 GET http://localhost:5000/   (ca22a1cb)
2018-04-25T18:46:51.4754114+01:00 0HLDAQHUALD7R:00000004 [INF] Executing action method "Tinix.Controllers.HomeController.Index (Tinix)" with arguments ([""]) - ModelState is Valid (ba7f4ac2)
2018-04-25T18:46:51.5014114+01:00 0HLDAQHUALD7R:00000004 [INF] Executing ViewResult, running view at path "/Views/Home/Index.cshtml". (9707eebe)
2018-04-25T18:46:51.5214114+01:00 0HLDAQHUALD7R:00000004 [INF] Executed action "Tinix.Controllers.HomeController.Index (Tinix)" in 36.9247ms (afa2e885)
2018-04-25T18:46:51.5434114+01:00 0HLDAQHUALD7R:00000004 [INF] Request finished in 62.4197ms 200 text/html; charset=utf-8 (791a596a)
2018-04-25T18:46:57.7534114+01:00 0HLDAQHUALD7R:00000005 [INF] Request starting HTTP/1.1 GET http://localhost:5000/admin/login   (ca22a1cb)
2018-04-25T18:46:57.7644114+01:00 0HLDAQHUALD7R:00000005 [INF] Executing action method "Tinix.Controllers.AdminController.Login (Tinix)" with arguments (null) - ModelState is Valid (ba7f4ac2)
2018-04-25T18:46:58.2524114+01:00 0HLDAQHUALD7R:00000005 [INF] Executing ViewResult, running view at path "/Views/Admin/Login.cshtml". (9707eebe)
2018-04-25T18:46:58.7514114+01:00 0HLDAQHUALD7R:00000005 [INF] Executed action "Tinix.Controllers.AdminController.Login (Tinix)" in 933.7351ms (afa2e885)
2018-04-25T18:46:58.8654114+01:00 0HLDAQHUALD7R:00000005 [INF] Request finished in 1011.374ms 200 text/html; charset=utf-8 (791a596a)
2018-04-25T18:46:58.8694114+01:00 0HLDAQHUALD7S:00000003 [INF] Request starting HTTP/1.1 GET http://localhost:5000/css/admin.css   (ca22a1cb)
2018-04-25T18:46:58.8884114+01:00 0HLDAQHUALD7S:00000003 [INF] Sending file. Request path: '"/css/admin.css"'. Physical path: '"C:\Users\ondero\desktop\dev\tinix\src\Tinix\wwwroot\css\admin.css"' (27b0a520)
2018-04-25T18:46:58.9164114+01:00 0HLDAQHUALD7S:00000003 [INF] Request finished in 147.8972ms 200 text/css (791a596a)
2018-04-25T18:47:01.6334114+01:00 0HLDAQHUALD7R:00000006 [INF] Request starting HTTP/1.1 POST http://localhost:5000/Admin/Login application/x-www-form-urlencoded 34 (ca22a1cb)
2018-04-25T18:47:01.6674114+01:00 0HLDAQHUALD7R:00000006 [INF] Executing action method "Tinix.Controllers.AdminController.Login (Tinix)" with arguments (["Tinix.Models.LoginViewModel"]) - ModelState is Valid (ba7f4ac2)
2018-04-25T18:47:01.7204114+01:00 0HLDAQHUALD7R:00000006 [INF] AuthenticationScheme: "Cookies" signed in. (c66dd7e7)
2018-04-25T18:47:01.7264114+01:00 0HLDAQHUALD7R:00000006 [INF] Executing RedirectResult, redirecting to "/Admin/NewPost". (d98d540e)
2018-04-25T18:47:01.7324114+01:00 0HLDAQHUALD7R:00000006 [INF] Executed action "Tinix.Controllers.AdminController.Login (Tinix)" in 85.8143ms (afa2e885)
2018-04-25T18:47:01.7414114+01:00 0HLDAQHUALD7R:00000006 [INF] Request finished in 103.4996ms 302  (791a596a)
2018-04-25T18:47:01.7704114+01:00 0HLDAQHUALD7R:00000007 [INF] Request starting HTTP/1.1 GET http://localhost:5000/Admin/NewPost   (ca22a1cb)
2018-04-25T18:47:01.7854114+01:00 0HLDAQHUALD7R:00000007 [INF] AuthenticationScheme: "Cookies" was successfully authenticated. (1805f3b3)
2018-04-25T18:47:01.8214114+01:00 0HLDAQHUALD7R:00000007 [INF] Authorization was successful for user: "ozimax". (d7eb274a)
2018-04-25T18:47:01.8274114+01:00 0HLDAQHUALD7R:00000007 [INF] Executing action method "Tinix.Controllers.AdminController.NewPost (Tinix)" with arguments (null) - ModelState is Valid (ba7f4ac2)
2018-04-25T18:47:02.0404114+01:00 0HLDAQHUALD7R:00000007 [INF] Executing ViewResult, running view at path "/Views/Admin/NewPost.cshtml". (9707eebe)
2018-04-25T18:47:02.0804114+01:00 0HLDAQHUALD7R:00000007 [INF] Executed action "Tinix.Controllers.AdminController.NewPost (Tinix)" in 281.3159ms (afa2e885)
2018-04-25T18:47:02.0924114+01:00 0HLDAQHUALD7R:00000007 [INF] Request finished in 337.5042ms 200 text/html; charset=utf-8 (791a596a)
2018-04-25T18:47:02.5444114+01:00 0HLDAQHUALD7R:00000008 [INF] Request starting HTTP/1.1 GET http://localhost:5000/js/admin.js   (ca22a1cb)
2018-04-25T18:47:02.5684114+01:00 0HLDAQHUALD7S:00000004 [INF] Request starting HTTP/1.1 GET http://localhost:5000/js/tinymce.min.js   (ca22a1cb)
2018-04-25T18:47:02.5974114+01:00 0HLDAQHUALD7R:00000008 [INF] AuthenticationScheme: "Cookies" was successfully authenticated. (1805f3b3)
2018-04-25T18:47:02.5984114+01:00 0HLDAQHUALD7S:00000004 [INF] AuthenticationScheme: "Cookies" was successfully authenticated. (1805f3b3)
2018-04-25T18:47:02.6084114+01:00 0HLDAQHUALD7R:00000008 [INF] Sending file. Request path: '"/js/admin.js"'. Physical path: '"C:\Users\ondero\desktop\dev\tinix\src\Tinix\wwwroot\js\admin.js"' (27b0a520)
2018-04-25T18:47:02.6094114+01:00 0HLDAQHUALD7S:00000004 [INF] The file "/js/tinymce.min.js" was not modified (f1f8d725)
2018-04-25T18:47:02.6294114+01:00 0HLDAQHUALD7S:00000004 [INF] Request finished in 88.8042ms 304 application/javascript (791a596a)
2018-04-25T18:47:02.6364114+01:00 0HLDAQHUALD7R:00000008 [INF] Request finished in 93.0897ms 200 application/javascript (791a596a)
2018-04-25T18:47:02.8924114+01:00 0HLDAQHUALD7R:00000009 [INF] Request starting HTTP/1.1 GET http://localhost:5000/js/skins/lightgray/skin.min.css   (ca22a1cb)
2018-04-25T18:47:02.8984114+01:00 0HLDAQHUALD7R:00000009 [INF] AuthenticationScheme: "Cookies" was successfully authenticated. (1805f3b3)
2018-04-25T18:47:02.9034114+01:00 0HLDAQHUALD7R:00000009 [INF] Sending file. Request path: '"/js/skins/lightgray/skin.min.css"'. Physical path: '"C:\Users\ondero\desktop\dev\tinix\src\Tinix\wwwroot\js\skins\lightgray\skin.min.css"' (27b0a520)
2018-04-25T18:47:02.9254114+01:00 0HLDAQHUALD7R:00000009 [INF] Request finished in 16.5643ms 200 text/css (791a596a)
2018-04-25T18:47:03.0104114+01:00 0HLDAQHUALD7R:0000000A [INF] Request starting HTTP/1.1 GET http://localhost:5000/js/skins/lightgray/content.min.css   (ca22a1cb)
2018-04-25T18:47:03.0244114+01:00 0HLDAQHUALD7R:0000000A [INF] AuthenticationScheme: "Cookies" was successfully authenticated. (1805f3b3)
2018-04-25T18:47:03.0324114+01:00 0HLDAQHUALD7R:0000000A [INF] Sending file. Request path: '"/js/skins/lightgray/content.min.css"'. Physical path: '"C:\Users\ondero\desktop\dev\tinix\src\Tinix\wwwroot\js\skins\lightgray\content.min.css"' (27b0a520)
2018-04-25T18:47:03.0444114+01:00 0HLDAQHUALD7R:0000000A [INF] Request finished in 31.5685ms 200 text/css (791a596a)
2018-04-25T18:47:03.1214114+01:00 0HLDAQHUALD7R:0000000B [INF] Request starting HTTP/1.1 GET http://localhost:5000/js/skins/lightgray/fonts/tinymce.woff   (ca22a1cb)
2018-04-25T18:47:03.2294114+01:00 0HLDAQHUALD7R:0000000B [INF] AuthenticationScheme: "Cookies" was successfully authenticated. (1805f3b3)
2018-04-25T18:47:03.2374114+01:00 0HLDAQHUALD7R:0000000B [INF] Sending file. Request path: '"/js/skins/lightgray/fonts/tinymce.woff"'. Physical path: '"C:\Users\ondero\desktop\dev\tinix\src\Tinix\wwwroot\js\skins\lightgray\fonts\tinymce.woff"' (27b0a520)
2018-04-25T18:47:03.2684114+01:00 0HLDAQHUALD7R:0000000B [INF] Request finished in 146.4113ms 200 application/font-woff (791a596a)
2018-04-25T18:47:05.6974114+01:00 0HLDAQHUALD7R:0000000C [INF] Request starting HTTP/1.1 GET http://localhost:5000/Admin/Posts   (ca22a1cb)
2018-04-25T18:47:05.7224114+01:00 0HLDAQHUALD7R:0000000C [INF] AuthenticationScheme: "Cookies" was successfully authenticated. (1805f3b3)
2018-04-25T18:47:05.7294114+01:00 0HLDAQHUALD7R:0000000C [INF] Authorization was successful for user: "ozimax". (d7eb274a)
2018-04-25T18:47:05.7344114+01:00 0HLDAQHUALD7R:0000000C [INF] Executing action method "Tinix.Controllers.AdminController.Posts (Tinix)" with arguments (null) - ModelState is Valid (ba7f4ac2)
2018-04-25T18:47:05.9364114+01:00 0HLDAQHUALD7R:0000000C [INF] Executing ViewResult, running view at path "/Views/Admin/Posts.cshtml". (9707eebe)
2018-04-25T18:47:05.9534114+01:00 0HLDAQHUALD7R:0000000C [INF] Executed action "Tinix.Controllers.AdminController.Posts (Tinix)" in 219.2698ms (afa2e885)
2018-04-25T18:47:05.9604114+01:00 0HLDAQHUALD7R:0000000C [INF] Request finished in 262.5887ms 200 text/html; charset=utf-8 (791a596a)
2018-04-25T18:47:09.4604114+01:00 0HLDAQHUALD7R:0000000D [INF] Request starting HTTP/1.1 GET http://localhost:5000/Admin/EditPost?postId=9b01c867-16f4-44f0-99b3-9f957d520ca9   (ca22a1cb)
2018-04-25T18:47:09.4904114+01:00 0HLDAQHUALD7R:0000000D [INF] AuthenticationScheme: "Cookies" was successfully authenticated. (1805f3b3)
2018-04-25T18:47:09.4994114+01:00 0HLDAQHUALD7R:0000000D [INF] Authorization was successful for user: "ozimax". (d7eb274a)
2018-04-25T18:47:09.5234114+01:00 0HLDAQHUALD7R:0000000D [INF] Executing action method "Tinix.Controllers.AdminController.EditPost (Tinix)" with arguments (["9b01c867-16f4-44f0-99b3-9f957d520ca9"]) - ModelState is Valid (ba7f4ac2)
2018-04-25T18:47:09.7324114+01:00 0HLDAQHUALD7R:0000000D [INF] Executing ViewResult, running view at path "/Views/Admin/EditPost.cshtml". (9707eebe)
2018-04-25T18:47:09.7514114+01:00 0HLDAQHUALD7R:0000000D [INF] Executed action "Tinix.Controllers.AdminController.EditPost (Tinix)" in 252.5623ms (afa2e885)
2018-04-25T18:47:09.7644114+01:00 0HLDAQHUALD7R:0000000D [INF] Request finished in 300.3796ms 200 text/html; charset=utf-8 (791a596a)
2018-04-25T18:48:03.6834114+01:00 0HLDAQHUALD7R:0000000E [INF] Request starting HTTP/1.1 GET http://localhost:5000/Admin/EditPost?postId=9b01c867-16f4-44f0-99b3-9f957d520ca9   (ca22a1cb)
2018-04-25T18:48:03.7124114+01:00 0HLDAQHUALD7R:0000000E [INF] AuthenticationScheme: "Cookies" was successfully authenticated. (1805f3b3)
2018-04-25T18:48:03.7234114+01:00 0HLDAQHUALD7R:0000000E [INF] Authorization was successful for user: "ozimax". (d7eb274a)
2018-04-25T18:48:03.7364114+01:00 0HLDAQHUALD7R:0000000E [INF] Executing action method "Tinix.Controllers.AdminController.EditPost (Tinix)" with arguments (["9b01c867-16f4-44f0-99b3-9f957d520ca9"]) - ModelState is Valid (ba7f4ac2)
2018-04-25T18:48:03.7414114+01:00 0HLDAQHUALD7R:0000000E [INF] Executing ViewResult, running view at path "/Views/Admin/EditPost.cshtml". (9707eebe)
2018-04-25T18:48:03.7594114+01:00 0HLDAQHUALD7R:0000000E [INF] Executed action "Tinix.Controllers.AdminController.EditPost (Tinix)" in 39.0172ms (afa2e885)
2018-04-25T18:48:03.7974114+01:00 0HLDAQHUALD7R:0000000E [INF] Request finished in 87.1627ms 200 text/html; charset=utf-8 (791a596a)
2018-04-25T18:48:03.8574114+01:00 0HLDAQHUALD7R:0000000F [INF] Request starting HTTP/1.1 GET http://localhost:5000/css/bootstrap.min.css   (ca22a1cb)
2018-04-25T18:48:03.9184114+01:00 0HLDAQHUALD7R:0000000F [INF] AuthenticationScheme: "Cookies" was successfully authenticated. (1805f3b3)
2018-04-25T18:48:03.9464114+01:00 0HLDAQHUALD7P:00000002 [INF] Request starting HTTP/1.1 GET http://localhost:5000/js/jquery.js   (ca22a1cb)
2018-04-25T18:48:03.9634114+01:00 0HLDAQHUALD7J:00000002 [INF] Request starting HTTP/1.1 GET http://localhost:5000/js/jquery.validate.unobtrusive.js   (ca22a1cb)
2018-04-25T18:48:03.9844114+01:00 0HLDAQHUALD7S:00000005 [INF] Request starting HTTP/1.1 GET http://localhost:5000/css/admin.css   (ca22a1cb)
2018-04-25T18:48:03.9984114+01:00 0HLDAQHUALD7T:00000002 [INF] Request starting HTTP/1.1 GET http://localhost:5000/js/jquery.validate.min.js   (ca22a1cb)
2018-04-25T18:48:04.0254114+01:00 0HLDAQHUALD7R:0000000F [INF] The file "/css/bootstrap.min.css" was not modified (f1f8d725)
2018-04-25T18:48:04.0734114+01:00 0HLDAQHUALD7P:00000002 [INF] AuthenticationScheme: "Cookies" was successfully authenticated. (1805f3b3)
2018-04-25T18:48:04.0994114+01:00 0HLDAQHUALD7S:00000005 [INF] AuthenticationScheme: "Cookies" was successfully authenticated. (1805f3b3)
2018-04-25T18:48:04.1554114+01:00 0HLDAQHUALD7T:00000002 [INF] AuthenticationScheme: "Cookies" was successfully authenticated. (1805f3b3)
2018-04-25T18:48:04.1654114+01:00 0HLDAQHUALD7S:00000005 [INF] The file "/css/admin.css" was not modified (f1f8d725)
2018-04-25T18:48:04.1924114+01:00 0HLDAQHUALD7P:00000002 [INF] The file "/js/jquery.js" was not modified (f1f8d725)
2018-04-25T18:48:04.2424114+01:00 0HLDAQHUALD7J:00000002 [INF] AuthenticationScheme: "Cookies" was successfully authenticated. (1805f3b3)
2018-04-25T18:48:04.2694114+01:00 0HLDAQHUALD7S:00000005 [INF] Request finished in 273.8679ms 304 text/css (791a596a)
2018-04-25T18:48:04.2864114+01:00 0HLDAQHUALD7T:00000002 [INF] The file "/js/jquery.validate.min.js" was not modified (f1f8d725)
2018-04-25T18:48:04.3154114+01:00 0HLDAQHUALD7R:0000000F [INF] Request finished in 211.3364ms 304 text/css (791a596a)
2018-04-25T18:48:04.3344114+01:00 0HLDAQHUALD7P:00000002 [INF] Request finished in 370.6095ms 304 application/javascript (791a596a)
2018-04-25T18:48:04.3534114+01:00 0HLDAQHUALD7S:00000006 [INF] Request starting HTTP/1.1 GET http://localhost:5000/js/popper.min.js   (ca22a1cb)
2018-04-25T18:48:04.3664114+01:00 0HLDAQHUALD7J:00000002 [INF] The file "/js/jquery.validate.unobtrusive.js" was not modified (f1f8d725)
2018-04-25T18:48:04.4104114+01:00 0HLDAQHUALD7T:00000002 [INF] Request finished in 395.6433ms 304 application/javascript (791a596a)
2018-04-25T18:48:04.4174114+01:00 0HLDAQHUALD7S:00000006 [INF] AuthenticationScheme: "Cookies" was successfully authenticated. (1805f3b3)
2018-04-25T18:48:04.4564114+01:00 0HLDAQHUALD7R:00000010 [INF] Request starting HTTP/1.1 GET http://localhost:5000/js/tinymce.min.js   (ca22a1cb)
2018-04-25T18:48:04.4984114+01:00 0HLDAQHUALD7P:00000003 [INF] Request starting HTTP/1.1 GET http://localhost:5000/js/bootstrap.min.js   (ca22a1cb)
2018-04-25T18:48:04.5124114+01:00 0HLDAQHUALD7J:00000002 [INF] Request finished in 542.8058ms 304 application/javascript (791a596a)
2018-04-25T18:48:04.5244114+01:00 0HLDAQHUALD7S:00000006 [INF] The file "/js/popper.min.js" was not modified (f1f8d725)
2018-04-25T18:48:04.5424114+01:00 0HLDAQHUALD7U:00000001 [INF] Request starting HTTP/1.1 GET http://localhost:5000/js/admin.js   (ca22a1cb)
2018-04-25T18:48:04.5764114+01:00 0HLDAQHUALD7R:00000010 [INF] AuthenticationScheme: "Cookies" was successfully authenticated. (1805f3b3)
2018-04-25T18:48:04.6364114+01:00 0HLDAQHUALD7P:00000003 [INF] AuthenticationScheme: "Cookies" was successfully authenticated. (1805f3b3)
2018-04-25T18:48:04.6464114+01:00 0HLDAQHUALD7S:00000006 [INF] Request finished in 260.126ms 304 application/javascript (791a596a)
2018-04-25T18:48:04.6484114+01:00 0HLDAQHUALD7R:00000010 [INF] The file "/js/tinymce.min.js" was not modified (f1f8d725)
2018-04-25T18:48:04.7444114+01:00 0HLDAQHUALD7U:00000001 [INF] AuthenticationScheme: "Cookies" was successfully authenticated. (1805f3b3)
2018-04-25T18:48:04.7944114+01:00 0HLDAQHUALD7P:00000003 [INF] The file "/js/bootstrap.min.js" was not modified (f1f8d725)
2018-04-25T18:48:04.8944114+01:00 0HLDAQHUALD7R:00000010 [INF] Request finished in 332.4584ms 304 application/javascript (791a596a)
2018-04-25T18:48:04.9184114+01:00 0HLDAQHUALD7P:00000003 [INF] Request finished in 459.9589ms 304 application/javascript (791a596a)
2018-04-25T18:48:04.9204114+01:00 0HLDAQHUALD7U:00000001 [INF] Sending file. Request path: '"/js/admin.js"'. Physical path: '"C:\Users\ondero\desktop\dev\tinix\src\Tinix\wwwroot\js\admin.js"' (27b0a520)
2018-04-25T18:48:04.9314114+01:00 0HLDAQHUALD7U:00000001 [INF] Request finished in 458.9233ms 200 application/javascript (791a596a)
2018-04-25T18:48:05.2014114+01:00 0HLDAQHUALD7R:00000011 [INF] Request starting HTTP/1.1 GET http://localhost:5000/js/skins/lightgray/skin.min.css   (ca22a1cb)
2018-04-25T18:48:05.2064114+01:00 0HLDAQHUALD7R:00000011 [INF] AuthenticationScheme: "Cookies" was successfully authenticated. (1805f3b3)
2018-04-25T18:48:05.2184114+01:00 0HLDAQHUALD7R:00000011 [INF] The file "/js/skins/lightgray/skin.min.css" was not modified (f1f8d725)
2018-04-25T18:48:05.2274114+01:00 0HLDAQHUALD7R:00000011 [INF] Request finished in 27.3553ms 304 text/css (791a596a)
2018-04-25T18:48:08.7324114+01:00 0HLDAQHUALD7R:00000012 [INF] Request starting HTTP/1.1 POST http://localhost:5000/Admin/DeleteComment application/x-www-form-urlencoded 55 (ca22a1cb)
2018-04-25T18:48:08.7374114+01:00 0HLDAQHUALD7R:00000012 [INF] AuthenticationScheme: "Cookies" was successfully authenticated. (1805f3b3)
2018-04-25T18:48:08.7474114+01:00 0HLDAQHUALD7R:00000012 [INF] Authorization was successful for user: "ozimax". (d7eb274a)
2018-04-25T18:48:08.7534114+01:00 0HLDAQHUALD7R:00000012 [INF] Executing action method "Tinix.Controllers.AdminController.DeleteComment (Tinix)" with arguments (["3", "9b01c867-16f4-44f0-99b3-9f957d520ca9"]) - ModelState is Valid (ba7f4ac2)
