2018-05-02T17:00:02.2149099+01:00 0HLDG8N1LOH1C:00000001 [INF] Request starting HTTP/1.1 GET http://localhost:5000/   (ca22a1cb)
2018-05-02T17:00:02.7769099+01:00 0HLDG8N1LOH1C:00000001 [INF] Executing action method "Tinix.Controllers.HomeController.Index (Tinix)" with arguments ([""]) - ModelState is Valid (ba7f4ac2)
2018-05-02T17:00:49.1209099+01:00 0HLDG8N1LOH1C:00000001 [INF] Executing ViewResult, running view at path "/Views/Home/Index.cshtml". (9707eebe)
2018-05-02T17:00:50.7489099+01:00 0HLDG8N1LOH1D:00000001 [INF] Request starting HTTP/1.1 GET http://localhost:5000/css/bootstrap.min.css   (ca22a1cb)
2018-05-02T17:00:50.7569099+01:00 0HLDG8N1LOH1C:00000001 [INF] Executed action "Tinix.Controllers.HomeController.Index (Tinix)" in 47919.5657ms (afa2e885)
2018-05-02T17:00:50.7699099+01:00 0HLDG8N1LOH1E:00000001 [INF] Request starting HTTP/1.1 GET http://localhost:5000/js/jquery.js   (ca22a1cb)
2018-05-02T17:00:50.8579099+01:00 0HLDG8N1LOH1G:00000001 [INF] Request starting HTTP/1.1 GET http://localhost:5000/js/bootstrap.min.js   (ca22a1cb)
2018-05-02T17:00:50.9669099+01:00 0HLDG8N1LOH1C:00000001 [INF] Request finished in 48577.4149ms 200 text/html; charset=utf-8 (791a596a)
2018-05-02T17:00:50.9689099+01:00 0HLDG8N1LOH1D:00000001 [INF] Sending file. Request path: '"/css/bootstrap.min.css"'. Physical path: '"C:\Users\ondero\desktop\dev\tinix\src\Tinix\wwwroot\css\bootstrap.min.css"' (27b0a520)
2018-05-02T17:00:50.9739099+01:00 0HLDG8N1LOH1E:00000001 [INF] The file "/js/jquery.js" was not modified (f1f8d725)
2018-05-02T17:00:50.9999099+01:00 0HLDG8N1LOH1G:00000001 [INF] The file "/js/bootstrap.min.js" was not modified (f1f8d725)
2018-05-02T17:00:51.0009099+01:00 0HLDG8N1LOH1F:00000001 [INF] Request starting HTTP/1.1 GET http://localhost:5000/css/site.css   (ca22a1cb)
2018-05-02T17:00:51.0319099+01:00 0HLDG8N1LOH1F:00000001 [INF] Sending file. Request path: '"/css/site.css"'. Physical path: '"C:\Users\ondero\desktop\dev\tinix\src\Tinix\wwwroot\css\site.css"' (27b0a520)
2018-05-02T17:00:51.0349099+01:00 0HLDG8N1LOH1H:00000001 [INF] Request starting HTTP/1.1 GET http://localhost:5000/js/popper.min.js   (ca22a1cb)
2018-05-02T17:00:51.0679099+01:00 0HLDG8N1LOH1F:00000001 [INF] Request finished in 271.7768ms 200 text/css (791a596a)
2018-05-02T17:00:51.0859099+01:00 0HLDG8N1LOH1H:00000001 [INF] The file "/js/popper.min.js" was not modified (f1f8d725)
2018-05-02T17:00:51.1099099+01:00 0HLDG8N1LOH1G:00000001 [INF] Request finished in 282.4916ms 304 application/javascript (791a596a)
2018-05-02T17:00:51.1149099+01:00 0HLDG8N1LOH1E:00000001 [INF] Request finished in 286.3387ms 304 application/javascript (791a596a)
2018-05-02T17:00:51.1319099+01:00 0HLDG8N1LOH1H:00000001 [INF] Request finished in 111.8128ms 304 application/javascript (791a596a)
2018-05-02T17:00:51.1429099+01:00 0HLDG8N1LOH1D:00000001 [INF] Request finished in 416.6072ms 200 text/css (791a596a)
2018-05-02T17:00:51.5439099+01:00 0HLDG8N1LOH1D:00000002 [INF] Request starting HTTP/1.1 GET http://localhost:5000/favicon.ico   (ca22a1cb)
2018-05-02T17:00:51.6059099+01:00 0HLDG8N1LOH1D:00000002 [INF] Sending file. Request path: '"/favicon.ico"'. Physical path: '"C:\Users\ondero\desktop\dev\tinix\src\Tinix\wwwroot\favicon.ico"' (27b0a520)
2018-05-02T17:00:51.6259099+01:00 0HLDG8N1LOH1D:00000002 [INF] Request finished in 92.754ms 200 image/x-icon (791a596a)
2018-05-02T17:01:18.6779099+01:00 0HLDG8N1LOH1I:00000001 [INF] Request starting HTTP/1.1 GET http://localhost:5000/   (ca22a1cb)
2018-05-02T17:01:18.6889099+01:00 0HLDG8N1LOH1I:00000001 [INF] Executing action method "Tinix.Controllers.HomeController.Index (Tinix)" with arguments ([""]) - ModelState is Valid (ba7f4ac2)
2018-05-02T17:01:22.0619099+01:00 0HLDG8N1LOH1I:00000001 [INF] Executing ViewResult, running view at path "/Views/Home/Index.cshtml". (9707eebe)
2018-05-02T17:01:22.0719099+01:00 0HLDG8N1LOH1I:00000001 [INF] Executed action "Tinix.Controllers.HomeController.Index (Tinix)" in 3386.5882ms (afa2e885)
2018-05-02T17:01:22.1379099+01:00 0HLDG8N1LOH1I:00000001 [INF] Request finished in 3403.6325ms 200 text/html; charset=utf-8 (791a596a)
2018-05-02T17:01:25.0159099+01:00 0HLDG8N1LOH1I:00000002 [INF] Request starting HTTP/1.1 GET http://localhost:5000/Home/Detail/647a349a-dae1-41f9-90d2-26db5891fbf0?name=newbie   (ca22a1cb)
2018-05-02T17:01:25.0649099+01:00 0HLDG8N1LOH1I:00000002 [INF] Executing action method "Tinix.Controllers.HomeController.Detail (Tinix)" with arguments (["647a349a-dae1-41f9-90d2-26db5891fbf0", "newbie"]) - ModelState is Valid (ba7f4ac2)
2018-05-02T17:01:25.2569099+01:00 0HLDG8N1LOH1I:00000002 [INF] Executing ViewResult, running view at path "/Views/Home/Detail.cshtml". (9707eebe)
2018-05-02T17:01:25.4539099+01:00 0HLDG8N1LOH1I:00000002 [INF] Executed action "Tinix.Controllers.HomeController.Detail (Tinix)" in 419.4529ms (afa2e885)
2018-05-02T17:01:25.5239099+01:00 0HLDG8N1LOH1I:00000002 [INF] Request finished in 449.3613ms 200 text/html; charset=utf-8 (791a596a)
2018-05-02T17:02:24.5589099+01:00 0HLDG8N1LOH1I:00000003 [INF] Request starting HTTP/1.1 GET http://localhost:5000/Home/Detail/647a349a-dae1-41f9-90d2-26db5891fbf0?name=newbie   (ca22a1cb)
2018-05-02T17:02:24.5699099+01:00 0HLDG8N1LOH1I:00000003 [INF] Executing action method "Tinix.Controllers.HomeController.Detail (Tinix)" with arguments (["647a349a-dae1-41f9-90d2-26db5891fbf0", "newbie"]) - ModelState is Valid (ba7f4ac2)
2018-05-02T17:02:24.5759099+01:00 0HLDG8N1LOH1I:00000003 [INF] Executing ViewResult, running view at path "/Views/Home/Detail.cshtml". (9707eebe)
2018-05-02T17:02:24.7879099+01:00 0HLDG8N1LOH1I:00000003 [INF] Executed action "Tinix.Controllers.HomeController.Detail (Tinix)" in 221.2366ms (afa2e885)
2018-05-02T17:02:24.8899099+01:00 0HLDG8N1LOH1I:00000003 [INF] Request finished in 240.4357ms 200 text/html; charset=utf-8 (791a596a)
2018-05-02T17:02:24.9229099+01:00 0HLDG8N1LOH1J:00000001 [INF] Request starting HTTP/1.1 GET http://localhost:5000/css/bootstrap.min.css   (ca22a1cb)
2018-05-02T17:02:24.9349099+01:00 0HLDG8N1LOH1J:00000001 [INF] Sending file. Request path: '"/css/bootstrap.min.css"'. Physical path: '"C:\Users\ondero\desktop\dev\tinix\src\Tinix\wwwroot\css\bootstrap.min.css"' (27b0a520)
2018-05-02T17:02:24.9369099+01:00 0HLDG8N1LOH1K:00000001 [INF] Request starting HTTP/1.1 GET http://localhost:5000/js/jquery.validate.min.js   (ca22a1cb)
2018-05-02T17:02:24.9469099+01:00 0HLDG8N1LOH1K:00000001 [INF] Sending file. Request path: '"/js/jquery.validate.min.js"'. Physical path: '"C:\Users\ondero\desktop\dev\tinix\src\Tinix\wwwroot\js\jquery.validate.min.js"' (27b0a520)
2018-05-02T17:02:24.9619099+01:00 0HLDG8N1LOH1I:00000004 [INF] Request starting HTTP/1.1 GET http://localhost:5000/js/jquery.js   (ca22a1cb)
2018-05-02T17:02:24.9669099+01:00 0HLDG8N1LOH1I:00000004 [INF] Sending file. Request path: '"/js/jquery.js"'. Physical path: '"C:\Users\ondero\desktop\dev\tinix\src\Tinix\wwwroot\js\jquery.js"' (27b0a520)
2018-05-02T17:02:24.9789099+01:00 0HLDG8N1LOH1L:00000001 [INF] Request starting HTTP/1.1 GET http://localhost:5000/js/jquery.validate.unobtrusive.js   (ca22a1cb)
2018-05-02T17:02:25.0149099+01:00 0HLDG8N1LOH1K:00000001 [INF] Request finished in 85.8665ms 200 application/javascript (791a596a)
2018-05-02T17:02:25.0229099+01:00 0HLDG8N1LOH1L:00000001 [INF] Sending file. Request path: '"/js/jquery.validate.unobtrusive.js"'. Physical path: '"C:\Users\ondero\desktop\dev\tinix\src\Tinix\wwwroot\js\jquery.validate.unobtrusive.js"' (27b0a520)
2018-05-02T17:02:25.0539099+01:00 0HLDG8N1LOH1L:00000001 [INF] Request finished in 57.3494ms 200 application/javascript (791a596a)
2018-05-02T17:02:25.0789099+01:00 0HLDG8N1LOH1J:00000001 [INF] Request finished in 159.7ms 200 text/css (791a596a)
2018-05-02T17:02:25.0809099+01:00 0HLDG8N1LOH1M:00000001 [INF] Request starting HTTP/1.1 GET http://localhost:5000/css/site.css   (ca22a1cb)
2018-05-02T17:02:25.0899099+01:00 0HLDG8N1LOH1M:00000001 [INF] Sending file. Request path: '"/css/site.css"'. Physical path: '"C:\Users\ondero\desktop\dev\tinix\src\Tinix\wwwroot\css\site.css"' (27b0a520)
2018-05-02T17:02:25.1139099+01:00 0HLDG8N1LOH1M:00000001 [INF] Request finished in 27.7614ms 200 text/css (791a596a)
2018-05-02T17:02:25.1259099+01:00 0HLDG8N1LOH1I:00000004 [INF] Request finished in 221.1363ms 200 application/javascript (791a596a)
2018-05-02T17:02:25.1469099+01:00 0HLDG8N1LOH1I:00000005 [INF] Request starting HTTP/1.1 GET http://localhost:5000/js/popper.min.js   (ca22a1cb)
2018-05-02T17:02:25.1519099+01:00 0HLDG8N1LOH1I:00000005 [INF] Sending file. Request path: '"/js/popper.min.js"'. Physical path: '"C:\Users\ondero\desktop\dev\tinix\src\Tinix\wwwroot\js\popper.min.js"' (27b0a520)
2018-05-02T17:02:25.1799099+01:00 0HLDG8N1LOH1I:00000005 [INF] Request finished in 30.278ms 200 application/javascript (791a596a)
2018-05-02T17:02:25.2079099+01:00 0HLDG8N1LOH1I:00000006 [INF] Request starting HTTP/1.1 GET http://localhost:5000/js/bootstrap.min.js   (ca22a1cb)
2018-05-02T17:02:25.2139099+01:00 0HLDG8N1LOH1I:00000006 [INF] Sending file. Request path: '"/js/bootstrap.min.js"'. Physical path: '"C:\Users\ondero\desktop\dev\tinix\src\Tinix\wwwroot\js\bootstrap.min.js"' (27b0a520)
2018-05-02T17:02:25.2219099+01:00 0HLDG8N1LOH1I:00000006 [INF] Request finished in 35.1336ms 200 application/javascript (791a596a)
2018-05-02T17:02:26.5829099+01:00 0HLDG8N1LOH1I:00000007 [INF] Request starting HTTP/1.1 GET http://localhost:5000/js/popper.min.js.map   (ca22a1cb)
2018-05-02T17:02:26.5899099+01:00 0HLDG8N1LOH1M:00000002 [INF] Request starting HTTP/1.1 GET http://localhost:5000/js/bootstrap.min.js.map   (ca22a1cb)
2018-05-02T17:02:26.5939099+01:00 0HLDG8N1LOH1M:00000002 [INF] Request finished in 29.5176ms 404  (791a596a)
2018-05-02T17:02:26.5999099+01:00 0HLDG8N1LOH1I:00000007 [INF] Request finished in 37.8671ms 404  (791a596a)
2018-05-02T17:02:28.6519099+01:00 0HLDG8N1LOH1I:00000008 [INF] Request starting HTTP/1.1 GET http://localhost:5000/Home/Like?blogPostID=647a349a-dae1-41f9-90d2-26db5891fbf0   (ca22a1cb)
2018-05-02T17:02:28.6629099+01:00 0HLDG8N1LOH1I:00000008 [INF] Executing action method "Tinix.Controllers.HomeController.Like (Tinix)" with arguments (["647a349a-dae1-41f9-90d2-26db5891fbf0"]) - ModelState is Valid (ba7f4ac2)
2018-05-02T17:02:28.7059099+01:00 0HLDG8N1LOH1I:00000008 [INF] Executing RedirectResult, redirecting to "/Home/Detail/647a349a-dae1-41f9-90d2-26db5891fbf0?name=newbie". (d98d540e)
2018-05-02T17:02:28.7119099+01:00 0HLDG8N1LOH1I:00000008 [INF] Executed action "Tinix.Controllers.HomeController.Like (Tinix)" in 49.6655ms (afa2e885)
2018-05-02T17:02:28.7169099+01:00 0HLDG8N1LOH1I:00000008 [INF] Request finished in 72.2791ms 302  (791a596a)
2018-05-02T17:02:28.7279099+01:00 0HLDG8N1LOH1I:00000009 [INF] Request starting HTTP/1.1 GET http://localhost:5000/Home/Detail/647a349a-dae1-41f9-90d2-26db5891fbf0?name=newbie   (ca22a1cb)
2018-05-02T17:02:28.7329099+01:00 0HLDG8N1LOH1I:00000009 [INF] Executing action method "Tinix.Controllers.HomeController.Detail (Tinix)" with arguments (["647a349a-dae1-41f9-90d2-26db5891fbf0", "newbie"]) - ModelState is Valid (ba7f4ac2)
2018-05-02T17:02:28.7569099+01:00 0HLDG8N1LOH1I:00000009 [INF] Executing ViewResult, running view at path "/Views/Home/Detail.cshtml". (9707eebe)
2018-05-02T17:02:28.7639099+01:00 0HLDG8N1LOH1I:00000009 [INF] Executed action "Tinix.Controllers.HomeController.Detail (Tinix)" in 29.5058ms (afa2e885)
2018-05-02T17:02:28.7699099+01:00 0HLDG8N1LOH1I:00000009 [INF] Request finished in 42.2009ms 200 text/html; charset=utf-8 (791a596a)
2018-05-02T17:02:28.8989099+01:00 0HLDG8N1LOH1L:00000002 [INF] Request starting HTTP/1.1 GET http://localhost:5000/js/jquery.validate.unobtrusive.js   (ca22a1cb)
2018-05-02T17:02:28.9269099+01:00 0HLDG8N1LOH1K:00000002 [INF] Request starting HTTP/1.1 GET http://localhost:5000/css/site.css   (ca22a1cb)
2018-05-02T17:02:28.9659099+01:00 0HLDG8N1LOH1J:00000002 [INF] Request starting HTTP/1.1 GET http://localhost:5000/css/bootstrap.min.css   (ca22a1cb)
2018-05-02T17:02:28.9749099+01:00 0HLDG8N1LOH1I:0000000A [INF] Request starting HTTP/1.1 GET http://localhost:5000/js/jquery.js   (ca22a1cb)
2018-05-02T17:02:28.9829099+01:00 0HLDG8N1LOH1K:00000002 [INF] Sending file. Request path: '"/css/site.css"'. Physical path: '"C:\Users\ondero\desktop\dev\tinix\src\Tinix\wwwroot\css\site.css"' (27b0a520)
2018-05-02T17:02:29.0099099+01:00 0HLDG8N1LOH1M:00000003 [INF] Request starting HTTP/1.1 GET http://localhost:5000/js/jquery.validate.min.js   (ca22a1cb)
2018-05-02T17:02:29.0519099+01:00 0HLDG8N1LOH1L:00000002 [INF] Sending file. Request path: '"/js/jquery.validate.unobtrusive.js"'. Physical path: '"C:\Users\ondero\desktop\dev\tinix\src\Tinix\wwwroot\js\jquery.validate.unobtrusive.js"' (27b0a520)
2018-05-02T17:02:29.0939099+01:00 0HLDG8N1LOH1I:0000000A [INF] Sending file. Request path: '"/js/jquery.js"'. Physical path: '"C:\Users\ondero\desktop\dev\tinix\src\Tinix\wwwroot\js\jquery.js"' (27b0a520)
2018-05-02T17:02:29.1009099+01:00 0HLDG8N1LOH1M:00000003 [INF] Sending file. Request path: '"/js/jquery.validate.min.js"'. Physical path: '"C:\Users\ondero\desktop\dev\tinix\src\Tinix\wwwroot\js\jquery.validate.min.js"' (27b0a520)
2018-05-02T17:02:29.1289099+01:00 0HLDG8N1LOH1K:00000002 [INF] Request finished in 232.6104ms 200 text/css (791a596a)
2018-05-02T17:02:29.1339099+01:00 0HLDG8N1LOH1L:00000002 [INF] Request finished in 250.1097ms 200 application/javascript (791a596a)
2018-05-02T17:02:29.1549099+01:00 0HLDG8N1LOH1J:00000002 [INF] Sending file. Request path: '"/css/bootstrap.min.css"'. Physical path: '"C:\Users\ondero\desktop\dev\tinix\src\Tinix\wwwroot\css\bootstrap.min.css"' (27b0a520)
2018-05-02T17:02:29.1579099+01:00 0HLDG8N1LOH1M:00000003 [INF] Request finished in 270.5913ms 200 application/javascript (791a596a)
2018-05-02T17:02:29.1819099+01:00 0HLDG8N1LOH1J:00000002 [INF] Request finished in 345.583ms 200 text/css (791a596a)
2018-05-02T17:02:29.1899099+01:00 0HLDG8N1LOH1I:0000000A [INF] Request finished in 359.4296ms 200 application/javascript (791a596a)
2018-05-02T17:02:29.1929099+01:00 0HLDG8N1LOH1J:00000003 [INF] Request starting HTTP/1.1 GET http://localhost:5000/js/popper.min.js   (ca22a1cb)
2018-05-02T17:02:29.1989099+01:00 0HLDG8N1LOH1J:00000003 [INF] Sending file. Request path: '"/js/popper.min.js"'. Physical path: '"C:\Users\ondero\desktop\dev\tinix\src\Tinix\wwwroot\js\popper.min.js"' (27b0a520)
2018-05-02T17:02:29.2259099+01:00 0HLDG8N1LOH1J:00000003 [INF] Request finished in 27.552ms 200 application/javascript (791a596a)
2018-05-02T17:02:29.2309099+01:00 0HLDG8N1LOH1J:00000004 [INF] Request starting HTTP/1.1 GET http://localhost:5000/js/bootstrap.min.js   (ca22a1cb)
2018-05-02T17:02:29.2559099+01:00 0HLDG8N1LOH1J:00000004 [INF] Sending file. Request path: '"/js/bootstrap.min.js"'. Physical path: '"C:\Users\ondero\desktop\dev\tinix\src\Tinix\wwwroot\js\bootstrap.min.js"' (27b0a520)
2018-05-02T17:02:29.2619099+01:00 0HLDG8N1LOH1J:00000004 [INF] Request finished in 29.4406ms 200 application/javascript (791a596a)
2018-05-02T17:02:29.6239099+01:00 0HLDG8N1LOH1J:00000005 [INF] Request starting HTTP/1.1 GET http://localhost:5000/js/popper.min.js.map   (ca22a1cb)
2018-05-02T17:02:29.6279099+01:00 0HLDG8N1LOH1I:0000000B [INF] Request starting HTTP/1.1 GET http://localhost:5000/js/bootstrap.min.js.map   (ca22a1cb)
2018-05-02T17:02:29.6419099+01:00 0HLDG8N1LOH1J:00000005 [INF] Request finished in 35.7301ms 404  (791a596a)
2018-05-02T17:02:29.6479099+01:00 0HLDG8N1LOH1I:0000000B [INF] Request finished in 33.4378ms 404  (791a596a)
2018-05-02T17:02:40.8359099+01:00 0HLDG8N1LOH1I:0000000C [INF] Request starting HTTP/1.1 GET http://localhost:5000/Home/Like?blogPostID=647a349a-dae1-41f9-90d2-26db5891fbf0   (ca22a1cb)
2018-05-02T17:02:40.8449099+01:00 0HLDG8N1LOH1I:0000000C [INF] Executing action method "Tinix.Controllers.HomeController.Like (Tinix)" with arguments (["647a349a-dae1-41f9-90d2-26db5891fbf0"]) - ModelState is Valid (ba7f4ac2)
2018-05-02T17:02:40.8499099+01:00 0HLDG8N1LOH1I:0000000C [INF] Executing RedirectResult, redirecting to "/Home/Detail/647a349a-dae1-41f9-90d2-26db5891fbf0?name=newbie". (d98d540e)
2018-05-02T17:02:40.8739099+01:00 0HLDG8N1LOH1I:0000000C [INF] Executed action "Tinix.Controllers.HomeController.Like (Tinix)" in 12.377ms (afa2e885)
2018-05-02T17:02:40.8769099+01:00 0HLDG8N1LOH1I:0000000C [INF] Request finished in 43.0379ms 302  (791a596a)
2018-05-02T17:02:40.8839099+01:00 0HLDG8N1LOH1I:0000000D [INF] Request starting HTTP/1.1 GET http://localhost:5000/Home/Detail/647a349a-dae1-41f9-90d2-26db5891fbf0?name=newbie   (ca22a1cb)
2018-05-02T17:02:40.8879099+01:00 0HLDG8N1LOH1I:0000000D [INF] Executing action method "Tinix.Controllers.HomeController.Detail (Tinix)" with arguments (["647a349a-dae1-41f9-90d2-26db5891fbf0", "newbie"]) - ModelState is Valid (ba7f4ac2)
2018-05-02T17:02:40.8929099+01:00 0HLDG8N1LOH1I:0000000D [INF] Executing ViewResult, running view at path "/Views/Home/Detail.cshtml". (9707eebe)
2018-05-02T17:02:40.8979099+01:00 0HLDG8N1LOH1I:0000000D [INF] Executed action "Tinix.Controllers.HomeController.Detail (Tinix)" in 8.9151ms (afa2e885)
2018-05-02T17:02:40.9039099+01:00 0HLDG8N1LOH1I:0000000D [INF] Request finished in 18.405ms 200 text/html; charset=utf-8 (791a596a)
2018-05-02T17:02:41.0249099+01:00 0HLDG8N1LOH1J:00000006 [INF] Request starting HTTP/1.1 GET http://localhost:5000/js/jquery.validate.min.js   (ca22a1cb)
2018-05-02T17:02:41.0519099+01:00 0HLDG8N1LOH1L:00000003 [INF] Request starting HTTP/1.1 GET http://localhost:5000/css/bootstrap.min.css   (ca22a1cb)
2018-05-02T17:02:41.0719099+01:00 0HLDG8N1LOH1K:00000003 [INF] Request starting HTTP/1.1 GET http://localhost:5000/css/site.css   (ca22a1cb)
2018-05-02T17:02:41.1019099+01:00 0HLDG8N1LOH1J:00000006 [INF] Sending file. Request path: '"/js/jquery.validate.min.js"'. Physical path: '"C:\Users\ondero\desktop\dev\tinix\src\Tinix\wwwroot\js\jquery.validate.min.js"' (27b0a520)
2018-05-02T17:02:41.1039099+01:00 0HLDG8N1LOH1M:00000004 [INF] Request starting HTTP/1.1 GET http://localhost:5000/js/jquery.validate.unobtrusive.js   (ca22a1cb)
2018-05-02T17:02:41.1189099+01:00 0HLDG8N1LOH1L:00000003 [INF] Sending file. Request path: '"/css/bootstrap.min.css"'. Physical path: '"C:\Users\ondero\desktop\dev\tinix\src\Tinix\wwwroot\css\bootstrap.min.css"' (27b0a520)
2018-05-02T17:02:41.1259099+01:00 0HLDG8N1LOH1K:00000003 [INF] Sending file. Request path: '"/css/site.css"'. Physical path: '"C:\Users\ondero\desktop\dev\tinix\src\Tinix\wwwroot\css\site.css"' (27b0a520)
2018-05-02T17:02:41.1649099+01:00 0HLDG8N1LOH1I:0000000E [INF] Request starting HTTP/1.1 GET http://localhost:5000/js/jquery.js   (ca22a1cb)
2018-05-02T17:02:41.1819099+01:00 0HLDG8N1LOH1M:00000004 [INF] Sending file. Request path: '"/js/jquery.validate.unobtrusive.js"'. Physical path: '"C:\Users\ondero\desktop\dev\tinix\src\Tinix\wwwroot\js\jquery.validate.unobtrusive.js"' (27b0a520)
2018-05-02T17:02:41.1969099+01:00 0HLDG8N1LOH1J:00000006 [INF] Request finished in 140.5824ms 200 application/javascript (791a596a)
2018-05-02T17:02:41.2079099+01:00 0HLDG8N1LOH1L:00000003 [INF] Request finished in 146.7067ms 200 text/css (791a596a)
2018-05-02T17:02:41.2269099+01:00 0HLDG8N1LOH1M:00000004 [INF] Request finished in 222.1717ms 200 application/javascript (791a596a)
2018-05-02T17:02:41.2499099+01:00 0HLDG8N1LOH1I:0000000E [INF] Sending file. Request path: '"/js/jquery.js"'. Physical path: '"C:\Users\ondero\desktop\dev\tinix\src\Tinix\wwwroot\js\jquery.js"' (27b0a520)
2018-05-02T17:02:41.2589099+01:00 0HLDG8N1LOH1K:00000003 [INF] Request finished in 218.3495ms 200 text/css (791a596a)
2018-05-02T17:02:41.2639099+01:00 0HLDG8N1LOH1M:00000005 [INF] Request starting HTTP/1.1 GET http://localhost:5000/js/popper.min.js   (ca22a1cb)
2018-05-02T17:02:41.2739099+01:00 0HLDG8N1LOH1M:00000005 [INF] Sending file. Request path: '"/js/popper.min.js"'. Physical path: '"C:\Users\ondero\desktop\dev\tinix\src\Tinix\wwwroot\js\popper.min.js"' (27b0a520)
2018-05-02T17:02:41.2829099+01:00 0HLDG8N1LOH1M:00000005 [INF] Request finished in 47.3547ms 200 application/javascript (791a596a)
2018-05-02T17:02:41.2879099+01:00 0HLDG8N1LOH1M:00000006 [INF] Request starting HTTP/1.1 GET http://localhost:5000/js/bootstrap.min.js   (ca22a1cb)
2018-05-02T17:02:41.3159099+01:00 0HLDG8N1LOH1I:0000000E [INF] Request finished in 291.5107ms 200 application/javascript (791a596a)
2018-05-02T17:02:41.3209099+01:00 0HLDG8N1LOH1M:00000006 [INF] Sending file. Request path: '"/js/bootstrap.min.js"'. Physical path: '"C:\Users\ondero\desktop\dev\tinix\src\Tinix\wwwroot\js\bootstrap.min.js"' (27b0a520)
2018-05-02T17:02:41.3269099+01:00 0HLDG8N1LOH1M:00000006 [INF] Request finished in 38.2143ms 200 application/javascript (791a596a)
2018-05-02T17:02:41.7189099+01:00 0HLDG8N1LOH1M:00000007 [INF] Request starting HTTP/1.1 GET http://localhost:5000/js/popper.min.js.map   (ca22a1cb)
2018-05-02T17:02:41.7329099+01:00 0HLDG8N1LOH1M:00000007 [INF] Request finished in 18.04ms 404  (791a596a)
2018-05-02T17:02:41.7429099+01:00 0HLDG8N1LOH1M:00000008 [INF] Request starting HTTP/1.1 GET http://localhost:5000/js/bootstrap.min.js.map   (ca22a1cb)
2018-05-02T17:02:41.7489099+01:00 0HLDG8N1LOH1M:00000008 [INF] Request finished in 6.02ms 404  (791a596a)
2018-05-02T17:02:42.5069099+01:00 0HLDG8N1LOH1M:00000009 [INF] Request starting HTTP/1.1 GET http://localhost:5000/Home/Like?blogPostID=647a349a-dae1-41f9-90d2-26db5891fbf0   (ca22a1cb)
2018-05-02T17:02:42.5159099+01:00 0HLDG8N1LOH1M:00000009 [INF] Executing action method "Tinix.Controllers.HomeController.Like (Tinix)" with arguments (["647a349a-dae1-41f9-90d2-26db5891fbf0"]) - ModelState is Valid (ba7f4ac2)
2018-05-02T17:02:42.5219099+01:00 0HLDG8N1LOH1M:00000009 [INF] Executing RedirectResult, redirecting to "/Home/Detail/647a349a-dae1-41f9-90d2-26db5891fbf0?name=newbie". (d98d540e)
2018-05-02T17:02:42.5269099+01:00 0HLDG8N1LOH1M:00000009 [INF] Executed action "Tinix.Controllers.HomeController.Like (Tinix)" in 12.9131ms (afa2e885)
2018-05-02T17:02:42.5359099+01:00 0HLDG8N1LOH1M:00000009 [INF] Request finished in 24.4251ms 302  (791a596a)
2018-05-02T17:02:42.5419099+01:00 0HLDG8N1LOH1M:0000000A [INF] Request starting HTTP/1.1 GET http://localhost:5000/Home/Detail/647a349a-dae1-41f9-90d2-26db5891fbf0?name=newbie   (ca22a1cb)
2018-05-02T17:02:42.5509099+01:00 0HLDG8N1LOH1M:0000000A [INF] Executing action method "Tinix.Controllers.HomeController.Detail (Tinix)" with arguments (["647a349a-dae1-41f9-90d2-26db5891fbf0", "newbie"]) - ModelState is Valid (ba7f4ac2)
2018-05-02T17:02:42.5549099+01:00 0HLDG8N1LOH1M:0000000A [INF] Executing ViewResult, running view at path "/Views/Home/Detail.cshtml". (9707eebe)
2018-05-02T17:02:42.5639099+01:00 0HLDG8N1LOH1M:0000000A [INF] Executed action "Tinix.Controllers.HomeController.Detail (Tinix)" in 15.1469ms (afa2e885)
2018-05-02T17:02:42.5689099+01:00 0HLDG8N1LOH1M:0000000A [INF] Request finished in 26.6364ms 200 text/html; charset=utf-8 (791a596a)
2018-05-02T17:02:42.6579099+01:00 0HLDG8N1LOH1L:00000004 [INF] Request starting HTTP/1.1 GET http://localhost:5000/css/bootstrap.min.css   (ca22a1cb)
2018-05-02T17:02:42.7009099+01:00 0HLDG8N1LOH1J:00000007 [INF] Request starting HTTP/1.1 GET http://localhost:5000/css/site.css   (ca22a1cb)
2018-05-02T17:02:42.7189099+01:00 0HLDG8N1LOH1I:0000000F [INF] Request starting HTTP/1.1 GET http://localhost:5000/js/jquery.validate.min.js   (ca22a1cb)
2018-05-02T17:02:42.7549099+01:00 0HLDG8N1LOH1L:00000004 [INF] Sending file. Request path: '"/css/bootstrap.min.css"'. Physical path: '"C:\Users\ondero\desktop\dev\tinix\src\Tinix\wwwroot\css\bootstrap.min.css"' (27b0a520)
2018-05-02T17:02:42.7679099+01:00 0HLDG8N1LOH1M:0000000B [INF] Request starting HTTP/1.1 GET http://localhost:5000/js/jquery.js   (ca22a1cb)
2018-05-02T17:02:42.7809099+01:00 0HLDG8N1LOH1J:00000007 [INF] Sending file. Request path: '"/css/site.css"'. Physical path: '"C:\Users\ondero\desktop\dev\tinix\src\Tinix\wwwroot\css\site.css"' (27b0a520)
2018-05-02T17:02:42.8339099+01:00 0HLDG8N1LOH1I:0000000F [INF] Sending file. Request path: '"/js/jquery.validate.min.js"'. Physical path: '"C:\Users\ondero\desktop\dev\tinix\src\Tinix\wwwroot\js\jquery.validate.min.js"' (27b0a520)
2018-05-02T17:02:42.8479099+01:00 0HLDG8N1LOH1M:0000000B [INF] Sending file. Request path: '"/js/jquery.js"'. Physical path: '"C:\Users\ondero\desktop\dev\tinix\src\Tinix\wwwroot\js\jquery.js"' (27b0a520)
2018-05-02T17:02:42.8799099+01:00 0HLDG8N1LOH1K:00000004 [INF] Request starting HTTP/1.1 GET http://localhost:5000/js/jquery.validate.unobtrusive.js   (ca22a1cb)
2018-05-02T17:02:42.8989099+01:00 0HLDG8N1LOH1J:00000007 [INF] Request finished in 177.1468ms 200 text/css (791a596a)
2018-05-02T17:02:42.9079099+01:00 0HLDG8N1LOH1K:00000004 [INF] Sending file. Request path: '"/js/jquery.validate.unobtrusive.js"'. Physical path: '"C:\Users\ondero\desktop\dev\tinix\src\Tinix\wwwroot\js\jquery.validate.unobtrusive.js"' (27b0a520)
2018-05-02T17:02:42.9089099+01:00 0HLDG8N1LOH1I:0000000F [INF] Request finished in 244.3424ms 200 application/javascript (791a596a)
2018-05-02T17:02:42.9459099+01:00 0HLDG8N1LOH1L:00000004 [INF] Request finished in 253.1549ms 200 text/css (791a596a)
2018-05-02T17:02:42.9539099+01:00 0HLDG8N1LOH1M:0000000B [INF] Request finished in 313.0699ms 200 application/javascript (791a596a)
2018-05-02T17:02:42.9549099+01:00 0HLDG8N1LOH1K:00000004 [INF] Request finished in 305.6898ms 200 application/javascript (791a596a)
2018-05-02T17:02:42.9599099+01:00 0HLDG8N1LOH1M:0000000C [INF] Request starting HTTP/1.1 GET http://localhost:5000/js/popper.min.js   (ca22a1cb)
2018-05-02T17:02:42.9629099+01:00 0HLDG8N1LOH1M:0000000C [INF] Sending file. Request path: '"/js/popper.min.js"'. Physical path: '"C:\Users\ondero\desktop\dev\tinix\src\Tinix\wwwroot\js\popper.min.js"' (27b0a520)
2018-05-02T17:02:42.9699099+01:00 0HLDG8N1LOH1M:0000000C [INF] Request finished in 9.841ms 200 application/javascript (791a596a)
2018-05-02T17:02:42.9759099+01:00 0HLDG8N1LOH1M:0000000D [INF] Request starting HTTP/1.1 GET http://localhost:5000/js/bootstrap.min.js   (ca22a1cb)
2018-05-02T17:02:42.9809099+01:00 0HLDG8N1LOH1M:0000000D [INF] Sending file. Request path: '"/js/bootstrap.min.js"'. Physical path: '"C:\Users\ondero\desktop\dev\tinix\src\Tinix\wwwroot\js\bootstrap.min.js"' (27b0a520)
2018-05-02T17:02:42.9869099+01:00 0HLDG8N1LOH1M:0000000D [INF] Request finished in 9.8928ms 200 application/javascript (791a596a)
2018-05-02T17:02:43.4339099+01:00 0HLDG8N1LOH1M:0000000E [INF] Request starting HTTP/1.1 GET http://localhost:5000/js/popper.min.js.map   (ca22a1cb)
2018-05-02T17:02:43.4469099+01:00 0HLDG8N1LOH1M:0000000E [INF] Request finished in 47.2377ms 404  (791a596a)
2018-05-02T17:02:43.4499099+01:00 0HLDG8N1LOH1K:00000005 [INF] Request starting HTTP/1.1 GET http://localhost:5000/js/bootstrap.min.js.map   (ca22a1cb)
2018-05-02T17:02:43.4549099+01:00 0HLDG8N1LOH1K:00000005 [INF] Request finished in 58.5617ms 404  (791a596a)
2018-05-02T17:02:46.0159099+01:00 0HLDG8N1LOH1K:00000006 [INF] Request starting HTTP/1.1 GET http://localhost:5000/Home/Like?blogPostID=647a349a-dae1-41f9-90d2-26db5891fbf0   (ca22a1cb)
2018-05-02T17:02:46.0209099+01:00 0HLDG8N1LOH1K:00000006 [INF] Executing action method "Tinix.Controllers.HomeController.Like (Tinix)" with arguments (["647a349a-dae1-41f9-90d2-26db5891fbf0"]) - ModelState is Valid (ba7f4ac2)
2018-05-02T17:02:46.0399099+01:00 0HLDG8N1LOH1K:00000006 [INF] Executing RedirectResult, redirecting to "/Home/Detail/647a349a-dae1-41f9-90d2-26db5891fbf0?name=newbie". (d98d540e)
2018-05-02T17:02:46.0559099+01:00 0HLDG8N1LOH1K:00000006 [INF] Executed action "Tinix.Controllers.HomeController.Like (Tinix)" in 23.0275ms (afa2e885)
2018-05-02T17:02:46.0689099+01:00 0HLDG8N1LOH1K:00000006 [INF] Request finished in 51.8239ms 302  (791a596a)
2018-05-02T17:02:46.0739099+01:00 0HLDG8N1LOH1K:00000007 [INF] Request starting HTTP/1.1 GET http://localhost:5000/Home/Detail/647a349a-dae1-41f9-90d2-26db5891fbf0?name=newbie   (ca22a1cb)
2018-05-02T17:02:46.0999099+01:00 0HLDG8N1LOH1K:00000007 [INF] Executing action method "Tinix.Controllers.HomeController.Detail (Tinix)" with arguments (["647a349a-dae1-41f9-90d2-26db5891fbf0", "newbie"]) - ModelState is Valid (ba7f4ac2)
2018-05-02T17:02:46.1079099+01:00 0HLDG8N1LOH1K:00000007 [INF] Executing ViewResult, running view at path "/Views/Home/Detail.cshtml". (9707eebe)
2018-05-02T17:02:46.1239099+01:00 0HLDG8N1LOH1K:00000007 [INF] Executed action "Tinix.Controllers.HomeController.Detail (Tinix)" in 38.9744ms (afa2e885)
2018-05-02T17:02:46.1929099+01:00 0HLDG8N1LOH1K:00000007 [INF] Request finished in 54.3129ms 200 text/html; charset=utf-8 (791a596a)
2018-05-02T17:02:46.2549099+01:00 0HLDG8N1LOH1I:00000010 [INF] Request starting HTTP/1.1 GET http://localhost:5000/js/jquery.validate.unobtrusive.js   (ca22a1cb)
2018-05-02T17:02:46.3079099+01:00 0HLDG8N1LOH1L:00000005 [INF] Request starting HTTP/1.1 GET http://localhost:5000/css/bootstrap.min.css   (ca22a1cb)
2018-05-02T17:02:46.3269099+01:00 0HLDG8N1LOH1M:0000000F [INF] Request starting HTTP/1.1 GET http://localhost:5000/js/jquery.validate.min.js   (ca22a1cb)
2018-05-02T17:02:46.3659099+01:00 0HLDG8N1LOH1J:00000008 [INF] Request starting HTTP/1.1 GET http://localhost:5000/css/site.css   (ca22a1cb)
2018-05-02T17:02:46.3939099+01:00 0HLDG8N1LOH1I:00000010 [INF] Sending file. Request path: '"/js/jquery.validate.unobtrusive.js"'. Physical path: '"C:\Users\ondero\desktop\dev\tinix\src\Tinix\wwwroot\js\jquery.validate.unobtrusive.js"' (27b0a520)
2018-05-02T17:02:46.4729099+01:00 0HLDG8N1LOH1K:00000008 [INF] Request starting HTTP/1.1 GET http://localhost:5000/js/jquery.js   (ca22a1cb)
2018-05-02T17:02:46.5119099+01:00 0HLDG8N1LOH1J:00000008 [INF] Sending file. Request path: '"/css/site.css"'. Physical path: '"C:\Users\ondero\desktop\dev\tinix\src\Tinix\wwwroot\css\site.css"' (27b0a520)
2018-05-02T17:02:46.6209099+01:00 0HLDG8N1LOH1M:0000000F [INF] Sending file. Request path: '"/js/jquery.validate.min.js"'. Physical path: '"C:\Users\ondero\desktop\dev\tinix\src\Tinix\wwwroot\js\jquery.validate.min.js"' (27b0a520)
2018-05-02T17:02:46.6859099+01:00 0HLDG8N1LOH1L:00000005 [INF] Sending file. Request path: '"/css/bootstrap.min.css"'. Physical path: '"C:\Users\ondero\desktop\dev\tinix\src\Tinix\wwwroot\css\bootstrap.min.css"' (27b0a520)
2018-05-02T17:02:46.7039099+01:00 0HLDG8N1LOH1J:00000008 [INF] Request finished in 349.3673ms 200 text/css (791a596a)
2018-05-02T17:02:46.7129099+01:00 0HLDG8N1LOH1M:0000000F [INF] Request finished in 468.6085ms 200 application/javascript (791a596a)
2018-05-02T17:02:46.8189099+01:00 0HLDG8N1LOH1I:00000010 [INF] Request finished in 305.6677ms 200 application/javascript (791a596a)
2018-05-02T17:02:46.8389099+01:00 0HLDG8N1LOH1L:00000005 [INF] Request finished in 553.8185ms 200 text/css (791a596a)
2018-05-02T17:02:46.8819099+01:00 0HLDG8N1LOH1K:00000008 [INF] Sending file. Request path: '"/js/jquery.js"'. Physical path: '"C:\Users\ondero\desktop\dev\tinix\src\Tinix\wwwroot\js\jquery.js"' (27b0a520)
2018-05-02T17:02:46.8899099+01:00 0HLDG8N1LOH1M:00000010 [INF] Request starting HTTP/1.1 GET http://localhost:5000/js/bootstrap.min.js   (ca22a1cb)
2018-05-02T17:02:46.9249099+01:00 0HLDG8N1LOH1L:00000006 [INF] Request starting HTTP/1.1 GET http://localhost:5000/js/popper.min.js   (ca22a1cb)
2018-05-02T17:02:46.9859099+01:00 0HLDG8N1LOH1M:00000010 [INF] Sending file. Request path: '"/js/bootstrap.min.js"'. Physical path: '"C:\Users\ondero\desktop\dev\tinix\src\Tinix\wwwroot\js\bootstrap.min.js"' (27b0a520)
2018-05-02T17:02:46.9929099+01:00 0HLDG8N1LOH1M:00000010 [INF] Request finished in 183.3635ms 200 application/javascript (791a596a)
2018-05-02T17:02:47.0159099+01:00 0HLDG8N1LOH1L:00000006 [INF] Sending file. Request path: '"/js/popper.min.js"'. Physical path: '"C:\Users\ondero\desktop\dev\tinix\src\Tinix\wwwroot\js\popper.min.js"' (27b0a520)
2018-05-02T17:02:47.0509099+01:00 0HLDG8N1LOH1L:00000006 [INF] Request finished in 179.6962ms 200 application/javascript (791a596a)
2018-05-02T17:02:47.0649099+01:00 0HLDG8N1LOH1K:00000008 [INF] Request finished in 824.1204ms 200 application/javascript (791a596a)
2018-05-02T17:02:49.6659099+01:00 0HLDG8N1LOH1L:00000007 [INF] Request starting HTTP/1.1 GET http://localhost:5000/js/bootstrap.min.js.map   (ca22a1cb)
2018-05-02T17:02:49.6739099+01:00 0HLDG8N1LOH1K:00000009 [INF] Request starting HTTP/1.1 GET http://localhost:5000/js/popper.min.js.map   (ca22a1cb)
2018-05-02T17:02:49.6829099+01:00 0HLDG8N1LOH1K:00000009 [INF] Request finished in 44.663ms 404  (791a596a)
2018-05-02T17:02:49.7079099+01:00 0HLDG8N1LOH1L:00000007 [INF] Request finished in 100.332ms 404  (791a596a)
2018-05-02T17:02:57.8229099+01:00 0HLDG8N1LOH1K:0000000A [INF] Request starting HTTP/1.1 GET http://localhost:5000/Home/Like?blogPostID=647a349a-dae1-41f9-90d2-26db5891fbf0   (ca22a1cb)
2018-05-02T17:02:57.8289099+01:00 0HLDG8N1LOH1K:0000000A [INF] Executing action method "Tinix.Controllers.HomeController.Like (Tinix)" with arguments (["647a349a-dae1-41f9-90d2-26db5891fbf0"]) - ModelState is Valid (ba7f4ac2)
2018-05-02T17:02:57.8409099+01:00 0HLDG8N1LOH1K:0000000A [INF] Executing RedirectResult, redirecting to "/Home/Detail/647a349a-dae1-41f9-90d2-26db5891fbf0?name=newbie". (d98d540e)
2018-05-02T17:02:57.8489099+01:00 0HLDG8N1LOH1K:0000000A [INF] Executed action "Tinix.Controllers.HomeController.Like (Tinix)" in 16.9517ms (afa2e885)
2018-05-02T17:02:57.8599099+01:00 0HLDG8N1LOH1K:0000000A [INF] Request finished in 36.9139ms 302  (791a596a)
2018-05-02T17:02:57.8689099+01:00 0HLDG8N1LOH1K:0000000B [INF] Request starting HTTP/1.1 GET http://localhost:5000/Home/Detail/647a349a-dae1-41f9-90d2-26db5891fbf0?name=newbie   (ca22a1cb)
2018-05-02T17:02:57.8769099+01:00 0HLDG8N1LOH1K:0000000B [INF] Executing action method "Tinix.Controllers.HomeController.Detail (Tinix)" with arguments (["647a349a-dae1-41f9-90d2-26db5891fbf0", "newbie"]) - ModelState is Valid (ba7f4ac2)
2018-05-02T17:02:57.8809099+01:00 0HLDG8N1LOH1K:0000000B [INF] Executing ViewResult, running view at path "/Views/Home/Detail.cshtml". (9707eebe)
2018-05-02T17:02:57.8879099+01:00 0HLDG8N1LOH1K:0000000B [INF] Executed action "Tinix.Controllers.HomeController.Detail (Tinix)" in 12.0745ms (afa2e885)
2018-05-02T17:02:58.0349099+01:00 0HLDG8N1LOH1K:0000000B [INF] Request finished in 25.8945ms 200 text/html; charset=utf-8 (791a596a)
2018-05-02T17:02:58.0669099+01:00 0HLDG8N1LOH1L:00000008 [INF] Request starting HTTP/1.1 GET http://localhost:5000/js/jquery.validate.min.js   (ca22a1cb)
2018-05-02T17:02:58.1049099+01:00 0HLDG8N1LOH1J:00000009 [INF] Request starting HTTP/1.1 GET http://localhost:5000/css/bootstrap.min.css   (ca22a1cb)
2018-05-02T17:02:58.1259099+01:00 0HLDG8N1LOH1I:00000011 [INF] Request starting HTTP/1.1 GET http://localhost:5000/css/site.css   (ca22a1cb)
2018-05-02T17:02:58.1589099+01:00 0HLDG8N1LOH1K:0000000C [INF] Request starting HTTP/1.1 GET http://localhost:5000/js/jquery.js   (ca22a1cb)
2018-05-02T17:02:58.1759099+01:00 0HLDG8N1LOH1L:00000008 [INF] Sending file. Request path: '"/js/jquery.validate.min.js"'. Physical path: '"C:\Users\ondero\desktop\dev\tinix\src\Tinix\wwwroot\js\jquery.validate.min.js"' (27b0a520)
2018-05-02T17:02:58.1849099+01:00 0HLDG8N1LOH1J:00000009 [INF] Sending file. Request path: '"/css/bootstrap.min.css"'. Physical path: '"C:\Users\ondero\desktop\dev\tinix\src\Tinix\wwwroot\css\bootstrap.min.css"' (27b0a520)
2018-05-02T17:02:58.2089099+01:00 0HLDG8N1LOH1I:00000011 [INF] Sending file. Request path: '"/css/site.css"'. Physical path: '"C:\Users\ondero\desktop\dev\tinix\src\Tinix\wwwroot\css\site.css"' (27b0a520)
2018-05-02T17:02:58.2439099+01:00 0HLDG8N1LOH1K:0000000C [INF] Sending file. Request path: '"/js/jquery.js"'. Physical path: '"C:\Users\ondero\desktop\dev\tinix\src\Tinix\wwwroot\js\jquery.js"' (27b0a520)
2018-05-02T17:02:58.2549099+01:00 0HLDG8N1LOH1L:00000008 [INF] Request finished in 221.6068ms 200 application/javascript (791a596a)
2018-05-02T17:02:58.2559099+01:00 0HLDG8N1LOH1M:00000011 [INF] Request starting HTTP/1.1 GET http://localhost:5000/js/jquery.validate.unobtrusive.js   (ca22a1cb)
2018-05-02T17:02:58.2649099+01:00 0HLDG8N1LOH1I:00000011 [INF] Request finished in 176.0111ms 200 text/css (791a596a)
2018-05-02T17:02:58.3069099+01:00 0HLDG8N1LOH1J:00000009 [INF] Request finished in 279.1885ms 200 text/css (791a596a)
2018-05-02T17:02:58.3079099+01:00 0HLDG8N1LOH1M:00000011 [INF] Sending file. Request path: '"/js/jquery.validate.unobtrusive.js"'. Physical path: '"C:\Users\ondero\desktop\dev\tinix\src\Tinix\wwwroot\js\jquery.validate.unobtrusive.js"' (27b0a520)
2018-05-02T17:02:58.3159099+01:00 0HLDG8N1LOH1M:00000011 [INF] Request finished in 274.6225ms 200 application/javascript (791a596a)
2018-05-02T17:02:58.3199099+01:00 0HLDG8N1LOH1K:0000000C [INF] Request finished in 243.6622ms 200 application/javascript (791a596a)
2018-05-02T17:02:58.3239099+01:00 0HLDG8N1LOH1K:0000000D [INF] Request starting HTTP/1.1 GET http://localhost:5000/js/popper.min.js   (ca22a1cb)
2018-05-02T17:02:58.3289099+01:00 0HLDG8N1LOH1K:0000000D [INF] Sending file. Request path: '"/js/popper.min.js"'. Physical path: '"C:\Users\ondero\desktop\dev\tinix\src\Tinix\wwwroot\js\popper.min.js"' (27b0a520)
2018-05-02T17:02:58.3429099+01:00 0HLDG8N1LOH1K:0000000D [INF] Request finished in 9.8983ms 200 application/javascript (791a596a)
2018-05-02T17:02:58.3479099+01:00 0HLDG8N1LOH1K:0000000E [INF] Request starting HTTP/1.1 GET http://localhost:5000/js/bootstrap.min.js   (ca22a1cb)
2018-05-02T17:02:58.3789099+01:00 0HLDG8N1LOH1K:0000000E [INF] Sending file. Request path: '"/js/bootstrap.min.js"'. Physical path: '"C:\Users\ondero\desktop\dev\tinix\src\Tinix\wwwroot\js\bootstrap.min.js"' (27b0a520)
2018-05-02T17:02:58.4429099+01:00 0HLDG8N1LOH1K:0000000E [INF] Request finished in 36.4711ms 200 application/javascript (791a596a)
2018-05-02T17:02:58.7299099+01:00 0HLDG8N1LOH1K:0000000F [INF] Request starting HTTP/1.1 GET http://localhost:5000/js/popper.min.js.map   (ca22a1cb)
2018-05-02T17:02:58.7359099+01:00 0HLDG8N1LOH1K:0000000F [INF] Request finished in 4.8429ms 404  (791a596a)
2018-05-02T17:02:58.7429099+01:00 0HLDG8N1LOH1K:00000010 [INF] Request starting HTTP/1.1 GET http://localhost:5000/js/bootstrap.min.js.map   (ca22a1cb)
2018-05-02T17:02:58.7879099+01:00 0HLDG8N1LOH1K:00000010 [INF] Request finished in 4.9029ms 404  (791a596a)
2018-05-02T17:03:13.2849099+01:00 0HLDG8N1LOH1K:00000011 [INF] Request starting HTTP/1.1 GET http://localhost:5000/Home/Detail/647a349a-dae1-41f9-90d2-26db5891fbf0?name=newbie   (ca22a1cb)
2018-05-02T17:03:13.2949099+01:00 0HLDG8N1LOH1K:00000011 [INF] Executing action method "Tinix.Controllers.HomeController.Detail (Tinix)" with arguments (["647a349a-dae1-41f9-90d2-26db5891fbf0", "newbie"]) - ModelState is Valid (ba7f4ac2)
2018-05-02T17:03:13.3049099+01:00 0HLDG8N1LOH1K:00000011 [INF] Executing ViewResult, running view at path "/Views/Home/Detail.cshtml". (9707eebe)
2018-05-02T17:03:13.3129099+01:00 0HLDG8N1LOH1K:00000011 [INF] Executed action "Tinix.Controllers.HomeController.Detail (Tinix)" in 19.5276ms (afa2e885)
2018-05-02T17:03:13.3679099+01:00 0HLDG8N1LOH1K:00000011 [INF] Request finished in 35.0384ms 200 text/html; charset=utf-8 (791a596a)
2018-05-02T17:03:13.9589099+01:00 0HLDG8N1LOH1K:00000012 [INF] Request starting HTTP/1.1 GET http://localhost:5000/favicon.ico   (ca22a1cb)
2018-05-02T17:03:13.9649099+01:00 0HLDG8N1LOH1K:00000012 [INF] Sending file. Request path: '"/favicon.ico"'. Physical path: '"C:\Users\ondero\desktop\dev\tinix\src\Tinix\wwwroot\favicon.ico"' (27b0a520)
2018-05-02T17:03:13.9729099+01:00 0HLDG8N1LOH1K:00000012 [INF] Request finished in 17.1785ms 200 image/x-icon (791a596a)
2018-05-02T17:03:16.3479099+01:00 0HLDG8N1LOH1K:00000013 [INF] Request starting HTTP/1.1 GET http://localhost:5000/Home/Like?blogPostID=647a349a-dae1-41f9-90d2-26db5891fbf0   (ca22a1cb)
2018-05-02T17:03:16.3749099+01:00 0HLDG8N1LOH1K:00000013 [INF] Executing action method "Tinix.Controllers.HomeController.Like (Tinix)" with arguments (["647a349a-dae1-41f9-90d2-26db5891fbf0"]) - ModelState is Valid (ba7f4ac2)
2018-05-02T17:03:16.3879099+01:00 0HLDG8N1LOH1K:00000013 [INF] Executing RedirectResult, redirecting to "/Home/Detail/647a349a-dae1-41f9-90d2-26db5891fbf0?name=newbie". (d98d540e)
2018-05-02T17:03:16.4009099+01:00 0HLDG8N1LOH1K:00000013 [INF] Executed action "Tinix.Controllers.HomeController.Like (Tinix)" in 44.8751ms (afa2e885)
2018-05-02T17:03:16.4069099+01:00 0HLDG8N1LOH1K:00000013 [INF] Request finished in 62.4803ms 302  (791a596a)
2018-05-02T17:03:16.4309099+01:00 0HLDG8N1LOH1K:00000014 [INF] Request starting HTTP/1.1 GET http://localhost:5000/Home/Detail/647a349a-dae1-41f9-90d2-26db5891fbf0?name=newbie   (ca22a1cb)
2018-05-02T17:03:16.4379099+01:00 0HLDG8N1LOH1K:00000014 [INF] Executing action method "Tinix.Controllers.HomeController.Detail (Tinix)" with arguments (["647a349a-dae1-41f9-90d2-26db5891fbf0", "newbie"]) - ModelState is Valid (ba7f4ac2)
2018-05-02T17:03:16.4609099+01:00 0HLDG8N1LOH1K:00000014 [INF] Executing ViewResult, running view at path "/Views/Home/Detail.cshtml". (9707eebe)
2018-05-02T17:03:16.4669099+01:00 0HLDG8N1LOH1K:00000014 [INF] Executed action "Tinix.Controllers.HomeController.Detail (Tinix)" in 30.1718ms (afa2e885)
2018-05-02T17:03:16.4829099+01:00 0HLDG8N1LOH1K:00000014 [INF] Request finished in 61.5141ms 200 text/html; charset=utf-8 (791a596a)
2018-05-02T17:03:17.9819099+01:00 0HLDG8N1LOH1K:00000015 [INF] Request starting HTTP/1.1 GET http://localhost:5000/Home/Like?blogPostID=647a349a-dae1-41f9-90d2-26db5891fbf0   (ca22a1cb)
2018-05-02T17:03:17.9899099+01:00 0HLDG8N1LOH1K:00000015 [INF] Executing action method "Tinix.Controllers.HomeController.Like (Tinix)" with arguments (["647a349a-dae1-41f9-90d2-26db5891fbf0"]) - ModelState is Valid (ba7f4ac2)
2018-05-02T17:03:17.9959099+01:00 0HLDG8N1LOH1K:00000015 [INF] Executing RedirectResult, redirecting to "/Home/Detail/647a349a-dae1-41f9-90d2-26db5891fbf0?name=newbie". (d98d540e)
2018-05-02T17:03:18.0199099+01:00 0HLDG8N1LOH1K:00000015 [INF] Executed action "Tinix.Controllers.HomeController.Like (Tinix)" in 13.8572ms (afa2e885)
2018-05-02T17:03:18.0249099+01:00 0HLDG8N1LOH1K:00000015 [INF] Request finished in 44.2779ms 302  (791a596a)
2018-05-02T17:03:18.0379099+01:00 0HLDG8N1LOH1K:00000016 [INF] Request starting HTTP/1.1 GET http://localhost:5000/Home/Detail/647a349a-dae1-41f9-90d2-26db5891fbf0?name=newbie   (ca22a1cb)
2018-05-02T17:03:18.0419099+01:00 0HLDG8N1LOH1K:00000016 [INF] Executing action method "Tinix.Controllers.HomeController.Detail (Tinix)" with arguments (["647a349a-dae1-41f9-90d2-26db5891fbf0", "newbie"]) - ModelState is Valid (ba7f4ac2)
2018-05-02T17:03:18.0669099+01:00 0HLDG8N1LOH1K:00000016 [INF] Executing ViewResult, running view at path "/Views/Home/Detail.cshtml". (9707eebe)
2018-05-02T17:03:18.0759099+01:00 0HLDG8N1LOH1K:00000016 [INF] Executed action "Tinix.Controllers.HomeController.Detail (Tinix)" in 29.0377ms (afa2e885)
2018-05-02T17:03:18.0889099+01:00 0HLDG8N1LOH1K:00000016 [INF] Request finished in 44.6709ms 200 text/html; charset=utf-8 (791a596a)
2018-05-02T17:03:22.6449099+01:00 0HLDG8N1LOH1K:00000017 [INF] Request starting HTTP/1.1 GET http://localhost:5000/Home/Like?blogPostID=647a349a-dae1-41f9-90d2-26db5891fbf0   (ca22a1cb)
2018-05-02T17:03:22.6729099+01:00 0HLDG8N1LOH1K:00000017 [INF] Executing action method "Tinix.Controllers.HomeController.Like (Tinix)" with arguments (["647a349a-dae1-41f9-90d2-26db5891fbf0"]) - ModelState is Valid (ba7f4ac2)
2018-05-02T17:03:22.6829099+01:00 0HLDG8N1LOH1K:00000017 [INF] Executing RedirectResult, redirecting to "/Home/Detail/647a349a-dae1-41f9-90d2-26db5891fbf0?name=newbie". (d98d540e)
2018-05-02T17:03:22.6889099+01:00 0HLDG8N1LOH1K:00000017 [INF] Executed action "Tinix.Controllers.HomeController.Like (Tinix)" in 37.1841ms (afa2e885)
2018-05-02T17:03:22.6959099+01:00 0HLDG8N1LOH1K:00000017 [INF] Request finished in 52.9465ms 302  (791a596a)
2018-05-02T17:03:22.7049099+01:00 0HLDG8N1LOH1K:00000018 [INF] Request starting HTTP/1.1 GET http://localhost:5000/Home/Detail/647a349a-dae1-41f9-90d2-26db5891fbf0?name=newbie   (ca22a1cb)
2018-05-02T17:03:22.7119099+01:00 0HLDG8N1LOH1K:00000018 [INF] Executing action method "Tinix.Controllers.HomeController.Detail (Tinix)" with arguments (["647a349a-dae1-41f9-90d2-26db5891fbf0", "newbie"]) - ModelState is Valid (ba7f4ac2)
2018-05-02T17:03:22.7189099+01:00 0HLDG8N1LOH1K:00000018 [INF] Executing ViewResult, running view at path "/Views/Home/Detail.cshtml". (9707eebe)
2018-05-02T17:03:22.7289099+01:00 0HLDG8N1LOH1K:00000018 [INF] Executed action "Tinix.Controllers.HomeController.Detail (Tinix)" in 14.042ms (afa2e885)
2018-05-02T17:03:22.7479099+01:00 0HLDG8N1LOH1K:00000018 [INF] Request finished in 32.5747ms 200 text/html; charset=utf-8 (791a596a)
2018-05-02T17:03:23.5949099+01:00 0HLDG8N1LOH1K:00000019 [INF] Request starting HTTP/1.1 GET http://localhost:5000/Home/Like?blogPostID=647a349a-dae1-41f9-90d2-26db5891fbf0   (ca22a1cb)
2018-05-02T17:03:23.6019099+01:00 0HLDG8N1LOH1K:00000019 [INF] Executing action method "Tinix.Controllers.HomeController.Like (Tinix)" with arguments (["647a349a-dae1-41f9-90d2-26db5891fbf0"]) - ModelState is Valid (ba7f4ac2)
2018-05-02T17:03:23.6089099+01:00 0HLDG8N1LOH1K:00000019 [INF] Executing RedirectResult, redirecting to "/Home/Detail/647a349a-dae1-41f9-90d2-26db5891fbf0?name=newbie". (d98d540e)
2018-05-02T17:03:23.6159099+01:00 0HLDG8N1LOH1K:00000019 [INF] Executed action "Tinix.Controllers.HomeController.Like (Tinix)" in 13.8797ms (afa2e885)
2018-05-02T17:03:23.6249099+01:00 0HLDG8N1LOH1K:00000019 [INF] Request finished in 29.567ms 302  (791a596a)
2018-05-02T17:03:23.6329099+01:00 0HLDG8N1LOH1K:0000001A [INF] Request starting HTTP/1.1 GET http://localhost:5000/Home/Detail/647a349a-dae1-41f9-90d2-26db5891fbf0?name=newbie   (ca22a1cb)
2018-05-02T17:03:23.6369099+01:00 0HLDG8N1LOH1K:0000001A [INF] Executing action method "Tinix.Controllers.HomeController.Detail (Tinix)" with arguments (["647a349a-dae1-41f9-90d2-26db5891fbf0", "newbie"]) - ModelState is Valid (ba7f4ac2)
2018-05-02T17:03:23.6619099+01:00 0HLDG8N1LOH1K:0000001A [INF] Executing ViewResult, running view at path "/Views/Home/Detail.cshtml". (9707eebe)
2018-05-02T17:03:23.7159099+01:00 0HLDG8N1LOH1K:0000001A [INF] Executed action "Tinix.Controllers.HomeController.Detail (Tinix)" in 29.059ms (afa2e885)
2018-05-02T17:03:23.7229099+01:00 0HLDG8N1LOH1K:0000001A [INF] Request finished in 88.4333ms 200 text/html; charset=utf-8 (791a596a)
2018-05-02T17:03:29.4259099+01:00 0HLDG8N1LOH1K:0000001B [INF] Request starting HTTP/1.1 GET http://localhost:5000/Home/Comment?blogPostID=647a349a-dae1-41f9-90d2-26db5891fbf0&comment=hgfghfvgjfvjhgv   (ca22a1cb)
2018-05-02T17:03:29.4349099+01:00 0HLDG8N1LOH1K:0000001B [INF] Executing action method "Tinix.Controllers.HomeController.Comment (Tinix)" with arguments (["647a349a-dae1-41f9-90d2-26db5891fbf0", "hgfghfvgjfvjhgv"]) - ModelState is Valid (ba7f4ac2)
2018-05-02T17:03:29.4529099+01:00 0HLDG8N1LOH1K:0000001B [INF] Executing RedirectResult, redirecting to "/Home/Detail/647a349a-dae1-41f9-90d2-26db5891fbf0?name=newbie". (d98d540e)
2018-05-02T17:03:29.4579099+01:00 0HLDG8N1LOH1K:0000001B [INF] Executed action "Tinix.Controllers.HomeController.Comment (Tinix)" in 22.465ms (afa2e885)
2018-05-02T17:03:29.4829099+01:00 0HLDG8N1LOH1K:0000001B [INF] Request finished in 38.3893ms 302  (791a596a)
2018-05-02T17:03:29.4929099+01:00 0HLDG8N1LOH1K:0000001C [INF] Request starting HTTP/1.1 GET http://localhost:5000/Home/Detail/647a349a-dae1-41f9-90d2-26db5891fbf0?name=newbie   (ca22a1cb)
2018-05-02T17:03:29.4989099+01:00 0HLDG8N1LOH1K:0000001C [INF] Executing action method "Tinix.Controllers.HomeController.Detail (Tinix)" with arguments (["647a349a-dae1-41f9-90d2-26db5891fbf0", "newbie"]) - ModelState is Valid (ba7f4ac2)
2018-05-02T17:03:29.5069099+01:00 0HLDG8N1LOH1K:0000001C [INF] Executing ViewResult, running view at path "/Views/Home/Detail.cshtml". (9707eebe)
2018-05-02T17:03:29.5219099+01:00 0HLDG8N1LOH1K:0000001C [INF] Executed action "Tinix.Controllers.HomeController.Detail (Tinix)" in 13.7576ms (afa2e885)
2018-05-02T17:03:29.5279099+01:00 0HLDG8N1LOH1K:0000001C [INF] Request finished in 39.9536ms 200 text/html; charset=utf-8 (791a596a)
2018-05-02T17:03:33.4459099+01:00 0HLDG8N1LOH1K:0000001D [INF] Request starting HTTP/1.1 GET http://localhost:5000/   (ca22a1cb)
2018-05-02T17:03:33.4529099+01:00 0HLDG8N1LOH1K:0000001D [INF] Executing action method "Tinix.Controllers.HomeController.Index (Tinix)" with arguments ([""]) - ModelState is Valid (ba7f4ac2)
2018-05-02T17:03:36.8709099+01:00 0HLDG8N1LOH1K:0000001D [INF] Executing ViewResult, running view at path "/Views/Home/Index.cshtml". (9707eebe)
2018-05-02T17:03:36.8759099+01:00 0HLDG8N1LOH1K:0000001D [INF] Executed action "Tinix.Controllers.HomeController.Index (Tinix)" in 3425.232ms (afa2e885)
2018-05-02T17:03:37.0039099+01:00 0HLDG8N1LOH1K:0000001D [INF] Request finished in 3439.7023ms 200 text/html; charset=utf-8 (791a596a)
