2018-04-10T13:11:55.8441399+01:00 0HLCURH08QBOO:00000001 [ERR] An unhandled exception has occurred: Could not find a part of the path 'C:\Posts'. (ef7abbe9)
System.IO.DirectoryNotFoundException: Could not find a part of the path 'C:\Posts'.
   at System.IO.Win32FileSystemEnumerableIterator`1.HandleError(Int32 errorCode, String path)
   at System.IO.Win32FileSystemEnumerableIterator`1.CommonInit()
   at System.IO.Win32FileSystemEnumerableIterator`1..ctor(String path, String originalUserPath, String searchPattern, SearchOption searchOption, SearchResultHandler`1 resultHandler)
   at System.IO.Win32FileSystemEnumerableFactory.CreateFileNameIterator(String path, String originalUserPath, String searchPattern, Boolean includeFiles, Boolean includeDirs, SearchOption searchOption)
   at System.IO.Win32FileSystem.EnumeratePaths(String fullPath, String searchPattern, SearchOption searchOption, SearchTarget searchTarget)
   at System.IO.Directory.EnumerateFileSystemNames(String path, String searchPattern, SearchOption searchOption, Boolean includeFiles, Boolean includeDirs)
   at System.IO.Directory.EnumerateFiles(String path, String searchPattern, SearchOption searchOption)
   at Tinix.Context.FileBlogService.LoadFromDisk() in C:\Users\ondero\Desktop\dev\Tinix\src\Tinix.Context\FileBlogService.cs:line 198
   at Tinix.Context.FileBlogService.GetCachedPosts() in C:\Users\ondero\Desktop\dev\Tinix\src\Tinix.Context\FileBlogService.cs:line 187
   at Tinix.Context.FileBlogService.GetPosts() in C:\Users\ondero\Desktop\dev\Tinix\src\Tinix.Context\FileBlogService.cs:line 165
   at Tinix.Controllers.AdminController.<Posts>d__7.MoveNext() in C:\Users\ondero\Desktop\dev\Tinix\src\Tinix\Controllers\AdminController.cs:line 76
--- End of stack trace from previous location where exception was thrown ---
   at System.Runtime.ExceptionServices.ExceptionDispatchInfo.Throw()
   at System.Runtime.CompilerServices.TaskAwaiter.HandleNonSuccessAndDebuggerNotification(Task task)
   at System.Runtime.CompilerServices.TaskAwaiter`1.GetResult()
   at Microsoft.AspNetCore.Mvc.Internal.ControllerActionInvoker.<InvokeActionMethodAsync>d__12.MoveNext()
--- End of stack trace from previous location where exception was thrown ---
   at System.Runtime.ExceptionServices.ExceptionDispatchInfo.Throw()
   at System.Runtime.CompilerServices.TaskAwaiter.HandleNonSuccessAndDebuggerNotification(Task task)
   at Microsoft.AspNetCore.Mvc.Internal.ControllerActionInvoker.<InvokeNextActionFilterAsync>d__10.MoveNext()
--- End of stack trace from previous location where exception was thrown ---
   at System.Runtime.ExceptionServices.ExceptionDispatchInfo.Throw()
   at Microsoft.AspNetCore.Mvc.Internal.ControllerActionInvoker.Rethrow(ActionExecutedContext context)
   at Microsoft.AspNetCore.Mvc.Internal.ControllerActionInvoker.Next(State& next, Scope& scope, Object& state, Boolean& isCompleted)
   at Microsoft.AspNetCore.Mvc.Internal.ControllerActionInvoker.<InvokeInnerFilterAsync>d__14.MoveNext()
--- End of stack trace from previous location where exception was thrown ---
   at System.Runtime.ExceptionServices.ExceptionDispatchInfo.Throw()
   at System.Runtime.CompilerServices.TaskAwaiter.HandleNonSuccessAndDebuggerNotification(Task task)
   at Microsoft.AspNetCore.Mvc.Internal.ResourceInvoker.<InvokeNextResourceFilter>d__22.MoveNext()
--- End of stack trace from previous location where exception was thrown ---
   at System.Runtime.ExceptionServices.ExceptionDispatchInfo.Throw()
   at Microsoft.AspNetCore.Mvc.Internal.ResourceInvoker.Rethrow(ResourceExecutedContext context)
   at Microsoft.AspNetCore.Mvc.Internal.ResourceInvoker.Next(State& next, Scope& scope, Object& state, Boolean& isCompleted)
   at Microsoft.AspNetCore.Mvc.Internal.ResourceInvoker.<InvokeFilterPipelineAsync>d__17.MoveNext()
--- End of stack trace from previous location where exception was thrown ---
   at System.Runtime.ExceptionServices.ExceptionDispatchInfo.Throw()
   at System.Runtime.CompilerServices.TaskAwaiter.HandleNonSuccessAndDebuggerNotification(Task task)
   at Microsoft.AspNetCore.Mvc.Internal.ResourceInvoker.<InvokeAsync>d__15.MoveNext()
--- End of stack trace from previous location where exception was thrown ---
   at System.Runtime.ExceptionServices.ExceptionDispatchInfo.Throw()
   at System.Runtime.CompilerServices.TaskAwaiter.HandleNonSuccessAndDebuggerNotification(Task task)
   at Microsoft.AspNetCore.Builder.RouterMiddleware.<Invoke>d__4.MoveNext()
--- End of stack trace from previous location where exception was thrown ---
   at System.Runtime.ExceptionServices.ExceptionDispatchInfo.Throw()
   at System.Runtime.CompilerServices.TaskAwaiter.HandleNonSuccessAndDebuggerNotification(Task task)
   at Microsoft.AspNetCore.Diagnostics.ExceptionHandlerMiddleware.<Invoke>d__6.MoveNext()
2018-04-10T13:38:00.0971399+01:00 0HLCURVIE0QJO:00000001 [INF] Request starting HTTP/1.1 GET http://localhost:5000/   (ca22a1cb)
2018-04-10T13:38:00.2801399+01:00 0HLCURVIE0QJO:00000001 [INF] "Cookies" was not authenticated. Failure message: "Unprotect ticket failed" (48071232)
2018-04-10T13:38:00.7861399+01:00 0HLCURVIE0QJO:00000001 [INF] Executing action method "Tinix.Controllers.HomeController.Index (Tinix)" with arguments ([""]) - ModelState is Valid (ba7f4ac2)
2018-04-10T13:38:05.8671399+01:00 0HLCURVIE0QJO:00000001 [INF] Executing ViewResult, running view at path "/Views/Home/Index.cshtml". (9707eebe)
2018-04-10T13:38:08.5991399+01:00 0HLCURVIE0QJO:00000001 [INF] Executed action "Tinix.Controllers.HomeController.Index (Tinix)" in 7831.7245ms (afa2e885)
2018-04-10T13:38:08.6521399+01:00 0HLCURVIE0QJO:00000001 [INF] Request finished in 8533.8427ms 200 text/html; charset=utf-8 (791a596a)
2018-04-10T13:38:11.7581399+01:00 0HLCURVIE0QJO:00000002 [INF] Request starting HTTP/1.1 GET http://localhost:5000/Home/Detail/9b01c867-16f4-44f0-99b3-9f957d520ca9?name=ewqreqw   (ca22a1cb)
2018-04-10T13:38:11.7661399+01:00 0HLCURVIE0QJO:00000002 [INF] "Cookies" was not authenticated. Failure message: "Unprotect ticket failed" (48071232)
2018-04-10T13:38:11.8031399+01:00 0HLCURVIE0QJO:00000002 [INF] Executing action method "Tinix.Controllers.HomeController.Detail (Tinix)" with arguments (["9b01c867-16f4-44f0-99b3-9f957d520ca9", "ewqreqw"]) - ModelState is Valid (ba7f4ac2)
2018-04-10T13:38:17.4981399+01:00 0HLCURVIE0QJO:00000002 [INF] Executing ViewResult, running view at path "/Views/Home/Detail.cshtml". (9707eebe)
2018-04-10T13:38:17.5781399+01:00 0HLCURVIE0QJO:00000002 [INF] Executed action "Tinix.Controllers.HomeController.Detail (Tinix)" in 5733.8098ms (afa2e885)
2018-04-10T13:38:17.7181399+01:00 0HLCURVIE0QJO:00000002 [INF] Request finished in 5831.1252ms 200 text/html; charset=utf-8 (791a596a)
2018-04-10T13:38:24.1871399+01:00 0HLCURVIE0QJO:00000003 [INF] Request starting HTTP/1.1 GET http://localhost:5000/Home/Comment?blogPostID=9b01c867-16f4-44f0-99b3-9f957d520ca9&amp;comment=asdasd%20asdsadasd   (ca22a1cb)
2018-04-10T13:38:24.1921399+01:00 0HLCURVIE0QJO:00000003 [INF] "Cookies" was not authenticated. Failure message: "Unprotect ticket failed" (48071232)
2018-04-10T13:38:24.2081399+01:00 0HLCURVIE0QJO:00000003 [INF] Executing action method "Tinix.Controllers.HomeController.Comment (Tinix)" with arguments (["9b01c867-16f4-44f0-99b3-9f957d520ca9", ""]) - ModelState is Valid (ba7f4ac2)
2018-04-10T13:38:43.2081399+01:00 0HLCURVIE0QJO:00000003 [INF] Executing RedirectResult, redirecting to "/Home/Detail/9b01c867-16f4-44f0-99b3-9f957d520ca9?name=ewqreqw". (d98d540e)
2018-04-10T13:38:43.2131399+01:00 0HLCURVIE0QJO:00000003 [INF] Executed action "Tinix.Controllers.HomeController.Comment (Tinix)" in 19009.8721ms (afa2e885)
2018-04-10T13:38:43.3021399+01:00 0HLCURVIE0QJO:00000003 [INF] Request finished in 19033.7979ms 302  (791a596a)
2018-04-10T13:38:43.3081399+01:00 0HLCURVIE0QJO:00000004 [INF] Request starting HTTP/1.1 GET http://localhost:5000/Home/Detail/9b01c867-16f4-44f0-99b3-9f957d520ca9?name=ewqreqw   (ca22a1cb)
2018-04-10T13:38:43.3481399+01:00 0HLCURVIE0QJO:00000004 [INF] "Cookies" was not authenticated. Failure message: "Unprotect ticket failed" (48071232)
2018-04-10T13:38:43.3721399+01:00 0HLCURVIE0QJO:00000004 [INF] Executing action method "Tinix.Controllers.HomeController.Detail (Tinix)" with arguments (["9b01c867-16f4-44f0-99b3-9f957d520ca9", "ewqreqw"]) - ModelState is Valid (ba7f4ac2)
2018-04-10T13:38:46.7011399+01:00 0HLCURVIE0QJO:00000004 [INF] Executing ViewResult, running view at path "/Views/Home/Detail.cshtml". (9707eebe)
2018-04-10T13:38:47.0421399+01:00 0HLCURVIE0QJO:00000004 [INF] Executed action "Tinix.Controllers.HomeController.Detail (Tinix)" in 3352.7011ms (afa2e885)
2018-04-10T13:38:47.2601399+01:00 0HLCURVIE0QJO:00000004 [INF] Request finished in 3739.5012ms 200 text/html; charset=utf-8 (791a596a)
2018-04-10T13:39:05.1221399+01:00 0HLCURVIE0QJO:00000005 [INF] Request starting HTTP/1.1 GET http://localhost:5000/   (ca22a1cb)
2018-04-10T13:39:05.1281399+01:00 0HLCURVIE0QJO:00000005 [INF] "Cookies" was not authenticated. Failure message: "Unprotect ticket failed" (48071232)
2018-04-10T13:39:05.1341399+01:00 0HLCURVIE0QJO:00000005 [INF] Executing action method "Tinix.Controllers.HomeController.Index (Tinix)" with arguments ([""]) - ModelState is Valid (ba7f4ac2)
2018-04-10T13:39:05.1441399+01:00 0HLCURVIE0QJO:00000005 [INF] Executing ViewResult, running view at path "/Views/Home/Index.cshtml". (9707eebe)
2018-04-10T13:39:05.2351399+01:00 0HLCURVIE0QJO:00000005 [INF] Executed action "Tinix.Controllers.HomeController.Index (Tinix)" in 17.2539ms (afa2e885)
2018-04-10T13:39:05.2771399+01:00 0HLCURVIE0QJO:00000005 [INF] Request finished in 127.1609ms 200 text/html; charset=utf-8 (791a596a)
2018-04-10T13:39:24.8911399+01:00 0HLCURVIE0QJO:00000006 [INF] Request starting HTTP/1.1 GET http://localhost:5000//Home/Comment?blogPostID=9b01c867-16f4-44f0-99b3-9f957d520ca9&amp;comment=asdasd   (ca22a1cb)
2018-04-10T13:39:24.8961399+01:00 0HLCURVIE0QJO:00000006 [INF] "Cookies" was not authenticated. Failure message: "Unprotect ticket failed" (48071232)
2018-04-10T13:39:24.9051399+01:00 0HLCURVIE0QJO:00000006 [INF] Request finished in 10.6894ms 404  (791a596a)
2018-04-10T13:40:09.4091399+01:00 0HLCUS0OEISAO:00000001 [INF] Request starting HTTP/1.1 GET http://localhost:5000/   (ca22a1cb)
2018-04-10T13:40:09.4781399+01:00 0HLCUS0OEISAO:00000001 [INF] "Cookies" was not authenticated. Failure message: "Unprotect ticket failed" (48071232)
2018-04-10T13:40:09.9341399+01:00 0HLCUS0OEISAO:00000001 [INF] Executing action method "Tinix.Controllers.HomeController.Index (Tinix)" with arguments ([""]) - ModelState is Valid (ba7f4ac2)
2018-04-10T13:40:13.3941399+01:00 0HLCUS0OEISAO:00000001 [INF] Executing ViewResult, running view at path "/Views/Home/Index.cshtml". (9707eebe)
2018-04-10T13:40:15.2421399+01:00 0HLCUS0OEISAO:00000001 [INF] Executed action "Tinix.Controllers.HomeController.Index (Tinix)" in 5329.1043ms (afa2e885)
2018-04-10T13:40:15.2571399+01:00 0HLCUS0OEISAO:00000001 [INF] Request finished in 5859.6378ms 200 text/html; charset=utf-8 (791a596a)
2018-04-10T13:47:56.5611399+01:00 0HLCUS546QEKO:00000001 [INF] Request starting HTTP/1.1 GET http://localhost:5000/   (ca22a1cb)
2018-04-10T13:47:56.6881399+01:00 0HLCUS546QEKO:00000001 [INF] "Cookies" was not authenticated. Failure message: "Unprotect ticket failed" (48071232)
2018-04-10T13:47:56.9941399+01:00 0HLCUS546QEKO:00000001 [INF] Executing action method "Tinix.Controllers.HomeController.Index (Tinix)" with arguments ([""]) - ModelState is Valid (ba7f4ac2)
2018-04-10T13:48:00.7331399+01:00 0HLCUS546QEKO:00000001 [INF] Executing ViewResult, running view at path "/Views/Home/Index.cshtml". (9707eebe)
2018-04-10T13:48:02.4741399+01:00 0HLCUS546QEKO:00000001 [INF] Executed action "Tinix.Controllers.HomeController.Index (Tinix)" in 5514.0392ms (afa2e885)
2018-04-10T13:48:02.5001399+01:00 0HLCUS546QEKO:00000001 [INF] Request finished in 5968.2847ms 200 text/html; charset=utf-8 (791a596a)
2018-04-10T13:48:02.5171399+01:00 0HLCUS546QEKO:00000002 [INF] Request starting HTTP/1.1 GET http://localhost:5000/css/bootstrap.min.css   (ca22a1cb)
2018-04-10T13:48:02.5411399+01:00 0HLCUS546QEKO:00000002 [INF] "Cookies" was not authenticated. Failure message: "Unprotect ticket failed" (48071232)
2018-04-10T13:48:02.5591399+01:00 0HLCUS546QEKO:00000002 [INF] The file "/css/bootstrap.min.css" was not modified (f1f8d725)
2018-04-10T13:48:02.6351399+01:00 0HLCUS546QEKO:00000002 [INF] Request finished in 60.1576ms 304 text/css (791a596a)
2018-04-10T13:48:06.4561399+01:00 0HLCUS546QEKO:00000003 [INF] Request starting HTTP/1.1 GET http://localhost:5000/Home/Detail/9b01c867-16f4-44f0-99b3-9f957d520ca9?name=ewqreqw   (ca22a1cb)
2018-04-10T13:48:06.4631399+01:00 0HLCUS546QEKO:00000003 [INF] "Cookies" was not authenticated. Failure message: "Unprotect ticket failed" (48071232)
2018-04-10T13:48:06.4911399+01:00 0HLCUS546QEKO:00000003 [INF] Executing action method "Tinix.Controllers.HomeController.Detail (Tinix)" with arguments (["9b01c867-16f4-44f0-99b3-9f957d520ca9", "ewqreqw"]) - ModelState is Valid (ba7f4ac2)
2018-04-10T13:48:15.5061399+01:00 0HLCUS546QEKO:00000003 [INF] Executing ViewResult, running view at path "/Views/Home/Detail.cshtml". (9707eebe)
2018-04-10T13:48:15.5761399+01:00 0HLCUS546QEKO:00000003 [INF] Executed action "Tinix.Controllers.HomeController.Detail (Tinix)" in 9047.8986ms (afa2e885)
2018-04-10T13:48:15.7121399+01:00 0HLCUS546QEKO:00000003 [INF] Request finished in 9145.8749ms 200 text/html; charset=utf-8 (791a596a)
2018-04-10T13:48:42.2061399+01:00 0HLCUS546QEKO:00000004 [INF] Request starting HTTP/1.1 GET http://localhost:5000/Home/Comment?blogPostID=9b01c867-16f4-44f0-99b3-9f957d520ca9&amp;comment=uiyhhuasd%20asdasdas   (ca22a1cb)
2018-04-10T13:48:42.2111399+01:00 0HLCUS546QEKO:00000004 [INF] "Cookies" was not authenticated. Failure message: "Unprotect ticket failed" (48071232)
2018-04-10T13:48:42.2441399+01:00 0HLCUS546QEKO:00000004 [INF] Executing action method "Tinix.Controllers.HomeController.Comment (Tinix)" with arguments (["9b01c867-16f4-44f0-99b3-9f957d520ca9", ""]) - ModelState is Valid (ba7f4ac2)
2018-04-10T13:48:45.3301399+01:00 0HLCUS546QEKO:00000004 [INF] Executing RedirectResult, redirecting to "/Home/Detail/9b01c867-16f4-44f0-99b3-9f957d520ca9?name=ewqreqw". (d98d540e)
2018-04-10T13:48:45.3361399+01:00 0HLCUS546QEKO:00000004 [INF] Executed action "Tinix.Controllers.HomeController.Comment (Tinix)" in 3112.0896ms (afa2e885)
2018-04-10T13:48:45.3611399+01:00 0HLCUS546QEKO:00000004 [INF] Request finished in 3135.6448ms 302  (791a596a)
2018-04-10T13:48:45.3701399+01:00 0HLCUS546QEKO:00000005 [INF] Request starting HTTP/1.1 GET http://localhost:5000/Home/Detail/9b01c867-16f4-44f0-99b3-9f957d520ca9?name=ewqreqw   (ca22a1cb)
2018-04-10T13:48:45.3951399+01:00 0HLCUS546QEKO:00000005 [INF] "Cookies" was not authenticated. Failure message: "Unprotect ticket failed" (48071232)
2018-04-10T13:48:45.4121399+01:00 0HLCUS546QEKO:00000005 [INF] Executing action method "Tinix.Controllers.HomeController.Detail (Tinix)" with arguments (["9b01c867-16f4-44f0-99b3-9f957d520ca9", "ewqreqw"]) - ModelState is Valid (ba7f4ac2)
2018-04-10T13:48:45.4371399+01:00 0HLCUS546QEKO:00000005 [INF] Executing ViewResult, running view at path "/Views/Home/Detail.cshtml". (9707eebe)
2018-04-10T13:48:45.4571399+01:00 0HLCUS546QEKO:00000005 [INF] Executed action "Tinix.Controllers.HomeController.Detail (Tinix)" in 42.0946ms (afa2e885)
2018-04-10T13:48:45.4811399+01:00 0HLCUS546QEKO:00000005 [INF] Request finished in 97.0708ms 200 text/html; charset=utf-8 (791a596a)
2018-04-10T13:49:14.6061399+01:00 0HLCUS546QEKO:00000006 [INF] Request starting HTTP/1.1 GET http://localhost:5000/Home/Comment?blogPostID=9b01c867-16f4-44f0-99b3-9f957d520ca9&amp;comment=asdasd   (ca22a1cb)
2018-04-10T13:49:14.6101399+01:00 0HLCUS546QEKO:00000006 [INF] "Cookies" was not authenticated. Failure message: "Unprotect ticket failed" (48071232)
2018-04-10T13:49:14.6221399+01:00 0HLCUS546QEKO:00000006 [INF] Executing action method "Tinix.Controllers.HomeController.Comment (Tinix)" with arguments (["9b01c867-16f4-44f0-99b3-9f957d520ca9", ""]) - ModelState is Valid (ba7f4ac2)
2018-04-10T13:49:25.7031399+01:00 0HLCUS546QEKO:00000006 [INF] Executing RedirectResult, redirecting to "/Home/Detail/9b01c867-16f4-44f0-99b3-9f957d520ca9?name=ewqreqw". (d98d540e)
2018-04-10T13:49:25.7241399+01:00 0HLCUS546QEKO:00000006 [INF] Executed action "Tinix.Controllers.HomeController.Comment (Tinix)" in 11091.7354ms (afa2e885)
2018-04-10T13:49:25.7521399+01:00 0HLCUS546QEKO:00000006 [INF] Request finished in 11123.8773ms 302  (791a596a)
2018-04-10T13:49:25.7681399+01:00 0HLCUS546QEKO:00000007 [INF] Request starting HTTP/1.1 GET http://localhost:5000/Home/Detail/9b01c867-16f4-44f0-99b3-9f957d520ca9?name=ewqreqw   (ca22a1cb)
2018-04-10T13:49:25.7971399+01:00 0HLCUS546QEKO:00000007 [INF] "Cookies" was not authenticated. Failure message: "Unprotect ticket failed" (48071232)
2018-04-10T13:49:25.8041399+01:00 0HLCUS546QEKO:00000007 [INF] Executing action method "Tinix.Controllers.HomeController.Detail (Tinix)" with arguments (["9b01c867-16f4-44f0-99b3-9f957d520ca9", "ewqreqw"]) - ModelState is Valid (ba7f4ac2)
2018-04-10T13:49:25.8101399+01:00 0HLCUS546QEKO:00000007 [INF] Executing ViewResult, running view at path "/Views/Home/Detail.cshtml". (9707eebe)
2018-04-10T13:49:25.8921399+01:00 0HLCUS546QEKO:00000007 [INF] Executed action "Tinix.Controllers.HomeController.Detail (Tinix)" in 14.0991ms (afa2e885)
2018-04-10T13:49:25.9211399+01:00 0HLCUS546QEKO:00000007 [INF] Request finished in 136.2734ms 200 text/html; charset=utf-8 (791a596a)
2018-04-10T13:50:16.9931399+01:00 0HLCUS546QEKO:00000008 [INF] Request starting HTTP/1.1 GET http://localhost:5000/Home/Comment?blogPostID=9b01c867-16f4-44f0-99b3-9f957d520ca9&amp;comment=edd   (ca22a1cb)
2018-04-10T13:50:17.0611399+01:00 0HLCUS546QEKO:00000008 [INF] "Cookies" was not authenticated. Failure message: "Unprotect ticket failed" (48071232)
2018-04-10T13:50:17.0661399+01:00 0HLCUS546QEKO:00000008 [INF] Executing action method "Tinix.Controllers.HomeController.Comment (Tinix)" with arguments (["9b01c867-16f4-44f0-99b3-9f957d520ca9", ""]) - ModelState is Valid (ba7f4ac2)
2018-04-10T13:50:44.6321399+01:00 0HLCUS546QEKO:00000008 [INF] Executing RedirectResult, redirecting to "/Home/Detail/9b01c867-16f4-44f0-99b3-9f957d520ca9?name=ewqreqw". (d98d540e)
2018-04-10T13:50:44.6481399+01:00 0HLCUS546QEKO:00000008 [INF] Executed action "Tinix.Controllers.HomeController.Comment (Tinix)" in 27570.1737ms (afa2e885)
2018-04-10T13:50:44.6961399+01:00 0HLCUS546QEKO:00000008 [INF] Request finished in 27689.0972ms 302  (791a596a)
2018-04-10T13:50:44.7051399+01:00 0HLCUS546QEKO:00000009 [INF] Request starting HTTP/1.1 GET http://localhost:5000/Home/Detail/9b01c867-16f4-44f0-99b3-9f957d520ca9?name=ewqreqw   (ca22a1cb)
2018-04-10T13:50:44.7171399+01:00 0HLCUS546QEKO:00000009 [INF] "Cookies" was not authenticated. Failure message: "Unprotect ticket failed" (48071232)
2018-04-10T13:50:44.7251399+01:00 0HLCUS546QEKO:00000009 [INF] Executing action method "Tinix.Controllers.HomeController.Detail (Tinix)" with arguments (["9b01c867-16f4-44f0-99b3-9f957d520ca9", "ewqreqw"]) - ModelState is Valid (ba7f4ac2)
2018-04-10T13:50:44.7291399+01:00 0HLCUS546QEKO:00000009 [INF] Executing ViewResult, running view at path "/Views/Home/Detail.cshtml". (9707eebe)
2018-04-10T13:50:44.7751399+01:00 0HLCUS546QEKO:00000009 [INF] Executed action "Tinix.Controllers.HomeController.Detail (Tinix)" in 12.5335ms (afa2e885)
2018-04-10T13:50:44.8281399+01:00 0HLCUS546QEKO:00000009 [INF] Request finished in 79.5506ms 200 text/html; charset=utf-8 (791a596a)
2018-04-10T13:50:50.5411399+01:00 0HLCUS546QEKO:0000000A [INF] Request starting HTTP/1.1 GET http://localhost:5000/Home/Comment?blogPostID=9b01c867-16f4-44f0-99b3-9f957d520ca9&amp;comment=edd   (ca22a1cb)
2018-04-10T13:50:50.5551399+01:00 0HLCUS546QEKO:0000000A [INF] "Cookies" was not authenticated. Failure message: "Unprotect ticket failed" (48071232)
2018-04-10T13:50:50.5811399+01:00 0HLCUS546QEKO:0000000A [INF] Executing action method "Tinix.Controllers.HomeController.Comment (Tinix)" with arguments (["9b01c867-16f4-44f0-99b3-9f957d520ca9", ""]) - ModelState is Valid (ba7f4ac2)
2018-04-10T13:50:56.5581399+01:00 0HLCUS546QEKO:0000000A [INF] Executing RedirectResult, redirecting to "/Home/Detail/9b01c867-16f4-44f0-99b3-9f957d520ca9?name=ewqreqw". (d98d540e)
2018-04-10T13:50:56.5781399+01:00 0HLCUS546QEKO:0000000A [INF] Executed action "Tinix.Controllers.HomeController.Comment (Tinix)" in 6002.4287ms (afa2e885)
2018-04-10T13:50:56.6051399+01:00 0HLCUS546QEKO:0000000A [INF] Request finished in 6040.8664ms 302  (791a596a)
2018-04-10T13:50:56.6201399+01:00 0HLCUS546QEKO:0000000B [INF] Request starting HTTP/1.1 GET http://localhost:5000/Home/Detail/9b01c867-16f4-44f0-99b3-9f957d520ca9?name=ewqreqw   (ca22a1cb)
2018-04-10T13:50:56.6311399+01:00 0HLCUS546QEKO:0000000B [INF] "Cookies" was not authenticated. Failure message: "Unprotect ticket failed" (48071232)
2018-04-10T13:50:56.6551399+01:00 0HLCUS546QEKO:0000000B [INF] Executing action method "Tinix.Controllers.HomeController.Detail (Tinix)" with arguments (["9b01c867-16f4-44f0-99b3-9f957d520ca9", "ewqreqw"]) - ModelState is Valid (ba7f4ac2)
2018-04-10T13:50:56.6651399+01:00 0HLCUS546QEKO:0000000B [INF] Executing ViewResult, running view at path "/Views/Home/Detail.cshtml". (9707eebe)
2018-04-10T13:50:56.6701399+01:00 0HLCUS546QEKO:0000000B [INF] Executed action "Tinix.Controllers.HomeController.Detail (Tinix)" in 34.4888ms (afa2e885)
2018-04-10T13:50:56.7181399+01:00 0HLCUS546QEKO:0000000B [INF] Request finished in 65.113ms 200 text/html; charset=utf-8 (791a596a)
2018-04-10T13:51:20.8891399+01:00 0HLCUS546QEKO:0000000C [INF] Request starting HTTP/1.1 GET http://localhost:5000/Home/Comment?blogPostID=9b01c867-16f4-44f0-99b3-9f957d520ca9&amp,%20comment=edd   (ca22a1cb)
2018-04-10T13:51:20.8951399+01:00 0HLCUS546QEKO:0000000C [INF] "Cookies" was not authenticated. Failure message: "Unprotect ticket failed" (48071232)
2018-04-10T13:51:20.8991399+01:00 0HLCUS546QEKO:0000000C [INF] Executing action method "Tinix.Controllers.HomeController.Comment (Tinix)" with arguments (["9b01c867-16f4-44f0-99b3-9f957d520ca9", ""]) - ModelState is Valid (ba7f4ac2)
2018-04-10T13:51:41.1311399+01:00 0HLCUS546QEKO:0000000C [INF] Executing RedirectResult, redirecting to "/Home/Detail/9b01c867-16f4-44f0-99b3-9f957d520ca9?name=ewqreqw". (d98d540e)
2018-04-10T13:51:41.1441399+01:00 0HLCUS546QEKO:0000000C [INF] Executed action "Tinix.Controllers.HomeController.Comment (Tinix)" in 20235.2626ms (afa2e885)
2018-04-10T13:51:41.1541399+01:00 0HLCUS546QEKO:0000000C [INF] Request finished in 20257.9787ms 302  (791a596a)
2018-04-10T13:51:41.1671399+01:00 0HLCUS546QEKO:0000000D [INF] Request starting HTTP/1.1 GET http://localhost:5000/Home/Detail/9b01c867-16f4-44f0-99b3-9f957d520ca9?name=ewqreqw   (ca22a1cb)
2018-04-10T13:51:41.1701399+01:00 0HLCUS546QEKO:0000000D [INF] "Cookies" was not authenticated. Failure message: "Unprotect ticket failed" (48071232)
2018-04-10T13:51:41.1741399+01:00 0HLCUS546QEKO:0000000D [INF] Executing action method "Tinix.Controllers.HomeController.Detail (Tinix)" with arguments (["9b01c867-16f4-44f0-99b3-9f957d520ca9", "ewqreqw"]) - ModelState is Valid (ba7f4ac2)
2018-04-10T13:51:41.1801399+01:00 0HLCUS546QEKO:0000000D [INF] Executing ViewResult, running view at path "/Views/Home/Detail.cshtml". (9707eebe)
2018-04-10T13:51:41.3371399+01:00 0HLCUS546QEKO:0000000D [INF] Executed action "Tinix.Controllers.HomeController.Detail (Tinix)" in 11.2338ms (afa2e885)
2018-04-10T13:51:41.4811399+01:00 0HLCUS546QEKO:0000000D [INF] Request finished in 183.9409ms 200 text/html; charset=utf-8 (791a596a)
2018-04-10T13:51:51.7831399+01:00 0HLCUS546QEKO:0000000E [INF] Request starting HTTP/1.1 GET http://localhost:5000/Home/Comment?blogPostID=9b01c867-16f4-44f0-99b3-9f957d520ca9&comment=edd   (ca22a1cb)
2018-04-10T13:51:51.8081399+01:00 0HLCUS546QEKO:0000000E [INF] "Cookies" was not authenticated. Failure message: "Unprotect ticket failed" (48071232)
2018-04-10T13:51:51.8301399+01:00 0HLCUS546QEKO:0000000E [INF] Executing action method "Tinix.Controllers.HomeController.Comment (Tinix)" with arguments (["9b01c867-16f4-44f0-99b3-9f957d520ca9", "edd"]) - ModelState is Valid (ba7f4ac2)
2018-04-10T13:52:31.7971399+01:00 0HLCUS546QEKO:0000000E [INF] Executing RedirectResult, redirecting to "/Home/Detail/9b01c867-16f4-44f0-99b3-9f957d520ca9?name=ewqreqw". (d98d540e)
2018-04-10T13:52:31.8271399+01:00 0HLCUS546QEKO:0000000E [INF] Executed action "Tinix.Controllers.HomeController.Comment (Tinix)" in 39986.9979ms (afa2e885)
2018-04-10T13:52:31.8931399+01:00 0HLCUS546QEKO:0000000E [INF] Request finished in 40047.304ms 302  (791a596a)
2018-04-10T13:52:31.8981399+01:00 0HLCUS546QEKO:0000000F [INF] Request starting HTTP/1.1 GET http://localhost:5000/Home/Detail/9b01c867-16f4-44f0-99b3-9f957d520ca9?name=ewqreqw   (ca22a1cb)
2018-04-10T13:52:31.9021399+01:00 0HLCUS546QEKO:0000000F [INF] "Cookies" was not authenticated. Failure message: "Unprotect ticket failed" (48071232)
2018-04-10T13:52:31.9061399+01:00 0HLCUS546QEKO:0000000F [INF] Executing action method "Tinix.Controllers.HomeController.Detail (Tinix)" with arguments (["9b01c867-16f4-44f0-99b3-9f957d520ca9", "ewqreqw"]) - ModelState is Valid (ba7f4ac2)
2018-04-10T13:52:31.9301399+01:00 0HLCUS546QEKO:0000000F [INF] Executing ViewResult, running view at path "/Views/Home/Detail.cshtml". (9707eebe)
2018-04-10T13:52:32.0201399+01:00 0HLCUS546QEKO:0000000F [INF] Executed action "Tinix.Controllers.HomeController.Detail (Tinix)" in 27.7288ms (afa2e885)
2018-04-10T13:52:32.1611399+01:00 0HLCUS546QEKO:0000000F [INF] Request finished in 127.153ms 200 text/html; charset=utf-8 (791a596a)
2018-04-10T13:54:05.8071399+01:00 0HLCUS546QEKO:00000010 [INF] Request starting HTTP/1.1 GET http://localhost:5000/Home/Comment?blogPostID=9b01c867-16f4-44f0-99b3-9f957d520ca9&amp;comment=asdasdasdasdasd   (ca22a1cb)
2018-04-10T13:54:05.8221399+01:00 0HLCUS546QEKO:00000010 [INF] "Cookies" was not authenticated. Failure message: "Unprotect ticket failed" (48071232)
2018-04-10T13:54:05.8271399+01:00 0HLCUS546QEKO:00000010 [INF] Executing action method "Tinix.Controllers.HomeController.Comment (Tinix)" with arguments (["9b01c867-16f4-44f0-99b3-9f957d520ca9", ""]) - ModelState is Valid (ba7f4ac2)
2018-04-10T13:54:08.4361399+01:00 0HLCUS546QEKO:00000010 [INF] Executing RedirectResult, redirecting to "/Home/Detail/9b01c867-16f4-44f0-99b3-9f957d520ca9?name=ewqreqw". (d98d540e)
2018-04-10T13:54:08.4501399+01:00 0HLCUS546QEKO:00000010 [INF] Executed action "Tinix.Controllers.HomeController.Comment (Tinix)" in 2613.922ms (afa2e885)
2018-04-10T13:54:08.4771399+01:00 0HLCUS546QEKO:00000010 [INF] Request finished in 2649.7801ms 302  (791a596a)
2018-04-10T13:54:08.5891399+01:00 0HLCUS546QEKO:00000011 [INF] Request starting HTTP/1.1 GET http://localhost:5000/Home/Detail/9b01c867-16f4-44f0-99b3-9f957d520ca9?name=ewqreqw   (ca22a1cb)
2018-04-10T13:54:08.5971399+01:00 0HLCUS546QEKO:00000011 [INF] "Cookies" was not authenticated. Failure message: "Unprotect ticket failed" (48071232)
2018-04-10T13:54:08.6021399+01:00 0HLCUS546QEKO:00000011 [INF] Executing action method "Tinix.Controllers.HomeController.Detail (Tinix)" with arguments (["9b01c867-16f4-44f0-99b3-9f957d520ca9", "ewqreqw"]) - ModelState is Valid (ba7f4ac2)
2018-04-10T13:54:08.8351399+01:00 0HLCUS546QEKO:00000011 [INF] Executing ViewResult, running view at path "/Views/Home/Detail.cshtml". (9707eebe)
2018-04-10T13:54:08.8511399+01:00 0HLCUS546QEKO:00000011 [INF] Executed action "Tinix.Controllers.HomeController.Detail (Tinix)" in 243.5913ms (afa2e885)
2018-04-10T13:54:08.8831399+01:00 0HLCUS546QEKO:00000011 [INF] Request finished in 281.7339ms 200 text/html; charset=utf-8 (791a596a)
2018-04-10T13:54:16.7651399+01:00 0HLCUS546QEKO:00000012 [INF] Request starting HTTP/1.1 GET http://localhost:5000/Home/Comment?blogPostID=9b01c867-16f4-44f0-99b3-9f957d520ca9&comment=asdasdasd   (ca22a1cb)
2018-04-10T13:54:16.7691399+01:00 0HLCUS546QEKO:00000012 [INF] "Cookies" was not authenticated. Failure message: "Unprotect ticket failed" (48071232)
2018-04-10T13:54:16.7731399+01:00 0HLCUS546QEKO:00000012 [INF] Executing action method "Tinix.Controllers.HomeController.Comment (Tinix)" with arguments (["9b01c867-16f4-44f0-99b3-9f957d520ca9", "asdasdasd"]) - ModelState is Valid (ba7f4ac2)
2018-04-10T13:54:22.2671399+01:00 0HLCUS546QEKO:00000012 [INF] Executing RedirectResult, redirecting to "/Home/Detail/9b01c867-16f4-44f0-99b3-9f957d520ca9?name=ewqreqw". (d98d540e)
2018-04-10T13:54:22.2801399+01:00 0HLCUS546QEKO:00000012 [INF] Executed action "Tinix.Controllers.HomeController.Comment (Tinix)" in 5497.3348ms (afa2e885)
2018-04-10T13:54:22.3331399+01:00 0HLCUS546QEKO:00000012 [INF] Request finished in 5521.1709ms 302  (791a596a)
2018-04-10T13:54:22.3421399+01:00 0HLCUS546QEKO:00000013 [INF] Request starting HTTP/1.1 GET http://localhost:5000/Home/Detail/9b01c867-16f4-44f0-99b3-9f957d520ca9?name=ewqreqw   (ca22a1cb)
2018-04-10T13:54:22.3501399+01:00 0HLCUS546QEKO:00000013 [INF] "Cookies" was not authenticated. Failure message: "Unprotect ticket failed" (48071232)
2018-04-10T13:54:22.3591399+01:00 0HLCUS546QEKO:00000013 [INF] Executing action method "Tinix.Controllers.HomeController.Detail (Tinix)" with arguments (["9b01c867-16f4-44f0-99b3-9f957d520ca9", "ewqreqw"]) - ModelState is Valid (ba7f4ac2)
2018-04-10T13:54:22.3661399+01:00 0HLCUS546QEKO:00000013 [INF] Executing ViewResult, running view at path "/Views/Home/Detail.cshtml". (9707eebe)
2018-04-10T13:54:22.4351399+01:00 0HLCUS546QEKO:00000013 [INF] Executed action "Tinix.Controllers.HomeController.Detail (Tinix)" in 18.1305ms (afa2e885)
2018-04-10T13:54:22.4521399+01:00 0HLCUS546QEKO:00000013 [INF] Request finished in 101.8414ms 200 text/html; charset=utf-8 (791a596a)
