2018-05-09T23:58:14.3673119+01:00 0HLDM01C5IGDO:00000001 [INF] Request starting HTTP/1.1 GET http://localhost:5000/   (ca22a1cb)
2018-05-09T23:58:16.2554199+01:00 0HLDM01C5IGDO:00000001 [INF] Executing action method "Tinix.Controllers.HomeController.Index (Tinix)" with arguments ([""]) - ModelState is Valid (ba7f4ac2)
2018-05-09T23:58:23.0588091+01:00 0HLDM01C5IGDO:00000001 [INF] Executing ViewResult, running view at path "/Views/Home/Index.cshtml". (9707eebe)
2018-05-09T23:58:25.3699413+01:00 0HLDM01C5IGDO:00000001 [INF] Executed action "Tinix.Controllers.HomeController.Index (Tinix)" in 9102.4503ms (afa2e885)
2018-05-09T23:58:25.4039432+01:00 0HLDM01C5IGDT:00000001 [INF] Request starting HTTP/1.1 GET http://localhost:5000/css/bootstrap.min.css   (ca22a1cb)
2018-05-09T23:58:25.4049433+01:00 0HLDM01C5IGDO:00000001 [INF] Request finished in 11037.7971ms 200 text/html; charset=utf-8 (791a596a)
2018-05-09T23:58:25.4179440+01:00 0HLDM01C5IGDU:00000001 [INF] Request starting HTTP/1.1 GET http://localhost:5000/css/site.css   (ca22a1cb)
2018-05-09T23:58:25.4279446+01:00 0HLDM01C5IGDO:00000002 [INF] Request starting HTTP/1.1 GET http://localhost:5000/js/jquery.js   (ca22a1cb)
2018-05-09T23:58:25.4399453+01:00 0HLDM01C5IGDT:00000001 [INF] Sending file. Request path: '"/css/bootstrap.min.css"'. Physical path: '"C:\Users\ozan\desktop\projects\tinix\src\Tinix\wwwroot\css\bootstrap.min.css"' (27b0a520)
2018-05-09T23:58:25.4429454+01:00 0HLDM01C5IGDO:00000002 [INF] Sending file. Request path: '"/js/jquery.js"'. Physical path: '"C:\Users\ozan\desktop\projects\tinix\src\Tinix\wwwroot\js\jquery.js"' (27b0a520)
2018-05-09T23:58:25.4439455+01:00 0HLDM01C5IGDU:00000001 [INF] Sending file. Request path: '"/css/site.css"'. Physical path: '"C:\Users\ozan\desktop\projects\tinix\src\Tinix\wwwroot\css\site.css"' (27b0a520)
2018-05-09T23:58:25.4999487+01:00 0HLDM01C5IGDT:00000001 [INF] Request finished in 89.9595ms 200 text/css (791a596a)
2018-05-09T23:58:25.5059490+01:00 0HLDM01C5IGDU:00000001 [INF] Request finished in 103.8223ms 200 text/css (791a596a)
2018-05-09T23:58:25.5269502+01:00 0HLDM01C5IGDU:00000002 [INF] Request starting HTTP/1.1 GET http://localhost:5000/js/popper.min.js   (ca22a1cb)
2018-05-09T23:58:25.5289504+01:00 0HLDM01C5IGDT:00000002 [INF] Request starting HTTP/1.1 GET http://localhost:5000/js/bootstrap.min.js   (ca22a1cb)
2018-05-09T23:58:25.5339506+01:00 0HLDM01C5IGDU:00000002 [INF] Sending file. Request path: '"/js/popper.min.js"'. Physical path: '"C:\Users\ozan\desktop\projects\tinix\src\Tinix\wwwroot\js\popper.min.js"' (27b0a520)
2018-05-09T23:58:25.5369508+01:00 0HLDM01C5IGDT:00000002 [INF] Sending file. Request path: '"/js/bootstrap.min.js"'. Physical path: '"C:\Users\ozan\desktop\projects\tinix\src\Tinix\wwwroot\js\bootstrap.min.js"' (27b0a520)
2018-05-09T23:58:25.5499516+01:00 0HLDM01C5IGDO:00000002 [INF] Request finished in 138.9843ms 200 application/javascript (791a596a)
2018-05-09T23:58:25.5599521+01:00 0HLDM01C5IGDU:00000002 [INF] Request finished in 45.1024ms 200 application/javascript (791a596a)
2018-05-09T23:58:25.5739529+01:00 0HLDM01C5IGDT:00000002 [INF] Request finished in 55.0803ms 200 application/javascript (791a596a)
2018-05-09T23:58:25.8549690+01:00 0HLDM01C5IGDT:00000003 [INF] Request starting HTTP/1.1 GET http://localhost:5000/favicon.ico   (ca22a1cb)
2018-05-09T23:58:25.8669697+01:00 0HLDM01C5IGDT:00000003 [INF] Sending file. Request path: '"/favicon.ico"'. Physical path: '"C:\Users\ozan\desktop\projects\tinix\src\Tinix\wwwroot\favicon.ico"' (27b0a520)
2018-05-09T23:58:25.8849707+01:00 0HLDM01C5IGDT:00000003 [INF] Request finished in 26.8784ms 200 image/x-icon (791a596a)
2018-05-09T23:58:37.6126415+01:00 0HLDM01C5IGDT:00000004 [INF] Request starting HTTP/1.1 GET http://localhost:5000/Home/Detail/a857b8ae-9b3b-4b92-8dd4-2296c0d495b3?name=galieleo   (ca22a1cb)
2018-05-09T23:58:37.6666446+01:00 0HLDM01C5IGDT:00000004 [INF] Executing action method "Tinix.Controllers.HomeController.Detail (Tinix)" with arguments (["a857b8ae-9b3b-4b92-8dd4-2296c0d495b3", "galieleo"]) - ModelState is Valid (ba7f4ac2)
2018-05-09T23:58:37.8796568+01:00 0HLDM01C5IGDT:00000004 [INF] Executing ViewResult, running view at path "/Views/Home/Detail.cshtml". (9707eebe)
2018-05-09T23:58:38.1366715+01:00 0HLDM01C5IGDT:00000004 [INF] Executed action "Tinix.Controllers.HomeController.Detail (Tinix)" in 507.8254ms (afa2e885)
2018-05-09T23:58:38.1516723+01:00 0HLDM01C5IGDT:00000004 [INF] Request finished in 527.6467ms 200 text/html; charset=utf-8 (791a596a)
2018-05-09T23:58:38.2186762+01:00 0HLDM01C5IGDT:00000005 [INF] Request starting HTTP/1.1 GET http://localhost:5000/js/jquery.validate.min.js   (ca22a1cb)
2018-05-09T23:58:38.2276767+01:00 0HLDM01C5IGDT:00000005 [INF] Sending file. Request path: '"/js/jquery.validate.min.js"'. Physical path: '"C:\Users\ozan\desktop\projects\tinix\src\Tinix\wwwroot\js\jquery.validate.min.js"' (27b0a520)
2018-05-09T23:58:38.2406774+01:00 0HLDM01C5IGDU:00000003 [INF] Request starting HTTP/1.1 GET http://localhost:5000/js/jquery.validate.unobtrusive.js   (ca22a1cb)
2018-05-09T23:58:38.2596785+01:00 0HLDM01C5IGDU:00000003 [INF] Sending file. Request path: '"/js/jquery.validate.unobtrusive.js"'. Physical path: '"C:\Users\ozan\desktop\projects\tinix\src\Tinix\wwwroot\js\jquery.validate.unobtrusive.js"' (27b0a520)
2018-05-09T23:58:38.2716792+01:00 0HLDM01C5IGDT:00000005 [INF] Request finished in 47.955ms 200 application/javascript (791a596a)
2018-05-09T23:58:38.2886802+01:00 0HLDM01C5IGDU:00000003 [INF] Request finished in 51.1244ms 200 application/javascript (791a596a)
2018-05-09T23:58:44.4720338+01:00 0HLDM01C5IGDU:00000004 [INF] Request starting HTTP/1.1 GET http://localhost:5000/Home/Comment?blogPostID=a857b8ae-9b3b-4b92-8dd4-2296c0d495b3&comment=galey%20galey   (ca22a1cb)
2018-05-09T23:58:44.4850346+01:00 0HLDM01C5IGDU:00000004 [INF] Executing action method "Tinix.Controllers.HomeController.Comment (Tinix)" with arguments (["a857b8ae-9b3b-4b92-8dd4-2296c0d495b3", "galey galey"]) - ModelState is Valid (ba7f4ac2)
2018-05-09T23:58:44.6130419+01:00 0HLDM01C5IGDU:00000004 [INF] Executing RedirectResult, redirecting to "/Home/Detail/a857b8ae-9b3b-4b92-8dd4-2296c0d495b3?name=galieleo". (d98d540e)
2018-05-09T23:58:44.6160421+01:00 0HLDM01C5IGDU:00000004 [INF] Executed action "Tinix.Controllers.HomeController.Comment (Tinix)" in 132.9147ms (afa2e885)
2018-05-09T23:58:44.6210424+01:00 0HLDM01C5IGDU:00000004 [INF] Request finished in 152.7962ms 302  (791a596a)
2018-05-09T23:58:44.6280428+01:00 0HLDM01C5IGDU:00000005 [INF] Request starting HTTP/1.1 GET http://localhost:5000/Home/Detail/a857b8ae-9b3b-4b92-8dd4-2296c0d495b3?name=galieleo   (ca22a1cb)
2018-05-09T23:58:44.6310429+01:00 0HLDM01C5IGDU:00000005 [INF] Executing action method "Tinix.Controllers.HomeController.Detail (Tinix)" with arguments (["a857b8ae-9b3b-4b92-8dd4-2296c0d495b3", "galieleo"]) - ModelState is Valid (ba7f4ac2)
2018-05-09T23:58:44.6340431+01:00 0HLDM01C5IGDU:00000005 [INF] Executing ViewResult, running view at path "/Views/Home/Detail.cshtml". (9707eebe)
2018-05-09T23:58:44.6380433+01:00 0HLDM01C5IGDU:00000005 [INF] Executed action "Tinix.Controllers.HomeController.Detail (Tinix)" in 6.647ms (afa2e885)
2018-05-09T23:58:44.6420436+01:00 0HLDM01C5IGDU:00000005 [INF] Request finished in 13.1868ms 200 text/html; charset=utf-8 (791a596a)
2018-05-09T23:58:47.9682338+01:00 0HLDM01C5IGDU:00000006 [INF] Request starting HTTP/1.1 GET http://localhost:5000/   (ca22a1cb)
2018-05-09T23:58:47.9752342+01:00 0HLDM01C5IGDU:00000006 [INF] Executing action method "Tinix.Controllers.HomeController.Index (Tinix)" with arguments ([""]) - ModelState is Valid (ba7f4ac2)
2018-05-09T23:58:47.9802345+01:00 0HLDM01C5IGDU:00000006 [INF] Executing ViewResult, running view at path "/Views/Home/Index.cshtml". (9707eebe)
2018-05-09T23:58:47.9982355+01:00 0HLDM01C5IGDU:00000006 [INF] Executed action "Tinix.Controllers.HomeController.Index (Tinix)" in 10.9975ms (afa2e885)
2018-05-09T23:58:48.0252371+01:00 0HLDM01C5IGDU:00000006 [INF] Request finished in 46.3363ms 200 text/html; charset=utf-8 (791a596a)
2018-05-09T23:58:49.9123450+01:00 0HLDM01C5IGDU:00000007 [INF] Request starting HTTP/1.1 GET http://localhost:5000/Home/Detail/5244ae48-5a17-473a-ba65-468ff21b6309?name=wdesdasd   (ca22a1cb)
2018-05-09T23:58:49.9293460+01:00 0HLDM01C5IGDU:00000007 [INF] Executing action method "Tinix.Controllers.HomeController.Detail (Tinix)" with arguments (["5244ae48-5a17-473a-ba65-468ff21b6309", "wdesdasd"]) - ModelState is Valid (ba7f4ac2)
2018-05-09T23:58:49.9323462+01:00 0HLDM01C5IGDU:00000007 [INF] Executing ViewResult, running view at path "/Views/Home/Detail.cshtml". (9707eebe)
2018-05-09T23:58:49.9373464+01:00 0HLDM01C5IGDU:00000007 [INF] Executed action "Tinix.Controllers.HomeController.Detail (Tinix)" in 20.9381ms (afa2e885)
2018-05-09T23:58:49.9463470+01:00 0HLDM01C5IGDU:00000007 [INF] Request finished in 40.3633ms 200 text/html; charset=utf-8 (791a596a)
2018-05-09T23:58:56.7637369+01:00 0HLDM01C5IGDU:00000008 [INF] Request starting HTTP/1.1 GET http://localhost:5000/admin/login   (ca22a1cb)
2018-05-09T23:58:56.7917385+01:00 0HLDM01C5IGDU:00000008 [INF] Executing action method "Tinix.Controllers.AdminController.Login (Tinix)" with arguments (null) - ModelState is Valid (ba7f4ac2)
2018-05-09T23:58:58.3948302+01:00 0HLDM01C5IGDU:00000008 [INF] Executing ViewResult, running view at path "/Views/Admin/Login.cshtml". (9707eebe)
2018-05-09T23:58:59.1698745+01:00 0HLDM01C5IGDU:00000008 [INF] Executed action "Tinix.Controllers.AdminController.Login (Tinix)" in 2386.9685ms (afa2e885)
2018-05-09T23:58:59.1728747+01:00 0HLDM01C5IGDU:00000008 [INF] Request finished in 2422.611ms 200 text/html; charset=utf-8 (791a596a)
2018-05-09T23:58:59.2378784+01:00 0HLDM01C5IGDU:00000009 [INF] Request starting HTTP/1.1 GET http://localhost:5000/css/admin.css   (ca22a1cb)
2018-05-09T23:58:59.2488790+01:00 0HLDM01C5IGDU:00000009 [INF] Sending file. Request path: '"/css/admin.css"'. Physical path: '"C:\Users\ozan\desktop\projects\tinix\src\Tinix\wwwroot\css\admin.css"' (27b0a520)
2018-05-09T23:58:59.2568795+01:00 0HLDM01C5IGDU:00000009 [INF] Request finished in 19.6127ms 200 text/css (791a596a)
2018-05-09T23:59:08.5844130+01:00 0HLDM01C5IGDU:0000000A [INF] Request starting HTTP/1.1 POST http://localhost:5000/Admin/Login application/x-www-form-urlencoded 51 (ca22a1cb)
2018-05-09T23:59:08.6874189+01:00 0HLDM01C5IGDU:0000000A [INF] Executing action method "Tinix.Controllers.AdminController.Login (Tinix)" with arguments (["Tinix.Models.LoginViewModel"]) - ModelState is Valid (ba7f4ac2)
2018-05-09T23:59:08.7714237+01:00 0HLDM01C5IGDU:0000000A [INF] AuthenticationScheme: "Cookies" signed in. (c66dd7e7)
2018-05-09T23:59:08.7744239+01:00 0HLDM01C5IGDU:0000000A [INF] Executing RedirectResult, redirecting to "/Admin/NewPost". (d98d540e)
2018-05-09T23:59:08.7774240+01:00 0HLDM01C5IGDU:0000000A [INF] Executed action "Tinix.Controllers.AdminController.Login (Tinix)" in 170.4143ms (afa2e885)
2018-05-09T23:59:08.7884247+01:00 0HLDM01C5IGDU:0000000A [INF] Request finished in 211.2292ms 302  (791a596a)
2018-05-09T23:59:08.8094259+01:00 0HLDM01C5IGDU:0000000B [INF] Request starting HTTP/1.1 GET http://localhost:5000/Admin/NewPost   (ca22a1cb)
2018-05-09T23:59:08.8174263+01:00 0HLDM01C5IGDU:0000000B [INF] AuthenticationScheme: "Cookies" was successfully authenticated. (1805f3b3)
2018-05-09T23:59:08.8444279+01:00 0HLDM01C5IGDU:0000000B [INF] Authorization was successful for user: "ozimax". (d7eb274a)
2018-05-09T23:59:08.8484281+01:00 0HLDM01C5IGDU:0000000B [INF] Executing action method "Tinix.Controllers.AdminController.NewPost (Tinix)" with arguments (null) - ModelState is Valid (ba7f4ac2)
2018-05-09T23:59:09.1254439+01:00 0HLDM01C5IGDU:0000000B [INF] Executing ViewResult, running view at path "/Views/Admin/NewPost.cshtml". (9707eebe)
2018-05-09T23:59:09.1994482+01:00 0HLDM01C5IGDU:0000000B [INF] Executed action "Tinix.Controllers.AdminController.NewPost (Tinix)" in 362.9208ms (afa2e885)
2018-05-09T23:59:09.2094487+01:00 0HLDM01C5IGDU:0000000B [INF] Request finished in 395.3883ms 200 text/html; charset=utf-8 (791a596a)
2018-05-09T23:59:09.2644519+01:00 0HLDM01C5IGDU:0000000C [INF] Request starting HTTP/1.1 GET http://localhost:5000/js/admin.js   (ca22a1cb)
2018-05-09T23:59:09.2984538+01:00 0HLDM01C5IGDU:0000000C [INF] AuthenticationScheme: "Cookies" was successfully authenticated. (1805f3b3)
2018-05-09T23:59:09.3184550+01:00 0HLDM01C5IGDT:00000006 [INF] Request starting HTTP/1.1 GET http://localhost:5000/js/tinymce.min.js   (ca22a1cb)
2018-05-09T23:59:09.3254554+01:00 0HLDM01C5IGDU:0000000C [INF] Sending file. Request path: '"/js/admin.js"'. Physical path: '"C:\Users\ozan\desktop\projects\tinix\src\Tinix\wwwroot\js\admin.js"' (27b0a520)
2018-05-09T23:59:09.3294556+01:00 0HLDM01C5IGDT:00000006 [INF] AuthenticationScheme: "Cookies" was successfully authenticated. (1805f3b3)
2018-05-09T23:59:09.3374561+01:00 0HLDM01C5IGDT:00000006 [INF] Sending file. Request path: '"/js/tinymce.min.js"'. Physical path: '"C:\Users\ozan\desktop\projects\tinix\src\Tinix\wwwroot\js\tinymce.min.js"' (27b0a520)
2018-05-09T23:59:09.3574572+01:00 0HLDM01C5IGDU:0000000C [INF] Request finished in 108.0996ms 200 application/javascript (791a596a)
2018-05-09T23:59:09.4504625+01:00 0HLDM01C5IGDT:00000006 [INF] Request finished in 192.0586ms 200 application/javascript (791a596a)
2018-05-09T23:59:09.7904820+01:00 0HLDM01C5IGDT:00000007 [INF] Request starting HTTP/1.1 GET http://localhost:5000/js/plugins/help/plugin.min.js   (ca22a1cb)
2018-05-09T23:59:09.8134833+01:00 0HLDM01C5IGDT:00000007 [INF] AuthenticationScheme: "Cookies" was successfully authenticated. (1805f3b3)
2018-05-09T23:59:09.8194836+01:00 0HLDM01C5IGDT:00000007 [INF] Request finished in 32.5463ms 404  (791a596a)
2018-05-09T23:59:09.8654863+01:00 0HLDM01C5IGDT:00000008 [INF] Request starting HTTP/1.1 GET http://localhost:5000/js/skins/lightgray/skin.min.css   (ca22a1cb)
2018-05-09T23:59:09.8674864+01:00 0HLDM01C5IGDT:00000008 [INF] AuthenticationScheme: "Cookies" was successfully authenticated. (1805f3b3)
2018-05-09T23:59:09.8714866+01:00 0HLDM01C5IGDT:00000008 [INF] Sending file. Request path: '"/js/skins/lightgray/skin.min.css"'. Physical path: '"C:\Users\ozan\desktop\projects\tinix\src\Tinix\wwwroot\js\skins\lightgray\skin.min.css"' (27b0a520)
2018-05-09T23:59:09.8924878+01:00 0HLDM01C5IGDT:00000008 [INF] Request finished in 26.6489ms 200 text/css (791a596a)
2018-05-09T23:59:09.9884933+01:00 0HLDM01C5IGDT:00000009 [INF] Request starting HTTP/1.1 GET http://localhost:5000/js/skins/lightgray/content.min.css   (ca22a1cb)
2018-05-09T23:59:09.9954937+01:00 0HLDM01C5IGDT:00000009 [INF] AuthenticationScheme: "Cookies" was successfully authenticated. (1805f3b3)
2018-05-09T23:59:10.0094945+01:00 0HLDM01C5IGDT:00000009 [INF] Sending file. Request path: '"/js/skins/lightgray/content.min.css"'. Physical path: '"C:\Users\ozan\desktop\projects\tinix\src\Tinix\wwwroot\js\skins\lightgray\content.min.css"' (27b0a520)
2018-05-09T23:59:10.0124947+01:00 0HLDM01C5IGDU:0000000D [INF] Request starting HTTP/1.1 GET http://localhost:5000/js/skins/lightgray/fonts/tinymce.woff   (ca22a1cb)
2018-05-09T23:59:10.0494968+01:00 0HLDM01C5IGDU:0000000D [INF] AuthenticationScheme: "Cookies" was successfully authenticated. (1805f3b3)
2018-05-09T23:59:10.0674978+01:00 0HLDM01C5IGDT:00000009 [INF] Request finished in 70.5893ms 200 text/css (791a596a)
2018-05-09T23:59:10.0744982+01:00 0HLDM01C5IGDU:0000000D [INF] Sending file. Request path: '"/js/skins/lightgray/fonts/tinymce.woff"'. Physical path: '"C:\Users\ozan\desktop\projects\tinix\src\Tinix\wwwroot\js\skins\lightgray\fonts\tinymce.woff"' (27b0a520)
2018-05-09T23:59:10.1285013+01:00 0HLDM01C5IGDU:0000000D [INF] Request finished in 122.7461ms 200 application/font-woff (791a596a)
2018-05-09T23:59:12.8096547+01:00 0HLDM01C5IGDU:0000000E [INF] Request starting HTTP/1.1 GET http://localhost:5000/Admin/Posts   (ca22a1cb)
2018-05-09T23:59:12.8386563+01:00 0HLDM01C5IGDU:0000000E [INF] AuthenticationScheme: "Cookies" was successfully authenticated. (1805f3b3)
2018-05-09T23:59:12.8516571+01:00 0HLDM01C5IGDU:0000000E [INF] Authorization was successful for user: "ozimax". (d7eb274a)
2018-05-09T23:59:12.8556573+01:00 0HLDM01C5IGDU:0000000E [INF] Executing action method "Tinix.Controllers.AdminController.Posts (Tinix)" with arguments (null) - ModelState is Valid (ba7f4ac2)
2018-05-09T23:59:13.1746755+01:00 0HLDM01C5IGDU:0000000E [INF] Executing ViewResult, running view at path "/Views/Admin/Posts.cshtml". (9707eebe)
2018-05-09T23:59:13.1986769+01:00 0HLDM01C5IGDU:0000000E [INF] Executed action "Tinix.Controllers.AdminController.Posts (Tinix)" in 348.0826ms (afa2e885)
2018-05-09T23:59:13.2126777+01:00 0HLDM01C5IGDU:0000000E [INF] Request finished in 403.843ms 200 text/html; charset=utf-8 (791a596a)
2018-05-09T23:59:18.6579892+01:00 0HLDM01C5IGDU:0000000F [INF] Request starting HTTP/1.1 GET http://localhost:5000/Admin/EditPost?postId=a857b8ae-9b3b-4b92-8dd4-2296c0d495b3   (ca22a1cb)
2018-05-09T23:59:18.6659896+01:00 0HLDM01C5IGDU:0000000F [INF] AuthenticationScheme: "Cookies" was successfully authenticated. (1805f3b3)
2018-05-09T23:59:18.6779903+01:00 0HLDM01C5IGDU:0000000F [INF] Authorization was successful for user: "ozimax". (d7eb274a)
2018-05-09T23:59:18.6819905+01:00 0HLDM01C5IGDU:0000000F [INF] Executing action method "Tinix.Controllers.AdminController.EditPost (Tinix)" with arguments (["a857b8ae-9b3b-4b92-8dd4-2296c0d495b3"]) - ModelState is Valid (ba7f4ac2)
2018-05-09T23:59:18.9970086+01:00 0HLDM01C5IGDU:0000000F [INF] Executing ViewResult, running view at path "/Views/Admin/EditPost.cshtml". (9707eebe)
2018-05-09T23:59:19.0290104+01:00 0HLDM01C5IGDU:0000000F [INF] Executed action "Tinix.Controllers.AdminController.EditPost (Tinix)" in 348.6494ms (afa2e885)
2018-05-09T23:59:19.0360108+01:00 0HLDM01C5IGDU:0000000F [INF] Request finished in 377.8584ms 200 text/html; charset=utf-8 (791a596a)
2018-05-09T23:59:19.1530175+01:00 0HLDM01C5IGDU:00000010 [INF] Request starting HTTP/1.1 GET http://localhost:5000/js/plugins/help/plugin.min.js   (ca22a1cb)
2018-05-09T23:59:19.1560177+01:00 0HLDM01C5IGDU:00000010 [INF] AuthenticationScheme: "Cookies" was successfully authenticated. (1805f3b3)
2018-05-09T23:59:19.1600179+01:00 0HLDM01C5IGDU:00000010 [INF] Request finished in 6.7431ms 404  (791a596a)
2018-05-09T23:59:36.2889976+01:00 0HLDM01C5IGDU:00000011 [INF] Request starting HTTP/1.1 POST http://localhost:5000/Admin/DeleteComment application/x-www-form-urlencoded 55 (ca22a1cb)
2018-05-09T23:59:36.2929978+01:00 0HLDM01C5IGDU:00000011 [INF] AuthenticationScheme: "Cookies" was successfully authenticated. (1805f3b3)
2018-05-09T23:59:36.3019983+01:00 0HLDM01C5IGDU:00000011 [INF] Authorization was successful for user: "ozimax". (d7eb274a)
2018-05-09T23:59:36.3059986+01:00 0HLDM01C5IGDU:00000011 [INF] Executing action method "Tinix.Controllers.AdminController.DeleteComment (Tinix)" with arguments (["6", "a857b8ae-9b3b-4b92-8dd4-2296c0d495b3"]) - ModelState is Valid (ba7f4ac2)
