2018-06-08T17:55:59.7794001+01:00 0HLEDC1FPT37M:0000000B [ERR] An unhandled exception has occurred: One or more compilation failures occurred:
C:\Users\ondero\Desktop\dev\Tinix\src\Tinix\Views\Admin\NewPost.cshtml(55,31): error CS7036: There is no argument given that corresponds to the required formal parameter 'htmlAttributes' of 'IHtmlHelper.CheckBox(string, bool?, object)' (838ec420)
Microsoft.AspNetCore.Mvc.Razor.Compilation.CompilationFailedException: One or more compilation failures occurred:
C:\Users\ondero\Desktop\dev\Tinix\src\Tinix\Views\Admin\NewPost.cshtml(55,31): error CS7036: There is no argument given that corresponds to the required formal parameter 'htmlAttributes' of 'IHtmlHelper.CheckBox(string, bool?, object)'
   at Microsoft.AspNetCore.Mvc.Razor.Internal.RazorViewCompiler.CompileAndEmit(RazorCodeDocument codeDocument, String generatedCode)
   at Microsoft.AspNetCore.Mvc.Razor.Internal.RazorViewCompiler.CompileAndEmit(String relativePath)
   at Microsoft.AspNetCore.Mvc.Razor.Internal.RazorViewCompiler.CreateCacheEntry(String normalizedPath)
--- End of stack trace from previous location where exception was thrown ---
   at System.Runtime.ExceptionServices.ExceptionDispatchInfo.Throw()
   at System.Runtime.CompilerServices.TaskAwaiter.HandleNonSuccessAndDebuggerNotification(Task task)
   at System.Runtime.CompilerServices.TaskAwaiter`1.GetResult()
   at Microsoft.AspNetCore.Mvc.Razor.Internal.DefaultRazorPageFactoryProvider.CreateFactory(String relativePath)
   at Microsoft.AspNetCore.Mvc.Razor.RazorViewEngine.CreateCacheResult(HashSet`1 expirationTokens, String relativePath, Boolean isMainPage)
   at Microsoft.AspNetCore.Mvc.Razor.RazorViewEngine.OnCacheMiss(ViewLocationExpanderContext expanderContext, ViewLocationCacheKey cacheKey)
   at Microsoft.AspNetCore.Mvc.Razor.RazorViewEngine.LocatePageFromViewLocations(ActionContext actionContext, String pageName, Boolean isMainPage)
   at Microsoft.AspNetCore.Mvc.Razor.RazorViewEngine.FindView(ActionContext context, String viewName, Boolean isMainPage)
   at Microsoft.AspNetCore.Mvc.ViewEngines.CompositeViewEngine.FindView(ActionContext context, String viewName, Boolean isMainPage)
   at Microsoft.AspNetCore.Mvc.ViewFeatures.Internal.ViewResultExecutor.FindView(ActionContext actionContext, ViewResult viewResult)
   at Microsoft.AspNetCore.Mvc.ViewResult.<ExecuteResultAsync>d__26.MoveNext()
--- End of stack trace from previous location where exception was thrown ---
   at System.Runtime.ExceptionServices.ExceptionDispatchInfo.Throw()
   at System.Runtime.CompilerServices.TaskAwaiter.HandleNonSuccessAndDebuggerNotification(Task task)
   at Microsoft.AspNetCore.Mvc.Internal.ResourceInvoker.<InvokeResultAsync>d__19.MoveNext()
--- End of stack trace from previous location where exception was thrown ---
   at System.Runtime.ExceptionServices.ExceptionDispatchInfo.Throw()
   at System.Runtime.CompilerServices.TaskAwaiter.HandleNonSuccessAndDebuggerNotification(Task task)
   at Microsoft.AspNetCore.Mvc.Internal.ResourceInvoker.<InvokeNextResultFilterAsync>d__24.MoveNext()
--- End of stack trace from previous location where exception was thrown ---
   at System.Runtime.ExceptionServices.ExceptionDispatchInfo.Throw()
   at Microsoft.AspNetCore.Mvc.Internal.ResourceInvoker.Rethrow(ResultExecutedContext context)
   at Microsoft.AspNetCore.Mvc.Internal.ResourceInvoker.Next(State& next, Scope& scope, Object& state, Boolean& isCompleted)
   at Microsoft.AspNetCore.Mvc.Internal.ResourceInvoker.<InvokeNextResourceFilter>d__22.MoveNext()
--- End of stack trace from previous location where exception was thrown ---
   at System.Runtime.ExceptionServices.ExceptionDispatchInfo.Throw()
   at Microsoft.AspNetCore.Mvc.Internal.ResourceInvoker.Rethrow(ResourceExecutedContext context)
   at Microsoft.AspNetCore.Mvc.Internal.ResourceInvoker.Next(State& next, Scope& scope, Object& state, Boolean& isCompleted)
   at Microsoft.AspNetCore.Mvc.Internal.ResourceInvoker.<InvokeFilterPipelineAsync>d__17.MoveNext()
--- End of stack trace from previous location where exception was thrown ---
   at System.Runtime.ExceptionServices.ExceptionDispatchInfo.Throw()
   at System.Runtime.CompilerServices.TaskAwaiter.HandleNonSuccessAndDebuggerNotification(Task task)
   at Microsoft.AspNetCore.Mvc.Internal.ResourceInvoker.<InvokeAsync>d__15.MoveNext()
--- End of stack trace from previous location where exception was thrown ---
   at System.Runtime.ExceptionServices.ExceptionDispatchInfo.Throw()
   at System.Runtime.CompilerServices.TaskAwaiter.HandleNonSuccessAndDebuggerNotification(Task task)
   at Microsoft.AspNetCore.Builder.RouterMiddleware.<Invoke>d__4.MoveNext()
--- End of stack trace from previous location where exception was thrown ---
   at System.Runtime.ExceptionServices.ExceptionDispatchInfo.Throw()
   at System.Runtime.CompilerServices.TaskAwaiter.HandleNonSuccessAndDebuggerNotification(Task task)
   at Microsoft.AspNetCore.Diagnostics.ExceptionHandlerMiddleware.<Invoke>d__6.MoveNext()
2018-06-08T17:57:26.6254001+01:00 0HLEDC1FPT37M:0000000C [ERR] An unhandled exception has occurred: One or more compilation failures occurred:
C:\Users\ondero\Desktop\dev\Tinix\src\Tinix\Views\Admin\NewPost.cshtml(55,31): error CS7036: There is no argument given that corresponds to the required formal parameter 'htmlAttributes' of 'IHtmlHelper.CheckBox(string, bool?, object)' (838ec420)
Microsoft.AspNetCore.Mvc.Razor.Compilation.CompilationFailedException: One or more compilation failures occurred:
C:\Users\ondero\Desktop\dev\Tinix\src\Tinix\Views\Admin\NewPost.cshtml(55,31): error CS7036: There is no argument given that corresponds to the required formal parameter 'htmlAttributes' of 'IHtmlHelper.CheckBox(string, bool?, object)'
   at Microsoft.AspNetCore.Mvc.Razor.Internal.RazorViewCompiler.CompileAndEmit(RazorCodeDocument codeDocument, String generatedCode)
   at Microsoft.AspNetCore.Mvc.Razor.Internal.RazorViewCompiler.CompileAndEmit(String relativePath)
   at Microsoft.AspNetCore.Mvc.Razor.Internal.RazorViewCompiler.CreateCacheEntry(String normalizedPath)
--- End of stack trace from previous location where exception was thrown ---
   at System.Runtime.ExceptionServices.ExceptionDispatchInfo.Throw()
   at System.Runtime.CompilerServices.TaskAwaiter.HandleNonSuccessAndDebuggerNotification(Task task)
   at System.Runtime.CompilerServices.TaskAwaiter`1.GetResult()
   at Microsoft.AspNetCore.Mvc.Razor.Internal.DefaultRazorPageFactoryProvider.CreateFactory(String relativePath)
   at Microsoft.AspNetCore.Mvc.Razor.RazorViewEngine.CreateCacheResult(HashSet`1 expirationTokens, String relativePath, Boolean isMainPage)
   at Microsoft.AspNetCore.Mvc.Razor.RazorViewEngine.OnCacheMiss(ViewLocationExpanderContext expanderContext, ViewLocationCacheKey cacheKey)
   at Microsoft.AspNetCore.Mvc.Razor.RazorViewEngine.LocatePageFromViewLocations(ActionContext actionContext, String pageName, Boolean isMainPage)
   at Microsoft.AspNetCore.Mvc.Razor.RazorViewEngine.FindView(ActionContext context, String viewName, Boolean isMainPage)
   at Microsoft.AspNetCore.Mvc.ViewEngines.CompositeViewEngine.FindView(ActionContext context, String viewName, Boolean isMainPage)
   at Microsoft.AspNetCore.Mvc.ViewFeatures.Internal.ViewResultExecutor.FindView(ActionContext actionContext, ViewResult viewResult)
   at Microsoft.AspNetCore.Mvc.ViewResult.<ExecuteResultAsync>d__26.MoveNext()
--- End of stack trace from previous location where exception was thrown ---
   at System.Runtime.ExceptionServices.ExceptionDispatchInfo.Throw()
   at System.Runtime.CompilerServices.TaskAwaiter.HandleNonSuccessAndDebuggerNotification(Task task)
   at Microsoft.AspNetCore.Mvc.Internal.ResourceInvoker.<InvokeResultAsync>d__19.MoveNext()
--- End of stack trace from previous location where exception was thrown ---
   at System.Runtime.ExceptionServices.ExceptionDispatchInfo.Throw()
   at System.Runtime.CompilerServices.TaskAwaiter.HandleNonSuccessAndDebuggerNotification(Task task)
   at Microsoft.AspNetCore.Mvc.Internal.ResourceInvoker.<InvokeNextResultFilterAsync>d__24.MoveNext()
--- End of stack trace from previous location where exception was thrown ---
   at System.Runtime.ExceptionServices.ExceptionDispatchInfo.Throw()
   at Microsoft.AspNetCore.Mvc.Internal.ResourceInvoker.Rethrow(ResultExecutedContext context)
   at Microsoft.AspNetCore.Mvc.Internal.ResourceInvoker.Next(State& next, Scope& scope, Object& state, Boolean& isCompleted)
   at Microsoft.AspNetCore.Mvc.Internal.ResourceInvoker.<InvokeNextResourceFilter>d__22.MoveNext()
--- End of stack trace from previous location where exception was thrown ---
   at System.Runtime.ExceptionServices.ExceptionDispatchInfo.Throw()
   at Microsoft.AspNetCore.Mvc.Internal.ResourceInvoker.Rethrow(ResourceExecutedContext context)
   at Microsoft.AspNetCore.Mvc.Internal.ResourceInvoker.Next(State& next, Scope& scope, Object& state, Boolean& isCompleted)
   at Microsoft.AspNetCore.Mvc.Internal.ResourceInvoker.<InvokeFilterPipelineAsync>d__17.MoveNext()
--- End of stack trace from previous location where exception was thrown ---
   at System.Runtime.ExceptionServices.ExceptionDispatchInfo.Throw()
   at System.Runtime.CompilerServices.TaskAwaiter.HandleNonSuccessAndDebuggerNotification(Task task)
   at Microsoft.AspNetCore.Mvc.Internal.ResourceInvoker.<InvokeAsync>d__15.MoveNext()
--- End of stack trace from previous location where exception was thrown ---
   at System.Runtime.ExceptionServices.ExceptionDispatchInfo.Throw()
   at System.Runtime.CompilerServices.TaskAwaiter.HandleNonSuccessAndDebuggerNotification(Task task)
   at Microsoft.AspNetCore.Builder.RouterMiddleware.<Invoke>d__4.MoveNext()
--- End of stack trace from previous location where exception was thrown ---
   at System.Runtime.ExceptionServices.ExceptionDispatchInfo.Throw()
   at System.Runtime.CompilerServices.TaskAwaiter.HandleNonSuccessAndDebuggerNotification(Task task)
   at Microsoft.AspNetCore.Diagnostics.ExceptionHandlerMiddleware.<Invoke>d__6.MoveNext()
2018-06-08T18:05:02.0564001+01:00 0HLEDC7RP62P3:00000001 [INF] Request starting HTTP/1.1 GET http://localhost:5000/   (ca22a1cb)
2018-06-08T18:05:02.3284001+01:00 0HLEDC7RP62P3:00000001 [INF] Executing action method "Tinix.Controllers.HomeController.Index (Tinix)" with arguments ([""]) - ModelState is Valid (ba7f4ac2)
2018-06-08T18:05:04.8514001+01:00 0HLEDC7RP62P3:00000001 [INF] Executing ViewResult, running view at path "/Views/Home/Index.cshtml". (9707eebe)
2018-06-08T18:05:06.2274001+01:00 0HLEDC7RP62P3:00000001 [INF] Executed action "Tinix.Controllers.HomeController.Index (Tinix)" in 3895.779ms (afa2e885)
2018-06-08T18:05:06.2384001+01:00 0HLEDC7RP62P3:00000001 [INF] Request finished in 4205.5971ms 200 text/html; charset=utf-8 (791a596a)
2018-06-08T18:05:06.2824001+01:00 0HLEDC7RP62P3:00000002 [INF] Request starting HTTP/1.1 GET http://localhost:5000/css/bootstrap.min.css   (ca22a1cb)
2018-06-08T18:05:06.3554001+01:00 0HLEDC7RP62P6:00000001 [INF] Request starting HTTP/1.1 GET http://localhost:5000/js/jquery.js   (ca22a1cb)
2018-06-08T18:05:06.3884001+01:00 0HLEDC7RP62P5:00000001 [INF] Request starting HTTP/1.1 GET http://localhost:5000/js/bootstrap.min.js   (ca22a1cb)
2018-06-08T18:05:06.4314001+01:00 0HLEDC7RP62P4:00000001 [INF] Request starting HTTP/1.1 GET http://localhost:5000/css/site.css   (ca22a1cb)
2018-06-08T18:05:06.5134001+01:00 0HLEDC7RP62P3:00000002 [INF] The file "/css/bootstrap.min.css" was not modified (f1f8d725)
2018-06-08T18:05:06.5184001+01:00 0HLEDC7RP62P6:00000001 [INF] The file "/js/jquery.js" was not modified (f1f8d725)
2018-06-08T18:05:06.5384001+01:00 0HLEDC7RP62P5:00000001 [INF] The file "/js/bootstrap.min.js" was not modified (f1f8d725)
2018-06-08T18:05:06.5814001+01:00 0HLEDC7RP62P7:00000001 [INF] Request starting HTTP/1.1 GET http://localhost:5000/js/popper.min.js   (ca22a1cb)
2018-06-08T18:05:06.6734001+01:00 0HLEDC7RP62P3:00000002 [INF] Request finished in 260.2334ms 304 text/css (791a596a)
2018-06-08T18:05:06.6984001+01:00 0HLEDC7RP62P4:00000001 [INF] The file "/css/site.css" was not modified (f1f8d725)
2018-06-08T18:05:06.8374001+01:00 0HLEDC7RP62P6:00000001 [INF] Request finished in 238.3309ms 304 application/javascript (791a596a)
2018-06-08T18:05:06.8854001+01:00 0HLEDC7RP62P7:00000001 [INF] The file "/js/popper.min.js" was not modified (f1f8d725)
2018-06-08T18:05:06.9434001+01:00 0HLEDC7RP62P4:00000001 [INF] Request finished in 379.8221ms 304 text/css (791a596a)
2018-06-08T18:05:07.0014001+01:00 0HLEDC7RP62P5:00000001 [INF] Request finished in 252.8154ms 304 application/javascript (791a596a)
2018-06-08T18:05:07.0044001+01:00 0HLEDC7RP62P7:00000001 [INF] Request finished in 453.6438ms 304 application/javascript (791a596a)
2018-06-08T18:05:07.0284001+01:00 0HLEDC7RP62P6:00000002 [INF] Request starting HTTP/1.1 GET http://localhost:5000/favicon.ico   (ca22a1cb)
2018-06-08T18:05:07.0344001+01:00 0HLEDC7RP62P6:00000002 [INF] Sending file. Request path: '"/favicon.ico"'. Physical path: '"C:\Users\ondero\desktop\dev\tinix\src\Tinix\wwwroot\favicon.ico"' (27b0a520)
2018-06-08T18:05:07.0644001+01:00 0HLEDC7RP62P6:00000002 [INF] Request finished in 99.0425ms 0 image/x-icon (791a596a)
2018-06-08T18:05:15.1654001+01:00 0HLEDC7RP62P3:00000003 [INF] Request starting HTTP/1.1 GET http://localhost:5000/Admin/NewPost   (ca22a1cb)
2018-06-08T18:05:15.1894001+01:00 0HLEDC7RP62P3:00000003 [INF] Authorization failed for user: null. (a4ab1676)
2018-06-08T18:05:15.2154001+01:00 0HLEDC7RP62P3:00000003 [INF] Authorization failed for the request at filter '"Microsoft.AspNetCore.Mvc.Authorization.AuthorizeFilter"'. (8b6446cb)
2018-06-08T18:05:15.2244001+01:00 0HLEDC7RP62P3:00000003 [INF] Executing ChallengeResult with authentication schemes ([]). (f3dca807)
2018-06-08T18:05:15.2324001+01:00 0HLEDC7RP62P3:00000003 [INF] AuthenticationScheme: "Cookies" was challenged. (d45f1f38)
2018-06-08T18:05:15.2554001+01:00 0HLEDC7RP62P3:00000003 [INF] Executed action "Tinix.Controllers.AdminController.NewPost (Tinix)" in 56.3719ms (afa2e885)
2018-06-08T18:05:15.2614001+01:00 0HLEDC7RP62P3:00000003 [INF] Request finished in 97.0533ms 302  (791a596a)
2018-06-08T18:05:15.2744001+01:00 0HLEDC7RP62P3:00000004 [INF] Request starting HTTP/1.1 GET http://localhost:5000/Admin/LogIn?ReturnUrl=%2FAdmin%2FNewPost   (ca22a1cb)
2018-06-08T18:05:15.2824001+01:00 0HLEDC7RP62P3:00000004 [INF] Executing action method "Tinix.Controllers.AdminController.Login (Tinix)" with arguments (null) - ModelState is Valid (ba7f4ac2)
2018-06-08T18:05:15.6384001+01:00 0HLEDC7RP62P3:00000004 [INF] Executing ViewResult, running view at path "/Views/Admin/Login.cshtml". (9707eebe)
2018-06-08T18:05:16.0324001+01:00 0HLEDC7RP62P3:00000004 [INF] Executed action "Tinix.Controllers.AdminController.Login (Tinix)" in 751.3197ms (afa2e885)
2018-06-08T18:05:16.0394001+01:00 0HLEDC7RP62P3:00000004 [INF] Request finished in 763.5816ms 200 text/html; charset=utf-8 (791a596a)
2018-06-08T18:05:16.1084001+01:00 0HLEDC7RP62P5:00000002 [INF] Request starting HTTP/1.1 GET http://localhost:5000/css/admin.css   (ca22a1cb)
2018-06-08T18:05:16.1354001+01:00 0HLEDC7RP62P4:00000002 [INF] Request starting HTTP/1.1 GET http://localhost:5000/js/jquery.validate.min.js   (ca22a1cb)
2018-06-08T18:05:16.1364001+01:00 0HLEDC7RP62P5:00000002 [INF] Sending file. Request path: '"/css/admin.css"'. Physical path: '"C:\Users\ondero\desktop\dev\tinix\src\Tinix\wwwroot\css\admin.css"' (27b0a520)
2018-06-08T18:05:16.1414001+01:00 0HLEDC7RP62P4:00000002 [INF] The file "/js/jquery.validate.min.js" was not modified (f1f8d725)
2018-06-08T18:05:16.1474001+01:00 0HLEDC7RP62P4:00000002 [INF] Request finished in 52.384ms 304 application/javascript (791a596a)
2018-06-08T18:05:16.1604001+01:00 0HLEDC7RP62P7:00000002 [INF] Request starting HTTP/1.1 GET http://localhost:5000/js/jquery.validate.unobtrusive.js   (ca22a1cb)
2018-06-08T18:05:16.1664001+01:00 0HLEDC7RP62P7:00000002 [INF] The file "/js/jquery.validate.unobtrusive.js" was not modified (f1f8d725)
2018-06-08T18:05:16.1714001+01:00 0HLEDC7RP62P7:00000002 [INF] Request finished in 75.5999ms 304 application/javascript (791a596a)
2018-06-08T18:05:16.1804001+01:00 0HLEDC7RP62P5:00000002 [INF] Request finished in 90.5276ms 200 text/css (791a596a)
2018-06-08T18:05:18.0294001+01:00 0HLEDC7RP62P3:00000005 [INF] Request starting HTTP/1.1 POST http://localhost:5000/Admin/Login application/x-www-form-urlencoded 34 (ca22a1cb)
2018-06-08T18:05:18.0754001+01:00 0HLEDC7RP62P3:00000005 [INF] Executing action method "Tinix.Controllers.AdminController.Login (Tinix)" with arguments (["Tinix.Models.LoginViewModel"]) - ModelState is Valid (ba7f4ac2)
2018-06-08T18:05:18.1284001+01:00 0HLEDC7RP62P3:00000005 [INF] AuthenticationScheme: "Cookies" signed in. (c66dd7e7)
2018-06-08T18:05:18.1344001+01:00 0HLEDC7RP62P3:00000005 [INF] Executing RedirectResult, redirecting to "/Admin/NewPost". (d98d540e)
2018-06-08T18:05:18.1584001+01:00 0HLEDC7RP62P3:00000005 [INF] Executed action "Tinix.Controllers.AdminController.Login (Tinix)" in 95.4212ms (afa2e885)
2018-06-08T18:05:18.1644001+01:00 0HLEDC7RP62P3:00000005 [INF] Request finished in 136.4032ms 302  (791a596a)
2018-06-08T18:05:18.1874001+01:00 0HLEDC7RP62P3:00000006 [INF] Request starting HTTP/1.1 GET http://localhost:5000/Admin/NewPost   (ca22a1cb)
2018-06-08T18:05:18.1934001+01:00 0HLEDC7RP62P3:00000006 [INF] AuthenticationScheme: "Cookies" was successfully authenticated. (1805f3b3)
2018-06-08T18:05:18.1984001+01:00 0HLEDC7RP62P3:00000006 [INF] Authorization was successful for user: "ozimax". (d7eb274a)
2018-06-08T18:05:18.2214001+01:00 0HLEDC7RP62P3:00000006 [INF] Executing action method "Tinix.Controllers.AdminController.NewPost (Tinix)" with arguments (null) - ModelState is Valid (ba7f4ac2)
2018-06-08T18:05:18.4154001+01:00 0HLEDC7RP62P3:00000006 [INF] Executing ViewResult, running view at path "/Views/Admin/NewPost.cshtml". (9707eebe)
2018-06-08T18:05:18.4474001+01:00 0HLEDC7RP62P3:00000006 [INF] Executed action "Tinix.Controllers.AdminController.NewPost (Tinix)" in 248.8895ms (afa2e885)
2018-06-08T18:05:18.4714001+01:00 0HLEDC7RP62P3:00000006 [INF] Request finished in 282.4938ms 200 text/html; charset=utf-8 (791a596a)
2018-06-08T18:05:18.4934001+01:00 0HLEDC7RP62P5:00000003 [INF] Request starting HTTP/1.1 GET http://localhost:5000/css/admin.css   (ca22a1cb)
2018-06-08T18:05:18.5204001+01:00 0HLEDC7RP62P5:00000003 [INF] AuthenticationScheme: "Cookies" was successfully authenticated. (1805f3b3)
2018-06-08T18:05:18.5664001+01:00 0HLEDC7RP62P5:00000003 [INF] The file "/css/admin.css" was not modified (f1f8d725)
2018-06-08T18:05:18.5794001+01:00 0HLEDC7RP62P4:00000003 [INF] Request starting HTTP/1.1 GET http://localhost:5000/js/admin.js   (ca22a1cb)
2018-06-08T18:05:18.5914001+01:00 0HLEDC7RP62P7:00000003 [INF] Request starting HTTP/1.1 GET http://localhost:5000/js/tinymce.min.js   (ca22a1cb)
2018-06-08T18:05:18.5994001+01:00 0HLEDC7RP62P7:00000003 [INF] AuthenticationScheme: "Cookies" was successfully authenticated. (1805f3b3)
2018-06-08T18:05:18.6344001+01:00 0HLEDC7RP62P7:00000003 [INF] The file "/js/tinymce.min.js" was not modified (f1f8d725)
2018-06-08T18:05:18.6344001+01:00 0HLEDC7RP62P5:00000003 [INF] Request finished in 77.4781ms 304 text/css (791a596a)
2018-06-08T18:05:18.6584001+01:00 0HLEDC7RP62P7:00000003 [INF] Request finished in 121.4716ms 304 application/javascript (791a596a)
2018-06-08T18:05:18.6884001+01:00 0HLEDC7RP62P4:00000003 [INF] AuthenticationScheme: "Cookies" was successfully authenticated. (1805f3b3)
2018-06-08T18:05:18.6954001+01:00 0HLEDC7RP62P4:00000003 [INF] The file "/js/admin.js" was not modified (f1f8d725)
2018-06-08T18:05:18.7014001+01:00 0HLEDC7RP62P4:00000003 [INF] Request finished in 182.824ms 304 application/javascript (791a596a)
2018-06-08T18:05:18.9334001+01:00 0HLEDC7RP62P5:00000004 [INF] Request starting HTTP/1.1 GET http://localhost:5000/js/plugins/help/plugin.min.js   (ca22a1cb)
2018-06-08T18:05:18.9594001+01:00 0HLEDC7RP62P5:00000004 [INF] AuthenticationScheme: "Cookies" was successfully authenticated. (1805f3b3)
2018-06-08T18:05:18.9644001+01:00 0HLEDC7RP62P5:00000004 [INF] Request finished in 30.0434ms 404  (791a596a)
2018-06-08T18:05:18.9874001+01:00 0HLEDC7RP62P5:00000005 [INF] Request starting HTTP/1.1 GET http://localhost:5000/js/skins/lightgray/skin.min.css   (ca22a1cb)
2018-06-08T18:05:18.9944001+01:00 0HLEDC7RP62P5:00000005 [INF] AuthenticationScheme: "Cookies" was successfully authenticated. (1805f3b3)
2018-06-08T18:05:18.9984001+01:00 0HLEDC7RP62P5:00000005 [INF] Sending file. Request path: '"/js/skins/lightgray/skin.min.css"'. Physical path: '"C:\Users\ondero\desktop\dev\tinix\src\Tinix\wwwroot\js\skins\lightgray\skin.min.css"' (27b0a520)
2018-06-08T18:05:19.0064001+01:00 0HLEDC7RP62P5:00000005 [INF] Request finished in 17.823ms 200 text/css (791a596a)
2018-06-08T18:05:19.1094001+01:00 0HLEDC7RP62P5:00000006 [INF] Request starting HTTP/1.1 GET http://localhost:5000/js/skins/lightgray/content.min.css   (ca22a1cb)
2018-06-08T18:05:19.2114001+01:00 0HLEDC7RP62P5:00000006 [INF] AuthenticationScheme: "Cookies" was successfully authenticated. (1805f3b3)
2018-06-08T18:05:19.2394001+01:00 0HLEDC7RP62P5:00000006 [INF] Sending file. Request path: '"/js/skins/lightgray/content.min.css"'. Physical path: '"C:\Users\ondero\desktop\dev\tinix\src\Tinix\wwwroot\js\skins\lightgray\content.min.css"' (27b0a520)
2018-06-08T18:05:19.2444001+01:00 0HLEDC7RP62P7:00000004 [INF] Request starting HTTP/1.1 GET http://localhost:5000/js/skins/lightgray/fonts/tinymce.woff   (ca22a1cb)
2018-06-08T18:05:19.2864001+01:00 0HLEDC7RP62P7:00000004 [INF] AuthenticationScheme: "Cookies" was successfully authenticated. (1805f3b3)
2018-06-08T18:05:19.3104001+01:00 0HLEDC7RP62P5:00000006 [INF] Request finished in 148.2326ms 200 text/css (791a596a)
2018-06-08T18:05:19.3174001+01:00 0HLEDC7RP62P7:00000004 [INF] Sending file. Request path: '"/js/skins/lightgray/fonts/tinymce.woff"'. Physical path: '"C:\Users\ondero\desktop\dev\tinix\src\Tinix\wwwroot\js\skins\lightgray\fonts\tinymce.woff"' (27b0a520)
2018-06-08T18:05:19.3314001+01:00 0HLEDC7RP62P7:00000004 [INF] Request finished in 102.6516ms 200 application/font-woff (791a596a)
2018-06-08T18:05:30.1274001+01:00 0HLEDC7RP62P5:00000007 [INF] Request starting HTTP/1.1 POST http://localhost:5000/Admin/NewPost application/x-www-form-urlencoded 89 (ca22a1cb)
2018-06-08T18:05:30.1384001+01:00 0HLEDC7RP62P5:00000007 [INF] AuthenticationScheme: "Cookies" was successfully authenticated. (1805f3b3)
2018-06-08T18:05:30.1494001+01:00 0HLEDC7RP62P5:00000007 [INF] Authorization was successful for user: "ozimax". (d7eb274a)
2018-06-08T18:05:30.1554001+01:00 0HLEDC7RP62P5:00000007 [INF] Executing action method "Tinix.Controllers.AdminController.NewPost (Tinix)" with arguments (["Tinix.Models.NewPostViewModel"]) - ModelState is Valid (ba7f4ac2)
2018-06-08T18:05:49.2854001+01:00 0HLEDC8AD5BOI:00000001 [INF] Request starting HTTP/1.1 GET http://localhost:5000/   (ca22a1cb)
2018-06-08T18:05:49.4104001+01:00 0HLEDC8AD5BOI:00000001 [INF] AuthenticationScheme: "Cookies" was successfully authenticated. (1805f3b3)
2018-06-08T18:05:49.7414001+01:00 0HLEDC8AD5BOI:00000001 [INF] Executing action method "Tinix.Controllers.HomeController.Index (Tinix)" with arguments ([""]) - ModelState is Valid (ba7f4ac2)
2018-06-08T18:05:52.5984001+01:00 0HLEDC8AD5BOI:00000001 [INF] Executing ViewResult, running view at path "/Views/Home/Index.cshtml". (9707eebe)
2018-06-08T18:05:53.9374001+01:00 0HLEDC8AD5BOI:00000001 [INF] Executed action "Tinix.Controllers.HomeController.Index (Tinix)" in 4174.2889ms (afa2e885)
2018-06-08T18:05:53.9764001+01:00 0HLEDC8AD5BOI:00000001 [INF] Request finished in 4762.9532ms 200 text/html; charset=utf-8 (791a596a)
2018-06-08T18:05:59.3644001+01:00 0HLEDC8AD5BOI:00000002 [INF] Request starting HTTP/1.1 GET http://localhost:5000/Admin/NewPost   (ca22a1cb)
2018-06-08T18:05:59.3944001+01:00 0HLEDC8AD5BOI:00000002 [INF] AuthenticationScheme: "Cookies" was successfully authenticated. (1805f3b3)
2018-06-08T18:05:59.4164001+01:00 0HLEDC8AD5BOI:00000002 [INF] Authorization was successful for user: "ozimax". (d7eb274a)
2018-06-08T18:05:59.4194001+01:00 0HLEDC8AD5BOI:00000002 [INF] Executing action method "Tinix.Controllers.AdminController.NewPost (Tinix)" with arguments (null) - ModelState is Valid (ba7f4ac2)
2018-06-08T18:05:59.7874001+01:00 0HLEDC8AD5BOI:00000002 [INF] Executing ViewResult, running view at path "/Views/Admin/NewPost.cshtml". (9707eebe)
2018-06-08T18:06:00.1384001+01:00 0HLEDC8AD5BOI:00000002 [INF] Executed action "Tinix.Controllers.AdminController.NewPost (Tinix)" in 712.5777ms (afa2e885)
2018-06-08T18:06:00.1764001+01:00 0HLEDC8AD5BOI:00000002 [INF] Request finished in 783.2809ms 200 text/html; charset=utf-8 (791a596a)
2018-06-08T18:06:00.3224001+01:00 0HLEDC8AD5BOI:00000003 [INF] Request starting HTTP/1.1 GET http://localhost:5000/js/plugins/help/plugin.min.js   (ca22a1cb)
2018-06-08T18:06:00.3284001+01:00 0HLEDC8AD5BOI:00000003 [INF] AuthenticationScheme: "Cookies" was successfully authenticated. (1805f3b3)
2018-06-08T18:06:00.3534001+01:00 0HLEDC8AD5BOI:00000003 [INF] Request finished in 21.3242ms 404  (791a596a)
2018-06-08T18:06:06.4644001+01:00 0HLEDC8AD5BOI:00000004 [INF] Request starting HTTP/1.1 POST http://localhost:5000/Admin/NewPost application/x-www-form-urlencoded 67 (ca22a1cb)
2018-06-08T18:06:06.4884001+01:00 0HLEDC8AD5BOI:00000004 [INF] AuthenticationScheme: "Cookies" was successfully authenticated. (1805f3b3)
2018-06-08T18:06:06.5084001+01:00 0HLEDC8AD5BOI:00000004 [INF] Authorization was successful for user: "ozimax". (d7eb274a)
2018-06-08T18:06:06.5394001+01:00 0HLEDC8AD5BOI:00000004 [INF] Executing action method "Tinix.Controllers.AdminController.NewPost (Tinix)" with arguments (["Tinix.Models.NewPostViewModel"]) - ModelState is Valid (ba7f4ac2)
2018-06-08T18:15:34.5774001+01:00 0HLEDCDP1MLP2:00000001 [INF] Request starting HTTP/1.1 GET http://localhost:5000/   (ca22a1cb)
2018-06-08T18:15:34.6684001+01:00 0HLEDCDP1MLP2:00000001 [INF] AuthenticationScheme: "Cookies" was successfully authenticated. (1805f3b3)
2018-06-08T18:15:34.9224001+01:00 0HLEDCDP1MLP2:00000001 [INF] Executing action method "Tinix.Controllers.HomeController.Index (Tinix)" with arguments ([""]) - ModelState is Valid (ba7f4ac2)
2018-06-08T18:15:37.1374001+01:00 0HLEDCDP1MLP2:00000001 [INF] Executing ViewResult, running view at path "/Views/Home/Index.cshtml". (9707eebe)
2018-06-08T18:15:38.3854001+01:00 0HLEDCDP1MLP2:00000001 [INF] Executed action "Tinix.Controllers.HomeController.Index (Tinix)" in 3441.0351ms (afa2e885)
2018-06-08T18:15:38.3934001+01:00 0HLEDCDP1MLP2:00000001 [INF] Request finished in 3860.4308ms 200 text/html; charset=utf-8 (791a596a)
2018-06-08T18:15:51.6434001+01:00 0HLEDCDP1MLP2:00000002 [INF] Request starting HTTP/1.1 GET http://localhost:5000/Admin/Posts   (ca22a1cb)
2018-06-08T18:15:51.6694001+01:00 0HLEDCDP1MLP2:00000002 [INF] AuthenticationScheme: "Cookies" was successfully authenticated. (1805f3b3)
2018-06-08T18:15:51.6834001+01:00 0HLEDCDP1MLP2:00000002 [INF] Authorization was successful for user: "ozimax". (d7eb274a)
2018-06-08T18:15:51.6904001+01:00 0HLEDCDP1MLP2:00000002 [INF] Executing action method "Tinix.Controllers.AdminController.Posts (Tinix)" with arguments (null) - ModelState is Valid (ba7f4ac2)
2018-06-08T18:15:51.9044001+01:00 0HLEDCDP1MLP2:00000002 [INF] Executing ViewResult, running view at path "/Views/Admin/Posts.cshtml". (9707eebe)
2018-06-08T18:15:52.2524001+01:00 0HLEDCDP1MLP2:00000002 [INF] Executed action "Tinix.Controllers.AdminController.Posts (Tinix)" in 497.266ms (afa2e885)
2018-06-08T18:15:52.2634001+01:00 0HLEDCDP1MLP2:00000002 [INF] Request finished in 617.079ms 200 text/html; charset=utf-8 (791a596a)
2018-06-08T18:15:55.8484001+01:00 0HLEDCDP1MLP2:00000003 [INF] Request starting HTTP/1.1 GET http://localhost:5000/Admin/NewPost   (ca22a1cb)
2018-06-08T18:15:55.8754001+01:00 0HLEDCDP1MLP2:00000003 [INF] AuthenticationScheme: "Cookies" was successfully authenticated. (1805f3b3)
2018-06-08T18:15:55.8894001+01:00 0HLEDCDP1MLP2:00000003 [INF] Authorization was successful for user: "ozimax". (d7eb274a)
2018-06-08T18:15:55.8934001+01:00 0HLEDCDP1MLP2:00000003 [INF] Executing action method "Tinix.Controllers.AdminController.NewPost (Tinix)" with arguments (null) - ModelState is Valid (ba7f4ac2)
2018-06-08T18:15:56.2524001+01:00 0HLEDCDP1MLP2:00000003 [INF] Executing ViewResult, running view at path "/Views/Admin/NewPost.cshtml". (9707eebe)
2018-06-08T18:15:56.2964001+01:00 0HLEDCDP1MLP2:00000003 [INF] Executed action "Tinix.Controllers.AdminController.NewPost (Tinix)" in 407.4055ms (afa2e885)
2018-06-08T18:15:56.3034001+01:00 0HLEDCDP1MLP2:00000003 [INF] Request finished in 456.8831ms 200 text/html; charset=utf-8 (791a596a)
2018-06-08T18:15:56.5244001+01:00 0HLEDCDP1MLPA:00000001 [INF] Request starting HTTP/1.1 GET http://localhost:5000/js/plugins/help/plugin.min.js   (ca22a1cb)
2018-06-08T18:15:56.5524001+01:00 0HLEDCDP1MLPA:00000001 [INF] AuthenticationScheme: "Cookies" was successfully authenticated. (1805f3b3)
2018-06-08T18:15:56.5874001+01:00 0HLEDCDP1MLPA:00000001 [INF] Request finished in 43.5574ms 404  (791a596a)
2018-06-08T18:16:03.5684001+01:00 0HLEDCDP1MLP2:00000004 [INF] Request starting HTTP/1.1 POST http://localhost:5000/Admin/NewPost application/x-www-form-urlencoded 63 (ca22a1cb)
2018-06-08T18:16:03.5954001+01:00 0HLEDCDP1MLP2:00000004 [INF] AuthenticationScheme: "Cookies" was successfully authenticated. (1805f3b3)
2018-06-08T18:16:03.6144001+01:00 0HLEDCDP1MLP2:00000004 [INF] Authorization was successful for user: "ozimax". (d7eb274a)
2018-06-08T18:16:03.6514001+01:00 0HLEDCDP1MLP2:00000004 [INF] Executing action method "Tinix.Controllers.AdminController.NewPost (Tinix)" with arguments (["Tinix.Models.NewPostViewModel"]) - ModelState is Valid (ba7f4ac2)
2018-06-08T18:16:03.6974001+01:00 0HLEDCDP1MLP2:00000004 [INF] Executing RedirectResult, redirecting to "NewPost". (d98d540e)
2018-06-08T18:16:03.7024001+01:00 0HLEDCDP1MLP2:00000004 [INF] Executed action "Tinix.Controllers.AdminController.NewPost (Tinix)" in 89.8968ms (afa2e885)
2018-06-08T18:16:03.7104001+01:00 0HLEDCDP1MLP2:00000004 [INF] Request finished in 139.6742ms 302  (791a596a)
2018-06-08T18:16:03.7144001+01:00 0HLEDCDP1MLP2:00000005 [INF] Request starting HTTP/1.1 GET http://localhost:5000/Admin/NewPost   (ca22a1cb)
2018-06-08T18:16:03.7184001+01:00 0HLEDCDP1MLP2:00000005 [INF] AuthenticationScheme: "Cookies" was successfully authenticated. (1805f3b3)
2018-06-08T18:16:03.7214001+01:00 0HLEDCDP1MLP2:00000005 [INF] Authorization was successful for user: "ozimax". (d7eb274a)
2018-06-08T18:16:03.7254001+01:00 0HLEDCDP1MLP2:00000005 [INF] Executing action method "Tinix.Controllers.AdminController.NewPost (Tinix)" with arguments (null) - ModelState is Valid (ba7f4ac2)
2018-06-08T18:16:03.7474001+01:00 0HLEDCDP1MLP2:00000005 [INF] Executing ViewResult, running view at path "/Views/Admin/NewPost.cshtml". (9707eebe)
2018-06-08T18:16:03.8074001+01:00 0HLEDCDP1MLP2:00000005 [INF] Executed action "Tinix.Controllers.AdminController.NewPost (Tinix)" in 30.6513ms (afa2e885)
2018-06-08T18:16:03.8164001+01:00 0HLEDCDP1MLP2:00000005 [INF] Request finished in 97.1781ms 200 text/html; charset=utf-8 (791a596a)
2018-06-08T18:16:03.9964001+01:00 0HLEDCDP1MLPA:00000002 [INF] Request starting HTTP/1.1 GET http://localhost:5000/js/plugins/help/plugin.min.js   (ca22a1cb)
2018-06-08T18:16:04.0084001+01:00 0HLEDCDP1MLPA:00000002 [INF] AuthenticationScheme: "Cookies" was successfully authenticated. (1805f3b3)
2018-06-08T18:16:04.0174001+01:00 0HLEDCDP1MLPA:00000002 [INF] Request finished in 56.5816ms 404  (791a596a)
2018-06-08T18:16:10.8104001+01:00 0HLEDCDP1MLP2:00000006 [INF] Request starting HTTP/1.1 POST http://localhost:5000/Admin/NewPost application/x-www-form-urlencoded 79 (ca22a1cb)
2018-06-08T18:16:10.8194001+01:00 0HLEDCDP1MLP2:00000006 [INF] AuthenticationScheme: "Cookies" was successfully authenticated. (1805f3b3)
2018-06-08T18:16:10.8224001+01:00 0HLEDCDP1MLP2:00000006 [INF] Authorization was successful for user: "ozimax". (d7eb274a)
2018-06-08T18:16:10.8274001+01:00 0HLEDCDP1MLP2:00000006 [INF] Executing action method "Tinix.Controllers.AdminController.NewPost (Tinix)" with arguments (["Tinix.Models.NewPostViewModel"]) - ModelState is Valid (ba7f4ac2)
2018-06-08T18:16:10.8354001+01:00 0HLEDCDP1MLP2:00000006 [INF] Executing RedirectResult, redirecting to "NewPost". (d98d540e)
2018-06-08T18:16:10.8474001+01:00 0HLEDCDP1MLP2:00000006 [INF] Executed action "Tinix.Controllers.AdminController.NewPost (Tinix)" in 16.7916ms (afa2e885)
2018-06-08T18:16:10.8534001+01:00 0HLEDCDP1MLP2:00000006 [INF] Request finished in 45.2191ms 302  (791a596a)
2018-06-08T18:16:10.8574001+01:00 0HLEDCDP1MLP2:00000007 [INF] Request starting HTTP/1.1 GET http://localhost:5000/Admin/NewPost   (ca22a1cb)
2018-06-08T18:16:10.8624001+01:00 0HLEDCDP1MLP2:00000007 [INF] AuthenticationScheme: "Cookies" was successfully authenticated. (1805f3b3)
2018-06-08T18:16:10.8684001+01:00 0HLEDCDP1MLP2:00000007 [INF] Authorization was successful for user: "ozimax". (d7eb274a)
2018-06-08T18:16:10.8764001+01:00 0HLEDCDP1MLP2:00000007 [INF] Executing action method "Tinix.Controllers.AdminController.NewPost (Tinix)" with arguments (null) - ModelState is Valid (ba7f4ac2)
2018-06-08T18:16:10.8844001+01:00 0HLEDCDP1MLP2:00000007 [INF] Executing ViewResult, running view at path "/Views/Admin/NewPost.cshtml". (9707eebe)
2018-06-08T18:16:10.8984001+01:00 0HLEDCDP1MLP2:00000007 [INF] Executed action "Tinix.Controllers.AdminController.NewPost (Tinix)" in 23.1866ms (afa2e885)
2018-06-08T18:16:10.9054001+01:00 0HLEDCDP1MLP2:00000007 [INF] Request finished in 43.9437ms 200 text/html; charset=utf-8 (791a596a)
2018-06-08T18:16:11.5164001+01:00 0HLEDCDP1MLPA:00000003 [INF] Request starting HTTP/1.1 GET http://localhost:5000/js/plugins/help/plugin.min.js   (ca22a1cb)
2018-06-08T18:16:11.5224001+01:00 0HLEDCDP1MLPA:00000003 [INF] AuthenticationScheme: "Cookies" was successfully authenticated. (1805f3b3)
2018-06-08T18:16:11.5294001+01:00 0HLEDCDP1MLPA:00000003 [INF] Request finished in 13.6506ms 404  (791a596a)
2018-06-08T18:19:39.1864001+01:00 0HLEDCG1UQMS2:00000001 [INF] Request starting HTTP/1.1 GET http://localhost:5000/   (ca22a1cb)
2018-06-08T18:19:39.2854001+01:00 0HLEDCG1UQMS2:00000001 [INF] AuthenticationScheme: "Cookies" was successfully authenticated. (1805f3b3)
2018-06-08T18:19:39.5404001+01:00 0HLEDCG1UQMS2:00000001 [INF] Executing action method "Tinix.Controllers.HomeController.Index (Tinix)" with arguments ([""]) - ModelState is Valid (ba7f4ac2)
2018-06-08T18:19:41.9994001+01:00 0HLEDCG1UQMS2:00000001 [INF] Executing ViewResult, running view at path "/Views/Home/Index.cshtml". (9707eebe)
2018-06-08T18:19:43.3574001+01:00 0HLEDCG1UQMS2:00000001 [INF] Executed action "Tinix.Controllers.HomeController.Index (Tinix)" in 3823.3422ms (afa2e885)
2018-06-08T18:19:43.3764001+01:00 0HLEDCG1UQMS2:00000001 [INF] Request finished in 4212.9184ms 200 text/html; charset=utf-8 (791a596a)
2018-06-08T18:20:18.5314001+01:00 0HLEDCG1UQMS2:00000002 [INF] Request starting HTTP/1.1 GET http://localhost:5000/   (ca22a1cb)
2018-06-08T18:20:18.5414001+01:00 0HLEDCG1UQMS2:00000002 [INF] AuthenticationScheme: "Cookies" was successfully authenticated. (1805f3b3)
2018-06-08T18:20:18.5494001+01:00 0HLEDCG1UQMS2:00000002 [INF] Executing action method "Tinix.Controllers.HomeController.Index (Tinix)" with arguments ([""]) - ModelState is Valid (ba7f4ac2)
2018-06-08T18:20:18.5554001+01:00 0HLEDCG1UQMS2:00000002 [INF] Executing ViewResult, running view at path "/Views/Home/Index.cshtml". (9707eebe)
2018-06-08T18:20:18.6134001+01:00 0HLEDCG1UQMS2:00000002 [INF] Executed action "Tinix.Controllers.HomeController.Index (Tinix)" in 14.1349ms (afa2e885)
2018-06-08T18:20:18.6194001+01:00 0HLEDCG1UQMS2:00000002 [INF] Request finished in 88.1517ms 200 text/html; charset=utf-8 (791a596a)
2018-06-08T18:20:23.1904001+01:00 0HLEDCG1UQMS2:00000003 [INF] Request starting HTTP/1.1 GET http://localhost:5000/   (ca22a1cb)
2018-06-08T18:20:23.2164001+01:00 0HLEDCG1UQMS2:00000003 [INF] AuthenticationScheme: "Cookies" was successfully authenticated. (1805f3b3)
2018-06-08T18:20:23.2434001+01:00 0HLEDCG1UQMS2:00000003 [INF] Executing action method "Tinix.Controllers.HomeController.Index (Tinix)" with arguments ([""]) - ModelState is Valid (ba7f4ac2)
2018-06-08T18:20:23.2674001+01:00 0HLEDCG1UQMS2:00000003 [INF] Executing ViewResult, running view at path "/Views/Home/Index.cshtml". (9707eebe)
2018-06-08T18:20:23.2714001+01:00 0HLEDCG1UQMS2:00000003 [INF] Executed action "Tinix.Controllers.HomeController.Index (Tinix)" in 51.5857ms (afa2e885)
2018-06-08T18:20:23.3024001+01:00 0HLEDCG1UQMS2:00000003 [INF] Request finished in 101.7214ms 200 text/html; charset=utf-8 (791a596a)
2018-06-08T18:20:28.6784001+01:00 0HLEDCG1UQMS2:00000004 [INF] Request starting HTTP/1.1 GET http://localhost:5000/admi   (ca22a1cb)
2018-06-08T18:20:28.6834001+01:00 0HLEDCG1UQMS2:00000004 [INF] AuthenticationScheme: "Cookies" was successfully authenticated. (1805f3b3)
2018-06-08T18:20:28.7114001+01:00 0HLEDCG1UQMS2:00000004 [INF] Request finished in 13.365ms 404  (791a596a)
2018-06-08T18:20:35.7694001+01:00 0HLEDCG1UQMS2:00000005 [INF] Request starting HTTP/1.1 GET http://localhost:5000/Admin/Posts   (ca22a1cb)
2018-06-08T18:20:35.7744001+01:00 0HLEDCG1UQMS2:00000005 [INF] AuthenticationScheme: "Cookies" was successfully authenticated. (1805f3b3)
2018-06-08T18:20:35.7914001+01:00 0HLEDCG1UQMS2:00000005 [INF] Authorization was successful for user: "ozimax". (d7eb274a)
2018-06-08T18:20:35.7944001+01:00 0HLEDCG1UQMS2:00000005 [INF] Executing action method "Tinix.Controllers.AdminController.Posts (Tinix)" with arguments (null) - ModelState is Valid (ba7f4ac2)
2018-06-08T18:20:36.0104001+01:00 0HLEDCG1UQMS2:00000005 [INF] Executing ViewResult, running view at path "/Views/Admin/Posts.cshtml". (9707eebe)
2018-06-08T18:20:36.4354001+01:00 0HLEDCG1UQMS2:00000005 [INF] Executed action "Tinix.Controllers.AdminController.Posts (Tinix)" in 543.663ms (afa2e885)
2018-06-08T18:20:36.4464001+01:00 0HLEDCG1UQMS2:00000005 [INF] Request finished in 672.5895ms 200 text/html; charset=utf-8 (791a596a)
2018-06-08T18:20:39.9794001+01:00 0HLEDCG1UQMS2:00000006 [INF] Request starting HTTP/1.1 GET http://localhost:5000/Admin/NewPost   (ca22a1cb)
2018-06-08T18:20:40.0054001+01:00 0HLEDCG1UQMS2:00000006 [INF] AuthenticationScheme: "Cookies" was successfully authenticated. (1805f3b3)
2018-06-08T18:20:40.0204001+01:00 0HLEDCG1UQMS2:00000006 [INF] Authorization was successful for user: "ozimax". (d7eb274a)
2018-06-08T18:20:40.0254001+01:00 0HLEDCG1UQMS2:00000006 [INF] Executing action method "Tinix.Controllers.AdminController.NewPost (Tinix)" with arguments (null) - ModelState is Valid (ba7f4ac2)
2018-06-08T18:20:40.3634001+01:00 0HLEDCG1UQMS2:00000006 [INF] Executing ViewResult, running view at path "/Views/Admin/NewPost.cshtml". (9707eebe)
2018-06-08T18:20:40.4064001+01:00 0HLEDCG1UQMS2:00000006 [INF] Executed action "Tinix.Controllers.AdminController.NewPost (Tinix)" in 387.8168ms (afa2e885)
2018-06-08T18:20:40.4194001+01:00 0HLEDCG1UQMS2:00000006 [INF] Request finished in 434.8799ms 200 text/html; charset=utf-8 (791a596a)
2018-06-08T18:20:40.6074001+01:00 0HLEDCG1UQMS8:00000001 [INF] Request starting HTTP/1.1 GET http://localhost:5000/js/plugins/help/plugin.min.js   (ca22a1cb)
2018-06-08T18:20:40.6184001+01:00 0HLEDCG1UQMS8:00000001 [INF] AuthenticationScheme: "Cookies" was successfully authenticated. (1805f3b3)
2018-06-08T18:20:40.6244001+01:00 0HLEDCG1UQMS8:00000001 [INF] Request finished in 15.9349ms 404  (791a596a)
2018-06-08T18:20:48.6014001+01:00 0HLEDCG1UQMS2:00000007 [INF] Request starting HTTP/1.1 POST http://localhost:5000/Admin/NewPost application/x-www-form-urlencoded 82 (ca22a1cb)
2018-06-08T18:20:48.6074001+01:00 0HLEDCG1UQMS2:00000007 [INF] AuthenticationScheme: "Cookies" was successfully authenticated. (1805f3b3)
2018-06-08T18:20:48.6254001+01:00 0HLEDCG1UQMS2:00000007 [INF] Authorization was successful for user: "ozimax". (d7eb274a)
2018-06-08T18:20:48.6684001+01:00 0HLEDCG1UQMS2:00000007 [INF] Executing action method "Tinix.Controllers.AdminController.NewPost (Tinix)" with arguments (["Tinix.Models.NewPostViewModel"]) - ModelState is Valid (ba7f4ac2)
2018-06-08T18:20:54.7724001+01:00 0HLEDCG1UQMS2:00000007 [INF] Executing RedirectResult, redirecting to "NewPost". (d98d540e)
2018-06-08T18:20:54.7774001+01:00 0HLEDCG1UQMS2:00000007 [INF] Executed action "Tinix.Controllers.AdminController.NewPost (Tinix)" in 6158.1664ms (afa2e885)
2018-06-08T18:20:54.8084001+01:00 0HLEDCG1UQMS2:00000007 [INF] Request finished in 6191.0218ms 302  (791a596a)
2018-06-08T18:20:54.8164001+01:00 0HLEDCG1UQMS2:00000008 [INF] Request starting HTTP/1.1 GET http://localhost:5000/Admin/NewPost   (ca22a1cb)
2018-06-08T18:20:54.8244001+01:00 0HLEDCG1UQMS2:00000008 [INF] AuthenticationScheme: "Cookies" was successfully authenticated. (1805f3b3)
2018-06-08T18:20:54.8394001+01:00 0HLEDCG1UQMS2:00000008 [INF] Authorization was successful for user: "ozimax". (d7eb274a)
2018-06-08T18:20:54.8494001+01:00 0HLEDCG1UQMS2:00000008 [INF] Executing action method "Tinix.Controllers.AdminController.NewPost (Tinix)" with arguments (null) - ModelState is Valid (ba7f4ac2)
2018-06-08T18:20:54.8664001+01:00 0HLEDCG1UQMS2:00000008 [INF] Executing ViewResult, running view at path "/Views/Admin/NewPost.cshtml". (9707eebe)
2018-06-08T18:20:54.9684001+01:00 0HLEDCG1UQMS2:00000008 [INF] Executed action "Tinix.Controllers.AdminController.NewPost (Tinix)" in 44.9821ms (afa2e885)
2018-06-08T18:20:54.9804001+01:00 0HLEDCG1UQMS2:00000008 [INF] Request finished in 160.5916ms 200 text/html; charset=utf-8 (791a596a)
2018-06-08T18:20:55.1374001+01:00 0HLEDCG1UQMS8:00000002 [INF] Request starting HTTP/1.1 GET http://localhost:5000/js/plugins/help/plugin.min.js   (ca22a1cb)
2018-06-08T18:20:55.1454001+01:00 0HLEDCG1UQMS8:00000002 [INF] AuthenticationScheme: "Cookies" was successfully authenticated. (1805f3b3)
2018-06-08T18:20:55.1534001+01:00 0HLEDCG1UQMS8:00000002 [INF] Request finished in 14.6014ms 404  (791a596a)
2018-06-08T18:21:05.5094001+01:00 0HLEDCG1UQMS2:00000009 [INF] Request starting HTTP/1.1 POST http://localhost:5000/Admin/NewPost application/x-www-form-urlencoded 69 (ca22a1cb)
2018-06-08T18:21:05.5354001+01:00 0HLEDCG1UQMS2:00000009 [INF] AuthenticationScheme: "Cookies" was successfully authenticated. (1805f3b3)
2018-06-08T18:21:05.5434001+01:00 0HLEDCG1UQMS2:00000009 [INF] Authorization was successful for user: "ozimax". (d7eb274a)
2018-06-08T18:21:05.5484001+01:00 0HLEDCG1UQMS2:00000009 [INF] Executing action method "Tinix.Controllers.AdminController.NewPost (Tinix)" with arguments (["Tinix.Models.NewPostViewModel"]) - ModelState is Valid (ba7f4ac2)
2018-06-08T18:21:09.6824001+01:00 0HLEDCG1UQMS2:00000009 [INF] Executing RedirectResult, redirecting to "NewPost". (d98d540e)
2018-06-08T18:21:09.6884001+01:00 0HLEDCG1UQMS2:00000009 [INF] Executed action "Tinix.Controllers.AdminController.NewPost (Tinix)" in 4147.3435ms (afa2e885)
2018-06-08T18:21:09.7014001+01:00 0HLEDCG1UQMS2:00000009 [INF] Request finished in 4188.2998ms 302  (791a596a)
2018-06-08T18:21:09.7084001+01:00 0HLEDCG1UQMS2:0000000A [INF] Request starting HTTP/1.1 GET http://localhost:5000/Admin/NewPost   (ca22a1cb)
2018-06-08T18:21:09.7144001+01:00 0HLEDCG1UQMS2:0000000A [INF] AuthenticationScheme: "Cookies" was successfully authenticated. (1805f3b3)
2018-06-08T18:21:09.7204001+01:00 0HLEDCG1UQMS2:0000000A [INF] Authorization was successful for user: "ozimax". (d7eb274a)
2018-06-08T18:21:09.7424001+01:00 0HLEDCG1UQMS2:0000000A [INF] Executing action method "Tinix.Controllers.AdminController.NewPost (Tinix)" with arguments (null) - ModelState is Valid (ba7f4ac2)
2018-06-08T18:21:09.7524001+01:00 0HLEDCG1UQMS2:0000000A [INF] Executing ViewResult, running view at path "/Views/Admin/NewPost.cshtml". (9707eebe)
2018-06-08T18:21:09.8274001+01:00 0HLEDCG1UQMS2:0000000A [INF] Executed action "Tinix.Controllers.AdminController.NewPost (Tinix)" in 38.0879ms (afa2e885)
2018-06-08T18:21:09.8714001+01:00 0HLEDCG1UQMS2:0000000A [INF] Request finished in 126.6354ms 200 text/html; charset=utf-8 (791a596a)
2018-06-08T18:21:10.0384001+01:00 0HLEDCG1UQMS8:00000003 [INF] Request starting HTTP/1.1 GET http://localhost:5000/js/plugins/help/plugin.min.js   (ca22a1cb)
2018-06-08T18:21:10.0464001+01:00 0HLEDCG1UQMS8:00000003 [INF] AuthenticationScheme: "Cookies" was successfully authenticated. (1805f3b3)
2018-06-08T18:21:10.0634001+01:00 0HLEDCG1UQMS8:00000003 [INF] Request finished in 12.8393ms 404  (791a596a)
