2018-04-22T23:15:45.9838827+01:00 0HLD8JQBL8K6S:00000001 [INF] Request starting HTTP/1.1 GET http://localhost:5000/   (ca22a1cb)
2018-04-22T23:15:46.1668932+01:00 0HLD8JQBL8K6S:00000001 [INF] "Cookies" was not authenticated. Failure message: "Unprotect ticket failed" (48071232)
2018-04-22T23:15:47.2479550+01:00 0HLD8JQBL8K6S:00000001 [INF] Executing action method "Tinix.Controllers.HomeController.Index (Tinix)" with arguments ([""]) - ModelState is Valid (ba7f4ac2)
2018-04-22T23:15:54.2413550+01:00 0HLD8JQBL8K6S:00000001 [INF] Executing ViewResult, running view at path "/Views/Home/Index.cshtml". (9707eebe)
2018-04-22T23:15:57.0105134+01:00 0HLD8JQBL8K6S:00000001 [INF] Executed action "Tinix.Controllers.HomeController.Index (Tinix)" in 9813.6268ms (afa2e885)
2018-04-22T23:15:57.0425153+01:00 0HLD8JQBL8K6S:00000001 [INF] Request finished in 11060.3345ms 200 text/html; charset=utf-8 (791a596a)
2018-04-22T23:15:57.0515158+01:00 0HLD8JQBL8K6U:00000001 [INF] Request starting HTTP/1.1 GET http://localhost:5000/css/site.css   (ca22a1cb)
2018-04-22T23:15:57.0605163+01:00 0HLD8JQBL8K6S:00000002 [INF] Request starting HTTP/1.1 GET http://localhost:5000/css/bootstrap.min.css   (ca22a1cb)
2018-04-22T23:15:57.0635165+01:00 0HLD8JQBL8K6V:00000001 [INF] Request starting HTTP/1.1 GET http://localhost:5000/js/jquery.js   (ca22a1cb)
2018-04-22T23:15:57.0775173+01:00 0HLD8JQBL8K6V:00000001 [INF] "Cookies" was not authenticated. Failure message: "Unprotect ticket failed" (48071232)
2018-04-22T23:15:57.0895180+01:00 0HLD8JQBL8K6U:00000001 [INF] "Cookies" was not authenticated. Failure message: "Unprotect ticket failed" (48071232)
2018-04-22T23:15:57.0905180+01:00 0HLD8JQBL8K6S:00000002 [INF] "Cookies" was not authenticated. Failure message: "Unprotect ticket failed" (48071232)
2018-04-22T23:15:57.1095191+01:00 0HLD8JQBL8K6V:00000001 [INF] Sending file. Request path: '"/js/jquery.js"'. Physical path: '"C:\Users\ozan\desktop\projects\tinix\src\Tinix\wwwroot\js\jquery.js"' (27b0a520)
2018-04-22T23:15:57.1315204+01:00 0HLD8JQBL8K6U:00000001 [INF] Sending file. Request path: '"/css/site.css"'. Physical path: '"C:\Users\ozan\desktop\projects\tinix\src\Tinix\wwwroot\css\site.css"' (27b0a520)
2018-04-22T23:15:57.1395208+01:00 0HLD8JQBL8K6S:00000002 [INF] Sending file. Request path: '"/css/bootstrap.min.css"'. Physical path: '"C:\Users\ozan\desktop\projects\tinix\src\Tinix\wwwroot\css\bootstrap.min.css"' (27b0a520)
2018-04-22T23:15:57.1785230+01:00 0HLD8JQBL8K6U:00000001 [INF] Request finished in 116.9609ms 200 text/css (791a596a)
2018-04-22T23:15:57.2265258+01:00 0HLD8JQBL8K6S:00000002 [INF] Request finished in 170.3805ms 200 text/css (791a596a)
2018-04-22T23:15:57.2695282+01:00 0HLD8JQBL8K6S:00000003 [INF] Request starting HTTP/1.1 GET http://localhost:5000/js/popper.min.js   (ca22a1cb)
2018-04-22T23:15:57.2715284+01:00 0HLD8JQBL8K6U:00000002 [INF] Request starting HTTP/1.1 GET http://localhost:5000/js/bootstrap.min.js   (ca22a1cb)
2018-04-22T23:15:57.2775287+01:00 0HLD8JQBL8K6V:00000001 [INF] Request finished in 212.2066ms 200 application/javascript (791a596a)
2018-04-22T23:15:57.2875293+01:00 0HLD8JQBL8K6U:00000002 [INF] "Cookies" was not authenticated. Failure message: "Unprotect ticket failed" (48071232)
2018-04-22T23:15:57.2925296+01:00 0HLD8JQBL8K6S:00000003 [INF] "Cookies" was not authenticated. Failure message: "Unprotect ticket failed" (48071232)
2018-04-22T23:15:57.2955297+01:00 0HLD8JQBL8K6S:00000003 [INF] Sending file. Request path: '"/js/popper.min.js"'. Physical path: '"C:\Users\ozan\desktop\projects\tinix\src\Tinix\wwwroot\js\popper.min.js"' (27b0a520)
2018-04-22T23:15:57.3015301+01:00 0HLD8JQBL8K6U:00000002 [INF] Sending file. Request path: '"/js/bootstrap.min.js"'. Physical path: '"C:\Users\ozan\desktop\projects\tinix\src\Tinix\wwwroot\js\bootstrap.min.js"' (27b0a520)
2018-04-22T23:15:57.3135308+01:00 0HLD8JQBL8K6S:00000003 [INF] Request finished in 54.1077ms 200 application/javascript (791a596a)
2018-04-22T23:15:57.3255315+01:00 0HLD8JQBL8K6U:00000002 [INF] Request finished in 61.7737ms 200 application/javascript (791a596a)
2018-04-22T23:16:04.0469159+01:00 0HLD8JQBL8K6U:00000003 [INF] Request starting HTTP/1.1 GET http://localhost:5000/admin/login   (ca22a1cb)
2018-04-22T23:16:04.0559164+01:00 0HLD8JQBL8K6U:00000003 [INF] "Cookies" was not authenticated. Failure message: "Unprotect ticket failed" (48071232)
2018-04-22T23:16:04.0709173+01:00 0HLD8JQBL8K6U:00000003 [INF] Executing action method "Tinix.Controllers.AdminController.Login (Tinix)" with arguments (null) - ModelState is Valid (ba7f4ac2)
2018-04-22T23:16:04.5879468+01:00 0HLD8JQBL8K6U:00000003 [INF] Executing ViewResult, running view at path "/Views/Admin/Login.cshtml". (9707eebe)
2018-04-22T23:16:05.1579794+01:00 0HLD8JQBL8K6U:00000003 [INF] Executed action "Tinix.Controllers.AdminController.Login (Tinix)" in 1086.3528ms (afa2e885)
2018-04-22T23:16:05.1869811+01:00 0HLD8JQBL8K6U:00000003 [INF] Request finished in 1120.0972ms 200 text/html; charset=utf-8 (791a596a)
2018-04-22T23:16:05.2249833+01:00 0HLD8JQBL8K6V:00000002 [INF] Request starting HTTP/1.1 GET http://localhost:5000/js/jquery.validate.unobtrusive.js   (ca22a1cb)
2018-04-22T23:16:05.2279834+01:00 0HLD8JQBL8K6U:00000004 [INF] Request starting HTTP/1.1 GET http://localhost:5000/css/admin.css   (ca22a1cb)
2018-04-22T23:16:05.2289835+01:00 0HLD8JQBL8K6S:00000004 [INF] Request starting HTTP/1.1 GET http://localhost:5000/js/jquery.validate.min.js   (ca22a1cb)
2018-04-22T23:16:05.2319837+01:00 0HLD8JQBL8K6V:00000002 [INF] "Cookies" was not authenticated. Failure message: "Unprotect ticket failed" (48071232)
2018-04-22T23:16:05.2369840+01:00 0HLD8JQBL8K6U:00000004 [INF] "Cookies" was not authenticated. Failure message: "Unprotect ticket failed" (48071232)
2018-04-22T23:16:05.2579852+01:00 0HLD8JQBL8K6V:00000002 [INF] Sending file. Request path: '"/js/jquery.validate.unobtrusive.js"'. Physical path: '"C:\Users\ozan\desktop\projects\tinix\src\Tinix\wwwroot\js\jquery.validate.unobtrusive.js"' (27b0a520)
2018-04-22T23:16:05.2609853+01:00 0HLD8JQBL8K6S:00000004 [INF] "Cookies" was not authenticated. Failure message: "Unprotect ticket failed" (48071232)
2018-04-22T23:16:05.2659856+01:00 0HLD8JQBL8K6U:00000004 [INF] Sending file. Request path: '"/css/admin.css"'. Physical path: '"C:\Users\ozan\desktop\projects\tinix\src\Tinix\wwwroot\css\admin.css"' (27b0a520)
2018-04-22T23:16:05.2669857+01:00 0HLD8JQBL8K6S:00000004 [INF] Sending file. Request path: '"/js/jquery.validate.min.js"'. Physical path: '"C:\Users\ozan\desktop\projects\tinix\src\Tinix\wwwroot\js\jquery.validate.min.js"' (27b0a520)
2018-04-22T23:16:05.2739861+01:00 0HLD8JQBL8K6U:00000004 [INF] Request finished in 54.7916ms 200 text/css (791a596a)
2018-04-22T23:16:05.2959873+01:00 0HLD8JQBL8K6V:00000002 [INF] Request finished in 60.7894ms 200 application/javascript (791a596a)
2018-04-22T23:16:05.3049878+01:00 0HLD8JQBL8K6S:00000004 [INF] Request finished in 84.7242ms 200 application/javascript (791a596a)
2018-04-22T23:16:16.2066114+01:00 0HLD8JQBL8K6S:00000005 [INF] Request starting HTTP/1.1 POST http://localhost:5000/Admin/Login application/x-www-form-urlencoded 34 (ca22a1cb)
2018-04-22T23:16:16.2246124+01:00 0HLD8JQBL8K6S:00000005 [INF] "Cookies" was not authenticated. Failure message: "Unprotect ticket failed" (48071232)
2018-04-22T23:16:16.3306185+01:00 0HLD8JQBL8K6S:00000005 [INF] Executing action method "Tinix.Controllers.AdminController.Login (Tinix)" with arguments (["Tinix.Models.LoginViewModel"]) - ModelState is Valid (ba7f4ac2)
2018-04-22T23:16:16.3976223+01:00 0HLD8JQBL8K6S:00000005 [INF] AuthenticationScheme: "Cookies" signed in. (c66dd7e7)
2018-04-22T23:16:16.4016225+01:00 0HLD8JQBL8K6S:00000005 [INF] Executing RedirectResult, redirecting to "/Admin/NewPost". (d98d540e)
2018-04-22T23:16:16.4046227+01:00 0HLD8JQBL8K6S:00000005 [INF] Executed action "Tinix.Controllers.AdminController.Login (Tinix)" in 147.8877ms (afa2e885)
2018-04-22T23:16:16.4116231+01:00 0HLD8JQBL8K6S:00000005 [INF] Request finished in 221.4784ms 302  (791a596a)
2018-04-22T23:16:16.4186235+01:00 0HLD8JQBL8K6S:00000006 [INF] Request starting HTTP/1.1 GET http://localhost:5000/Admin/NewPost   (ca22a1cb)
2018-04-22T23:16:16.4226237+01:00 0HLD8JQBL8K6S:00000006 [INF] AuthenticationScheme: "Cookies" was successfully authenticated. (1805f3b3)
2018-04-22T23:16:16.4456251+01:00 0HLD8JQBL8K6S:00000006 [INF] Authorization was successful for user: "ozimax". (d7eb274a)
2018-04-22T23:16:16.4506253+01:00 0HLD8JQBL8K6S:00000006 [INF] Executing action method "Tinix.Controllers.AdminController.NewPost (Tinix)" with arguments (null) - ModelState is Valid (ba7f4ac2)
2018-04-22T23:16:16.8096459+01:00 0HLD8JQBL8K6S:00000006 [INF] Executing ViewResult, running view at path "/Views/Admin/NewPost.cshtml". (9707eebe)
2018-04-22T23:16:16.9536541+01:00 0HLD8JQBL8K6S:00000006 [INF] Executed action "Tinix.Controllers.AdminController.NewPost (Tinix)" in 509.0363ms (afa2e885)
2018-04-22T23:16:16.9586544+01:00 0HLD8JQBL8K6S:00000006 [INF] Request finished in 538.6088ms 200 text/html; charset=utf-8 (791a596a)
2018-04-22T23:16:17.0326586+01:00 0HLD8JQBL8K6S:00000007 [INF] Request starting HTTP/1.1 GET http://localhost:5000/js/admin.js   (ca22a1cb)
2018-04-22T23:16:17.0356588+01:00 0HLD8JQBL8K6V:00000003 [INF] Request starting HTTP/1.1 GET http://localhost:5000/js/tinymce.min.js   (ca22a1cb)
2018-04-22T23:16:17.0416591+01:00 0HLD8JQBL8K6S:00000007 [INF] AuthenticationScheme: "Cookies" was successfully authenticated. (1805f3b3)
2018-04-22T23:16:17.0446593+01:00 0HLD8JQBL8K6V:00000003 [INF] AuthenticationScheme: "Cookies" was successfully authenticated. (1805f3b3)
2018-04-22T23:16:17.0506597+01:00 0HLD8JQBL8K6S:00000007 [INF] Sending file. Request path: '"/js/admin.js"'. Physical path: '"C:\Users\ozan\desktop\projects\tinix\src\Tinix\wwwroot\js\admin.js"' (27b0a520)
2018-04-22T23:16:17.0516597+01:00 0HLD8JQBL8K6V:00000003 [INF] Sending file. Request path: '"/js/tinymce.min.js"'. Physical path: '"C:\Users\ozan\desktop\projects\tinix\src\Tinix\wwwroot\js\tinymce.min.js"' (27b0a520)
2018-04-22T23:16:17.0656605+01:00 0HLD8JQBL8K6S:00000007 [INF] Request finished in 53.107ms 200 application/javascript (791a596a)
2018-04-22T23:16:17.1756668+01:00 0HLD8JQBL8K6V:00000003 [INF] Request finished in 154.6207ms 200 application/javascript (791a596a)
2018-04-22T23:16:17.5026855+01:00 0HLD8JQBL8K6V:00000004 [INF] Request starting HTTP/1.1 GET http://localhost:5000/js/skins/lightgray/skin.min.css   (ca22a1cb)
2018-04-22T23:16:17.5066857+01:00 0HLD8JQBL8K6V:00000004 [INF] AuthenticationScheme: "Cookies" was successfully authenticated. (1805f3b3)
2018-04-22T23:16:17.5096859+01:00 0HLD8JQBL8K6V:00000004 [INF] Sending file. Request path: '"/js/skins/lightgray/skin.min.css"'. Physical path: '"C:\Users\ozan\desktop\projects\tinix\src\Tinix\wwwroot\js\skins\lightgray\skin.min.css"' (27b0a520)
2018-04-22T23:16:17.5206865+01:00 0HLD8JQBL8K6V:00000004 [INF] Request finished in 20.5736ms 200 text/css (791a596a)
2018-04-22T23:16:17.6266926+01:00 0HLD8JQBL8K6V:00000005 [INF] Request starting HTTP/1.1 GET http://localhost:5000/js/skins/lightgray/content.min.css   (ca22a1cb)
2018-04-22T23:16:17.6326930+01:00 0HLD8JQBL8K6V:00000005 [INF] AuthenticationScheme: "Cookies" was successfully authenticated. (1805f3b3)
2018-04-22T23:16:17.6446936+01:00 0HLD8JQBL8K6V:00000005 [INF] Sending file. Request path: '"/js/skins/lightgray/content.min.css"'. Physical path: '"C:\Users\ozan\desktop\projects\tinix\src\Tinix\wwwroot\js\skins\lightgray\content.min.css"' (27b0a520)
2018-04-22T23:16:17.6946965+01:00 0HLD8JQBL8K6S:00000008 [INF] Request starting HTTP/1.1 GET http://localhost:5000/js/skins/lightgray/fonts/tinymce.woff   (ca22a1cb)
2018-04-22T23:16:17.7056971+01:00 0HLD8JQBL8K6S:00000008 [INF] AuthenticationScheme: "Cookies" was successfully authenticated. (1805f3b3)
2018-04-22T23:16:17.7146976+01:00 0HLD8JQBL8K6V:00000005 [INF] Request finished in 84.665ms 200 text/css (791a596a)
2018-04-22T23:16:17.7206980+01:00 0HLD8JQBL8K6S:00000008 [INF] Sending file. Request path: '"/js/skins/lightgray/fonts/tinymce.woff"'. Physical path: '"C:\Users\ozan\desktop\projects\tinix\src\Tinix\wwwroot\js\skins\lightgray\fonts\tinymce.woff"' (27b0a520)
2018-04-22T23:16:17.7446994+01:00 0HLD8JQBL8K6S:00000008 [INF] Request finished in 91.2972ms 200 application/font-woff (791a596a)
2018-04-22T23:16:20.5598604+01:00 0HLD8JQBL8K6S:00000009 [INF] Request starting HTTP/1.1 GET http://localhost:5000/Admin/Posts   (ca22a1cb)
2018-04-22T23:16:20.5708610+01:00 0HLD8JQBL8K6S:00000009 [INF] AuthenticationScheme: "Cookies" was successfully authenticated. (1805f3b3)
2018-04-22T23:16:20.5838618+01:00 0HLD8JQBL8K6S:00000009 [INF] Authorization was successful for user: "ozimax". (d7eb274a)
2018-04-22T23:16:20.5888620+01:00 0HLD8JQBL8K6S:00000009 [INF] Executing action method "Tinix.Controllers.AdminController.Posts (Tinix)" with arguments (null) - ModelState is Valid (ba7f4ac2)
2018-04-22T23:16:20.9928851+01:00 0HLD8JQBL8K6S:00000009 [INF] Executing ViewResult, running view at path "/Views/Admin/Posts.cshtml". (9707eebe)
2018-04-22T23:16:21.0228869+01:00 0HLD8JQBL8K6S:00000009 [INF] Executed action "Tinix.Controllers.AdminController.Posts (Tinix)" in 432.7604ms (afa2e885)
2018-04-22T23:16:21.0548887+01:00 0HLD8JQBL8K6S:00000009 [INF] Request finished in 475.4622ms 200 text/html; charset=utf-8 (791a596a)
2018-04-22T23:17:40.8044501+01:00 0HLD8JQBL8K6S:0000000A [INF] Request starting HTTP/1.1 POST http://localhost:5000/Admin/EditPost application/x-www-form-urlencoded 43 (ca22a1cb)
2018-04-22T23:17:40.8114505+01:00 0HLD8JQBL8K6S:0000000A [INF] AuthenticationScheme: "Cookies" was successfully authenticated. (1805f3b3)
2018-04-22T23:17:40.8154507+01:00 0HLD8JQBL8K6S:0000000A [ERR] Request matched multiple actions resulting in ambiguity. Matching actions: "Tinix.Controllers.AdminController.EditPost (Tinix)
Tinix.Controllers.AdminController.EditPost (Tinix)" (ab9a4111)
2018-04-22T23:17:41.1354690+01:00 0HLD8JQBL8K6S:0000000A [ERR] An unhandled exception has occurred while executing the request (cf926119)
Microsoft.AspNetCore.Mvc.Internal.AmbiguousActionException: Multiple actions matched. The following actions matched route data and had all constraints satisfied:

Tinix.Controllers.AdminController.EditPost (Tinix)
Tinix.Controllers.AdminController.EditPost (Tinix)
   at Microsoft.AspNetCore.Mvc.Internal.ActionSelector.SelectBestCandidate(RouteContext context, IReadOnlyList`1 candidates)
   at Microsoft.AspNetCore.Mvc.Internal.MvcRouteHandler.RouteAsync(RouteContext context)
   at Microsoft.AspNetCore.Routing.Route.OnRouteMatched(RouteContext context)
   at Microsoft.AspNetCore.Routing.RouteBase.RouteAsync(RouteContext context)
   at Microsoft.AspNetCore.Routing.RouteCollection.<RouteAsync>d__9.MoveNext()
--- End of stack trace from previous location where exception was thrown ---
   at System.Runtime.ExceptionServices.ExceptionDispatchInfo.Throw()
   at System.Runtime.CompilerServices.TaskAwaiter.HandleNonSuccessAndDebuggerNotification(Task task)
   at Microsoft.AspNetCore.Builder.RouterMiddleware.<Invoke>d__4.MoveNext()
--- End of stack trace from previous location where exception was thrown ---
   at System.Runtime.ExceptionServices.ExceptionDispatchInfo.Throw()
   at System.Runtime.CompilerServices.TaskAwaiter.HandleNonSuccessAndDebuggerNotification(Task task)
   at Microsoft.AspNetCore.Diagnostics.DeveloperExceptionPageMiddleware.<Invoke>d__7.MoveNext()
2018-04-22T23:17:41.2954782+01:00 0HLD8JQBL8K6S:0000000A [INF] Request finished in 496.7487ms 500 text/html; charset=utf-8 (791a596a)
2018-04-22T23:19:53.6490484+01:00 0HLD8JSLRQN9S:00000001 [INF] Request starting HTTP/1.1 GET http://localhost:5000/   (ca22a1cb)
2018-04-22T23:19:53.7460539+01:00 0HLD8JSLRQN9S:00000001 [INF] AuthenticationScheme: "Cookies" was successfully authenticated. (1805f3b3)
2018-04-22T23:19:54.0420709+01:00 0HLD8JSLRQN9S:00000001 [INF] Executing action method "Tinix.Controllers.HomeController.Index (Tinix)" with arguments ([""]) - ModelState is Valid (ba7f4ac2)
2018-04-22T23:19:57.7592835+01:00 0HLD8JSLRQN9S:00000001 [INF] Executing ViewResult, running view at path "/Views/Home/Index.cshtml". (9707eebe)
2018-04-22T23:19:59.7503974+01:00 0HLD8JSLRQN9S:00000001 [INF] Executed action "Tinix.Controllers.HomeController.Index (Tinix)" in 5650.985ms (afa2e885)
2018-04-22T23:19:59.7713986+01:00 0HLD8JSLRQN9S:00000001 [INF] Request finished in 6123.5731ms 200 text/html; charset=utf-8 (791a596a)
2018-04-22T23:20:07.2958289+01:00 0HLD8JSLRQN9S:00000002 [INF] Request starting HTTP/1.1 GET http://localhost:5000/admin/login   (ca22a1cb)
2018-04-22T23:20:07.3178302+01:00 0HLD8JSLRQN9S:00000002 [INF] AuthenticationScheme: "Cookies" was successfully authenticated. (1805f3b3)
2018-04-22T23:20:07.3598326+01:00 0HLD8JSLRQN9S:00000002 [INF] Executing action method "Tinix.Controllers.AdminController.Login (Tinix)" with arguments (null) - ModelState is Valid (ba7f4ac2)
2018-04-22T23:20:07.8908630+01:00 0HLD8JSLRQN9S:00000002 [INF] Executing ViewResult, running view at path "/Views/Admin/Login.cshtml". (9707eebe)
2018-04-22T23:20:08.3728905+01:00 0HLD8JSLRQN9S:00000002 [INF] Executed action "Tinix.Controllers.AdminController.Login (Tinix)" in 1037.2791ms (afa2e885)
2018-04-22T23:20:08.3768908+01:00 0HLD8JSLRQN9S:00000002 [INF] Request finished in 1108.2979ms 200 text/html; charset=utf-8 (791a596a)
2018-04-22T23:20:20.1875663+01:00 0HLD8JSLRQN9S:00000003 [INF] Request starting HTTP/1.1 POST http://localhost:5000/Admin/Login application/x-www-form-urlencoded 51 (ca22a1cb)
2018-04-22T23:20:20.1965668+01:00 0HLD8JSLRQN9S:00000003 [INF] AuthenticationScheme: "Cookies" was successfully authenticated. (1805f3b3)
2018-04-22T23:20:20.2695710+01:00 0HLD8JSLRQN9S:00000003 [INF] Executing action method "Tinix.Controllers.AdminController.Login (Tinix)" with arguments (["Tinix.Models.LoginViewModel"]) - ModelState is Valid (ba7f4ac2)
2018-04-22T23:20:20.3435752+01:00 0HLD8JSLRQN9S:00000003 [INF] AuthenticationScheme: "Cookies" signed in. (c66dd7e7)
2018-04-22T23:20:20.3485755+01:00 0HLD8JSLRQN9S:00000003 [INF] Executing RedirectResult, redirecting to "/Admin/NewPost". (d98d540e)
2018-04-22T23:20:20.3515757+01:00 0HLD8JSLRQN9S:00000003 [INF] Executed action "Tinix.Controllers.AdminController.Login (Tinix)" in 136.3823ms (afa2e885)
2018-04-22T23:20:20.3565760+01:00 0HLD8JSLRQN9S:00000003 [INF] Request finished in 181.9572ms 302  (791a596a)
2018-04-22T23:20:20.3635764+01:00 0HLD8JSLRQN9S:00000004 [INF] Request starting HTTP/1.1 GET http://localhost:5000/Admin/NewPost   (ca22a1cb)
2018-04-22T23:20:20.3665765+01:00 0HLD8JSLRQN9S:00000004 [INF] AuthenticationScheme: "Cookies" was successfully authenticated. (1805f3b3)
2018-04-22T23:20:20.3855776+01:00 0HLD8JSLRQN9S:00000004 [INF] Authorization was successful for user: "ozimax". (d7eb274a)
2018-04-22T23:20:20.3885778+01:00 0HLD8JSLRQN9S:00000004 [INF] Executing action method "Tinix.Controllers.AdminController.NewPost (Tinix)" with arguments (null) - ModelState is Valid (ba7f4ac2)
2018-04-22T23:20:20.6495927+01:00 0HLD8JSLRQN9S:00000004 [INF] Executing ViewResult, running view at path "/Views/Admin/NewPost.cshtml". (9707eebe)
2018-04-22T23:20:20.6905951+01:00 0HLD8JSLRQN9S:00000004 [INF] Executed action "Tinix.Controllers.AdminController.NewPost (Tinix)" in 315.3619ms (afa2e885)
2018-04-22T23:20:20.7225969+01:00 0HLD8JSLRQN9S:00000004 [INF] Request finished in 330.2564ms 200 text/html; charset=utf-8 (791a596a)
2018-04-22T23:20:22.7777144+01:00 0HLD8JSLRQN9S:00000005 [INF] Request starting HTTP/1.1 GET http://localhost:5000/Admin/Posts   (ca22a1cb)
2018-04-22T23:20:22.7837148+01:00 0HLD8JSLRQN9S:00000005 [INF] AuthenticationScheme: "Cookies" was successfully authenticated. (1805f3b3)
2018-04-22T23:20:22.7987156+01:00 0HLD8JSLRQN9S:00000005 [INF] Authorization was successful for user: "ozimax". (d7eb274a)
2018-04-22T23:20:22.8067161+01:00 0HLD8JSLRQN9S:00000005 [INF] Executing action method "Tinix.Controllers.AdminController.Posts (Tinix)" with arguments (null) - ModelState is Valid (ba7f4ac2)
2018-04-22T23:20:23.1127336+01:00 0HLD8JSLRQN9S:00000005 [INF] Executing ViewResult, running view at path "/Views/Admin/Posts.cshtml". (9707eebe)
2018-04-22T23:20:23.1287345+01:00 0HLD8JSLRQN9S:00000005 [INF] Executed action "Tinix.Controllers.AdminController.Posts (Tinix)" in 332.3594ms (afa2e885)
2018-04-22T23:20:23.1347349+01:00 0HLD8JSLRQN9S:00000005 [INF] Request finished in 365.4022ms 200 text/html; charset=utf-8 (791a596a)
2018-04-22T23:20:24.9658396+01:00 0HLD8JSLRQN9S:00000006 [INF] Request starting HTTP/1.1 POST http://localhost:5000/Admin/EditPost application/x-www-form-urlencoded 43 (ca22a1cb)
2018-04-22T23:20:24.9698398+01:00 0HLD8JSLRQN9S:00000006 [INF] AuthenticationScheme: "Cookies" was successfully authenticated. (1805f3b3)
2018-04-22T23:20:24.9888409+01:00 0HLD8JSLRQN9S:00000006 [INF] Authorization was successful for user: "ozimax". (d7eb274a)
2018-04-22T23:20:25.0088421+01:00 0HLD8JSLRQN9S:00000006 [INF] Executing action method "Tinix.Controllers.AdminController.EditPost (Tinix)" with arguments (["9b01c867-16f4-44f0-99b3-9f957d520ca9"]) - ModelState is Valid (ba7f4ac2)
2018-04-22T23:20:25.2748573+01:00 0HLD8JSLRQN9S:00000006 [INF] Executing ViewResult, running view at path "/Views/Admin/EditPost.cshtml". (9707eebe)
2018-04-22T23:20:25.2988586+01:00 0HLD8JSLRQN9S:00000006 [INF] Executed action "Tinix.Controllers.AdminController.EditPost (Tinix)" in 313.6643ms (afa2e885)
2018-04-22T23:20:25.3088592+01:00 0HLD8JSLRQN9S:00000006 [INF] Request finished in 369.081ms 200 text/html; charset=utf-8 (791a596a)
2018-04-22T23:21:23.5261891+01:00 0HLD8JSLRQN9S:00000007 [INF] Request starting HTTP/1.1 POST http://localhost:5000/Admin/EditPost application/x-www-form-urlencoded 43 (ca22a1cb)
2018-04-22T23:21:23.5321894+01:00 0HLD8JSLRQN9S:00000007 [INF] AuthenticationScheme: "Cookies" was successfully authenticated. (1805f3b3)
2018-04-22T23:21:23.5401899+01:00 0HLD8JSLRQN9S:00000007 [INF] Authorization was successful for user: "ozimax". (d7eb274a)
2018-04-22T23:21:23.5441901+01:00 0HLD8JSLRQN9S:00000007 [INF] Executing action method "Tinix.Controllers.AdminController.EditPost (Tinix)" with arguments (["9b01c867-16f4-44f0-99b3-9f957d520ca9"]) - ModelState is Valid (ba7f4ac2)
2018-04-22T23:21:23.8382069+01:00 0HLD8JSLRQN9S:00000007 [INF] Executing ViewResult, running view at path "/Views/Admin/EditPost.cshtml". (9707eebe)
2018-04-22T23:21:23.8612082+01:00 0HLD8JSLRQN9S:00000007 [INF] Executed action "Tinix.Controllers.AdminController.EditPost (Tinix)" in 325.7985ms (afa2e885)
2018-04-22T23:21:23.8652085+01:00 0HLD8JSLRQN9S:00000007 [INF] Request finished in 349.3377ms 200 text/html; charset=utf-8 (791a596a)
2018-04-22T23:21:24.3442359+01:00 0HLD8JSLRQN9S:00000008 [INF] Request starting HTTP/1.1 GET http://localhost:5000/favicon.ico   (ca22a1cb)
2018-04-22T23:21:24.3652371+01:00 0HLD8JSLRQN9S:00000008 [INF] AuthenticationScheme: "Cookies" was successfully authenticated. (1805f3b3)
2018-04-22T23:21:24.3882384+01:00 0HLD8JSLRQN9S:00000008 [INF] Sending file. Request path: '"/favicon.ico"'. Physical path: '"C:\Users\ozan\desktop\projects\tinix\src\Tinix\wwwroot\favicon.ico"' (27b0a520)
2018-04-22T23:21:24.4272406+01:00 0HLD8JSLRQN9S:00000008 [INF] Request finished in 87.8339ms 200 image/x-icon (791a596a)
2018-04-22T23:26:49.7288468+01:00 0HLD8K0HSVJEU:00000001 [INF] Request starting HTTP/1.1 GET http://localhost:5000/   (ca22a1cb)
2018-04-22T23:26:49.8438534+01:00 0HLD8K0HSVJEU:00000001 [INF] AuthenticationScheme: "Cookies" was successfully authenticated. (1805f3b3)
2018-04-22T23:26:50.2498766+01:00 0HLD8K0HSVJEU:00000001 [INF] Executing action method "Tinix.Controllers.HomeController.Index (Tinix)" with arguments ([""]) - ModelState is Valid (ba7f4ac2)
2018-04-22T23:26:54.0150919+01:00 0HLD8K0HSVJEU:00000001 [INF] Executing ViewResult, running view at path "/Views/Home/Index.cshtml". (9707eebe)
2018-04-22T23:26:55.7981939+01:00 0HLD8K0HSVJEU:00000001 [INF] Executed action "Tinix.Controllers.HomeController.Index (Tinix)" in 5578.5913ms (afa2e885)
2018-04-22T23:26:55.8241954+01:00 0HLD8K0HSVJEU:00000001 [INF] Request finished in 6101.3905ms 200 text/html; charset=utf-8 (791a596a)
2018-04-22T23:26:59.8054231+01:00 0HLD8K0HSVJEU:00000002 [INF] Request starting HTTP/1.1 GET http://localhost:5000/Home/Detail/9b01c867-16f4-44f0-99b3-9f957d520ca9?name=ewqreqw   (ca22a1cb)
2018-04-22T23:26:59.8164238+01:00 0HLD8K0HSVJEU:00000002 [INF] AuthenticationScheme: "Cookies" was successfully authenticated. (1805f3b3)
2018-04-22T23:26:59.8774273+01:00 0HLD8K0HSVJEU:00000002 [INF] Executing action method "Tinix.Controllers.HomeController.Detail (Tinix)" with arguments (["9b01c867-16f4-44f0-99b3-9f957d520ca9", "ewqreqw"]) - ModelState is Valid (ba7f4ac2)
2018-04-22T23:27:00.1124407+01:00 0HLD8K0HSVJEU:00000002 [INF] Executing ViewResult, running view at path "/Views/Home/Detail.cshtml". (9707eebe)
2018-04-22T23:27:00.3494543+01:00 0HLD8K0HSVJEU:00000002 [INF] Executed action "Tinix.Controllers.HomeController.Detail (Tinix)" in 517.843ms (afa2e885)
2018-04-22T23:27:00.3624550+01:00 0HLD8K0HSVJEU:00000002 [INF] Request finished in 571.1753ms 200 text/html; charset=utf-8 (791a596a)
2018-04-22T23:27:06.9098295+01:00 0HLD8K0HSVJEU:00000003 [INF] Request starting HTTP/1.1 GET http://localhost:5000/admin/login   (ca22a1cb)
2018-04-22T23:27:06.9138297+01:00 0HLD8K0HSVJEU:00000003 [INF] AuthenticationScheme: "Cookies" was successfully authenticated. (1805f3b3)
2018-04-22T23:27:06.9358310+01:00 0HLD8K0HSVJEU:00000003 [INF] Executing action method "Tinix.Controllers.AdminController.Login (Tinix)" with arguments (null) - ModelState is Valid (ba7f4ac2)
2018-04-22T23:27:07.6488718+01:00 0HLD8K0HSVJEU:00000003 [INF] Executing ViewResult, running view at path "/Views/Admin/Login.cshtml". (9707eebe)
2018-04-22T23:27:08.1378997+01:00 0HLD8K0HSVJEU:00000003 [INF] Executed action "Tinix.Controllers.AdminController.Login (Tinix)" in 1149.3058ms (afa2e885)
2018-04-22T23:27:08.1509005+01:00 0HLD8K0HSVJEU:00000003 [INF] Request finished in 1232.0129ms 200 text/html; charset=utf-8 (791a596a)
2018-04-22T23:27:19.4615474+01:00 0HLD8K0HSVJEU:00000004 [INF] Request starting HTTP/1.1 POST http://localhost:5000/Admin/Login application/x-www-form-urlencoded 51 (ca22a1cb)
2018-04-22T23:27:19.4685478+01:00 0HLD8K0HSVJEU:00000004 [INF] AuthenticationScheme: "Cookies" was successfully authenticated. (1805f3b3)
2018-04-22T23:27:19.5335515+01:00 0HLD8K0HSVJEU:00000004 [INF] Executing action method "Tinix.Controllers.AdminController.Login (Tinix)" with arguments (["Tinix.Models.LoginViewModel"]) - ModelState is Valid (ba7f4ac2)
2018-04-22T23:27:19.6195564+01:00 0HLD8K0HSVJEU:00000004 [INF] AuthenticationScheme: "Cookies" signed in. (c66dd7e7)
2018-04-22T23:27:19.6245567+01:00 0HLD8K0HSVJEU:00000004 [INF] Executing RedirectResult, redirecting to "/Admin/NewPost". (d98d540e)
2018-04-22T23:27:19.6295570+01:00 0HLD8K0HSVJEU:00000004 [INF] Executed action "Tinix.Controllers.AdminController.Login (Tinix)" in 133.9663ms (afa2e885)
2018-04-22T23:27:19.6405576+01:00 0HLD8K0HSVJEU:00000004 [INF] Request finished in 180.373ms 302  (791a596a)
2018-04-22T23:27:19.7085615+01:00 0HLD8K0HSVJEU:00000005 [INF] Request starting HTTP/1.1 GET http://localhost:5000/Admin/NewPost   (ca22a1cb)
2018-04-22T23:27:19.7135618+01:00 0HLD8K0HSVJEU:00000005 [INF] AuthenticationScheme: "Cookies" was successfully authenticated. (1805f3b3)
2018-04-22T23:27:19.7525640+01:00 0HLD8K0HSVJEU:00000005 [INF] Authorization was successful for user: "ozimax". (d7eb274a)
2018-04-22T23:27:19.7575643+01:00 0HLD8K0HSVJEU:00000005 [INF] Executing action method "Tinix.Controllers.AdminController.NewPost (Tinix)" with arguments (null) - ModelState is Valid (ba7f4ac2)
2018-04-22T23:27:20.0695822+01:00 0HLD8K0HSVJEU:00000005 [INF] Executing ViewResult, running view at path "/Views/Admin/NewPost.cshtml". (9707eebe)
2018-04-22T23:27:20.1875889+01:00 0HLD8K0HSVJEU:00000005 [INF] Executed action "Tinix.Controllers.AdminController.NewPost (Tinix)" in 380.3718ms (afa2e885)
2018-04-22T23:27:20.2485924+01:00 0HLD8K0HSVJEU:00000005 [INF] Request finished in 507.8318ms 200 text/html; charset=utf-8 (791a596a)
2018-04-22T23:27:23.4517756+01:00 0HLD8K0HSVJEU:00000006 [INF] Request starting HTTP/1.1 POST http://localhost:5000/Admin/LogOff application/x-www-form-urlencoded 0 (ca22a1cb)
2018-04-22T23:27:23.4667765+01:00 0HLD8K0HSVJEU:00000006 [INF] AuthenticationScheme: "Cookies" was successfully authenticated. (1805f3b3)
2018-04-22T23:27:23.4857776+01:00 0HLD8K0HSVJEU:00000006 [INF] Executing action method "Tinix.Controllers.AdminController.LogOff (Tinix)" with arguments (null) - ModelState is Valid (ba7f4ac2)
2018-04-22T23:27:23.4977783+01:00 0HLD8K0HSVJEU:00000006 [INF] AuthenticationScheme: "Cookies" signed out. (d3f50c8d)
2018-04-22T23:27:23.5007784+01:00 0HLD8K0HSVJEU:00000006 [INF] Executing RedirectResult, redirecting to "/". (d98d540e)
2018-04-22T23:27:23.5037786+01:00 0HLD8K0HSVJEU:00000006 [INF] Executed action "Tinix.Controllers.AdminController.LogOff (Tinix)" in 20.8148ms (afa2e885)
2018-04-22T23:27:23.5127791+01:00 0HLD8K0HSVJEU:00000006 [INF] Request finished in 92.9929ms 302  (791a596a)
2018-04-22T23:27:23.5167793+01:00 0HLD8K0HSVJEU:00000007 [INF] Request starting HTTP/1.1 GET http://localhost:5000/   (ca22a1cb)
2018-04-22T23:27:23.5207796+01:00 0HLD8K0HSVJEU:00000007 [INF] Executing action method "Tinix.Controllers.HomeController.Index (Tinix)" with arguments ([""]) - ModelState is Valid (ba7f4ac2)
2018-04-22T23:27:23.5297801+01:00 0HLD8K0HSVJEU:00000007 [INF] Executing ViewResult, running view at path "/Views/Home/Index.cshtml". (9707eebe)
2018-04-22T23:27:23.5377805+01:00 0HLD8K0HSVJEU:00000007 [INF] Executed action "Tinix.Controllers.HomeController.Index (Tinix)" in 14.2222ms (afa2e885)
2018-04-22T23:27:23.5437809+01:00 0HLD8K0HSVJEU:00000007 [INF] Request finished in 24.0383ms 200 text/html; charset=utf-8 (791a596a)
2018-04-22T23:27:28.4790632+01:00 0HLD8K0HSVJEU:00000008 [INF] Request starting HTTP/1.1 GET http://localhost:5000/admin/login   (ca22a1cb)
2018-04-22T23:27:28.4860636+01:00 0HLD8K0HSVJEU:00000008 [INF] Executing action method "Tinix.Controllers.AdminController.Login (Tinix)" with arguments (null) - ModelState is Valid (ba7f4ac2)
2018-04-22T23:27:28.4880637+01:00 0HLD8K0HSVJEU:00000008 [INF] Executing ViewResult, running view at path "/Views/Admin/Login.cshtml". (9707eebe)
2018-04-22T23:27:28.4960641+01:00 0HLD8K0HSVJEU:00000008 [INF] Executed action "Tinix.Controllers.AdminController.Login (Tinix)" in 9.8711ms (afa2e885)
2018-04-22T23:27:28.4990643+01:00 0HLD8K0HSVJEU:00000008 [INF] Request finished in 22.247ms 200 text/html; charset=utf-8 (791a596a)
2018-04-22T23:27:39.9967219+01:00 0HLD8K0HSVJEU:00000009 [INF] Request starting HTTP/1.1 POST http://localhost:5000/Admin/Login application/x-www-form-urlencoded 51 (ca22a1cb)
2018-04-22T23:27:40.0117228+01:00 0HLD8K0HSVJEU:00000009 [INF] Executing action method "Tinix.Controllers.AdminController.Login (Tinix)" with arguments (["Tinix.Models.LoginViewModel"]) - ModelState is Valid (ba7f4ac2)
2018-04-22T23:27:40.0827269+01:00 0HLD8K0HSVJEU:00000009 [INF] AuthenticationScheme: "Cookies" signed in. (c66dd7e7)
2018-04-22T23:27:40.0857270+01:00 0HLD8K0HSVJEU:00000009 [INF] Executing RedirectResult, redirecting to "/Admin/NewPost". (d98d540e)
2018-04-22T23:27:40.0887272+01:00 0HLD8K0HSVJEU:00000009 [INF] Executed action "Tinix.Controllers.AdminController.Login (Tinix)" in 88.6321ms (afa2e885)
2018-04-22T23:27:40.0947275+01:00 0HLD8K0HSVJEU:00000009 [INF] Request finished in 98.215ms 302  (791a596a)
2018-04-22T23:27:40.1137286+01:00 0HLD8K0HSVJEU:0000000A [INF] Request starting HTTP/1.1 GET http://localhost:5000/Admin/NewPost   (ca22a1cb)
2018-04-22T23:27:40.1187289+01:00 0HLD8K0HSVJEU:0000000A [INF] AuthenticationScheme: "Cookies" was successfully authenticated. (1805f3b3)
2018-04-22T23:27:40.1217291+01:00 0HLD8K0HSVJEU:0000000A [INF] Authorization was successful for user: "ozimax". (d7eb274a)
2018-04-22T23:27:40.1297296+01:00 0HLD8K0HSVJEU:0000000A [INF] Executing action method "Tinix.Controllers.AdminController.NewPost (Tinix)" with arguments (null) - ModelState is Valid (ba7f4ac2)
2018-04-22T23:27:40.1327297+01:00 0HLD8K0HSVJEU:0000000A [INF] Executing ViewResult, running view at path "/Views/Admin/NewPost.cshtml". (9707eebe)
2018-04-22T23:27:40.1387301+01:00 0HLD8K0HSVJEU:0000000A [INF] Executed action "Tinix.Controllers.AdminController.NewPost (Tinix)" in 15.415ms (afa2e885)
2018-04-22T23:27:40.1457305+01:00 0HLD8K0HSVJEU:0000000A [INF] Request finished in 28.4193ms 200 text/html; charset=utf-8 (791a596a)
2018-04-22T23:27:41.8958306+01:00 0HLD8K0HSVJEU:0000000B [INF] Request starting HTTP/1.1 GET http://localhost:5000/Admin/Posts   (ca22a1cb)
2018-04-22T23:27:41.9078313+01:00 0HLD8K0HSVJEU:0000000B [INF] AuthenticationScheme: "Cookies" was successfully authenticated. (1805f3b3)
2018-04-22T23:27:41.9218321+01:00 0HLD8K0HSVJEU:0000000B [INF] Authorization was successful for user: "ozimax". (d7eb274a)
2018-04-22T23:27:41.9258323+01:00 0HLD8K0HSVJEU:0000000B [INF] Executing action method "Tinix.Controllers.AdminController.Posts (Tinix)" with arguments (null) - ModelState is Valid (ba7f4ac2)
2018-04-22T23:27:42.1908474+01:00 0HLD8K0HSVJEU:0000000B [INF] Executing ViewResult, running view at path "/Views/Admin/Posts.cshtml". (9707eebe)
2018-04-22T23:27:42.2118486+01:00 0HLD8K0HSVJEU:0000000B [INF] Executed action "Tinix.Controllers.AdminController.Posts (Tinix)" in 290.2972ms (afa2e885)
2018-04-22T23:27:42.2888530+01:00 0HLD8K0HSVJEU:0000000B [INF] Request finished in 323.5439ms 200 text/html; charset=utf-8 (791a596a)
2018-04-22T23:27:48.1321873+01:00 0HLD8K0HSVJEU:0000000C [INF] Request starting HTTP/1.1 POST http://localhost:5000/Admin/EditPost application/x-www-form-urlencoded 43 (ca22a1cb)
2018-04-22T23:27:48.1371876+01:00 0HLD8K0HSVJEU:0000000C [INF] AuthenticationScheme: "Cookies" was successfully authenticated. (1805f3b3)
2018-04-22T23:27:48.1511884+01:00 0HLD8K0HSVJEU:0000000C [INF] Authorization was successful for user: "ozimax". (d7eb274a)
2018-04-22T23:27:48.1561886+01:00 0HLD8K0HSVJEU:0000000C [INF] Executing action method "Tinix.Controllers.AdminController.EditPost (Tinix)" with arguments (["1d1625df-0760-411b-92b6-6e13885db8aa"]) - ModelState is Valid (ba7f4ac2)
2018-04-22T23:27:48.4022027+01:00 0HLD8K0HSVJEU:0000000C [INF] Executing ViewResult, running view at path "/Views/Admin/EditPost.cshtml". (9707eebe)
2018-04-22T23:27:48.4292043+01:00 0HLD8K0HSVJEU:0000000C [INF] Executed action "Tinix.Controllers.AdminController.EditPost (Tinix)" in 274.3732ms (afa2e885)
2018-04-22T23:27:48.4622061+01:00 0HLD8K0HSVJEU:0000000C [INF] Request finished in 305.0242ms 200 text/html; charset=utf-8 (791a596a)
2018-04-22T23:27:52.3924309+01:00 0HLD8K0HSVJEU:0000000D [INF] Request starting HTTP/1.1 GET http://localhost:5000/Admin/Posts   (ca22a1cb)
2018-04-22T23:27:52.4004314+01:00 0HLD8K0HSVJEU:0000000D [INF] AuthenticationScheme: "Cookies" was successfully authenticated. (1805f3b3)
2018-04-22T23:27:52.4044316+01:00 0HLD8K0HSVJEU:0000000D [INF] Authorization was successful for user: "ozimax". (d7eb274a)
2018-04-22T23:27:52.4104320+01:00 0HLD8K0HSVJEU:0000000D [INF] Executing action method "Tinix.Controllers.AdminController.Posts (Tinix)" with arguments (null) - ModelState is Valid (ba7f4ac2)
2018-04-22T23:27:52.4164323+01:00 0HLD8K0HSVJEU:0000000D [INF] Executing ViewResult, running view at path "/Views/Admin/Posts.cshtml". (9707eebe)
2018-04-22T23:27:52.4434339+01:00 0HLD8K0HSVJEU:0000000D [INF] Executed action "Tinix.Controllers.AdminController.Posts (Tinix)" in 17.7032ms (afa2e885)
2018-04-22T23:27:52.4794359+01:00 0HLD8K0HSVJEU:0000000D [INF] Request finished in 63.0099ms 200 text/html; charset=utf-8 (791a596a)
2018-04-22T23:27:54.6845620+01:00 0HLD8K0HSVJEU:0000000E [INF] Request starting HTTP/1.1 POST http://localhost:5000/Admin/EditPost application/x-www-form-urlencoded 43 (ca22a1cb)
2018-04-22T23:27:54.6965627+01:00 0HLD8K0HSVJEU:0000000E [INF] AuthenticationScheme: "Cookies" was successfully authenticated. (1805f3b3)
2018-04-22T23:27:54.7035631+01:00 0HLD8K0HSVJEU:0000000E [INF] Authorization was successful for user: "ozimax". (d7eb274a)
2018-04-22T23:27:54.7075634+01:00 0HLD8K0HSVJEU:0000000E [INF] Executing action method "Tinix.Controllers.AdminController.EditPost (Tinix)" with arguments (["c0e6728a-a82a-4d32-b55f-38a09f77fe9d"]) - ModelState is Valid (ba7f4ac2)
2018-04-22T23:27:54.7105635+01:00 0HLD8K0HSVJEU:0000000E [INF] Executing ViewResult, running view at path "/Views/Admin/EditPost.cshtml". (9707eebe)
2018-04-22T23:27:54.7315647+01:00 0HLD8K0HSVJEU:0000000E [INF] Executed action "Tinix.Controllers.AdminController.EditPost (Tinix)" in 18.285ms (afa2e885)
2018-04-22T23:27:54.7785674+01:00 0HLD8K0HSVJEU:0000000E [INF] Request finished in 82.1706ms 200 text/html; charset=utf-8 (791a596a)
2018-04-22T23:28:09.0963863+01:00 0HLD8K0HSVJEU:0000000F [INF] Request starting HTTP/1.1 POST http://localhost:5000/Admin/Edit application/x-www-form-urlencoded 238 (ca22a1cb)
2018-04-22T23:28:09.0993865+01:00 0HLD8K0HSVJEU:0000000F [INF] AuthenticationScheme: "Cookies" was successfully authenticated. (1805f3b3)
2018-04-22T23:28:09.1143874+01:00 0HLD8K0HSVJEU:0000000F [INF] Authorization was successful for user: "ozimax". (d7eb274a)
2018-04-22T23:28:09.1203877+01:00 0HLD8K0HSVJEU:0000000F [INF] Executing action method "Tinix.Controllers.AdminController.Edit (Tinix)" with arguments (["Tinix.Models.NewPostViewModel"]) - ModelState is Valid (ba7f4ac2)
2018-04-22T23:30:20.8629230+01:00 0HLD8K2GTRNJH:00000001 [INF] Request starting HTTP/1.1 GET http://localhost:5000/   (ca22a1cb)
2018-04-22T23:30:20.9669289+01:00 0HLD8K2GTRNJH:00000001 [INF] AuthenticationScheme: "Cookies" was successfully authenticated. (1805f3b3)
2018-04-22T23:30:21.2769466+01:00 0HLD8K2GTRNJH:00000001 [INF] Executing action method "Tinix.Controllers.HomeController.Index (Tinix)" with arguments ([""]) - ModelState is Valid (ba7f4ac2)
2018-04-22T23:30:25.0431621+01:00 0HLD8K2GTRNJH:00000001 [INF] Executing ViewResult, running view at path "/Views/Home/Index.cshtml". (9707eebe)
2018-04-22T23:30:26.8822673+01:00 0HLD8K2GTRNJH:00000001 [INF] Executed action "Tinix.Controllers.HomeController.Index (Tinix)" in 5625.8597ms (afa2e885)
2018-04-22T23:30:26.9492711+01:00 0HLD8K2GTRNJH:00000001 [INF] Request finished in 6087.1313ms 200 text/html; charset=utf-8 (791a596a)
2018-04-22T23:30:33.8986686+01:00 0HLD8K2GTRNJH:00000002 [INF] Request starting HTTP/1.1 GET http://localhost:5000/admin/login   (ca22a1cb)
2018-04-22T23:30:33.9226699+01:00 0HLD8K2GTRNJH:00000002 [INF] AuthenticationScheme: "Cookies" was successfully authenticated. (1805f3b3)
2018-04-22T23:30:33.9436711+01:00 0HLD8K2GTRNJH:00000002 [INF] Executing action method "Tinix.Controllers.AdminController.Login (Tinix)" with arguments (null) - ModelState is Valid (ba7f4ac2)
2018-04-22T23:30:34.6367108+01:00 0HLD8K2GTRNJH:00000002 [INF] Executing ViewResult, running view at path "/Views/Admin/Login.cshtml". (9707eebe)
2018-04-22T23:30:35.1647410+01:00 0HLD8K2GTRNJH:00000002 [INF] Executed action "Tinix.Controllers.AdminController.Login (Tinix)" in 1164.5404ms (afa2e885)
2018-04-22T23:30:35.2197441+01:00 0HLD8K2GTRNJH:00000002 [INF] Request finished in 1277.6009ms 200 text/html; charset=utf-8 (791a596a)
2018-04-22T23:30:47.8544668+01:00 0HLD8K2GTRNJH:00000003 [INF] Request starting HTTP/1.1 POST http://localhost:5000/Admin/Login application/x-www-form-urlencoded 51 (ca22a1cb)
2018-04-22T23:30:47.8684676+01:00 0HLD8K2GTRNJH:00000003 [INF] AuthenticationScheme: "Cookies" was successfully authenticated. (1805f3b3)
2018-04-22T23:30:47.9544725+01:00 0HLD8K2GTRNJH:00000003 [INF] Executing action method "Tinix.Controllers.AdminController.Login (Tinix)" with arguments (["Tinix.Models.LoginViewModel"]) - ModelState is Valid (ba7f4ac2)
2018-04-22T23:30:48.0604786+01:00 0HLD8K2GTRNJH:00000003 [INF] AuthenticationScheme: "Cookies" signed in. (c66dd7e7)
2018-04-22T23:30:48.0674790+01:00 0HLD8K2GTRNJH:00000003 [INF] Executing RedirectResult, redirecting to "/Admin/NewPost". (d98d540e)
2018-04-22T23:30:48.0724793+01:00 0HLD8K2GTRNJH:00000003 [INF] Executed action "Tinix.Controllers.AdminController.Login (Tinix)" in 179.3999ms (afa2e885)
2018-04-22T23:30:48.0824798+01:00 0HLD8K2GTRNJH:00000003 [INF] Request finished in 241.3276ms 302  (791a596a)
2018-04-22T23:30:48.0894802+01:00 0HLD8K2GTRNJH:00000004 [INF] Request starting HTTP/1.1 GET http://localhost:5000/Admin/NewPost   (ca22a1cb)
2018-04-22T23:30:48.0974807+01:00 0HLD8K2GTRNJH:00000004 [INF] AuthenticationScheme: "Cookies" was successfully authenticated. (1805f3b3)
2018-04-22T23:30:48.1204820+01:00 0HLD8K2GTRNJH:00000004 [INF] Authorization was successful for user: "ozimax". (d7eb274a)
2018-04-22T23:30:48.1244822+01:00 0HLD8K2GTRNJH:00000004 [INF] Executing action method "Tinix.Controllers.AdminController.NewPost (Tinix)" with arguments (null) - ModelState is Valid (ba7f4ac2)
2018-04-22T23:30:48.3814969+01:00 0HLD8K2GTRNJH:00000004 [INF] Executing ViewResult, running view at path "/Views/Admin/NewPost.cshtml". (9707eebe)
2018-04-22T23:30:48.4204992+01:00 0HLD8K2GTRNJH:00000004 [INF] Executed action "Tinix.Controllers.AdminController.NewPost (Tinix)" in 308.1517ms (afa2e885)
2018-04-22T23:30:48.4284996+01:00 0HLD8K2GTRNJH:00000004 [INF] Request finished in 339.0742ms 200 text/html; charset=utf-8 (791a596a)
2018-04-22T23:30:51.1936578+01:00 0HLD8K2GTRNJH:00000005 [INF] Request starting HTTP/1.1 GET http://localhost:5000/Admin/Posts   (ca22a1cb)
2018-04-22T23:30:51.2016582+01:00 0HLD8K2GTRNJH:00000005 [INF] AuthenticationScheme: "Cookies" was successfully authenticated. (1805f3b3)
2018-04-22T23:30:51.2216594+01:00 0HLD8K2GTRNJH:00000005 [INF] Authorization was successful for user: "ozimax". (d7eb274a)
2018-04-22T23:30:51.2266597+01:00 0HLD8K2GTRNJH:00000005 [INF] Executing action method "Tinix.Controllers.AdminController.Posts (Tinix)" with arguments (null) - ModelState is Valid (ba7f4ac2)
2018-04-22T23:30:51.4876746+01:00 0HLD8K2GTRNJH:00000005 [INF] Executing ViewResult, running view at path "/Views/Admin/Posts.cshtml". (9707eebe)
2018-04-22T23:30:51.5046756+01:00 0HLD8K2GTRNJH:00000005 [INF] Executed action "Tinix.Controllers.AdminController.Posts (Tinix)" in 283.4084ms (afa2e885)
2018-04-22T23:30:51.5126760+01:00 0HLD8K2GTRNJH:00000005 [INF] Request finished in 324.6201ms 200 text/html; charset=utf-8 (791a596a)
2018-04-22T23:30:53.8758112+01:00 0HLD8K2GTRNJH:00000006 [INF] Request starting HTTP/1.1 POST http://localhost:5000/Admin/EditPost application/x-www-form-urlencoded 43 (ca22a1cb)
2018-04-22T23:30:53.8908121+01:00 0HLD8K2GTRNJH:00000006 [INF] AuthenticationScheme: "Cookies" was successfully authenticated. (1805f3b3)
2018-04-22T23:30:53.9038128+01:00 0HLD8K2GTRNJH:00000006 [INF] Authorization was successful for user: "ozimax". (d7eb274a)
2018-04-22T23:30:53.9078130+01:00 0HLD8K2GTRNJH:00000006 [INF] Executing action method "Tinix.Controllers.AdminController.EditPost (Tinix)" with arguments (["c0e6728a-a82a-4d32-b55f-38a09f77fe9d"]) - ModelState is Valid (ba7f4ac2)
2018-04-22T23:30:54.1978296+01:00 0HLD8K2GTRNJH:00000006 [INF] Executing ViewResult, running view at path "/Views/Admin/EditPost.cshtml". (9707eebe)
2018-04-22T23:30:54.2198309+01:00 0HLD8K2GTRNJH:00000006 [INF] Executed action "Tinix.Controllers.AdminController.EditPost (Tinix)" in 318.9148ms (afa2e885)
2018-04-22T23:30:54.2238311+01:00 0HLD8K2GTRNJH:00000006 [INF] Request finished in 355.0458ms 200 text/html; charset=utf-8 (791a596a)
2018-04-22T23:31:05.9395012+01:00 0HLD8K2GTRNJR:00000001 [INF] Request starting HTTP/1.1 POST http://localhost:5000/Admin/Edit application/x-www-form-urlencoded 291 (ca22a1cb)
2018-04-22T23:31:05.9465016+01:00 0HLD8K2GTRNJR:00000001 [INF] AuthenticationScheme: "Cookies" was successfully authenticated. (1805f3b3)
2018-04-22T23:31:05.9605024+01:00 0HLD8K2GTRNJR:00000001 [INF] Authorization was successful for user: "ozimax". (d7eb274a)
2018-04-22T23:31:05.9665027+01:00 0HLD8K2GTRNJR:00000001 [INF] Executing action method "Tinix.Controllers.AdminController.Edit (Tinix)" with arguments (["Tinix.Models.EditPostViewModel"]) - ModelState is Valid (ba7f4ac2)
