2018-05-20T16:58:14.5956469+01:00 0HLDUD9V0MBAG:00000001 [INF] Request starting HTTP/1.1 GET http://localhost:5000/   (ca22a1cb)
2018-05-20T16:58:14.7536559+01:00 0HLDUD9V0MBAG:00000001 [INF] "Cookies" was not authenticated. Failure message: "Unprotect ticket failed" (48071232)
2018-05-20T16:58:15.4386951+01:00 0HLDUD9V0MBAG:00000001 [INF] Executing action method "Tinix.Controllers.HomeController.Index (Tinix)" with arguments ([""]) - ModelState is Valid (ba7f4ac2)
2018-05-20T16:58:19.1609080+01:00 0HLDUD9V0MBAG:00000001 [INF] Executing ViewResult, running view at path "/Views/Home/Index.cshtml". (9707eebe)
2018-05-20T16:58:20.6559935+01:00 0HLDUD9V0MBAG:00000001 [INF] Executed action "Tinix.Controllers.HomeController.Index (Tinix)" in 5226.7696ms (afa2e885)
2018-05-20T16:58:20.6649940+01:00 0HLDUD9V0MBAG:00000001 [INF] Request finished in 6097.0721ms 200 text/html; charset=utf-8 (791a596a)
2018-05-20T16:58:53.2898601+01:00 0HLDUD9V0MBAM:00000001 [INF] Request starting HTTP/1.1 GET http://localhost:5000/   (ca22a1cb)
2018-05-20T16:58:53.3138614+01:00 0HLDUD9V0MBAM:00000001 [INF] "Cookies" was not authenticated. Failure message: "Unprotect ticket failed" (48071232)
2018-05-20T16:58:53.3198618+01:00 0HLDUD9V0MBAM:00000001 [INF] Executing action method "Tinix.Controllers.HomeController.Index (Tinix)" with arguments ([""]) - ModelState is Valid (ba7f4ac2)
2018-05-20T16:58:57.8151189+01:00 0HLDUD9V0MBAM:00000001 [INF] Executing ViewResult, running view at path "/Views/Home/Index.cshtml". (9707eebe)
2018-05-20T16:58:57.8201192+01:00 0HLDUD9V0MBAM:00000001 [INF] Executed action "Tinix.Controllers.HomeController.Index (Tinix)" in 4500.4189ms (afa2e885)
2018-05-20T16:58:57.8911232+01:00 0HLDUD9V0MBAM:00000001 [INF] Request finished in 4534.4978ms 200 text/html; charset=utf-8 (791a596a)
2018-05-20T16:58:57.9581271+01:00 0HLDUD9V0MBAM:00000002 [INF] Request starting HTTP/1.1 GET http://localhost:5000/favicon.ico   (ca22a1cb)
2018-05-20T16:58:57.9761281+01:00 0HLDUD9V0MBAM:00000002 [INF] "Cookies" was not authenticated. Failure message: "Unprotect ticket failed" (48071232)
2018-05-20T16:58:57.9861287+01:00 0HLDUD9V0MBAM:00000002 [INF] Sending file. Request path: '"/favicon.ico"'. Physical path: '"C:\Users\ozan\desktop\projects\tinix\src\Tinix\wwwroot\favicon.ico"' (27b0a520)
2018-05-20T16:58:57.9921290+01:00 0HLDUD9V0MBAM:00000002 [INF] Request finished in 35.956ms 200 image/x-icon (791a596a)
2018-05-20T16:59:05.0065302+01:00 0HLDUD9V0MBAM:00000003 [INF] Request starting HTTP/1.1 GET http://localhost:5000/admin/login   (ca22a1cb)
2018-05-20T16:59:05.0165308+01:00 0HLDUD9V0MBAM:00000003 [INF] "Cookies" was not authenticated. Failure message: "Unprotect ticket failed" (48071232)
2018-05-20T16:59:05.0345318+01:00 0HLDUD9V0MBAM:00000003 [INF] Executing action method "Tinix.Controllers.AdminController.Login (Tinix)" with arguments (null) - ModelState is Valid (ba7f4ac2)
2018-05-20T16:59:05.6595676+01:00 0HLDUD9V0MBAM:00000003 [INF] Executing ViewResult, running view at path "/Views/Admin/Login.cshtml". (9707eebe)
2018-05-20T16:59:06.0755914+01:00 0HLDUD9V0MBAM:00000003 [INF] Executed action "Tinix.Controllers.AdminController.Login (Tinix)" in 1041.777ms (afa2e885)
2018-05-20T16:59:06.0785915+01:00 0HLDUD9V0MBAM:00000003 [INF] Request finished in 1079.7488ms 200 text/html; charset=utf-8 (791a596a)
2018-05-20T16:59:14.9550992+01:00 0HLDUD9V0MBAM:00000004 [INF] Request starting HTTP/1.1 POST http://localhost:5000/Admin/Login application/x-www-form-urlencoded 34 (ca22a1cb)
2018-05-20T16:59:14.9721002+01:00 0HLDUD9V0MBAM:00000004 [INF] "Cookies" was not authenticated. Failure message: "Unprotect ticket failed" (48071232)
2018-05-20T16:59:15.0301035+01:00 0HLDUD9V0MBAM:00000004 [INF] Executing action method "Tinix.Controllers.AdminController.Login (Tinix)" with arguments (["Tinix.Models.LoginViewModel"]) - ModelState is Valid (ba7f4ac2)
2018-05-20T16:59:15.1071079+01:00 0HLDUD9V0MBAM:00000004 [INF] AuthenticationScheme: "Cookies" signed in. (c66dd7e7)
2018-05-20T16:59:15.1141083+01:00 0HLDUD9V0MBAM:00000004 [INF] Executing RedirectResult, redirecting to "/Admin/NewPost". (d98d540e)
2018-05-20T16:59:15.1191086+01:00 0HLDUD9V0MBAM:00000004 [INF] Executed action "Tinix.Controllers.AdminController.Login (Tinix)" in 127.8259ms (afa2e885)
2018-05-20T16:59:15.1281091+01:00 0HLDUD9V0MBAM:00000004 [INF] Request finished in 183.6817ms 302  (791a596a)
2018-05-20T16:59:15.1331094+01:00 0HLDUD9V0MBAM:00000005 [INF] Request starting HTTP/1.1 GET http://localhost:5000/Admin/NewPost   (ca22a1cb)
2018-05-20T16:59:15.1381097+01:00 0HLDUD9V0MBAM:00000005 [INF] AuthenticationScheme: "Cookies" was successfully authenticated. (1805f3b3)
2018-05-20T16:59:15.1621111+01:00 0HLDUD9V0MBAM:00000005 [INF] Authorization was successful for user: "ozimax". (d7eb274a)
2018-05-20T16:59:15.1651112+01:00 0HLDUD9V0MBAM:00000005 [INF] Executing action method "Tinix.Controllers.AdminController.NewPost (Tinix)" with arguments (null) - ModelState is Valid (ba7f4ac2)
2018-05-20T16:59:15.4111253+01:00 0HLDUD9V0MBAM:00000005 [INF] Executing ViewResult, running view at path "/Views/Admin/NewPost.cshtml". (9707eebe)
2018-05-20T16:59:15.4561279+01:00 0HLDUD9V0MBAM:00000005 [INF] Executed action "Tinix.Controllers.AdminController.NewPost (Tinix)" in 295.2918ms (afa2e885)
2018-05-20T16:59:15.4911299+01:00 0HLDUD9V0MBAM:00000005 [INF] Request finished in 326.54ms 200 text/html; charset=utf-8 (791a596a)
2018-05-20T16:59:15.6821408+01:00 0HLDUD9V0MBAM:00000006 [INF] Request starting HTTP/1.1 GET http://localhost:5000/js/plugins/help/plugin.min.js   (ca22a1cb)
2018-05-20T16:59:15.6861411+01:00 0HLDUD9V0MBAM:00000006 [INF] AuthenticationScheme: "Cookies" was successfully authenticated. (1805f3b3)
2018-05-20T16:59:15.7001419+01:00 0HLDUD9V0MBAM:00000006 [INF] Request finished in 8.8326ms 404  (791a596a)
2018-05-20T16:59:37.8784104+01:00 0HLDUD9V0MBB1:00000001 [INF] Request starting HTTP/1.1 POST http://localhost:5000/Admin/NewPost application/x-www-form-urlencoded 55 (ca22a1cb)
2018-05-20T16:59:37.8824106+01:00 0HLDUD9V0MBB1:00000001 [INF] AuthenticationScheme: "Cookies" was successfully authenticated. (1805f3b3)
2018-05-20T16:59:37.8974115+01:00 0HLDUD9V0MBB1:00000001 [INF] Authorization was successful for user: "ozimax". (d7eb274a)
2018-05-20T16:59:37.9044119+01:00 0HLDUD9V0MBB1:00000001 [INF] Executing action method "Tinix.Controllers.AdminController.NewPost (Tinix)" with arguments (["Tinix.Models.NewPostViewModel"]) - ModelState is Valid (ba7f4ac2)
2018-05-20T16:59:38.0114180+01:00 0HLDUD9V0MBB1:00000001 [INF] Executing RedirectResult, redirecting to "NewPost". (d98d540e)
2018-05-20T16:59:38.0144182+01:00 0HLDUD9V0MBB1:00000001 [INF] Executed action "Tinix.Controllers.AdminController.NewPost (Tinix)" in 122.9743ms (afa2e885)
2018-05-20T16:59:38.0214186+01:00 0HLDUD9V0MBB1:00000001 [INF] Request finished in 144.0315ms 302  (791a596a)
2018-05-20T16:59:38.0264188+01:00 0HLDUD9V0MBB1:00000002 [INF] Request starting HTTP/1.1 GET http://localhost:5000/Admin/NewPost   (ca22a1cb)
2018-05-20T16:59:38.0294190+01:00 0HLDUD9V0MBB1:00000002 [INF] AuthenticationScheme: "Cookies" was successfully authenticated. (1805f3b3)
2018-05-20T16:59:38.0324192+01:00 0HLDUD9V0MBB1:00000002 [INF] Authorization was successful for user: "ozimax". (d7eb274a)
2018-05-20T16:59:38.0354194+01:00 0HLDUD9V0MBB1:00000002 [INF] Executing action method "Tinix.Controllers.AdminController.NewPost (Tinix)" with arguments (null) - ModelState is Valid (ba7f4ac2)
2018-05-20T16:59:38.0384195+01:00 0HLDUD9V0MBB1:00000002 [INF] Executing ViewResult, running view at path "/Views/Admin/NewPost.cshtml". (9707eebe)
2018-05-20T16:59:38.0514203+01:00 0HLDUD9V0MBB1:00000002 [INF] Executed action "Tinix.Controllers.AdminController.NewPost (Tinix)" in 11.2658ms (afa2e885)
2018-05-20T16:59:38.0564206+01:00 0HLDUD9V0MBB1:00000002 [INF] Request finished in 30.1673ms 200 text/html; charset=utf-8 (791a596a)
2018-05-20T16:59:38.2714329+01:00 0HLDUD9V0MBB1:00000003 [INF] Request starting HTTP/1.1 GET http://localhost:5000/js/plugins/help/plugin.min.js   (ca22a1cb)
2018-05-20T16:59:38.2744330+01:00 0HLDUD9V0MBB1:00000003 [INF] AuthenticationScheme: "Cookies" was successfully authenticated. (1805f3b3)
2018-05-20T16:59:38.2974343+01:00 0HLDUD9V0MBB1:00000003 [INF] Request finished in 7.7181ms 404  (791a596a)
2018-05-20T16:59:44.3867826+01:00 0HLDUD9V0MBB1:00000004 [INF] Request starting HTTP/1.1 GET http://localhost:5000/Admin/Posts   (ca22a1cb)
2018-05-20T16:59:44.3917829+01:00 0HLDUD9V0MBB1:00000004 [INF] AuthenticationScheme: "Cookies" was successfully authenticated. (1805f3b3)
2018-05-20T16:59:44.4047837+01:00 0HLDUD9V0MBB1:00000004 [INF] Authorization was successful for user: "ozimax". (d7eb274a)
2018-05-20T16:59:44.4087839+01:00 0HLDUD9V0MBB1:00000004 [INF] Executing action method "Tinix.Controllers.AdminController.Posts (Tinix)" with arguments (null) - ModelState is Valid (ba7f4ac2)
2018-05-20T16:59:44.6657986+01:00 0HLDUD9V0MBB1:00000004 [INF] Executing ViewResult, running view at path "/Views/Admin/Posts.cshtml". (9707eebe)
2018-05-20T16:59:44.6847997+01:00 0HLDUD9V0MBB1:00000004 [INF] Executed action "Tinix.Controllers.AdminController.Posts (Tinix)" in 282.6721ms (afa2e885)
2018-05-20T16:59:44.6948003+01:00 0HLDUD9V0MBB1:00000004 [INF] Request finished in 315.311ms 200 text/html; charset=utf-8 (791a596a)
2018-05-20T16:59:46.5799081+01:00 0HLDUD9V0MBB1:00000005 [INF] Request starting HTTP/1.1 GET http://localhost:5000/Admin/EditPost?postId=612e0528-a34a-4db2-8bb1-347e76be730a   (ca22a1cb)
2018-05-20T16:59:46.5839083+01:00 0HLDUD9V0MBB1:00000005 [INF] AuthenticationScheme: "Cookies" was successfully authenticated. (1805f3b3)
2018-05-20T16:59:46.5969090+01:00 0HLDUD9V0MBB1:00000005 [INF] Authorization was successful for user: "ozimax". (d7eb274a)
2018-05-20T16:59:46.6019093+01:00 0HLDUD9V0MBB1:00000005 [INF] Executing action method "Tinix.Controllers.AdminController.EditPost (Tinix)" with arguments (["612e0528-a34a-4db2-8bb1-347e76be730a"]) - ModelState is Valid (ba7f4ac2)
2018-05-20T17:01:44.0226254+01:00 0HLDUD9V0MBB1:00000005 [INF] Executing ViewResult, running view at path "/Views/Admin/EditPost.cshtml". (9707eebe)
2018-05-20T17:01:44.1546330+01:00 0HLDUD9V0MBB1:00000005 [INF] Executed action "Tinix.Controllers.AdminController.EditPost (Tinix)" in 117554.8305ms (afa2e885)
2018-05-20T17:01:44.3216425+01:00 0HLDUD9V0MBB1:00000005 [ERR] An unhandled exception has occurred while executing the request (cf926119)
System.NullReferenceException: Object reference not set to an instance of an object.
   at AspNetCore._Views_Admin_EditPost_cshtml.<ExecuteAsync>d__11.MoveNext() in C:\Users\ozan\desktop\projects\tinix\src\Tinix\Views\Admin\EditPost.cshtml:line 64
--- End of stack trace from previous location where exception was thrown ---
   at System.Runtime.ExceptionServices.ExceptionDispatchInfo.Throw()
   at System.Runtime.CompilerServices.TaskAwaiter.HandleNonSuccessAndDebuggerNotification(Task task)
   at Microsoft.AspNetCore.Mvc.Razor.RazorView.<RenderPageCoreAsync>d__16.MoveNext()
--- End of stack trace from previous location where exception was thrown ---
   at System.Runtime.ExceptionServices.ExceptionDispatchInfo.Throw()
   at System.Runtime.CompilerServices.TaskAwaiter.HandleNonSuccessAndDebuggerNotification(Task task)
   at Microsoft.AspNetCore.Mvc.Razor.RazorView.<RenderPageAsync>d__15.MoveNext()
--- End of stack trace from previous location where exception was thrown ---
   at System.Runtime.ExceptionServices.ExceptionDispatchInfo.Throw()
   at System.Runtime.CompilerServices.TaskAwaiter.HandleNonSuccessAndDebuggerNotification(Task task)
   at System.Runtime.CompilerServices.TaskAwaiter`1.GetResult()
   at Microsoft.AspNetCore.Mvc.Razor.RazorView.<RenderAsync>d__14.MoveNext()
--- End of stack trace from previous location where exception was thrown ---
   at System.Runtime.ExceptionServices.ExceptionDispatchInfo.Throw()
   at System.Runtime.CompilerServices.TaskAwaiter.HandleNonSuccessAndDebuggerNotification(Task task)
   at Microsoft.AspNetCore.Mvc.ViewFeatures.ViewExecutor.<ExecuteAsync>d__22.MoveNext()
--- End of stack trace from previous location where exception was thrown ---
   at System.Runtime.ExceptionServices.ExceptionDispatchInfo.Throw()
   at System.Runtime.CompilerServices.TaskAwaiter.HandleNonSuccessAndDebuggerNotification(Task task)
   at Microsoft.AspNetCore.Mvc.ViewFeatures.ViewExecutor.<ExecuteAsync>d__21.MoveNext()
--- End of stack trace from previous location where exception was thrown ---
   at System.Runtime.ExceptionServices.ExceptionDispatchInfo.Throw()
   at System.Runtime.CompilerServices.TaskAwaiter.HandleNonSuccessAndDebuggerNotification(Task task)
   at Microsoft.AspNetCore.Mvc.ViewResult.<ExecuteResultAsync>d__26.MoveNext()
--- End of stack trace from previous location where exception was thrown ---
   at System.Runtime.ExceptionServices.ExceptionDispatchInfo.Throw()
   at System.Runtime.CompilerServices.TaskAwaiter.HandleNonSuccessAndDebuggerNotification(Task task)
   at Microsoft.AspNetCore.Mvc.Internal.ResourceInvoker.<InvokeResultAsync>d__19.MoveNext()
--- End of stack trace from previous location where exception was thrown ---
   at System.Runtime.ExceptionServices.ExceptionDispatchInfo.Throw()
   at System.Runtime.CompilerServices.TaskAwaiter.HandleNonSuccessAndDebuggerNotification(Task task)
   at Microsoft.AspNetCore.Mvc.Internal.ResourceInvoker.<InvokeNextResultFilterAsync>d__24.MoveNext()
--- End of stack trace from previous location where exception was thrown ---
   at System.Runtime.ExceptionServices.ExceptionDispatchInfo.Throw()
   at Microsoft.AspNetCore.Mvc.Internal.ResourceInvoker.Rethrow(ResultExecutedContext context)
   at Microsoft.AspNetCore.Mvc.Internal.ResourceInvoker.Next(State& next, Scope& scope, Object& state, Boolean& isCompleted)
   at Microsoft.AspNetCore.Mvc.Internal.ResourceInvoker.<InvokeNextResourceFilter>d__22.MoveNext()
--- End of stack trace from previous location where exception was thrown ---
   at System.Runtime.ExceptionServices.ExceptionDispatchInfo.Throw()
   at Microsoft.AspNetCore.Mvc.Internal.ResourceInvoker.Rethrow(ResourceExecutedContext context)
   at Microsoft.AspNetCore.Mvc.Internal.ResourceInvoker.Next(State& next, Scope& scope, Object& state, Boolean& isCompleted)
   at Microsoft.AspNetCore.Mvc.Internal.ResourceInvoker.<InvokeFilterPipelineAsync>d__17.MoveNext()
--- End of stack trace from previous location where exception was thrown ---
   at System.Runtime.ExceptionServices.ExceptionDispatchInfo.Throw()
   at System.Runtime.CompilerServices.TaskAwaiter.HandleNonSuccessAndDebuggerNotification(Task task)
   at Microsoft.AspNetCore.Mvc.Internal.ResourceInvoker.<InvokeAsync>d__15.MoveNext()
--- End of stack trace from previous location where exception was thrown ---
   at System.Runtime.ExceptionServices.ExceptionDispatchInfo.Throw()
   at System.Runtime.CompilerServices.TaskAwaiter.HandleNonSuccessAndDebuggerNotification(Task task)
   at Microsoft.AspNetCore.Builder.RouterMiddleware.<Invoke>d__4.MoveNext()
--- End of stack trace from previous location where exception was thrown ---
   at System.Runtime.ExceptionServices.ExceptionDispatchInfo.Throw()
   at System.Runtime.CompilerServices.TaskAwaiter.HandleNonSuccessAndDebuggerNotification(Task task)
   at Microsoft.AspNetCore.Diagnostics.DeveloperExceptionPageMiddleware.<Invoke>d__7.MoveNext()
2018-05-20T17:01:44.5196538+01:00 0HLDUD9V0MBB1:00000005 [INF] Request finished in 117948.4046ms 500 text/html; charset=utf-8 (791a596a)
2018-05-20T17:13:37.9804615+01:00 0HLDUDII982J6:00000001 [INF] Request starting HTTP/1.1 GET http://localhost:5000/   (ca22a1cb)
2018-05-20T17:13:38.1484711+01:00 0HLDUDII982J6:00000001 [INF] AuthenticationScheme: "Cookies" was successfully authenticated. (1805f3b3)
2018-05-20T17:13:38.4504883+01:00 0HLDUDII982J6:00000001 [INF] Executing action method "Tinix.Controllers.HomeController.Index (Tinix)" with arguments ([""]) - ModelState is Valid (ba7f4ac2)
2018-05-20T17:13:42.4617178+01:00 0HLDUDII982J6:00000001 [INF] Executing ViewResult, running view at path "/Views/Home/Index.cshtml". (9707eebe)
2018-05-20T17:13:44.5658381+01:00 0HLDUDII982J6:00000001 [INF] Executed action "Tinix.Controllers.HomeController.Index (Tinix)" in 6121.7773ms (afa2e885)
2018-05-20T17:13:44.5848392+01:00 0HLDUDII982J6:00000001 [INF] Request finished in 6624.0734ms 200 text/html; charset=utf-8 (791a596a)
2018-05-20T17:13:46.3879423+01:00 0HLDUDII982J6:00000002 [INF] Request starting HTTP/1.1 GET http://localhost:5000/Home/Detail/612e0528-a34a-4db2-8bb1-347e76be730a?name=sadasdsad   (ca22a1cb)
2018-05-20T17:13:46.4079435+01:00 0HLDUDII982J6:00000002 [INF] AuthenticationScheme: "Cookies" was successfully authenticated. (1805f3b3)
2018-05-20T17:13:46.4619466+01:00 0HLDUDII982J6:00000002 [INF] Executing action method "Tinix.Controllers.HomeController.Detail (Tinix)" with arguments (["612e0528-a34a-4db2-8bb1-347e76be730a", "sadasdsad"]) - ModelState is Valid (ba7f4ac2)
2018-05-20T17:14:10.6773316+01:00 0HLDUDII982J6:00000002 [INF] Executing ViewResult, running view at path "/Views/Home/Detail.cshtml". (9707eebe)
2018-05-20T17:14:10.9693483+01:00 0HLDUDII982J6:00000002 [INF] Executed action "Tinix.Controllers.HomeController.Detail (Tinix)" in 24541.373ms (afa2e885)
2018-05-20T17:14:10.9833491+01:00 0HLDUDII982J6:00000002 [INF] Request finished in 24583.715ms 200 text/html; charset=utf-8 (791a596a)
2018-05-20T17:14:19.2218203+01:00 0HLDUDII982J6:00000003 [INF] Request starting HTTP/1.1 GET http://localhost:5000/Home/Comment?blogPostID=612e0528-a34a-4db2-8bb1-347e76be730a&comment=testa   (ca22a1cb)
2018-05-20T17:14:19.2278207+01:00 0HLDUDII982J6:00000003 [INF] AuthenticationScheme: "Cookies" was successfully authenticated. (1805f3b3)
2018-05-20T17:14:19.2598225+01:00 0HLDUDII982J6:00000003 [INF] Executing action method "Tinix.Controllers.HomeController.Comment (Tinix)" with arguments (["612e0528-a34a-4db2-8bb1-347e76be730a", "testa"]) - ModelState is Valid (ba7f4ac2)
2018-05-20T17:14:19.3078253+01:00 0HLDUDII982J6:00000003 [INF] Executing RedirectResult, redirecting to "/Home/Detail/612e0528-a34a-4db2-8bb1-347e76be730a?name=sadasdsad". (d98d540e)
2018-05-20T17:14:19.3128255+01:00 0HLDUDII982J6:00000003 [INF] Executed action "Tinix.Controllers.HomeController.Comment (Tinix)" in 53.1637ms (afa2e885)
2018-05-20T17:14:19.3238262+01:00 0HLDUDII982J6:00000003 [INF] Request finished in 104.2296ms 302  (791a596a)
2018-05-20T17:14:19.3278264+01:00 0HLDUDII982J6:00000004 [INF] Request starting HTTP/1.1 GET http://localhost:5000/Home/Detail/612e0528-a34a-4db2-8bb1-347e76be730a?name=sadasdsad   (ca22a1cb)
2018-05-20T17:14:19.3358269+01:00 0HLDUDII982J6:00000004 [INF] AuthenticationScheme: "Cookies" was successfully authenticated. (1805f3b3)
2018-05-20T17:14:19.3398271+01:00 0HLDUDII982J6:00000004 [INF] Executing action method "Tinix.Controllers.HomeController.Detail (Tinix)" with arguments (["612e0528-a34a-4db2-8bb1-347e76be730a", "sadasdsad"]) - ModelState is Valid (ba7f4ac2)
2018-05-20T17:14:19.3428273+01:00 0HLDUDII982J6:00000004 [INF] Executing ViewResult, running view at path "/Views/Home/Detail.cshtml". (9707eebe)
2018-05-20T17:14:19.3558280+01:00 0HLDUDII982J6:00000004 [INF] Executed action "Tinix.Controllers.HomeController.Detail (Tinix)" in 8.0717ms (afa2e885)
2018-05-20T17:14:19.3698288+01:00 0HLDUDII982J6:00000004 [INF] Request finished in 31.9885ms 200 text/html; charset=utf-8 (791a596a)
2018-05-20T17:14:24.4611200+01:00 0HLDUDII982J6:00000005 [INF] Request starting HTTP/1.1 GET http://localhost:5000/admin/login   (ca22a1cb)
2018-05-20T17:14:24.4631201+01:00 0HLDUDII982J6:00000005 [INF] AuthenticationScheme: "Cookies" was successfully authenticated. (1805f3b3)
2018-05-20T17:14:24.4761209+01:00 0HLDUDII982J6:00000005 [INF] Executing action method "Tinix.Controllers.AdminController.Login (Tinix)" with arguments (null) - ModelState is Valid (ba7f4ac2)
2018-05-20T17:14:25.5411818+01:00 0HLDUDII982J6:00000005 [INF] Executing ViewResult, running view at path "/Views/Admin/Login.cshtml". (9707eebe)
2018-05-20T17:14:25.9962078+01:00 0HLDUDII982J6:00000005 [INF] Executed action "Tinix.Controllers.AdminController.Login (Tinix)" in 1516.4094ms (afa2e885)
2018-05-20T17:14:26.0062084+01:00 0HLDUDII982J6:00000005 [INF] Request finished in 1541.666ms 200 text/html; charset=utf-8 (791a596a)
2018-05-20T17:14:33.8886592+01:00 0HLDUDII982J6:00000006 [INF] Request starting HTTP/1.1 POST http://localhost:5000/Admin/Login application/x-www-form-urlencoded 34 (ca22a1cb)
2018-05-20T17:14:33.8956596+01:00 0HLDUDII982J6:00000006 [INF] AuthenticationScheme: "Cookies" was successfully authenticated. (1805f3b3)
2018-05-20T17:14:33.9656636+01:00 0HLDUDII982J6:00000006 [INF] Executing action method "Tinix.Controllers.AdminController.Login (Tinix)" with arguments (["Tinix.Models.LoginViewModel"]) - ModelState is Valid (ba7f4ac2)
2018-05-20T17:14:34.0376678+01:00 0HLDUDII982J6:00000006 [INF] AuthenticationScheme: "Cookies" signed in. (c66dd7e7)
2018-05-20T17:14:34.0416680+01:00 0HLDUDII982J6:00000006 [INF] Executing RedirectResult, redirecting to "/Admin/NewPost". (d98d540e)
2018-05-20T17:14:34.0446682+01:00 0HLDUDII982J6:00000006 [INF] Executed action "Tinix.Controllers.AdminController.Login (Tinix)" in 128.4864ms (afa2e885)
2018-05-20T17:14:34.0506685+01:00 0HLDUDII982J6:00000006 [INF] Request finished in 161.7583ms 302  (791a596a)
2018-05-20T17:14:34.0526686+01:00 0HLDUDII982J6:00000007 [INF] Request starting HTTP/1.1 GET http://localhost:5000/Admin/NewPost   (ca22a1cb)
2018-05-20T17:14:34.0566688+01:00 0HLDUDII982J6:00000007 [INF] AuthenticationScheme: "Cookies" was successfully authenticated. (1805f3b3)
2018-05-20T17:14:34.0746699+01:00 0HLDUDII982J6:00000007 [INF] Authorization was successful for user: "ozimax". (d7eb274a)
2018-05-20T17:14:34.0776700+01:00 0HLDUDII982J6:00000007 [INF] Executing action method "Tinix.Controllers.AdminController.NewPost (Tinix)" with arguments (null) - ModelState is Valid (ba7f4ac2)
2018-05-20T17:14:34.3046830+01:00 0HLDUDII982J6:00000007 [INF] Executing ViewResult, running view at path "/Views/Admin/NewPost.cshtml". (9707eebe)
2018-05-20T17:14:34.3576861+01:00 0HLDUDII982J6:00000007 [INF] Executed action "Tinix.Controllers.AdminController.NewPost (Tinix)" in 275.4751ms (afa2e885)
2018-05-20T17:14:34.3696867+01:00 0HLDUDII982J6:00000007 [INF] Request finished in 309.408ms 200 text/html; charset=utf-8 (791a596a)
2018-05-20T17:14:34.6227012+01:00 0HLDUDII982J6:00000008 [INF] Request starting HTTP/1.1 GET http://localhost:5000/js/plugins/help/plugin.min.js   (ca22a1cb)
2018-05-20T17:14:34.6387021+01:00 0HLDUDII982J6:00000008 [INF] AuthenticationScheme: "Cookies" was successfully authenticated. (1805f3b3)
2018-05-20T17:14:34.6487027+01:00 0HLDUDII982J6:00000008 [INF] Request finished in 26.9144ms 404  (791a596a)
2018-05-20T17:14:36.5408109+01:00 0HLDUDII982J6:00000009 [INF] Request starting HTTP/1.1 GET http://localhost:5000/Admin/Posts   (ca22a1cb)
2018-05-20T17:14:36.5528116+01:00 0HLDUDII982J6:00000009 [INF] AuthenticationScheme: "Cookies" was successfully authenticated. (1805f3b3)
2018-05-20T17:14:36.5698126+01:00 0HLDUDII982J6:00000009 [INF] Authorization was successful for user: "ozimax". (d7eb274a)
2018-05-20T17:14:36.5758129+01:00 0HLDUDII982J6:00000009 [INF] Executing action method "Tinix.Controllers.AdminController.Posts (Tinix)" with arguments (null) - ModelState is Valid (ba7f4ac2)
2018-05-20T17:14:36.8728299+01:00 0HLDUDII982J6:00000009 [INF] Executing ViewResult, running view at path "/Views/Admin/Posts.cshtml". (9707eebe)
2018-05-20T17:14:36.8968313+01:00 0HLDUDII982J6:00000009 [INF] Executed action "Tinix.Controllers.AdminController.Posts (Tinix)" in 330.292ms (afa2e885)
2018-05-20T17:14:36.9078319+01:00 0HLDUDII982J6:00000009 [INF] Request finished in 362.0749ms 200 text/html; charset=utf-8 (791a596a)
2018-05-20T17:14:38.3419139+01:00 0HLDUDII982J6:0000000A [INF] Request starting HTTP/1.1 GET http://localhost:5000/Admin/EditPost?postId=612e0528-a34a-4db2-8bb1-347e76be730a   (ca22a1cb)
2018-05-20T17:14:38.3459142+01:00 0HLDUDII982J6:0000000A [INF] AuthenticationScheme: "Cookies" was successfully authenticated. (1805f3b3)
2018-05-20T17:14:38.3729157+01:00 0HLDUDII982J6:0000000A [INF] Authorization was successful for user: "ozimax". (d7eb274a)
2018-05-20T17:14:38.3789161+01:00 0HLDUDII982J6:0000000A [INF] Executing action method "Tinix.Controllers.AdminController.EditPost (Tinix)" with arguments (["612e0528-a34a-4db2-8bb1-347e76be730a"]) - ModelState is Valid (ba7f4ac2)
2018-05-20T17:15:02.8663167+01:00 0HLDUDII982J6:0000000A [INF] Executing ViewResult, running view at path "/Views/Admin/EditPost.cshtml". (9707eebe)
2018-05-20T17:15:02.8953183+01:00 0HLDUDII982J6:0000000A [INF] Executed action "Tinix.Controllers.AdminController.EditPost (Tinix)" in 24536.7738ms (afa2e885)
2018-05-20T17:15:02.9063189+01:00 0HLDUDII982J6:0000000A [INF] Request finished in 24559.7207ms 200 text/html; charset=utf-8 (791a596a)
2018-05-20T17:15:03.1303318+01:00 0HLDUDII982J6:0000000B [INF] Request starting HTTP/1.1 GET http://localhost:5000/js/plugins/help/plugin.min.js   (ca22a1cb)
2018-05-20T17:15:03.1333319+01:00 0HLDUDII982J6:0000000B [INF] AuthenticationScheme: "Cookies" was successfully authenticated. (1805f3b3)
2018-05-20T17:15:03.1373322+01:00 0HLDUDII982J6:0000000B [INF] Request finished in 6.1227ms 404  (791a596a)
2018-05-20T17:15:07.8756032+01:00 0HLDUDII982J6:0000000C [INF] Request starting HTTP/1.1 GET http://localhost:5000/Admin/Posts   (ca22a1cb)
2018-05-20T17:15:07.8826036+01:00 0HLDUDII982J6:0000000C [INF] AuthenticationScheme: "Cookies" was successfully authenticated. (1805f3b3)
2018-05-20T17:15:07.8876039+01:00 0HLDUDII982J6:0000000C [INF] Authorization was successful for user: "ozimax". (d7eb274a)
2018-05-20T17:15:07.8926041+01:00 0HLDUDII982J6:0000000C [INF] Executing action method "Tinix.Controllers.AdminController.Posts (Tinix)" with arguments (null) - ModelState is Valid (ba7f4ac2)
2018-05-20T17:15:07.8966044+01:00 0HLDUDII982J6:0000000C [INF] Executing ViewResult, running view at path "/Views/Admin/Posts.cshtml". (9707eebe)
2018-05-20T17:15:07.9196057+01:00 0HLDUDII982J6:0000000C [INF] Executed action "Tinix.Controllers.AdminController.Posts (Tinix)" in 15.8795ms (afa2e885)
2018-05-20T17:15:07.9796091+01:00 0HLDUDII982J6:0000000C [INF] Request finished in 54.2245ms 200 text/html; charset=utf-8 (791a596a)
2018-05-20T17:15:11.5008105+01:00 0HLDUDII982J6:0000000D [INF] Request starting HTTP/1.1 GET http://localhost:5000/Admin/NewPost   (ca22a1cb)
2018-05-20T17:15:11.5058108+01:00 0HLDUDII982J6:0000000D [INF] AuthenticationScheme: "Cookies" was successfully authenticated. (1805f3b3)
2018-05-20T17:15:11.5128112+01:00 0HLDUDII982J6:0000000D [INF] Authorization was successful for user: "ozimax". (d7eb274a)
2018-05-20T17:15:11.5188116+01:00 0HLDUDII982J6:0000000D [INF] Executing action method "Tinix.Controllers.AdminController.NewPost (Tinix)" with arguments (null) - ModelState is Valid (ba7f4ac2)
2018-05-20T17:15:11.5248119+01:00 0HLDUDII982J6:0000000D [INF] Executing ViewResult, running view at path "/Views/Admin/NewPost.cshtml". (9707eebe)
2018-05-20T17:15:11.5908157+01:00 0HLDUDII982J6:0000000D [INF] Executed action "Tinix.Controllers.AdminController.NewPost (Tinix)" in 24.5474ms (afa2e885)
2018-05-20T17:15:11.6048165+01:00 0HLDUDII982J6:0000000D [INF] Request finished in 120.4132ms 200 text/html; charset=utf-8 (791a596a)
2018-05-20T17:15:11.7078224+01:00 0HLDUDII982J6:0000000E [INF] Request starting HTTP/1.1 GET http://localhost:5000/js/plugins/help/plugin.min.js   (ca22a1cb)
2018-05-20T17:15:11.7108225+01:00 0HLDUDII982J6:0000000E [INF] AuthenticationScheme: "Cookies" was successfully authenticated. (1805f3b3)
2018-05-20T17:15:11.7198230+01:00 0HLDUDII982J6:0000000E [INF] Request finished in 8.7108ms 404  (791a596a)
2018-05-20T17:15:21.0813585+01:00 0HLDUDII982J6:0000000F [INF] Request starting HTTP/1.1 POST http://localhost:5000/Admin/NewPost application/x-www-form-urlencoded 50 (ca22a1cb)
2018-05-20T17:15:21.0903590+01:00 0HLDUDII982J6:0000000F [INF] AuthenticationScheme: "Cookies" was successfully authenticated. (1805f3b3)
2018-05-20T17:15:21.1053599+01:00 0HLDUDII982J6:0000000F [INF] Authorization was successful for user: "ozimax". (d7eb274a)
2018-05-20T17:15:21.1123603+01:00 0HLDUDII982J6:0000000F [INF] Executing action method "Tinix.Controllers.AdminController.NewPost (Tinix)" with arguments (["Tinix.Models.NewPostViewModel"]) - ModelState is Valid (ba7f4ac2)
2018-05-20T17:15:21.1273611+01:00 0HLDUDII982J6:0000000F [INF] Executing RedirectResult, redirecting to "NewPost". (d98d540e)
2018-05-20T17:15:21.1313614+01:00 0HLDUDII982J6:0000000F [INF] Executed action "Tinix.Controllers.AdminController.NewPost (Tinix)" in 27.8138ms (afa2e885)
2018-05-20T17:15:21.1383618+01:00 0HLDUDII982J6:0000000F [INF] Request finished in 56.6232ms 302  (791a596a)
2018-05-20T17:15:21.1443621+01:00 0HLDUDII982J6:00000010 [INF] Request starting HTTP/1.1 GET http://localhost:5000/Admin/NewPost   (ca22a1cb)
2018-05-20T17:15:21.1483623+01:00 0HLDUDII982J6:00000010 [INF] AuthenticationScheme: "Cookies" was successfully authenticated. (1805f3b3)
2018-05-20T17:15:21.1533626+01:00 0HLDUDII982J6:00000010 [INF] Authorization was successful for user: "ozimax". (d7eb274a)
2018-05-20T17:15:21.1573628+01:00 0HLDUDII982J6:00000010 [INF] Executing action method "Tinix.Controllers.AdminController.NewPost (Tinix)" with arguments (null) - ModelState is Valid (ba7f4ac2)
2018-05-20T17:15:21.1603630+01:00 0HLDUDII982J6:00000010 [INF] Executing ViewResult, running view at path "/Views/Admin/NewPost.cshtml". (9707eebe)
2018-05-20T17:15:21.1703636+01:00 0HLDUDII982J6:00000010 [INF] Executed action "Tinix.Controllers.AdminController.NewPost (Tinix)" in 14.3545ms (afa2e885)
2018-05-20T17:15:21.1823643+01:00 0HLDUDII982J6:00000010 [INF] Request finished in 29.4391ms 200 text/html; charset=utf-8 (791a596a)
2018-05-20T17:15:21.2933706+01:00 0HLDUDII982J6:00000011 [INF] Request starting HTTP/1.1 GET http://localhost:5000/js/plugins/help/plugin.min.js   (ca22a1cb)
2018-05-20T17:15:21.2973709+01:00 0HLDUDII982J6:00000011 [INF] AuthenticationScheme: "Cookies" was successfully authenticated. (1805f3b3)
2018-05-20T17:15:21.3133718+01:00 0HLDUDII982J6:00000011 [INF] Request finished in 8.2886ms 404  (791a596a)
2018-05-20T17:15:23.2794842+01:00 0HLDUDII982J6:00000012 [INF] Request starting HTTP/1.1 GET http://localhost:5000/Admin/Posts   (ca22a1cb)
2018-05-20T17:15:23.2824844+01:00 0HLDUDII982J6:00000012 [INF] AuthenticationScheme: "Cookies" was successfully authenticated. (1805f3b3)
2018-05-20T17:15:23.2864846+01:00 0HLDUDII982J6:00000012 [INF] Authorization was successful for user: "ozimax". (d7eb274a)
2018-05-20T17:15:23.2954851+01:00 0HLDUDII982J6:00000012 [INF] Executing action method "Tinix.Controllers.AdminController.Posts (Tinix)" with arguments (null) - ModelState is Valid (ba7f4ac2)
2018-05-20T17:15:23.2994854+01:00 0HLDUDII982J6:00000012 [INF] Executing ViewResult, running view at path "/Views/Admin/Posts.cshtml". (9707eebe)
2018-05-20T17:15:23.3174864+01:00 0HLDUDII982J6:00000012 [INF] Executed action "Tinix.Controllers.AdminController.Posts (Tinix)" in 16.7817ms (afa2e885)
2018-05-20T17:15:23.3454880+01:00 0HLDUDII982J6:00000012 [INF] Request finished in 46.8044ms 200 text/html; charset=utf-8 (791a596a)
2018-05-20T17:15:25.9936395+01:00 0HLDUDII982J6:00000013 [INF] Request starting HTTP/1.1 GET http://localhost:5000/Admin/EditPost?postId=dc273869-cda7-49b8-8675-6878433b6aef   (ca22a1cb)
2018-05-20T17:15:25.9986398+01:00 0HLDUDII982J6:00000013 [INF] AuthenticationScheme: "Cookies" was successfully authenticated. (1805f3b3)
2018-05-20T17:15:26.0076403+01:00 0HLDUDII982J6:00000013 [INF] Authorization was successful for user: "ozimax". (d7eb274a)
2018-05-20T17:15:26.0106404+01:00 0HLDUDII982J6:00000013 [INF] Executing action method "Tinix.Controllers.AdminController.EditPost (Tinix)" with arguments (["dc273869-cda7-49b8-8675-6878433b6aef"]) - ModelState is Valid (ba7f4ac2)
2018-05-20T17:15:35.2911713+01:00 0HLDUDII982J6:00000013 [INF] Executing ViewResult, running view at path "/Views/Admin/EditPost.cshtml". (9707eebe)
2018-05-20T17:15:35.3331737+01:00 0HLDUDII982J6:00000013 [INF] Executed action "Tinix.Controllers.AdminController.EditPost (Tinix)" in 9320.7098ms (afa2e885)
2018-05-20T17:15:35.3391740+01:00 0HLDUDII982J6:00000013 [INF] Request finished in 9348.5292ms 200 text/html; charset=utf-8 (791a596a)
2018-05-20T17:15:35.6701929+01:00 0HLDUDII982J6:00000014 [INF] Request starting HTTP/1.1 GET http://localhost:5000/js/plugins/help/plugin.min.js   (ca22a1cb)
2018-05-20T17:15:35.6851938+01:00 0HLDUDII982J6:00000014 [INF] AuthenticationScheme: "Cookies" was successfully authenticated. (1805f3b3)
2018-05-20T17:15:35.7271962+01:00 0HLDUDII982J6:00000014 [INF] Request finished in 23.9428ms 404  (791a596a)
2018-05-20T17:15:52.2431409+01:00 0HLDUDII982J6:00000015 [INF] Request starting HTTP/1.1 GET http://localhost:5000/Admin/Posts   (ca22a1cb)
2018-05-20T17:15:52.3001441+01:00 0HLDUDII982J6:00000015 [INF] AuthenticationScheme: "Cookies" was successfully authenticated. (1805f3b3)
2018-05-20T17:15:52.3031443+01:00 0HLDUDII982J6:00000015 [INF] Authorization was successful for user: "ozimax". (d7eb274a)
2018-05-20T17:15:52.3081446+01:00 0HLDUDII982J6:00000015 [INF] Executing action method "Tinix.Controllers.AdminController.Posts (Tinix)" with arguments (null) - ModelState is Valid (ba7f4ac2)
2018-05-20T17:15:52.3121448+01:00 0HLDUDII982J6:00000015 [INF] Executing ViewResult, running view at path "/Views/Admin/Posts.cshtml". (9707eebe)
2018-05-20T17:15:52.3251455+01:00 0HLDUDII982J6:00000015 [INF] Executed action "Tinix.Controllers.AdminController.Posts (Tinix)" in 12.4815ms (afa2e885)
2018-05-20T17:15:52.3331460+01:00 0HLDUDII982J6:00000015 [INF] Request finished in 89.5373ms 200 text/html; charset=utf-8 (791a596a)
2018-05-20T17:15:56.0993614+01:00 0HLDUDII982J6:00000016 [INF] Request starting HTTP/1.1 GET http://localhost:5000/Admin/EditPost?postId=dc273869-cda7-49b8-8675-6878433b6aef   (ca22a1cb)
2018-05-20T17:15:56.1063618+01:00 0HLDUDII982J6:00000016 [INF] AuthenticationScheme: "Cookies" was successfully authenticated. (1805f3b3)
2018-05-20T17:15:56.1183625+01:00 0HLDUDII982J6:00000016 [INF] Authorization was successful for user: "ozimax". (d7eb274a)
2018-05-20T17:15:56.1223627+01:00 0HLDUDII982J6:00000016 [INF] Executing action method "Tinix.Controllers.AdminController.EditPost (Tinix)" with arguments (["dc273869-cda7-49b8-8675-6878433b6aef"]) - ModelState is Valid (ba7f4ac2)
2018-05-20T17:16:37.9937576+01:00 0HLDUDII982J6:00000016 [INF] Executing ViewResult, running view at path "/Views/Admin/EditPost.cshtml". (9707eebe)
2018-05-20T17:16:38.0247594+01:00 0HLDUDII982J6:00000016 [INF] Executed action "Tinix.Controllers.AdminController.EditPost (Tinix)" in 41891.1366ms (afa2e885)
2018-05-20T17:16:38.0527610+01:00 0HLDUDII982J6:00000016 [INF] Request finished in 41937.1312ms 200 text/html; charset=utf-8 (791a596a)
2018-05-20T17:16:38.2617730+01:00 0HLDUDII982J6:00000017 [INF] Request starting HTTP/1.1 GET http://localhost:5000/js/plugins/help/plugin.min.js   (ca22a1cb)
2018-05-20T17:16:38.2737737+01:00 0HLDUDII982J6:00000017 [INF] AuthenticationScheme: "Cookies" was successfully authenticated. (1805f3b3)
2018-05-20T17:16:38.2847743+01:00 0HLDUDII982J6:00000017 [INF] Request finished in 16.3441ms 404  (791a596a)
2018-05-20T17:16:52.2575735+01:00 0HLDUDII982J6:00000018 [INF] Request starting HTTP/1.1 GET http://localhost:5000/Admin/Posts   (ca22a1cb)
2018-05-20T17:16:52.2635738+01:00 0HLDUDII982J6:00000018 [INF] AuthenticationScheme: "Cookies" was successfully authenticated. (1805f3b3)
2018-05-20T17:16:52.2665740+01:00 0HLDUDII982J6:00000018 [INF] Authorization was successful for user: "ozimax". (d7eb274a)
2018-05-20T17:16:52.2685741+01:00 0HLDUDII982J6:00000018 [INF] Executing action method "Tinix.Controllers.AdminController.Posts (Tinix)" with arguments (null) - ModelState is Valid (ba7f4ac2)
2018-05-20T17:16:52.2705742+01:00 0HLDUDII982J6:00000018 [INF] Executing ViewResult, running view at path "/Views/Admin/Posts.cshtml". (9707eebe)
2018-05-20T17:16:52.2805748+01:00 0HLDUDII982J6:00000018 [INF] Executed action "Tinix.Controllers.AdminController.Posts (Tinix)" in 8.4897ms (afa2e885)
2018-05-20T17:16:52.3135767+01:00 0HLDUDII982J6:00000018 [INF] Request finished in 46.8543ms 200 text/html; charset=utf-8 (791a596a)
2018-05-20T17:16:54.5637054+01:00 0HLDUDII982J6:00000019 [INF] Request starting HTTP/1.1 GET http://localhost:5000/Admin/Posts   (ca22a1cb)
2018-05-20T17:16:54.5707058+01:00 0HLDUDII982J6:00000019 [INF] AuthenticationScheme: "Cookies" was successfully authenticated. (1805f3b3)
2018-05-20T17:16:54.5757061+01:00 0HLDUDII982J6:00000019 [INF] Authorization was successful for user: "ozimax". (d7eb274a)
2018-05-20T17:16:54.5787062+01:00 0HLDUDII982J6:00000019 [INF] Executing action method "Tinix.Controllers.AdminController.Posts (Tinix)" with arguments (null) - ModelState is Valid (ba7f4ac2)
2018-05-20T17:16:54.5827065+01:00 0HLDUDII982J6:00000019 [INF] Executing ViewResult, running view at path "/Views/Admin/Posts.cshtml". (9707eebe)
2018-05-20T17:16:54.5937071+01:00 0HLDUDII982J6:00000019 [INF] Executed action "Tinix.Controllers.AdminController.Posts (Tinix)" in 13.1416ms (afa2e885)
2018-05-20T17:16:54.6437100+01:00 0HLDUDII982J6:00000019 [INF] Request finished in 35.1929ms 200 text/html; charset=utf-8 (791a596a)
2018-05-20T17:16:54.7637168+01:00 0HLDUDII982J6:0000001A [INF] Request starting HTTP/1.1 GET http://localhost:5000/favicon.ico   (ca22a1cb)
2018-05-20T17:16:54.7767176+01:00 0HLDUDII982J6:0000001A [INF] AuthenticationScheme: "Cookies" was successfully authenticated. (1805f3b3)
2018-05-20T17:16:54.7907184+01:00 0HLDUDII982J6:0000001A [INF] Sending file. Request path: '"/favicon.ico"'. Physical path: '"C:\Users\ozan\desktop\projects\tinix\src\Tinix\wwwroot\favicon.ico"' (27b0a520)
2018-05-20T17:16:54.8037191+01:00 0HLDUDII982J6:0000001A [INF] Request finished in 52.1192ms 200 image/x-icon (791a596a)
2018-05-20T17:16:56.0737918+01:00 0HLDUDII982J6:0000001B [INF] Request starting HTTP/1.1 GET http://localhost:5000/Admin/Posts   (ca22a1cb)
2018-05-20T17:16:56.0817922+01:00 0HLDUDII982J6:0000001B [INF] AuthenticationScheme: "Cookies" was successfully authenticated. (1805f3b3)
2018-05-20T17:16:56.0927928+01:00 0HLDUDII982J6:0000001B [INF] Authorization was successful for user: "ozimax". (d7eb274a)
2018-05-20T17:16:56.0977931+01:00 0HLDUDII982J6:0000001B [INF] Executing action method "Tinix.Controllers.AdminController.Posts (Tinix)" with arguments (null) - ModelState is Valid (ba7f4ac2)
2018-05-20T17:16:56.1007933+01:00 0HLDUDII982J6:0000001B [INF] Executing ViewResult, running view at path "/Views/Admin/Posts.cshtml". (9707eebe)
2018-05-20T17:16:56.1087938+01:00 0HLDUDII982J6:0000001B [INF] Executed action "Tinix.Controllers.AdminController.Posts (Tinix)" in 20.3242ms (afa2e885)
2018-05-20T17:16:56.1157942+01:00 0HLDUDII982J6:0000001B [INF] Request finished in 40.865ms 200 text/html; charset=utf-8 (791a596a)
2018-05-20T17:16:56.2208002+01:00 0HLDUDII982J6:0000001C [INF] Request starting HTTP/1.1 GET http://localhost:5000/favicon.ico   (ca22a1cb)
2018-05-20T17:16:56.2248004+01:00 0HLDUDII982J6:0000001C [INF] AuthenticationScheme: "Cookies" was successfully authenticated. (1805f3b3)
2018-05-20T17:16:56.2318008+01:00 0HLDUDII982J6:0000001C [INF] Sending file. Request path: '"/favicon.ico"'. Physical path: '"C:\Users\ozan\desktop\projects\tinix\src\Tinix\wwwroot\favicon.ico"' (27b0a520)
2018-05-20T17:16:56.2518019+01:00 0HLDUDII982J6:0000001C [INF] Request finished in 37.0467ms 200 image/x-icon (791a596a)
2018-05-20T17:16:57.0858496+01:00 0HLDUDII982J6:0000001D [INF] Request starting HTTP/1.1 GET http://localhost:5000/Admin/Posts   (ca22a1cb)
2018-05-20T17:16:57.0898499+01:00 0HLDUDII982J6:0000001D [INF] AuthenticationScheme: "Cookies" was successfully authenticated. (1805f3b3)
2018-05-20T17:16:57.0978503+01:00 0HLDUDII982J6:0000001D [INF] Authorization was successful for user: "ozimax". (d7eb274a)
2018-05-20T17:16:57.1018506+01:00 0HLDUDII982J6:0000001D [INF] Executing action method "Tinix.Controllers.AdminController.Posts (Tinix)" with arguments (null) - ModelState is Valid (ba7f4ac2)
2018-05-20T17:16:57.1058508+01:00 0HLDUDII982J6:0000001D [INF] Executing ViewResult, running view at path "/Views/Admin/Posts.cshtml". (9707eebe)
2018-05-20T17:16:57.1668543+01:00 0HLDUDII982J6:0000001D [INF] Executed action "Tinix.Controllers.AdminController.Posts (Tinix)" in 16.6133ms (afa2e885)
2018-05-20T17:16:57.1738547+01:00 0HLDUDII982J6:0000001D [INF] Request finished in 93.2874ms 200 text/html; charset=utf-8 (791a596a)
2018-05-20T17:16:57.2738604+01:00 0HLDUDII982J6:0000001E [INF] Request starting HTTP/1.1 GET http://localhost:5000/favicon.ico   (ca22a1cb)
2018-05-20T17:16:57.2808608+01:00 0HLDUDII982J6:0000001E [INF] AuthenticationScheme: "Cookies" was successfully authenticated. (1805f3b3)
2018-05-20T17:16:57.2868611+01:00 0HLDUDII982J6:0000001E [INF] Sending file. Request path: '"/favicon.ico"'. Physical path: '"C:\Users\ozan\desktop\projects\tinix\src\Tinix\wwwroot\favicon.ico"' (27b0a520)
2018-05-20T17:16:57.2988618+01:00 0HLDUDII982J6:0000001E [INF] Request finished in 24.2531ms 200 image/x-icon (791a596a)
2018-05-20T17:17:18.6880852+01:00 0HLDUDII982J6:0000001F [INF] Request starting HTTP/1.1 GET http://localhost:5000/Admin/EditPost?postId=dc273869-cda7-49b8-8675-6878433b6aef   (ca22a1cb)
2018-05-20T17:17:18.6910854+01:00 0HLDUDII982J6:0000001F [INF] AuthenticationScheme: "Cookies" was successfully authenticated. (1805f3b3)
2018-05-20T17:17:18.6940856+01:00 0HLDUDII982J6:0000001F [INF] Authorization was successful for user: "ozimax". (d7eb274a)
2018-05-20T17:17:18.7020860+01:00 0HLDUDII982J6:0000001F [INF] Executing action method "Tinix.Controllers.AdminController.EditPost (Tinix)" with arguments (["dc273869-cda7-49b8-8675-6878433b6aef"]) - ModelState is Valid (ba7f4ac2)
2018-05-20T17:17:41.9364149+01:00 0HLDUDII982J6:0000001F [INF] Executing ViewResult, running view at path "/Views/Admin/EditPost.cshtml". (9707eebe)
2018-05-20T17:17:42.0274202+01:00 0HLDUDII982J6:0000001F [INF] Executed action "Tinix.Controllers.AdminController.EditPost (Tinix)" in 23245.9239ms (afa2e885)
2018-05-20T17:17:42.0394208+01:00 0HLDUDII982J6:0000001F [INF] Request finished in 23355.1889ms 200 text/html; charset=utf-8 (791a596a)
2018-05-20T17:17:42.3034359+01:00 0HLDUDII982J6:00000020 [INF] Request starting HTTP/1.1 GET http://localhost:5000/js/plugins/help/plugin.min.js   (ca22a1cb)
2018-05-20T17:17:42.3074362+01:00 0HLDUDII982J6:00000020 [INF] AuthenticationScheme: "Cookies" was successfully authenticated. (1805f3b3)
2018-05-20T17:17:42.3154366+01:00 0HLDUDII982J6:00000020 [INF] Request finished in 7.6113ms 404  (791a596a)
2018-05-20T17:17:46.4196714+01:00 0HLDUDII982J6:00000021 [INF] Request starting HTTP/1.1 GET http://localhost:5000/Admin/Posts   (ca22a1cb)
2018-05-20T17:17:46.4226715+01:00 0HLDUDII982J6:00000021 [INF] AuthenticationScheme: "Cookies" was successfully authenticated. (1805f3b3)
2018-05-20T17:17:46.4276718+01:00 0HLDUDII982J6:00000021 [INF] Authorization was successful for user: "ozimax". (d7eb274a)
2018-05-20T17:17:46.4366723+01:00 0HLDUDII982J6:00000021 [INF] Executing action method "Tinix.Controllers.AdminController.Posts (Tinix)" with arguments (null) - ModelState is Valid (ba7f4ac2)
2018-05-20T17:17:46.4406726+01:00 0HLDUDII982J6:00000021 [INF] Executing ViewResult, running view at path "/Views/Admin/Posts.cshtml". (9707eebe)
2018-05-20T17:17:46.4556734+01:00 0HLDUDII982J6:00000021 [INF] Executed action "Tinix.Controllers.AdminController.Posts (Tinix)" in 18.8263ms (afa2e885)
2018-05-20T17:17:46.4756746+01:00 0HLDUDII982J6:00000021 [INF] Request finished in 52.4047ms 200 text/html; charset=utf-8 (791a596a)
2018-05-20T17:17:49.0978246+01:00 0HLDUDII982J6:00000022 [INF] Request starting HTTP/1.1 GET http://localhost:5000/Admin/EditPost?postId=612e0528-a34a-4db2-8bb1-347e76be730a   (ca22a1cb)
2018-05-20T17:17:49.1038249+01:00 0HLDUDII982J6:00000022 [INF] AuthenticationScheme: "Cookies" was successfully authenticated. (1805f3b3)
2018-05-20T17:17:49.1158256+01:00 0HLDUDII982J6:00000022 [INF] Authorization was successful for user: "ozimax". (d7eb274a)
2018-05-20T17:17:49.1188258+01:00 0HLDUDII982J6:00000022 [INF] Executing action method "Tinix.Controllers.AdminController.EditPost (Tinix)" with arguments (["612e0528-a34a-4db2-8bb1-347e76be730a"]) - ModelState is Valid (ba7f4ac2)
2018-05-20T17:17:55.8052082+01:00 0HLDUDII982J6:00000022 [INF] Executing ViewResult, running view at path "/Views/Admin/EditPost.cshtml". (9707eebe)
2018-05-20T17:17:55.8282095+01:00 0HLDUDII982J6:00000022 [INF] Executed action "Tinix.Controllers.AdminController.EditPost (Tinix)" in 6702.1419ms (afa2e885)
2018-05-20T17:17:55.9112143+01:00 0HLDUDII982J6:00000022 [INF] Request finished in 6743.3862ms 200 text/html; charset=utf-8 (791a596a)
2018-05-20T17:17:56.0472220+01:00 0HLDUDII982J6:00000023 [INF] Request starting HTTP/1.1 GET http://localhost:5000/js/plugins/help/plugin.min.js   (ca22a1cb)
2018-05-20T17:17:56.0552225+01:00 0HLDUDII982J6:00000023 [INF] AuthenticationScheme: "Cookies" was successfully authenticated. (1805f3b3)
2018-05-20T17:17:56.0682232+01:00 0HLDUDII982J6:00000023 [INF] Request finished in 37.9573ms 404  (791a596a)
2018-05-20T17:18:00.8954993+01:00 0HLDUDII982J6:00000024 [INF] Request starting HTTP/1.1 GET http://localhost:5000/Admin/Posts   (ca22a1cb)
2018-05-20T17:18:00.9054999+01:00 0HLDUDII982J6:00000024 [INF] AuthenticationScheme: "Cookies" was successfully authenticated. (1805f3b3)
2018-05-20T17:18:00.9125003+01:00 0HLDUDII982J6:00000024 [INF] Authorization was successful for user: "ozimax". (d7eb274a)
2018-05-20T17:18:00.9175006+01:00 0HLDUDII982J6:00000024 [INF] Executing action method "Tinix.Controllers.AdminController.Posts (Tinix)" with arguments (null) - ModelState is Valid (ba7f4ac2)
2018-05-20T17:18:00.9275012+01:00 0HLDUDII982J6:00000024 [INF] Executing ViewResult, running view at path "/Views/Admin/Posts.cshtml". (9707eebe)
2018-05-20T17:18:00.9925049+01:00 0HLDUDII982J6:00000024 [INF] Executed action "Tinix.Controllers.AdminController.Posts (Tinix)" in 25.403ms (afa2e885)
2018-05-20T17:18:01.0025055+01:00 0HLDUDII982J6:00000024 [INF] Request finished in 122.5405ms 200 text/html; charset=utf-8 (791a596a)
2018-05-20T17:18:03.6166550+01:00 0HLDUDII982J6:00000025 [INF] Request starting HTTP/1.1 GET http://localhost:5000/Admin/NewPost   (ca22a1cb)
2018-05-20T17:18:03.6226553+01:00 0HLDUDII982J6:00000025 [INF] AuthenticationScheme: "Cookies" was successfully authenticated. (1805f3b3)
2018-05-20T17:18:03.6256555+01:00 0HLDUDII982J6:00000025 [INF] Authorization was successful for user: "ozimax". (d7eb274a)
2018-05-20T17:18:03.6356561+01:00 0HLDUDII982J6:00000025 [INF] Executing action method "Tinix.Controllers.AdminController.NewPost (Tinix)" with arguments (null) - ModelState is Valid (ba7f4ac2)
2018-05-20T17:18:03.6386562+01:00 0HLDUDII982J6:00000025 [INF] Executing ViewResult, running view at path "/Views/Admin/NewPost.cshtml". (9707eebe)
2018-05-20T17:18:03.6456566+01:00 0HLDUDII982J6:00000025 [INF] Executed action "Tinix.Controllers.AdminController.NewPost (Tinix)" in 18.6542ms (afa2e885)
2018-05-20T17:18:03.6566573+01:00 0HLDUDII982J6:00000025 [INF] Request finished in 38.4532ms 200 text/html; charset=utf-8 (791a596a)
2018-05-20T17:18:03.7546629+01:00 0HLDUDII982J6:00000026 [INF] Request starting HTTP/1.1 GET http://localhost:5000/js/plugins/help/plugin.min.js   (ca22a1cb)
2018-05-20T17:18:03.7586631+01:00 0HLDUDII982J6:00000026 [INF] AuthenticationScheme: "Cookies" was successfully authenticated. (1805f3b3)
2018-05-20T17:18:03.7806644+01:00 0HLDUDII982J6:00000026 [INF] Request finished in 7.42ms 404  (791a596a)
2018-05-20T17:18:11.4991058+01:00 0HLDUDII982J6:00000027 [INF] Request starting HTTP/1.1 POST http://localhost:5000/Admin/NewPost application/x-www-form-urlencoded 54 (ca22a1cb)
2018-05-20T17:18:11.5051062+01:00 0HLDUDII982J6:00000027 [INF] AuthenticationScheme: "Cookies" was successfully authenticated. (1805f3b3)
2018-05-20T17:18:11.5111065+01:00 0HLDUDII982J6:00000027 [INF] Authorization was successful for user: "ozimax". (d7eb274a)
2018-05-20T17:18:11.5161068+01:00 0HLDUDII982J6:00000027 [INF] Executing action method "Tinix.Controllers.AdminController.NewPost (Tinix)" with arguments (["Tinix.Models.NewPostViewModel"]) - ModelState is Valid (ba7f4ac2)
2018-05-20T17:18:11.5291076+01:00 0HLDUDII982J6:00000027 [INF] Executing RedirectResult, redirecting to "NewPost". (d98d540e)
2018-05-20T17:18:11.5341078+01:00 0HLDUDII982J6:00000027 [INF] Executed action "Tinix.Controllers.AdminController.NewPost (Tinix)" in 23.6317ms (afa2e885)
2018-05-20T17:18:11.5381081+01:00 0HLDUDII982J6:00000027 [INF] Request finished in 45.8206ms 302  (791a596a)
2018-05-20T17:18:11.5401082+01:00 0HLDUDII982J6:00000028 [INF] Request starting HTTP/1.1 GET http://localhost:5000/Admin/NewPost   (ca22a1cb)
2018-05-20T17:18:11.5441084+01:00 0HLDUDII982J6:00000028 [INF] AuthenticationScheme: "Cookies" was successfully authenticated. (1805f3b3)
2018-05-20T17:18:11.5491087+01:00 0HLDUDII982J6:00000028 [INF] Authorization was successful for user: "ozimax". (d7eb274a)
2018-05-20T17:18:11.5541090+01:00 0HLDUDII982J6:00000028 [INF] Executing action method "Tinix.Controllers.AdminController.NewPost (Tinix)" with arguments (null) - ModelState is Valid (ba7f4ac2)
2018-05-20T17:18:11.5571092+01:00 0HLDUDII982J6:00000028 [INF] Executing ViewResult, running view at path "/Views/Admin/NewPost.cshtml". (9707eebe)
2018-05-20T17:18:11.5681098+01:00 0HLDUDII982J6:00000028 [INF] Executed action "Tinix.Controllers.AdminController.NewPost (Tinix)" in 14.0419ms (afa2e885)
2018-05-20T17:18:11.5731101+01:00 0HLDUDII982J6:00000028 [INF] Request finished in 30.6697ms 200 text/html; charset=utf-8 (791a596a)
2018-05-20T17:18:11.6901168+01:00 0HLDUDII982J6:00000029 [INF] Request starting HTTP/1.1 GET http://localhost:5000/js/plugins/help/plugin.min.js   (ca22a1cb)
2018-05-20T17:18:11.6941170+01:00 0HLDUDII982J6:00000029 [INF] AuthenticationScheme: "Cookies" was successfully authenticated. (1805f3b3)
2018-05-20T17:18:11.7121180+01:00 0HLDUDII982J6:00000029 [INF] Request finished in 11.4869ms 404  (791a596a)
2018-05-20T17:18:13.0441942+01:00 0HLDUDII982J6:0000002A [INF] Request starting HTTP/1.1 GET http://localhost:5000/Admin/Posts   (ca22a1cb)
2018-05-20T17:18:13.0491945+01:00 0HLDUDII982J6:0000002A [INF] AuthenticationScheme: "Cookies" was successfully authenticated. (1805f3b3)
2018-05-20T17:18:13.0591951+01:00 0HLDUDII982J6:0000002A [INF] Authorization was successful for user: "ozimax". (d7eb274a)
2018-05-20T17:18:13.0631953+01:00 0HLDUDII982J6:0000002A [INF] Executing action method "Tinix.Controllers.AdminController.Posts (Tinix)" with arguments (null) - ModelState is Valid (ba7f4ac2)
2018-05-20T17:18:13.0681956+01:00 0HLDUDII982J6:0000002A [INF] Executing ViewResult, running view at path "/Views/Admin/Posts.cshtml". (9707eebe)
2018-05-20T17:18:13.0921970+01:00 0HLDUDII982J6:0000002A [INF] Executed action "Tinix.Controllers.AdminController.Posts (Tinix)" in 22.8718ms (afa2e885)
2018-05-20T17:18:13.1351994+01:00 0HLDUDII982J6:0000002A [INF] Request finished in 60.176ms 200 text/html; charset=utf-8 (791a596a)
2018-05-20T17:18:14.4832765+01:00 0HLDUDII982J6:0000002B [INF] Request starting HTTP/1.1 GET http://localhost:5000/Admin/EditPost?postId=3b55265c-1ed4-4551-ae7f-5b7a614aa3f6   (ca22a1cb)
2018-05-20T17:18:14.4902769+01:00 0HLDUDII982J6:0000002B [INF] AuthenticationScheme: "Cookies" was successfully authenticated. (1805f3b3)
2018-05-20T17:18:14.5062778+01:00 0HLDUDII982J6:0000002B [INF] Authorization was successful for user: "ozimax". (d7eb274a)
2018-05-20T17:18:14.5152784+01:00 0HLDUDII982J6:0000002B [INF] Executing action method "Tinix.Controllers.AdminController.EditPost (Tinix)" with arguments (["3b55265c-1ed4-4551-ae7f-5b7a614aa3f6"]) - ModelState is Valid (ba7f4ac2)
2018-05-20T17:18:29.3151249+01:00 0HLDUDII982J6:0000002B [INF] Executing ViewResult, running view at path "/Views/Admin/EditPost.cshtml". (9707eebe)
2018-05-20T17:18:29.4411321+01:00 0HLDUDII982J6:0000002B [INF] Executed action "Tinix.Controllers.AdminController.EditPost (Tinix)" in 14819.5099ms (afa2e885)
2018-05-20T17:18:29.4561329+01:00 0HLDUDII982J6:0000002B [INF] Request finished in 14964.7804ms 200 text/html; charset=utf-8 (791a596a)
2018-05-20T17:18:29.6951466+01:00 0HLDUDII982J6:0000002C [INF] Request starting HTTP/1.1 GET http://localhost:5000/js/plugins/help/plugin.min.js   (ca22a1cb)
2018-05-20T17:18:29.6981468+01:00 0HLDUDII982J6:0000002C [INF] AuthenticationScheme: "Cookies" was successfully authenticated. (1805f3b3)
2018-05-20T17:18:29.7101474+01:00 0HLDUDII982J6:0000002C [INF] Request finished in 8.7892ms 404  (791a596a)
