2018-04-15T22:43:48.2955672+01:00 0HLD337RLUCQ8:00000001 [INF] Request starting HTTP/1.1 GET http://localhost:5000/   (ca22a1cb)
2018-04-15T22:43:50.1086709+01:00 0HLD337RLUCQ8:00000001 [INF] Executing action method "Tinix.Controllers.HomeController.Index (Tinix)" with arguments ([""]) - ModelState is Valid (ba7f4ac2)
2018-04-15T22:43:56.5950419+01:00 0HLD337RLUCQ8:00000001 [INF] Executing ViewResult, running view at path "/Views/Home/Index.cshtml". (9707eebe)
2018-04-15T22:43:58.8011681+01:00 0HLD337RLUCQ8:00000001 [INF] Executed action "Tinix.Controllers.HomeController.Index (Tinix)" in 8751.0528ms (afa2e885)
2018-04-15T22:43:58.8181691+01:00 0HLD337RLUCQD:00000001 [INF] Request starting HTTP/1.1 GET http://localhost:5000/css/bootstrap.min.css   (ca22a1cb)
2018-04-15T22:43:58.8311698+01:00 0HLD337RLUCQE:00000001 [INF] Request starting HTTP/1.1 GET http://localhost:5000/css/site.css   (ca22a1cb)
2018-04-15T22:43:58.8351701+01:00 0HLD337RLUCQ8:00000001 [INF] Request finished in 10567.9617ms 200 text/html; charset=utf-8 (791a596a)
2018-04-15T22:43:58.8401704+01:00 0HLD337RLUCQ8:00000002 [INF] Request starting HTTP/1.1 GET http://localhost:5000/js/jquery.js   (ca22a1cb)
2018-04-15T22:43:58.8521710+01:00 0HLD337RLUCQ8:00000002 [INF] Sending file. Request path: '"/js/jquery.js"'. Physical path: '"C:\Users\ozan\desktop\projects\tinix\src\Tinix\wwwroot\js\jquery.js"' (27b0a520)
2018-04-15T22:43:58.8521710+01:00 0HLD337RLUCQE:00000001 [INF] Sending file. Request path: '"/css/site.css"'. Physical path: '"C:\Users\ozan\desktop\projects\tinix\src\Tinix\wwwroot\css\site.css"' (27b0a520)
2018-04-15T22:43:58.8531711+01:00 0HLD337RLUCQD:00000001 [INF] Sending file. Request path: '"/css/bootstrap.min.css"'. Physical path: '"C:\Users\ozan\desktop\projects\tinix\src\Tinix\wwwroot\css\bootstrap.min.css"' (27b0a520)
2018-04-15T22:43:58.9181748+01:00 0HLD337RLUCQD:00000001 [INF] Request finished in 93.5034ms 200 text/css (791a596a)
2018-04-15T22:43:58.9231751+01:00 0HLD337RLUCQE:00000001 [INF] Request finished in 108.5256ms 200 text/css (791a596a)
2018-04-15T22:43:58.9431763+01:00 0HLD337RLUCQE:00000002 [INF] Request starting HTTP/1.1 GET http://localhost:5000/js/popper.min.js   (ca22a1cb)
2018-04-15T22:43:58.9471765+01:00 0HLD337RLUCQ8:00000002 [INF] Request finished in 98.194ms 200 application/javascript (791a596a)
2018-04-15T22:43:58.9511767+01:00 0HLD337RLUCQD:00000002 [INF] Request starting HTTP/1.1 GET http://localhost:5000/js/bootstrap.min.js   (ca22a1cb)
2018-04-15T22:43:58.9531768+01:00 0HLD337RLUCQE:00000002 [INF] Sending file. Request path: '"/js/popper.min.js"'. Physical path: '"C:\Users\ozan\desktop\projects\tinix\src\Tinix\wwwroot\js\popper.min.js"' (27b0a520)
2018-04-15T22:43:58.9561770+01:00 0HLD337RLUCQD:00000002 [INF] Sending file. Request path: '"/js/bootstrap.min.js"'. Physical path: '"C:\Users\ozan\desktop\projects\tinix\src\Tinix\wwwroot\js\bootstrap.min.js"' (27b0a520)
2018-04-15T22:43:58.9741780+01:00 0HLD337RLUCQE:00000002 [INF] Request finished in 37.8675ms 200 application/javascript (791a596a)
2018-04-15T22:43:59.0001795+01:00 0HLD337RLUCQD:00000002 [INF] Request finished in 60.2034ms 200 application/javascript (791a596a)
2018-04-15T22:43:59.3241980+01:00 0HLD337RLUCQD:00000003 [INF] Request starting HTTP/1.1 GET http://localhost:5000/favicon.ico   (ca22a1cb)
2018-04-15T22:43:59.3301984+01:00 0HLD337RLUCQD:00000003 [INF] Sending file. Request path: '"/favicon.ico"'. Physical path: '"C:\Users\ozan\desktop\projects\tinix\src\Tinix\wwwroot\favicon.ico"' (27b0a520)
2018-04-15T22:43:59.3521996+01:00 0HLD337RLUCQD:00000003 [INF] Request finished in 31.9336ms 200 image/x-icon (791a596a)
2018-04-15T22:45:50.2365419+01:00 0HLD337RLUCQF:00000001 [INF] Request starting HTTP/1.1 GET http://localhost:5000/   (ca22a1cb)
2018-04-15T22:45:50.2445423+01:00 0HLD337RLUCQF:00000001 [INF] Executing action method "Tinix.Controllers.HomeController.Index (Tinix)" with arguments ([""]) - ModelState is Valid (ba7f4ac2)
2018-04-15T22:46:04.7713732+01:00 0HLD337RLUCQF:00000001 [INF] Executing ViewResult, running view at path "/Views/Home/Index.cshtml". (9707eebe)
2018-04-15T22:46:04.8493777+01:00 0HLD337RLUCQF:00000001 [INF] Executed action "Tinix.Controllers.HomeController.Index (Tinix)" in 14535.2868ms (afa2e885)
2018-04-15T22:46:04.9203817+01:00 0HLD337RLUCQF:00000001 [INF] Request finished in 14623.6424ms 200 text/html; charset=utf-8 (791a596a)
2018-04-15T22:46:05.0543894+01:00 0HLD337RLUCQF:00000002 [INF] Request starting HTTP/1.1 GET http://localhost:5000/favicon.ico   (ca22a1cb)
2018-04-15T22:46:05.0583896+01:00 0HLD337RLUCQF:00000002 [INF] Sending file. Request path: '"/favicon.ico"'. Physical path: '"C:\Users\ozan\desktop\projects\tinix\src\Tinix\wwwroot\favicon.ico"' (27b0a520)
2018-04-15T22:46:05.0753906+01:00 0HLD337RLUCQF:00000002 [INF] Request finished in 19.6456ms 200 image/x-icon (791a596a)
2018-04-15T22:47:35.8715838+01:00 0HLD337RLUCQF:00000003 [INF] Request starting HTTP/1.1 GET http://localhost:5000/   (ca22a1cb)
2018-04-15T22:47:35.8815844+01:00 0HLD337RLUCQF:00000003 [INF] Executing action method "Tinix.Controllers.HomeController.Index (Tinix)" with arguments ([""]) - ModelState is Valid (ba7f4ac2)
2018-04-15T22:47:38.6377421+01:00 0HLD337RLUCQF:00000003 [INF] Executing ViewResult, running view at path "/Views/Home/Index.cshtml". (9707eebe)
2018-04-15T22:47:38.6487427+01:00 0HLD337RLUCQF:00000003 [INF] Executed action "Tinix.Controllers.HomeController.Index (Tinix)" in 2771.6035ms (afa2e885)
2018-04-15T22:47:38.6707440+01:00 0HLD337RLUCQF:00000003 [INF] Request finished in 2785.5466ms 200 text/html; charset=utf-8 (791a596a)
2018-04-15T22:47:38.8867563+01:00 0HLD337RLUCQF:00000004 [INF] Request starting HTTP/1.1 GET http://localhost:5000/favicon.ico   (ca22a1cb)
2018-04-15T22:47:38.8907565+01:00 0HLD337RLUCQF:00000004 [INF] Sending file. Request path: '"/favicon.ico"'. Physical path: '"C:\Users\ozan\desktop\projects\tinix\src\Tinix\wwwroot\favicon.ico"' (27b0a520)
2018-04-15T22:47:38.9037573+01:00 0HLD337RLUCQF:00000004 [INF] Request finished in 17.0332ms 200 image/x-icon (791a596a)
2018-04-15T22:50:26.0773191+01:00 0HLD33BIDHRH2:00000001 [INF] Request starting HTTP/1.1 GET http://localhost:5000/   (ca22a1cb)
2018-04-15T22:50:27.3203902+01:00 0HLD33BIDHRH2:00000001 [INF] Executing action method "Tinix.Controllers.HomeController.Index (Tinix)" with arguments ([""]) - ModelState is Valid (ba7f4ac2)
2018-04-15T23:03:54.1985410+01:00 0HLD33J3KL1SD:00000001 [INF] Request starting HTTP/1.1 GET http://localhost:5000/   (ca22a1cb)
2018-04-15T23:03:54.5625618+01:00 0HLD33J3KL1SD:00000001 [INF] Executing action method "Tinix.Controllers.HomeController.Index (Tinix)" with arguments ([""]) - ModelState is Valid (ba7f4ac2)
2018-04-15T23:39:28.4236116+01:00 0HLD346V4AK00:00000001 [INF] Request starting HTTP/1.1 GET http://localhost:5000/   (ca22a1cb)
2018-04-15T23:39:28.8716373+01:00 0HLD346V4AK00:00000001 [INF] Executing action method "Tinix.Controllers.HomeController.Index (Tinix)" with arguments ([""]) - ModelState is Valid (ba7f4ac2)
2018-04-15T23:47:57.7177416+01:00 0HLD346V4AK00:00000001 [INF] Executing ViewResult, running view at path "/Views/Home/Index.cshtml". (9707eebe)
2018-04-15T23:48:00.4098956+01:00 0HLD346V4AK00:00000001 [INF] Executed action "Tinix.Controllers.HomeController.Index (Tinix)" in 511555.4759ms (afa2e885)
2018-04-15T23:48:00.4889001+01:00 0HLD346V4AK00:00000001 [INF] Request finished in 512005.3017ms 200 text/html; charset=utf-8 (791a596a)
2018-04-15T23:53:07.9644867+01:00 0HLD34EJTILPN:00000001 [INF] Request starting HTTP/1.1 GET http://localhost:5000/   (ca22a1cb)
2018-04-15T23:53:08.3985115+01:00 0HLD34EJTILPN:00000001 [INF] Executing action method "Tinix.Controllers.HomeController.Index (Tinix)" with arguments ([""]) - ModelState is Valid (ba7f4ac2)
2018-04-15T23:53:12.6557550+01:00 0HLD34EJTILPN:00000001 [INF] Executing ViewResult, running view at path "/Views/Home/Index.cshtml". (9707eebe)
2018-04-15T23:53:14.5448631+01:00 0HLD34EJTILPN:00000001 [INF] Executed action "Tinix.Controllers.HomeController.Index (Tinix)" in 6151.1341ms (afa2e885)
2018-04-15T23:53:14.5928658+01:00 0HLD34EJTILPN:00000001 [INF] Request finished in 6603.9511ms 200 text/html; charset=utf-8 (791a596a)
2018-04-15T23:53:31.5318347+01:00 0HLD34EJTILPN:00000002 [INF] Request starting HTTP/1.1 GET http://localhost:5000/   (ca22a1cb)
2018-04-15T23:53:31.5478356+01:00 0HLD34EJTILPN:00000002 [INF] Executing action method "Tinix.Controllers.HomeController.Index (Tinix)" with arguments ([""]) - ModelState is Valid (ba7f4ac2)
2018-04-15T23:53:31.5588362+01:00 0HLD34EJTILPN:00000002 [INF] Executing ViewResult, running view at path "/Views/Home/Index.cshtml". (9707eebe)
2018-04-15T23:53:31.5778373+01:00 0HLD34EJTILPN:00000002 [INF] Executed action "Tinix.Controllers.HomeController.Index (Tinix)" in 33.3205ms (afa2e885)
2018-04-15T23:53:31.5838376+01:00 0HLD34EJTILPN:00000002 [INF] Request finished in 54.2089ms 200 text/html; charset=utf-8 (791a596a)
2018-04-15T23:53:31.7278459+01:00 0HLD34EJTILPN:00000003 [INF] Request starting HTTP/1.1 GET http://localhost:5000/favicon.ico   (ca22a1cb)
2018-04-15T23:53:31.7448469+01:00 0HLD34EJTILPN:00000003 [INF] Sending file. Request path: '"/favicon.ico"'. Physical path: '"C:\Users\ozan\desktop\projects\tinix\src\Tinix\wwwroot\favicon.ico"' (27b0a520)
2018-04-15T23:53:31.8278516+01:00 0HLD34EJTILPN:00000003 [INF] Request finished in 103.6334ms 200 image/x-icon (791a596a)
2018-04-15T23:53:35.2580478+01:00 0HLD34EJTILPN:00000004 [INF] Request starting HTTP/1.1 GET http://localhost:5000/   (ca22a1cb)
2018-04-15T23:53:35.2620480+01:00 0HLD34EJTILPN:00000004 [INF] Executing action method "Tinix.Controllers.HomeController.Index (Tinix)" with arguments ([""]) - ModelState is Valid (ba7f4ac2)
2018-04-15T23:53:35.2700485+01:00 0HLD34EJTILPN:00000004 [INF] Executing ViewResult, running view at path "/Views/Home/Index.cshtml". (9707eebe)
2018-04-15T23:53:35.2840493+01:00 0HLD34EJTILPN:00000004 [INF] Executed action "Tinix.Controllers.HomeController.Index (Tinix)" in 12.4718ms (afa2e885)
2018-04-15T23:53:35.3060505+01:00 0HLD34EJTILPN:00000004 [INF] Request finished in 42.7946ms 200 text/html; charset=utf-8 (791a596a)
2018-04-15T23:53:35.4400582+01:00 0HLD34EJTILPN:00000005 [INF] Request starting HTTP/1.1 GET http://localhost:5000/favicon.ico   (ca22a1cb)
2018-04-15T23:53:35.4480587+01:00 0HLD34EJTILPN:00000005 [INF] Sending file. Request path: '"/favicon.ico"'. Physical path: '"C:\Users\ozan\desktop\projects\tinix\src\Tinix\wwwroot\favicon.ico"' (27b0a520)
2018-04-15T23:53:35.4700599+01:00 0HLD34EJTILPN:00000005 [INF] Request finished in 21.4705ms 200 image/x-icon (791a596a)
2018-04-15T23:54:12.7991950+01:00 0HLD34F787UJ7:00000001 [INF] Request starting HTTP/1.1 GET http://localhost:5000/   (ca22a1cb)
2018-04-15T23:54:13.1702163+01:00 0HLD34F787UJ7:00000001 [INF] Executing action method "Tinix.Controllers.HomeController.Index (Tinix)" with arguments ([""]) - ModelState is Valid (ba7f4ac2)
2018-04-15T23:54:16.9294313+01:00 0HLD34F787UJ7:00000001 [INF] Executing ViewResult, running view at path "/Views/Home/Index.cshtml". (9707eebe)
2018-04-15T23:54:18.7955380+01:00 0HLD34F787UJ7:00000001 [INF] Executed action "Tinix.Controllers.HomeController.Index (Tinix)" in 5665.1146ms (afa2e885)
2018-04-15T23:54:18.8255397+01:00 0HLD34F787UJ7:00000001 [INF] Request finished in 6018.574ms 200 text/html; charset=utf-8 (791a596a)
2018-04-15T23:55:05.1051868+01:00 0HLD34FMM0DEL:00000001 [INF] Request starting HTTP/1.1 GET http://localhost:5000/   (ca22a1cb)
2018-04-15T23:55:05.5292110+01:00 0HLD34FMM0DEL:00000001 [INF] Executing action method "Tinix.Controllers.HomeController.Index (Tinix)" with arguments ([""]) - ModelState is Valid (ba7f4ac2)
2018-04-15T23:55:09.2614245+01:00 0HLD34FMM0DEL:00000001 [INF] Executing ViewResult, running view at path "/Views/Home/Index.cshtml". (9707eebe)
2018-04-15T23:55:11.1515326+01:00 0HLD34FMM0DEL:00000001 [INF] Executed action "Tinix.Controllers.HomeController.Index (Tinix)" in 5599.0361ms (afa2e885)
2018-04-15T23:55:11.1635333+01:00 0HLD34FMM0DEL:00000001 [INF] Request finished in 6066.5659ms 200 text/html; charset=utf-8 (791a596a)
