2018-04-24T17:29:47.4095826+01:00 0HLDA02C19TL4:00000001 [ERR] An unhandled exception has occurred: Could not find a part of the path 'C:\Posts'. (ef7abbe9)
System.IO.DirectoryNotFoundException: Could not find a part of the path 'C:\Posts'.
   at System.IO.Win32FileSystemEnumerableIterator`1.HandleError(Int32 errorCode, String path)
   at System.IO.Win32FileSystemEnumerableIterator`1.CommonInit()
   at System.IO.Win32FileSystemEnumerableIterator`1..ctor(String path, String originalUserPath, String searchPattern, SearchOption searchOption, SearchResultHandler`1 resultHandler)
   at System.IO.Win32FileSystemEnumerableFactory.CreateFileNameIterator(String path, String originalUserPath, String searchPattern, Boolean includeFiles, Boolean includeDirs, SearchOption searchOption)
   at System.IO.Win32FileSystem.EnumeratePaths(String fullPath, String searchPattern, SearchOption searchOption, SearchTarget searchTarget)
   at System.IO.Directory.EnumerateFileSystemNames(String path, String searchPattern, SearchOption searchOption, Boolean includeFiles, Boolean includeDirs)
   at System.IO.Directory.EnumerateFiles(String path, String searchPattern, SearchOption searchOption)
   at Tinix.Context.FileBlogService.LoadFromDisk() in C:\Users\ondero\Desktop\dev\Tinix\src\Tinix.Context\FileBlogService.cs:line 307
   at Tinix.Context.FileBlogService.GetCachedPosts() in C:\Users\ondero\Desktop\dev\Tinix\src\Tinix.Context\FileBlogService.cs:line 266
   at Tinix.Context.FileBlogService.GetPostById(String id) in C:\Users\ondero\Desktop\dev\Tinix\src\Tinix.Context\FileBlogService.cs:line 230
   at Tinix.Controllers.AdminController.<EditPost>d__9.MoveNext() in C:\Users\ondero\Desktop\dev\Tinix\src\Tinix\Controllers\AdminController.cs:line 106
--- End of stack trace from previous location where exception was thrown ---
   at System.Runtime.ExceptionServices.ExceptionDispatchInfo.Throw()
   at System.Runtime.CompilerServices.TaskAwaiter.HandleNonSuccessAndDebuggerNotification(Task task)
   at System.Runtime.CompilerServices.TaskAwaiter`1.GetResult()
   at Microsoft.AspNetCore.Mvc.Internal.ControllerActionInvoker.<InvokeActionMethodAsync>d__12.MoveNext()
--- End of stack trace from previous location where exception was thrown ---
   at System.Runtime.ExceptionServices.ExceptionDispatchInfo.Throw()
   at System.Runtime.CompilerServices.TaskAwaiter.HandleNonSuccessAndDebuggerNotification(Task task)
   at Microsoft.AspNetCore.Mvc.Internal.ControllerActionInvoker.<InvokeNextActionFilterAsync>d__10.MoveNext()
--- End of stack trace from previous location where exception was thrown ---
   at System.Runtime.ExceptionServices.ExceptionDispatchInfo.Throw()
   at Microsoft.AspNetCore.Mvc.Internal.ControllerActionInvoker.Rethrow(ActionExecutedContext context)
   at Microsoft.AspNetCore.Mvc.Internal.ControllerActionInvoker.Next(State& next, Scope& scope, Object& state, Boolean& isCompleted)
   at Microsoft.AspNetCore.Mvc.Internal.ControllerActionInvoker.<InvokeInnerFilterAsync>d__14.MoveNext()
--- End of stack trace from previous location where exception was thrown ---
   at System.Runtime.ExceptionServices.ExceptionDispatchInfo.Throw()
   at System.Runtime.CompilerServices.TaskAwaiter.HandleNonSuccessAndDebuggerNotification(Task task)
   at Microsoft.AspNetCore.Mvc.Internal.ResourceInvoker.<InvokeNextResourceFilter>d__22.MoveNext()
--- End of stack trace from previous location where exception was thrown ---
   at System.Runtime.ExceptionServices.ExceptionDispatchInfo.Throw()
   at Microsoft.AspNetCore.Mvc.Internal.ResourceInvoker.Rethrow(ResourceExecutedContext context)
   at Microsoft.AspNetCore.Mvc.Internal.ResourceInvoker.Next(State& next, Scope& scope, Object& state, Boolean& isCompleted)
   at Microsoft.AspNetCore.Mvc.Internal.ResourceInvoker.<InvokeFilterPipelineAsync>d__17.MoveNext()
--- End of stack trace from previous location where exception was thrown ---
   at System.Runtime.ExceptionServices.ExceptionDispatchInfo.Throw()
   at System.Runtime.CompilerServices.TaskAwaiter.HandleNonSuccessAndDebuggerNotification(Task task)
   at Microsoft.AspNetCore.Mvc.Internal.ResourceInvoker.<InvokeAsync>d__15.MoveNext()
--- End of stack trace from previous location where exception was thrown ---
   at System.Runtime.ExceptionServices.ExceptionDispatchInfo.Throw()
   at System.Runtime.CompilerServices.TaskAwaiter.HandleNonSuccessAndDebuggerNotification(Task task)
   at Microsoft.AspNetCore.Builder.RouterMiddleware.<Invoke>d__4.MoveNext()
--- End of stack trace from previous location where exception was thrown ---
   at System.Runtime.ExceptionServices.ExceptionDispatchInfo.Throw()
   at System.Runtime.CompilerServices.TaskAwaiter.HandleNonSuccessAndDebuggerNotification(Task task)
   at Microsoft.AspNetCore.Diagnostics.ExceptionHandlerMiddleware.<Invoke>d__6.MoveNext()
2018-04-24T17:49:58.9545826+01:00 0HLDA0DKC3QFJ:00000001 [INF] Request starting HTTP/1.1 GET http://localhost:5000/   (ca22a1cb)
2018-04-24T17:49:59.2615826+01:00 0HLDA0DKC3QFJ:00000001 [INF] Executing action method "Tinix.Controllers.HomeController.Index (Tinix)" with arguments ([""]) - ModelState is Valid (ba7f4ac2)
2018-04-24T17:50:02.8325826+01:00 0HLDA0DKC3QFJ:00000001 [INF] Executing ViewResult, running view at path "/Views/Home/Index.cshtml". (9707eebe)
2018-04-24T17:50:04.7495826+01:00 0HLDA0DKC3QFJ:00000001 [INF] Executed action "Tinix.Controllers.HomeController.Index (Tinix)" in 5495.4052ms (afa2e885)
2018-04-24T17:50:04.7595826+01:00 0HLDA0DKC3QFJ:00000001 [INF] Request finished in 5814.3499ms 200 text/html; charset=utf-8 (791a596a)
2018-04-24T17:50:04.8665826+01:00 0HLDA0DKC3QFK:00000001 [INF] Request starting HTTP/1.1 GET http://localhost:5000/css/site.css   (ca22a1cb)
2018-04-24T17:50:04.9925826+01:00 0HLDA0DKC3QFL:00000001 [INF] Request starting HTTP/1.1 GET http://localhost:5000/js/popper.min.js   (ca22a1cb)
2018-04-24T17:50:05.0595826+01:00 0HLDA0DKC3QFJ:00000002 [INF] Request starting HTTP/1.1 GET http://localhost:5000/css/bootstrap.min.css   (ca22a1cb)
2018-04-24T17:50:05.0815826+01:00 0HLDA0DKC3QFL:00000001 [INF] Sending file. Request path: '"/js/popper.min.js"'. Physical path: '"C:\Users\ondero\desktop\dev\tinix\src\Tinix\wwwroot\js\popper.min.js"' (27b0a520)
2018-04-24T17:50:05.0925826+01:00 0HLDA0DKC3QFK:00000001 [INF] Sending file. Request path: '"/css/site.css"'. Physical path: '"C:\Users\ondero\desktop\dev\tinix\src\Tinix\wwwroot\css\site.css"' (27b0a520)
2018-04-24T17:50:05.1035826+01:00 0HLDA0DKC3QFJ:00000002 [INF] Sending file. Request path: '"/css/bootstrap.min.css"'. Physical path: '"C:\Users\ondero\desktop\dev\tinix\src\Tinix\wwwroot\css\bootstrap.min.css"' (27b0a520)
2018-04-24T17:50:05.1195826+01:00 0HLDA0DKC3QFM:00000001 [INF] Request starting HTTP/1.1 GET http://localhost:5000/js/jquery.js   (ca22a1cb)
2018-04-24T17:50:05.1285826+01:00 0HLDA0DKC3QFN:00000001 [INF] Request starting HTTP/1.1 GET http://localhost:5000/js/bootstrap.min.js   (ca22a1cb)
2018-04-24T17:50:05.1635826+01:00 0HLDA0DKC3QFN:00000001 [INF] Sending file. Request path: '"/js/bootstrap.min.js"'. Physical path: '"C:\Users\ondero\desktop\dev\tinix\src\Tinix\wwwroot\js\bootstrap.min.js"' (27b0a520)
2018-04-24T17:50:05.1665826+01:00 0HLDA0DKC3QFL:00000001 [INF] Request finished in 289.793ms 200 application/javascript (791a596a)
2018-04-24T17:50:05.1835826+01:00 0HLDA0DKC3QFK:00000001 [INF] Request finished in 364.9634ms 200 text/css (791a596a)
2018-04-24T17:50:05.1895826+01:00 0HLDA0DKC3QFM:00000001 [INF] Sending file. Request path: '"/js/jquery.js"'. Physical path: '"C:\Users\ondero\desktop\dev\tinix\src\Tinix\wwwroot\js\jquery.js"' (27b0a520)
2018-04-24T17:50:05.1945826+01:00 0HLDA0DKC3QFN:00000001 [INF] Request finished in 89.3543ms 200 application/javascript (791a596a)
2018-04-24T17:50:05.2035826+01:00 0HLDA0DKC3QFJ:00000002 [INF] Request finished in 358.8717ms 200 text/css (791a596a)
2018-04-24T17:50:05.2315826+01:00 0HLDA0DKC3QFM:00000001 [INF] Request finished in 203.89ms 200 application/javascript (791a596a)
2018-04-24T17:50:05.3675826+01:00 0HLDA0DKC3QFM:00000002 [INF] Request starting HTTP/1.1 GET http://localhost:5000/favicon.ico   (ca22a1cb)
2018-04-24T17:50:05.3795826+01:00 0HLDA0DKC3QFM:00000002 [INF] Sending file. Request path: '"/favicon.ico"'. Physical path: '"C:\Users\ondero\desktop\dev\tinix\src\Tinix\wwwroot\favicon.ico"' (27b0a520)
2018-04-24T17:50:05.4285826+01:00 0HLDA0DKC3QFM:00000002 [INF] Request finished in 21.9306ms 200 image/x-icon (791a596a)
2018-04-24T17:50:11.4705826+01:00 0HLDA0DKC3QFM:00000003 [INF] Request starting HTTP/1.1 GET http://localhost:5000/admin/login   (ca22a1cb)
2018-04-24T17:50:11.4965826+01:00 0HLDA0DKC3QFM:00000003 [INF] Executing action method "Tinix.Controllers.AdminController.Login (Tinix)" with arguments (null) - ModelState is Valid (ba7f4ac2)
2018-04-24T17:50:11.9235826+01:00 0HLDA0DKC3QFM:00000003 [INF] Executing ViewResult, running view at path "/Views/Admin/Login.cshtml". (9707eebe)
2018-04-24T17:50:12.2785826+01:00 0HLDA0DKC3QFM:00000003 [INF] Executed action "Tinix.Controllers.AdminController.Login (Tinix)" in 792.4951ms (afa2e885)
2018-04-24T17:50:12.2865826+01:00 0HLDA0DKC3QFM:00000003 [INF] Request finished in 813.2866ms 200 text/html; charset=utf-8 (791a596a)
2018-04-24T17:50:12.3015826+01:00 0HLDA0DKC3QFM:00000004 [INF] Request starting HTTP/1.1 GET http://localhost:5000/css/bootstrap.min.css   (ca22a1cb)
2018-04-24T17:50:12.3245826+01:00 0HLDA0DKC3QFM:00000004 [INF] Sending file. Request path: '"/css/bootstrap.min.css"'. Physical path: '"C:\Users\ondero\desktop\dev\tinix\src\Tinix\wwwroot\css\bootstrap.min.css"' (27b0a520)
2018-04-24T17:50:12.3275826+01:00 0HLDA0DKC3QFN:00000002 [INF] Request starting HTTP/1.1 GET http://localhost:5000/css/admin.css   (ca22a1cb)
2018-04-24T17:50:12.3515826+01:00 0HLDA0DKC3QFL:00000002 [INF] Request starting HTTP/1.1 GET http://localhost:5000/js/jquery.validate.min.js   (ca22a1cb)
2018-04-24T17:50:12.3615826+01:00 0HLDA0DKC3QFK:00000002 [INF] Request starting HTTP/1.1 GET http://localhost:5000/js/jquery.validate.unobtrusive.js   (ca22a1cb)
2018-04-24T17:50:12.3625826+01:00 0HLDA0DKC3QFN:00000002 [INF] Sending file. Request path: '"/css/admin.css"'. Physical path: '"C:\Users\ondero\desktop\dev\tinix\src\Tinix\wwwroot\css\admin.css"' (27b0a520)
2018-04-24T17:50:12.3665826+01:00 0HLDA0DKC3QFK:00000002 [INF] Sending file. Request path: '"/js/jquery.validate.unobtrusive.js"'. Physical path: '"C:\Users\ondero\desktop\dev\tinix\src\Tinix\wwwroot\js\jquery.validate.unobtrusive.js"' (27b0a520)
2018-04-24T17:50:12.3965826+01:00 0HLDA0DKC3QFL:00000002 [INF] Sending file. Request path: '"/js/jquery.validate.min.js"'. Physical path: '"C:\Users\ondero\desktop\dev\tinix\src\Tinix\wwwroot\js\jquery.validate.min.js"' (27b0a520)
2018-04-24T17:50:12.4035826+01:00 0HLDA0DKC3QFM:00000004 [INF] Request finished in 72.3119ms 200 text/css (791a596a)
2018-04-24T17:50:12.4435826+01:00 0HLDA0DKC3QFN:00000002 [INF] Request finished in 62.4647ms 200 text/css (791a596a)
2018-04-24T17:50:12.4465826+01:00 0HLDA0DKC3QFL:00000002 [INF] Request finished in 93.2665ms 200 application/javascript (791a596a)
2018-04-24T17:50:12.4705826+01:00 0HLDA0DKC3QFK:00000002 [INF] Request finished in 138.2275ms 200 application/javascript (791a596a)
2018-04-24T17:50:15.1395826+01:00 0HLDA0DKC3QFM:00000005 [INF] Request starting HTTP/1.1 POST http://localhost:5000/Admin/Login application/x-www-form-urlencoded 34 (ca22a1cb)
2018-04-24T17:50:15.2125826+01:00 0HLDA0DKC3QFM:00000005 [INF] Executing action method "Tinix.Controllers.AdminController.Login (Tinix)" with arguments (["Tinix.Models.LoginViewModel"]) - ModelState is Valid (ba7f4ac2)
2018-04-24T17:50:15.2825826+01:00 0HLDA0DKC3QFM:00000005 [INF] AuthenticationScheme: "Cookies" signed in. (c66dd7e7)
2018-04-24T17:50:15.2895826+01:00 0HLDA0DKC3QFM:00000005 [INF] Executing RedirectResult, redirecting to "/Admin/NewPost". (d98d540e)
2018-04-24T17:50:15.2945826+01:00 0HLDA0DKC3QFM:00000005 [INF] Executed action "Tinix.Controllers.AdminController.Login (Tinix)" in 143.3575ms (afa2e885)
2018-04-24T17:50:15.3025826+01:00 0HLDA0DKC3QFM:00000005 [INF] Request finished in 169.2588ms 302  (791a596a)
2018-04-24T17:50:15.3075826+01:00 0HLDA0DKC3QFM:00000006 [INF] Request starting HTTP/1.1 GET http://localhost:5000/Admin/NewPost   (ca22a1cb)
2018-04-24T17:50:15.3135826+01:00 0HLDA0DKC3QFM:00000006 [INF] AuthenticationScheme: "Cookies" was successfully authenticated. (1805f3b3)
2018-04-24T17:50:15.3345826+01:00 0HLDA0DKC3QFM:00000006 [INF] Authorization was successful for user: "ozimax". (d7eb274a)
2018-04-24T17:50:15.3575826+01:00 0HLDA0DKC3QFM:00000006 [INF] Executing action method "Tinix.Controllers.AdminController.NewPost (Tinix)" with arguments (null) - ModelState is Valid (ba7f4ac2)
2018-04-24T17:50:15.5595826+01:00 0HLDA0DKC3QFM:00000006 [INF] Executing ViewResult, running view at path "/Views/Admin/NewPost.cshtml". (9707eebe)
2018-04-24T17:50:15.5855826+01:00 0HLDA0DKC3QFM:00000006 [INF] Executed action "Tinix.Controllers.AdminController.NewPost (Tinix)" in 260.5182ms (afa2e885)
2018-04-24T17:50:15.5975826+01:00 0HLDA0DKC3QFM:00000006 [INF] Request finished in 281.6443ms 200 text/html; charset=utf-8 (791a596a)
2018-04-24T17:50:15.7065826+01:00 0HLDA0DKC3QFM:00000007 [INF] Request starting HTTP/1.1 GET http://localhost:5000/js/admin.js   (ca22a1cb)
2018-04-24T17:50:15.7125826+01:00 0HLDA0DKC3QFN:00000003 [INF] Request starting HTTP/1.1 GET http://localhost:5000/js/tinymce.min.js   (ca22a1cb)
2018-04-24T17:50:15.7445826+01:00 0HLDA0DKC3QFN:00000003 [INF] AuthenticationScheme: "Cookies" was successfully authenticated. (1805f3b3)
2018-04-24T17:50:15.7705826+01:00 0HLDA0DKC3QFM:00000007 [INF] AuthenticationScheme: "Cookies" was successfully authenticated. (1805f3b3)
2018-04-24T17:50:15.7985826+01:00 0HLDA0DKC3QFN:00000003 [INF] Sending file. Request path: '"/js/tinymce.min.js"'. Physical path: '"C:\Users\ondero\desktop\dev\tinix\src\Tinix\wwwroot\js\tinymce.min.js"' (27b0a520)
2018-04-24T17:50:15.8045826+01:00 0HLDA0DKC3QFM:00000007 [INF] Sending file. Request path: '"/js/admin.js"'. Physical path: '"C:\Users\ondero\desktop\dev\tinix\src\Tinix\wwwroot\js\admin.js"' (27b0a520)
2018-04-24T17:50:15.8095826+01:00 0HLDA0DKC3QFM:00000007 [INF] Request finished in 167.0663ms 200 application/javascript (791a596a)
2018-04-24T17:50:15.8955826+01:00 0HLDA0DKC3QFN:00000003 [INF] Request finished in 211.346ms 200 application/javascript (791a596a)
2018-04-24T17:50:16.1595826+01:00 0HLDA0DKC3QFN:00000004 [INF] Request starting HTTP/1.1 GET http://localhost:5000/js/skins/lightgray/skin.min.css   (ca22a1cb)
2018-04-24T17:50:16.1645826+01:00 0HLDA0DKC3QFN:00000004 [INF] AuthenticationScheme: "Cookies" was successfully authenticated. (1805f3b3)
2018-04-24T17:50:16.1685826+01:00 0HLDA0DKC3QFN:00000004 [INF] Sending file. Request path: '"/js/skins/lightgray/skin.min.css"'. Physical path: '"C:\Users\ondero\desktop\dev\tinix\src\Tinix\wwwroot\js\skins\lightgray\skin.min.css"' (27b0a520)
2018-04-24T17:50:16.1815826+01:00 0HLDA0DKC3QFN:00000004 [INF] Request finished in 14.2104ms 200 text/css (791a596a)
2018-04-24T17:50:16.4015826+01:00 0HLDA0DKC3QFN:00000005 [INF] Request starting HTTP/1.1 GET http://localhost:5000/js/skins/lightgray/content.min.css   (ca22a1cb)
2018-04-24T17:50:16.4435826+01:00 0HLDA0DKC3QFN:00000005 [INF] AuthenticationScheme: "Cookies" was successfully authenticated. (1805f3b3)
2018-04-24T17:50:16.4545826+01:00 0HLDA0DKC3QFN:00000005 [INF] Sending file. Request path: '"/js/skins/lightgray/content.min.css"'. Physical path: '"C:\Users\ondero\desktop\dev\tinix\src\Tinix\wwwroot\js\skins\lightgray\content.min.css"' (27b0a520)
2018-04-24T17:50:16.4755826+01:00 0HLDA0DKC3QFN:00000005 [INF] Request finished in 58.9186ms 200 text/css (791a596a)
2018-04-24T17:50:16.5475826+01:00 0HLDA0DKC3QFN:00000006 [INF] Request starting HTTP/1.1 GET http://localhost:5000/js/skins/lightgray/fonts/tinymce.woff   (ca22a1cb)
2018-04-24T17:50:16.6825826+01:00 0HLDA0DKC3QFN:00000006 [INF] AuthenticationScheme: "Cookies" was successfully authenticated. (1805f3b3)
2018-04-24T17:50:16.7285826+01:00 0HLDA0DKC3QFN:00000006 [INF] Sending file. Request path: '"/js/skins/lightgray/fonts/tinymce.woff"'. Physical path: '"C:\Users\ondero\desktop\dev\tinix\src\Tinix\wwwroot\js\skins\lightgray\fonts\tinymce.woff"' (27b0a520)
2018-04-24T17:50:16.7425826+01:00 0HLDA0DKC3QFN:00000006 [INF] Request finished in 200.8933ms 200 application/font-woff (791a596a)
2018-04-24T17:50:18.0455826+01:00 0HLDA0DKC3QFN:00000007 [INF] Request starting HTTP/1.1 GET http://localhost:5000/Admin/Posts   (ca22a1cb)
2018-04-24T17:50:18.0705826+01:00 0HLDA0DKC3QFN:00000007 [INF] AuthenticationScheme: "Cookies" was successfully authenticated. (1805f3b3)
2018-04-24T17:50:18.0835826+01:00 0HLDA0DKC3QFN:00000007 [INF] Authorization was successful for user: "ozimax". (d7eb274a)
2018-04-24T17:50:18.0905826+01:00 0HLDA0DKC3QFN:00000007 [INF] Executing action method "Tinix.Controllers.AdminController.Posts (Tinix)" with arguments (null) - ModelState is Valid (ba7f4ac2)
2018-04-24T17:50:18.3345826+01:00 0HLDA0DKC3QFN:00000007 [INF] Executing ViewResult, running view at path "/Views/Admin/Posts.cshtml". (9707eebe)
2018-04-24T17:50:18.3505826+01:00 0HLDA0DKC3QFN:00000007 [INF] Executed action "Tinix.Controllers.AdminController.Posts (Tinix)" in 267.4915ms (afa2e885)
2018-04-24T17:50:18.3605826+01:00 0HLDA0DKC3QFN:00000007 [INF] Request finished in 314.0715ms 200 text/html; charset=utf-8 (791a596a)
2018-04-24T17:50:20.4635826+01:00 0HLDA0DKC3QFN:00000008 [INF] Request starting HTTP/1.1 GET http://localhost:5000/Admin/EditPost?postId=9b01c867-16f4-44f0-99b3-9f957d520ca9   (ca22a1cb)
2018-04-24T17:50:20.4695826+01:00 0HLDA0DKC3QFN:00000008 [INF] AuthenticationScheme: "Cookies" was successfully authenticated. (1805f3b3)
2018-04-24T17:50:20.4785826+01:00 0HLDA0DKC3QFN:00000008 [INF] Authorization was successful for user: "ozimax". (d7eb274a)
2018-04-24T17:50:20.4835826+01:00 0HLDA0DKC3QFN:00000008 [INF] Executing action method "Tinix.Controllers.AdminController.EditPost (Tinix)" with arguments (["9b01c867-16f4-44f0-99b3-9f957d520ca9"]) - ModelState is Valid (ba7f4ac2)
