2018-04-08T15:59:35.9738681+01:00 0HLCTC5B25MQO:00000001 [INF] Request starting HTTP/1.1 GET http://localhost:5000/   (ca22a1cb)
2018-04-08T15:59:37.9109789+01:00 0HLCTC5B25MQO:00000001 [INF] Executing action method "Tinix.Controllers.HomeController.Index (Tinix)" with arguments ([""]) - ModelState is Valid (ba7f4ac2)
2018-04-08T16:09:40.2504307+01:00 0HLCTCAVHT6P9:00000001 [INF] Request starting HTTP/1.1 GET http://localhost:5000/   (ca22a1cb)
2018-04-08T16:09:41.9735293+01:00 0HLCTCAVHT6P9:00000001 [INF] Executing action method "Tinix.Controllers.HomeController.Index (Tinix)" with arguments ([""]) - ModelState is Valid (ba7f4ac2)
2018-04-08T16:13:25.2653008+01:00 0HLCTCD2VABKO:00000001 [INF] Request starting HTTP/1.1 GET http://localhost:5000/   (ca22a1cb)
2018-04-08T16:13:25.5953197+01:00 0HLCTCD2VABKO:00000001 [INF] Executing action method "Tinix.Controllers.HomeController.Index (Tinix)" with arguments ([""]) - ModelState is Valid (ba7f4ac2)
2018-04-08T16:13:32.7487289+01:00 0HLCTCD2VABKO:00000001 [INF] Executing ViewResult, running view at path "/Views/Home/Index.cshtml". (9707eebe)
2018-04-08T16:13:34.6138355+01:00 0HLCTCD2VABKP:00000001 [INF] Request starting HTTP/1.1 GET http://localhost:5000/css/bootstrap.min.css   (ca22a1cb)
2018-04-08T16:13:34.6138355+01:00 0HLCTCD2VABKO:00000001 [INF] Executed action "Tinix.Controllers.HomeController.Index (Tinix)" in 9013.0172ms (afa2e885)
2018-04-08T16:13:34.6188358+01:00 0HLCTCD2VABKQ:00000001 [INF] Request starting HTTP/1.1 GET http://localhost:5000/css/site.css   (ca22a1cb)
2018-04-08T16:13:34.6288364+01:00 0HLCTCD2VABKR:00000001 [INF] Request starting HTTP/1.1 GET http://localhost:5000/js/jquery.js   (ca22a1cb)
2018-04-08T16:13:34.6508377+01:00 0HLCTCD2VABKQ:00000001 [INF] Sending file. Request path: '"/css/site.css"'. Physical path: '"C:\Users\ozan\Desktop\projects\Tinix\src\Tinix\wwwroot\css\site.css"' (27b0a520)
2018-04-08T16:13:34.6578381+01:00 0HLCTCD2VABKP:00000001 [INF] Sending file. Request path: '"/css/bootstrap.min.css"'. Physical path: '"C:\Users\ozan\Desktop\projects\Tinix\src\Tinix\wwwroot\css\bootstrap.min.css"' (27b0a520)
2018-04-08T16:13:34.6608382+01:00 0HLCTCD2VABKR:00000001 [INF] Sending file. Request path: '"/js/jquery.js"'. Physical path: '"C:\Users\ozan\Desktop\projects\Tinix\src\Tinix\wwwroot\js\jquery.js"' (27b0a520)
2018-04-08T16:13:34.6608382+01:00 0HLCTCD2VABKO:00000001 [INF] Request finished in 9385.4567ms 200 text/html; charset=utf-8 (791a596a)
2018-04-08T16:13:34.6948402+01:00 0HLCTCD2VABKQ:00000001 [INF] Request finished in 83.2473ms 200 text/css (791a596a)
2018-04-08T16:13:34.7138413+01:00 0HLCTCD2VABKP:00000001 [INF] Request finished in 100.3306ms 200 text/css (791a596a)
2018-04-08T16:13:34.7388427+01:00 0HLCTCD2VABKP:00000002 [INF] Request starting HTTP/1.1 GET http://localhost:5000/js/popper.min.js   (ca22a1cb)
2018-04-08T16:13:34.7618440+01:00 0HLCTCD2VABKQ:00000002 [INF] Request starting HTTP/1.1 GET http://localhost:5000/js/bootstrap.min.js   (ca22a1cb)
2018-04-08T16:13:34.7828452+01:00 0HLCTCD2VABKP:00000002 [INF] Sending file. Request path: '"/js/popper.min.js"'. Physical path: '"C:\Users\ozan\Desktop\projects\Tinix\src\Tinix\wwwroot\js\popper.min.js"' (27b0a520)
2018-04-08T16:13:34.7858454+01:00 0HLCTCD2VABKQ:00000002 [INF] Sending file. Request path: '"/js/bootstrap.min.js"'. Physical path: '"C:\Users\ozan\Desktop\projects\Tinix\src\Tinix\wwwroot\js\bootstrap.min.js"' (27b0a520)
2018-04-08T16:13:34.7928458+01:00 0HLCTCD2VABKR:00000001 [INF] Request finished in 166.17ms 200 application/javascript (791a596a)
2018-04-08T16:13:34.8068466+01:00 0HLCTCD2VABKQ:00000002 [INF] Request finished in 87.0097ms 200 application/javascript (791a596a)
2018-04-08T16:13:34.8128469+01:00 0HLCTCD2VABKP:00000002 [INF] Request finished in 95.4374ms 200 application/javascript (791a596a)
2018-04-08T16:14:02.5644342+01:00 0HLCTCD2VABKP:00000003 [INF] Request starting HTTP/1.1 GET http://localhost:5000/   (ca22a1cb)
2018-04-08T16:14:02.5734347+01:00 0HLCTCD2VABKP:00000003 [INF] Executing action method "Tinix.Controllers.HomeController.Index (Tinix)" with arguments ([""]) - ModelState is Valid (ba7f4ac2)
2018-04-08T16:14:02.5854354+01:00 0HLCTCD2VABKP:00000003 [INF] Executing ViewResult, running view at path "/Views/Home/Index.cshtml". (9707eebe)
2018-04-08T16:14:02.5944359+01:00 0HLCTCD2VABKP:00000003 [INF] Executed action "Tinix.Controllers.HomeController.Index (Tinix)" in 19.4292ms (afa2e885)
2018-04-08T16:14:02.6004363+01:00 0HLCTCD2VABKP:00000003 [INF] Request finished in 59.9597ms 200 text/html; charset=utf-8 (791a596a)
2018-04-08T16:14:02.7644457+01:00 0HLCTCD2VABKP:00000004 [INF] Request starting HTTP/1.1 GET http://localhost:5000/favicon.ico   (ca22a1cb)
2018-04-08T16:14:02.7704460+01:00 0HLCTCD2VABKP:00000004 [INF] Sending file. Request path: '"/favicon.ico"'. Physical path: '"C:\Users\ozan\Desktop\projects\Tinix\src\Tinix\wwwroot\favicon.ico"' (27b0a520)
2018-04-08T16:14:02.7924473+01:00 0HLCTCD2VABKP:00000004 [INF] Request finished in 32.376ms 200 image/x-icon (791a596a)
2018-04-08T16:14:04.1535251+01:00 0HLCTCD2VABKP:00000005 [INF] Request starting HTTP/1.1 GET http://localhost:5000/   (ca22a1cb)
2018-04-08T16:14:04.1625256+01:00 0HLCTCD2VABKP:00000005 [INF] Executing action method "Tinix.Controllers.HomeController.Index (Tinix)" with arguments ([""]) - ModelState is Valid (ba7f4ac2)
2018-04-08T16:14:04.1745263+01:00 0HLCTCD2VABKP:00000005 [INF] Executing ViewResult, running view at path "/Views/Home/Index.cshtml". (9707eebe)
2018-04-08T16:14:04.1785266+01:00 0HLCTCD2VABKP:00000005 [INF] Executed action "Tinix.Controllers.HomeController.Index (Tinix)" in 22.2352ms (afa2e885)
2018-04-08T16:14:04.1905272+01:00 0HLCTCD2VABKP:00000005 [INF] Request finished in 95.1683ms 200 text/html; charset=utf-8 (791a596a)
2018-04-08T16:14:04.3295352+01:00 0HLCTCD2VABKP:00000006 [INF] Request starting HTTP/1.1 GET http://localhost:5000/favicon.ico   (ca22a1cb)
2018-04-08T16:14:04.3385357+01:00 0HLCTCD2VABKP:00000006 [INF] Sending file. Request path: '"/favicon.ico"'. Physical path: '"C:\Users\ozan\Desktop\projects\Tinix\src\Tinix\wwwroot\favicon.ico"' (27b0a520)
2018-04-08T16:14:04.3465362+01:00 0HLCTCD2VABKP:00000006 [INF] Request finished in 13.4599ms 200 image/x-icon (791a596a)
2018-04-08T16:14:04.9705719+01:00 0HLCTCD2VABKP:00000007 [INF] Request starting HTTP/1.1 GET http://localhost:5000/   (ca22a1cb)
2018-04-08T16:14:04.9755721+01:00 0HLCTCD2VABKP:00000007 [INF] Executing action method "Tinix.Controllers.HomeController.Index (Tinix)" with arguments ([""]) - ModelState is Valid (ba7f4ac2)
2018-04-08T16:14:04.9785723+01:00 0HLCTCD2VABKP:00000007 [INF] Executing ViewResult, running view at path "/Views/Home/Index.cshtml". (9707eebe)
2018-04-08T16:14:04.9935732+01:00 0HLCTCD2VABKP:00000007 [INF] Executed action "Tinix.Controllers.HomeController.Index (Tinix)" in 11.1983ms (afa2e885)
2018-04-08T16:14:04.9975734+01:00 0HLCTCD2VABKP:00000007 [INF] Request finished in 64.0905ms 200 text/html; charset=utf-8 (791a596a)
2018-04-08T16:14:05.1355813+01:00 0HLCTCD2VABKP:00000008 [INF] Request starting HTTP/1.1 GET http://localhost:5000/favicon.ico   (ca22a1cb)
2018-04-08T16:14:05.1465819+01:00 0HLCTCD2VABKP:00000008 [INF] Sending file. Request path: '"/favicon.ico"'. Physical path: '"C:\Users\ozan\Desktop\projects\Tinix\src\Tinix\wwwroot\favicon.ico"' (27b0a520)
2018-04-08T16:14:05.1595827+01:00 0HLCTCD2VABKP:00000008 [INF] Request finished in 20.0809ms 200 image/x-icon (791a596a)
2018-04-08T16:14:05.5886072+01:00 0HLCTCD2VABKP:00000009 [INF] Request starting HTTP/1.1 GET http://localhost:5000/   (ca22a1cb)
2018-04-08T16:14:05.5986078+01:00 0HLCTCD2VABKP:00000009 [INF] Executing action method "Tinix.Controllers.HomeController.Index (Tinix)" with arguments ([""]) - ModelState is Valid (ba7f4ac2)
2018-04-08T16:14:05.6016079+01:00 0HLCTCD2VABKP:00000009 [INF] Executing ViewResult, running view at path "/Views/Home/Index.cshtml". (9707eebe)
2018-04-08T16:14:05.6126086+01:00 0HLCTCD2VABKP:00000009 [INF] Executed action "Tinix.Controllers.HomeController.Index (Tinix)" in 13.5868ms (afa2e885)
2018-04-08T16:14:05.6216091+01:00 0HLCTCD2VABKP:00000009 [INF] Request finished in 41.8263ms 200 text/html; charset=utf-8 (791a596a)
2018-04-08T16:14:05.7476163+01:00 0HLCTCD2VABKP:0000000A [INF] Request starting HTTP/1.1 GET http://localhost:5000/favicon.ico   (ca22a1cb)
2018-04-08T16:14:05.7546167+01:00 0HLCTCD2VABKP:0000000A [INF] Sending file. Request path: '"/favicon.ico"'. Physical path: '"C:\Users\ozan\Desktop\projects\Tinix\src\Tinix\wwwroot\favicon.ico"' (27b0a520)
2018-04-08T16:14:05.7636172+01:00 0HLCTCD2VABKP:0000000A [INF] Request finished in 15.3081ms 200 image/x-icon (791a596a)
2018-04-08T16:14:13.9070830+01:00 0HLCTCD2VABKP:0000000B [INF] Request starting HTTP/1.1 GET http://localhost:5000/   (ca22a1cb)
2018-04-08T16:14:13.9160835+01:00 0HLCTCD2VABKP:0000000B [INF] Executing action method "Tinix.Controllers.HomeController.Index (Tinix)" with arguments ([""]) - ModelState is Valid (ba7f4ac2)
2018-04-08T16:14:13.9240840+01:00 0HLCTCD2VABKP:0000000B [INF] Executing ViewResult, running view at path "/Views/Home/Index.cshtml". (9707eebe)
2018-04-08T16:14:13.9430851+01:00 0HLCTCD2VABKP:0000000B [INF] Executed action "Tinix.Controllers.HomeController.Index (Tinix)" in 18.4696ms (afa2e885)
2018-04-08T16:14:13.9640863+01:00 0HLCTCD2VABKP:0000000B [INF] Request finished in 54.0878ms 200 text/html; charset=utf-8 (791a596a)
2018-04-08T16:14:14.0560915+01:00 0HLCTCD2VABKP:0000000C [INF] Request starting HTTP/1.1 GET http://localhost:5000/favicon.ico   (ca22a1cb)
2018-04-08T16:14:14.0620919+01:00 0HLCTCD2VABKP:0000000C [INF] Sending file. Request path: '"/favicon.ico"'. Physical path: '"C:\Users\ozan\Desktop\projects\Tinix\src\Tinix\wwwroot\favicon.ico"' (27b0a520)
2018-04-08T16:14:14.0670921+01:00 0HLCTCD2VABKP:0000000C [INF] Request finished in 12.3002ms 200 image/x-icon (791a596a)
2018-04-08T16:15:26.7182476+01:00 0HLCTCE75IRIK:00000001 [INF] Request starting HTTP/1.1 GET http://localhost:5000/   (ca22a1cb)
2018-04-08T16:15:27.0652674+01:00 0HLCTCE75IRIK:00000001 [INF] Executing action method "Tinix.Controllers.HomeController.Index (Tinix)" with arguments ([""]) - ModelState is Valid (ba7f4ac2)
2018-04-08T16:15:30.5694678+01:00 0HLCTCE75IRIK:00000001 [INF] Executing ViewResult, running view at path "/Views/Home/Index.cshtml". (9707eebe)
2018-04-08T16:15:32.2955666+01:00 0HLCTCE75IRIK:00000001 [INF] Executed action "Tinix.Controllers.HomeController.Index (Tinix)" in 5261.5823ms (afa2e885)
2018-04-08T16:15:32.3405691+01:00 0HLCTCE75IRIK:00000001 [INF] Request finished in 5622.2964ms 200 text/html; charset=utf-8 (791a596a)
2018-04-08T16:15:45.1483017+01:00 0HLCTCE75IRIK:00000002 [INF] Request starting HTTP/1.1 GET http://localhost:5000/   (ca22a1cb)
2018-04-08T16:15:45.1723031+01:00 0HLCTCE75IRIK:00000002 [INF] Executing action method "Tinix.Controllers.HomeController.Index (Tinix)" with arguments ([""]) - ModelState is Valid (ba7f4ac2)
2018-04-08T16:15:45.1763033+01:00 0HLCTCE75IRIK:00000002 [INF] Executing ViewResult, running view at path "/Views/Home/Index.cshtml". (9707eebe)
2018-04-08T16:15:45.1873039+01:00 0HLCTCE75IRIK:00000002 [INF] Executed action "Tinix.Controllers.HomeController.Index (Tinix)" in 26.2406ms (afa2e885)
2018-04-08T16:15:45.1993046+01:00 0HLCTCE75IRIK:00000002 [INF] Request finished in 48.2911ms 200 text/html; charset=utf-8 (791a596a)
2018-04-08T16:15:45.3053107+01:00 0HLCTCE75IRIK:00000003 [INF] Request starting HTTP/1.1 GET http://localhost:5000/favicon.ico   (ca22a1cb)
2018-04-08T16:15:45.3123111+01:00 0HLCTCE75IRIK:00000003 [INF] Sending file. Request path: '"/favicon.ico"'. Physical path: '"C:\Users\ozan\Desktop\projects\Tinix\src\Tinix\wwwroot\favicon.ico"' (27b0a520)
2018-04-08T16:15:45.3213116+01:00 0HLCTCE75IRIK:00000003 [INF] Request finished in 18.3614ms 200 image/x-icon (791a596a)
2018-04-08T16:15:46.1773606+01:00 0HLCTCE75IRIK:00000004 [INF] Request starting HTTP/1.1 GET http://localhost:5000/   (ca22a1cb)
2018-04-08T16:15:46.1883612+01:00 0HLCTCE75IRIK:00000004 [INF] Executing action method "Tinix.Controllers.HomeController.Index (Tinix)" with arguments ([""]) - ModelState is Valid (ba7f4ac2)
2018-04-08T16:15:46.1963616+01:00 0HLCTCE75IRIK:00000004 [INF] Executing ViewResult, running view at path "/Views/Home/Index.cshtml". (9707eebe)
2018-04-08T16:15:46.2063622+01:00 0HLCTCE75IRIK:00000004 [INF] Executed action "Tinix.Controllers.HomeController.Index (Tinix)" in 19.9097ms (afa2e885)
2018-04-08T16:15:46.2113625+01:00 0HLCTCE75IRIK:00000004 [INF] Request finished in 43.8439ms 200 text/html; charset=utf-8 (791a596a)
2018-04-08T16:15:46.4473760+01:00 0HLCTCE75IRIK:00000005 [INF] Request starting HTTP/1.1 GET http://localhost:5000/favicon.ico   (ca22a1cb)
2018-04-08T16:15:46.4563765+01:00 0HLCTCE75IRIK:00000005 [INF] Sending file. Request path: '"/favicon.ico"'. Physical path: '"C:\Users\ozan\Desktop\projects\Tinix\src\Tinix\wwwroot\favicon.ico"' (27b0a520)
2018-04-08T16:15:46.4713774+01:00 0HLCTCE75IRIK:00000005 [INF] Request finished in 31.7518ms 200 image/x-icon (791a596a)
2018-04-08T16:15:46.7813951+01:00 0HLCTCE75IRIK:00000006 [INF] Request starting HTTP/1.1 GET http://localhost:5000/   (ca22a1cb)
2018-04-08T16:15:46.7903956+01:00 0HLCTCE75IRIK:00000006 [INF] Executing action method "Tinix.Controllers.HomeController.Index (Tinix)" with arguments ([""]) - ModelState is Valid (ba7f4ac2)
2018-04-08T16:15:46.8013962+01:00 0HLCTCE75IRIK:00000006 [INF] Executing ViewResult, running view at path "/Views/Home/Index.cshtml". (9707eebe)
2018-04-08T16:15:46.8153970+01:00 0HLCTCE75IRIK:00000006 [INF] Executed action "Tinix.Controllers.HomeController.Index (Tinix)" in 25.1779ms (afa2e885)
2018-04-08T16:15:46.8303979+01:00 0HLCTCE75IRIK:00000006 [INF] Request finished in 44.839ms 200 text/html; charset=utf-8 (791a596a)
2018-04-08T16:15:46.9644056+01:00 0HLCTCE75IRIK:00000007 [INF] Request starting HTTP/1.1 GET http://localhost:5000/favicon.ico   (ca22a1cb)
2018-04-08T16:15:46.9724060+01:00 0HLCTCE75IRIK:00000007 [INF] Sending file. Request path: '"/favicon.ico"'. Physical path: '"C:\Users\ozan\Desktop\projects\Tinix\src\Tinix\wwwroot\favicon.ico"' (27b0a520)
2018-04-08T16:15:46.9794064+01:00 0HLCTCE75IRIK:00000007 [INF] Request finished in 16.6727ms 200 image/x-icon (791a596a)
2018-04-08T16:15:47.0834124+01:00 0HLCTCE75IRIK:00000008 [INF] Request starting HTTP/1.1 GET http://localhost:5000/   (ca22a1cb)
2018-04-08T16:15:47.0894127+01:00 0HLCTCE75IRIK:00000008 [INF] Executing action method "Tinix.Controllers.HomeController.Index (Tinix)" with arguments ([""]) - ModelState is Valid (ba7f4ac2)
2018-04-08T16:15:47.0964131+01:00 0HLCTCE75IRIK:00000008 [INF] Executing ViewResult, running view at path "/Views/Home/Index.cshtml". (9707eebe)
2018-04-08T16:15:47.1074137+01:00 0HLCTCE75IRIK:00000008 [INF] Executed action "Tinix.Controllers.HomeController.Index (Tinix)" in 12.5175ms (afa2e885)
2018-04-08T16:15:47.1164143+01:00 0HLCTCE75IRIK:00000008 [INF] Request finished in 32.4301ms 200 text/html; charset=utf-8 (791a596a)
2018-04-08T16:15:47.2304208+01:00 0HLCTCE75IRIK:00000009 [INF] Request starting HTTP/1.1 GET http://localhost:5000/favicon.ico   (ca22a1cb)
2018-04-08T16:15:47.2334210+01:00 0HLCTCE75IRIK:00000009 [INF] Sending file. Request path: '"/favicon.ico"'. Physical path: '"C:\Users\ozan\Desktop\projects\Tinix\src\Tinix\wwwroot\favicon.ico"' (27b0a520)
2018-04-08T16:15:47.2384212+01:00 0HLCTCE75IRIK:00000009 [INF] Request finished in 10.8265ms 200 image/x-icon (791a596a)
2018-04-08T16:15:47.3444273+01:00 0HLCTCE75IRIK:0000000A [INF] Request starting HTTP/1.1 GET http://localhost:5000/   (ca22a1cb)
2018-04-08T16:15:47.3594282+01:00 0HLCTCE75IRIK:0000000A [INF] Executing action method "Tinix.Controllers.HomeController.Index (Tinix)" with arguments ([""]) - ModelState is Valid (ba7f4ac2)
2018-04-08T16:15:47.3624283+01:00 0HLCTCE75IRIK:0000000A [INF] Executing ViewResult, running view at path "/Views/Home/Index.cshtml". (9707eebe)
2018-04-08T16:15:47.3684287+01:00 0HLCTCE75IRIK:0000000A [INF] Executed action "Tinix.Controllers.HomeController.Index (Tinix)" in 20.0902ms (afa2e885)
2018-04-08T16:15:47.4284321+01:00 0HLCTCE75IRIK:0000000A [INF] Request finished in 49.2605ms 200 text/html; charset=utf-8 (791a596a)
2018-04-08T16:15:47.5094367+01:00 0HLCTCE75IRIK:0000000B [INF] Request starting HTTP/1.1 GET http://localhost:5000/favicon.ico   (ca22a1cb)
2018-04-08T16:15:47.5154371+01:00 0HLCTCE75IRIK:0000000B [INF] Sending file. Request path: '"/favicon.ico"'. Physical path: '"C:\Users\ozan\Desktop\projects\Tinix\src\Tinix\wwwroot\favicon.ico"' (27b0a520)
2018-04-08T16:15:47.5224375+01:00 0HLCTCE75IRIK:0000000B [INF] Request finished in 23.8544ms 200 image/x-icon (791a596a)
2018-04-08T16:16:30.6569046+01:00 0HLCTCEQ9SIAN:00000001 [INF] Request starting HTTP/1.1 GET http://localhost:5000/   (ca22a1cb)
2018-04-08T16:16:31.0789288+01:00 0HLCTCEQ9SIAN:00000001 [INF] Executing action method "Tinix.Controllers.HomeController.Index (Tinix)" with arguments ([""]) - ModelState is Valid (ba7f4ac2)
2018-04-08T16:16:35.2421669+01:00 0HLCTCEQ9SIAN:00000001 [INF] Executing ViewResult, running view at path "/Views/Home/Index.cshtml". (9707eebe)
2018-04-08T16:16:36.9822664+01:00 0HLCTCEQ9SIAN:00000001 [INF] Executed action "Tinix.Controllers.HomeController.Index (Tinix)" in 5887.9966ms (afa2e885)
2018-04-08T16:16:37.0282691+01:00 0HLCTCEQ9SIAN:00000001 [INF] Request finished in 6354.6701ms 200 text/html; charset=utf-8 (791a596a)
