2018-04-04T16:30:47.5052629+01:00  [FTL] Unable to start Kestrel. (fc6a528d)
System.IO.IOException: Failed to bind to address http://127.0.0.1:5000: address already in use. ---> Microsoft.AspNetCore.Server.Kestrel.Transport.Abstractions.Internal.AddressInUseException: Error -4091 EADDRINUSE address already in use ---> Microsoft.AspNetCore.Server.Kestrel.Transport.Libuv.Internal.Networking.UvException: Error -4091 EADDRINUSE address already in use
   at Microsoft.AspNetCore.Server.Kestrel.Transport.Libuv.Internal.Networking.LibuvFunctions.ThrowError(Int32 statusCode)
   at Microsoft.AspNetCore.Server.Kestrel.Transport.Libuv.Internal.Networking.LibuvFunctions.tcp_getsockname(UvTcpHandle handle, SockAddr& addr, Int32& namelen)
   at Microsoft.AspNetCore.Server.Kestrel.Transport.Libuv.Internal.Networking.UvTcpHandle.GetSockIPEndPoint()
   at Microsoft.AspNetCore.Server.Kestrel.Transport.Libuv.Internal.Listener.ListenTcp(Boolean useFileHandle)
   at Microsoft.AspNetCore.Server.Kestrel.Transport.Libuv.Internal.Listener.CreateListenSocket()
   at Microsoft.AspNetCore.Server.Kestrel.Transport.Libuv.Internal.Listener.<>c.<StartAsync>b__8_0(Listener listener)
   at Microsoft.AspNetCore.Server.Kestrel.Transport.Libuv.Internal.LibuvThread.CallbackAdapter`1.<>c.<.cctor>b__3_1(Object callback, Object state)
   at Microsoft.AspNetCore.Server.Kestrel.Transport.Libuv.Internal.LibuvThread.DoPostWork()
--- End of stack trace from previous location where exception was thrown ---
   at System.Runtime.ExceptionServices.ExceptionDispatchInfo.Throw()
   at System.Runtime.CompilerServices.TaskAwaiter.HandleNonSuccessAndDebuggerNotification(Task task)
   at Microsoft.AspNetCore.Server.Kestrel.Transport.Libuv.Internal.ListenerPrimary.<StartAsync>d__15.MoveNext()
--- End of stack trace from previous location where exception was thrown ---
   at System.Runtime.ExceptionServices.ExceptionDispatchInfo.Throw()
   at System.Runtime.CompilerServices.TaskAwaiter.HandleNonSuccessAndDebuggerNotification(Task task)
   at Microsoft.AspNetCore.Server.Kestrel.Transport.Libuv.LibuvTransport.<BindAsync>d__20.MoveNext()
   --- End of inner exception stack trace ---
   at Microsoft.AspNetCore.Server.Kestrel.Transport.Libuv.LibuvTransport.<BindAsync>d__20.MoveNext()
--- End of stack trace from previous location where exception was thrown ---
   at System.Runtime.ExceptionServices.ExceptionDispatchInfo.Throw()
   at System.Runtime.CompilerServices.TaskAwaiter.HandleNonSuccessAndDebuggerNotification(Task task)
   at Microsoft.AspNetCore.Server.Kestrel.Core.KestrelServer.<>c__DisplayClass21_0`1.<<StartAsync>g__OnBind|0>d.MoveNext()
--- End of stack trace from previous location where exception was thrown ---
   at System.Runtime.ExceptionServices.ExceptionDispatchInfo.Throw()
   at System.Runtime.CompilerServices.TaskAwaiter.HandleNonSuccessAndDebuggerNotification(Task task)
   at Microsoft.AspNetCore.Server.Kestrel.Core.Internal.AddressBinder.<BindEndpointAsync>d__5.MoveNext()
   --- End of inner exception stack trace ---
   at Microsoft.AspNetCore.Server.Kestrel.Core.Internal.AddressBinder.<BindEndpointAsync>d__5.MoveNext()
--- End of stack trace from previous location where exception was thrown ---
   at System.Runtime.ExceptionServices.ExceptionDispatchInfo.Throw()
   at System.Runtime.CompilerServices.TaskAwaiter.HandleNonSuccessAndDebuggerNotification(Task task)
   at Microsoft.AspNetCore.Server.Kestrel.Core.Internal.AddressBinder.<BindLocalhostAsync>d__6.MoveNext()
--- End of stack trace from previous location where exception was thrown ---
   at System.Runtime.ExceptionServices.ExceptionDispatchInfo.Throw()
   at System.Runtime.CompilerServices.TaskAwaiter.HandleNonSuccessAndDebuggerNotification(Task task)
   at Microsoft.AspNetCore.Server.Kestrel.Core.Internal.AddressBinder.DefaultAddressStrategy.<BindAsync>d__0.MoveNext()
--- End of stack trace from previous location where exception was thrown ---
   at System.Runtime.ExceptionServices.ExceptionDispatchInfo.Throw()
   at System.Runtime.CompilerServices.TaskAwaiter.HandleNonSuccessAndDebuggerNotification(Task task)
   at Microsoft.AspNetCore.Server.Kestrel.Core.Internal.AddressBinder.<BindAsync>d__0.MoveNext()
--- End of stack trace from previous location where exception was thrown ---
   at System.Runtime.ExceptionServices.ExceptionDispatchInfo.Throw()
   at System.Runtime.CompilerServices.TaskAwaiter.HandleNonSuccessAndDebuggerNotification(Task task)
   at Microsoft.AspNetCore.Server.Kestrel.Core.KestrelServer.<StartAsync>d__21`1.MoveNext()
--- End of stack trace from previous location where exception was thrown ---
   at System.Runtime.ExceptionServices.ExceptionDispatchInfo.Throw()
   at System.Runtime.CompilerServices.TaskAwaiter.HandleNonSuccessAndDebuggerNotification(Task task)
   at Microsoft.AspNetCore.Hosting.Internal.WebHost.<StartAsync>d__26.MoveNext()
--- End of stack trace from previous location where exception was thrown ---
   at System.Runtime.ExceptionServices.ExceptionDispatchInfo.Throw()
   at System.Runtime.CompilerServices.TaskAwaiter.HandleNonSuccessAndDebuggerNotification(Task task)
   at Microsoft.AspNetCore.Hosting.WebHostExtensions.<RunAsync>d__5.MoveNext()
2018-04-04T16:31:23.6702629+01:00 0HLCQ84EU861M:00000001 [INF] Request starting HTTP/1.1 GET http://localhost:5000/   (ca22a1cb)
2018-04-04T16:31:40.1382629+01:00 0HLCQ84EU861M:00000001 [INF] Executing action method "Tinix.Controllers.HomeController.Index (Tinix)" with arguments ([""]) - ModelState is Valid (ba7f4ac2)
2018-04-04T16:31:42.4602629+01:00 0HLCQ84EU861M:00000001 [INF] Executing ViewResult, running view at path "/Views/Home/Index.cshtml". (9707eebe)
2018-04-04T16:31:43.6842629+01:00 0HLCQ84EU861M:00000001 [INF] Executed action "Tinix.Controllers.HomeController.Index (Tinix)" in 19748.3972ms (afa2e885)
2018-04-04T16:31:43.7072629+01:00 0HLCQ84EU861M:00000001 [INF] Request finished in 20035.3728ms 200 text/html; charset=utf-8 (791a596a)
2018-04-04T16:31:43.8462629+01:00 0HLCQ84EU861M:00000002 [INF] Request starting HTTP/1.1 GET http://localhost:5000/css/bootstrap.min.css   (ca22a1cb)
2018-04-04T16:31:43.8562629+01:00 0HLCQ84EU861O:00000001 [INF] Request starting HTTP/1.1 GET http://localhost:5000/js/popper.min.js   (ca22a1cb)
2018-04-04T16:31:43.8842629+01:00 0HLCQ84EU861P:00000001 [INF] Request starting HTTP/1.1 GET http://localhost:5000/js/jquery.js   (ca22a1cb)
2018-04-04T16:31:43.9012629+01:00 0HLCQ84EU861N:00000001 [INF] Request starting HTTP/1.1 GET http://localhost:5000/css/site.css   (ca22a1cb)
2018-04-04T16:31:43.9112629+01:00 0HLCQ84EU861Q:00000001 [INF] Request starting HTTP/1.1 GET http://localhost:5000/js/bootstrap.min.js   (ca22a1cb)
2018-04-04T16:31:43.9182629+01:00 0HLCQ84EU861M:00000002 [INF] Sending file. Request path: '"/css/bootstrap.min.css"'. Physical path: '"C:\Users\ondero\Desktop\dev\Tinix\src\Tinix\wwwroot\css\bootstrap.min.css"' (27b0a520)
2018-04-04T16:31:43.9222629+01:00 0HLCQ84EU861Q:00000001 [INF] Sending file. Request path: '"/js/bootstrap.min.js"'. Physical path: '"C:\Users\ondero\Desktop\dev\Tinix\src\Tinix\wwwroot\js\bootstrap.min.js"' (27b0a520)
2018-04-04T16:31:43.9612629+01:00 0HLCQ84EU861O:00000001 [INF] Sending file. Request path: '"/js/popper.min.js"'. Physical path: '"C:\Users\ondero\Desktop\dev\Tinix\src\Tinix\wwwroot\js\popper.min.js"' (27b0a520)
2018-04-04T16:31:43.9912629+01:00 0HLCQ84EU861N:00000001 [INF] Sending file. Request path: '"/css/site.css"'. Physical path: '"C:\Users\ondero\Desktop\dev\Tinix\src\Tinix\wwwroot\css\site.css"' (27b0a520)
2018-04-04T16:31:44.0192629+01:00 0HLCQ84EU861P:00000001 [INF] Sending file. Request path: '"/js/jquery.js"'. Physical path: '"C:\Users\ondero\Desktop\dev\Tinix\src\Tinix\wwwroot\js\jquery.js"' (27b0a520)
2018-04-04T16:31:44.0272629+01:00 0HLCQ84EU861Q:00000001 [INF] Request finished in 66.9075ms 200 application/javascript (791a596a)
2018-04-04T16:31:44.0302629+01:00 0HLCQ84EU861N:00000001 [INF] Request finished in 229.7554ms 200 text/css (791a596a)
2018-04-04T16:31:44.0342629+01:00 0HLCQ84EU861M:00000002 [INF] Request finished in 217.9092ms 200 text/css (791a596a)
2018-04-04T16:31:44.0652629+01:00 0HLCQ84EU861O:00000001 [INF] Request finished in 206.1636ms 200 application/javascript (791a596a)
2018-04-04T16:31:44.2242629+01:00 0HLCQ84EU861P:00000001 [INF] Request finished in 314.6851ms 200 application/javascript (791a596a)
2018-04-04T16:31:44.4742629+01:00 0HLCQ84EU861P:00000002 [INF] Request starting HTTP/1.1 GET http://localhost:5000/favicon.ico   (ca22a1cb)
2018-04-04T16:31:44.4772629+01:00 0HLCQ84EU861P:00000002 [INF] Sending file. Request path: '"/favicon.ico"'. Physical path: '"C:\Users\ondero\Desktop\dev\Tinix\src\Tinix\wwwroot\favicon.ico"' (27b0a520)
2018-04-04T16:31:44.5022629+01:00 0HLCQ84EU861P:00000002 [INF] Request finished in 8.5753ms 200 image/x-icon (791a596a)
2018-04-04T16:32:06.1792629+01:00 0HLCQ84EU861P:00000003 [INF] Request starting HTTP/1.1 GET http://localhost:5000/admin   (ca22a1cb)
2018-04-04T16:32:06.2022629+01:00 0HLCQ84EU861P:00000003 [INF] Request finished in 9.5597ms 404  (791a596a)
2018-04-04T16:32:18.0752629+01:00 0HLCQ84EU861P:00000004 [INF] Request starting HTTP/1.1 GET http://localhost:5000/admin/login   (ca22a1cb)
2018-04-04T16:32:18.0862629+01:00 0HLCQ84EU861P:00000004 [INF] Executing action method "Tinix.Controllers.AdminController.Login (Tinix)" with arguments (null) - ModelState is Valid (ba7f4ac2)
2018-04-04T16:32:18.4472629+01:00 0HLCQ84EU861P:00000004 [INF] Executing ViewResult, running view at path "/Views/Admin/Login.cshtml". (9707eebe)
2018-04-04T16:32:18.8362629+01:00 0HLCQ84EU861P:00000004 [INF] Executed action "Tinix.Controllers.AdminController.Login (Tinix)" in 750.6339ms (afa2e885)
2018-04-04T16:32:18.8442629+01:00 0HLCQ84EU861P:00000004 [INF] Request finished in 765.5187ms 200 text/html; charset=utf-8 (791a596a)
2018-04-04T16:32:18.8792629+01:00 0HLCQ84EU861P:00000005 [INF] Request starting HTTP/1.1 GET http://localhost:5000/css/admin.css   (ca22a1cb)
2018-04-04T16:32:18.9072629+01:00 0HLCQ84EU861Q:00000002 [INF] Request starting HTTP/1.1 GET http://localhost:5000/js/jquery.validate.min.js   (ca22a1cb)
2018-04-04T16:32:18.9082629+01:00 0HLCQ84EU861O:00000002 [INF] Request starting HTTP/1.1 GET http://localhost:5000/js/jquery.validate.unobtrusive.js   (ca22a1cb)
2018-04-04T16:32:18.9322629+01:00 0HLCQ84EU861P:00000005 [INF] Sending file. Request path: '"/css/admin.css"'. Physical path: '"C:\Users\ondero\Desktop\dev\Tinix\src\Tinix\wwwroot\css\admin.css"' (27b0a520)
2018-04-04T16:32:18.9552629+01:00 0HLCQ84EU861Q:00000002 [INF] Sending file. Request path: '"/js/jquery.validate.min.js"'. Physical path: '"C:\Users\ondero\Desktop\dev\Tinix\src\Tinix\wwwroot\js\jquery.validate.min.js"' (27b0a520)
2018-04-04T16:32:18.9562629+01:00 0HLCQ84EU861O:00000002 [INF] Sending file. Request path: '"/js/jquery.validate.unobtrusive.js"'. Physical path: '"C:\Users\ondero\Desktop\dev\Tinix\src\Tinix\wwwroot\js\jquery.validate.unobtrusive.js"' (27b0a520)
2018-04-04T16:32:18.9692629+01:00 0HLCQ84EU861O:00000002 [INF] Request finished in 95.8586ms 200 application/javascript (791a596a)
2018-04-04T16:32:18.9752629+01:00 0HLCQ84EU861Q:00000002 [INF] Request finished in 104.182ms 200 application/javascript (791a596a)
2018-04-04T16:32:18.9802629+01:00 0HLCQ84EU861P:00000005 [INF] Request finished in 121.3126ms 200 text/css (791a596a)
2018-04-04T16:32:28.1782629+01:00 0HLCQ84EU861P:00000006 [INF] Request starting HTTP/1.1 POST http://localhost:5000/Admin/Login application/x-www-form-urlencoded 51 (ca22a1cb)
2018-04-04T16:32:28.2602629+01:00 0HLCQ84EU861P:00000006 [INF] Executing action method "Tinix.Controllers.AdminController.Login (Tinix)" with arguments (["Tinix.Models.LoginViewModel"]) - ModelState is Valid (ba7f4ac2)
2018-04-04T16:32:28.3092629+01:00 0HLCQ84EU861P:00000006 [INF] AuthenticationScheme: "Cookies" signed in. (c66dd7e7)
2018-04-04T16:32:28.3172629+01:00 0HLCQ84EU861P:00000006 [INF] Executing RedirectResult, redirecting to "/Admin/NewPost". (d98d540e)
2018-04-04T16:32:28.3242629+01:00 0HLCQ84EU861P:00000006 [INF] Executed action "Tinix.Controllers.AdminController.Login (Tinix)" in 127.2404ms (afa2e885)
2018-04-04T16:32:28.3312629+01:00 0HLCQ84EU861P:00000006 [INF] Request finished in 161.9666ms 302  (791a596a)
2018-04-04T16:32:28.3432629+01:00 0HLCQ84EU861P:00000007 [INF] Request starting HTTP/1.1 GET http://localhost:5000/Admin/NewPost   (ca22a1cb)
2018-04-04T16:32:28.3502629+01:00 0HLCQ84EU861P:00000007 [INF] AuthenticationScheme: "Cookies" was successfully authenticated. (1805f3b3)
2018-04-04T16:32:28.3652629+01:00 0HLCQ84EU861P:00000007 [INF] Authorization was successful for user: "ozimax". (d7eb274a)
2018-04-04T16:32:28.3712629+01:00 0HLCQ84EU861P:00000007 [INF] Executing action method "Tinix.Controllers.AdminController.NewPost (Tinix)" with arguments (null) - ModelState is Valid (ba7f4ac2)
2018-04-04T16:32:28.5392629+01:00 0HLCQ84EU861P:00000007 [INF] Executing ViewResult, running view at path "/Views/Admin/NewPost.cshtml". (9707eebe)
2018-04-04T16:32:28.5712629+01:00 0HLCQ84EU861P:00000007 [INF] Executed action "Tinix.Controllers.AdminController.NewPost (Tinix)" in 211.4721ms (afa2e885)
2018-04-04T16:32:28.5772629+01:00 0HLCQ84EU861P:00000007 [INF] Request finished in 232.8995ms 200 text/html; charset=utf-8 (791a596a)
2018-04-04T16:32:28.6142629+01:00 0HLCQ84EU861P:00000008 [INF] Request starting HTTP/1.1 GET http://localhost:5000/js/admin.js   (ca22a1cb)
2018-04-04T16:32:28.6332629+01:00 0HLCQ84EU861P:00000008 [INF] AuthenticationScheme: "Cookies" was successfully authenticated. (1805f3b3)
2018-04-04T16:32:28.6452629+01:00 0HLCQ84EU861P:00000008 [INF] Sending file. Request path: '"/js/admin.js"'. Physical path: '"C:\Users\ondero\Desktop\dev\Tinix\src\Tinix\wwwroot\js\admin.js"' (27b0a520)
2018-04-04T16:32:28.6512629+01:00 0HLCQ84EU861P:00000008 [INF] Request finished in 50.3177ms 200 application/javascript (791a596a)
2018-04-04T16:32:28.6752629+01:00 0HLCQ84EU861Q:00000003 [INF] Request starting HTTP/1.1 GET http://localhost:5000/js/tinymce.min.js   (ca22a1cb)
2018-04-04T16:32:28.6822629+01:00 0HLCQ84EU861Q:00000003 [INF] AuthenticationScheme: "Cookies" was successfully authenticated. (1805f3b3)
2018-04-04T16:32:28.6882629+01:00 0HLCQ84EU861Q:00000003 [INF] Sending file. Request path: '"/js/tinymce.min.js"'. Physical path: '"C:\Users\ondero\Desktop\dev\Tinix\src\Tinix\wwwroot\js\tinymce.min.js"' (27b0a520)
2018-04-04T16:32:28.7582629+01:00 0HLCQ84EU861Q:00000003 [INF] Request finished in 145.2792ms 200 application/javascript (791a596a)
2018-04-04T16:32:28.9982629+01:00 0HLCQ84EU861Q:00000004 [INF] Request starting HTTP/1.1 GET http://localhost:5000/js/skins/lightgray/skin.min.css   (ca22a1cb)
2018-04-04T16:32:29.0232629+01:00 0HLCQ84EU861Q:00000004 [INF] AuthenticationScheme: "Cookies" was successfully authenticated. (1805f3b3)
2018-04-04T16:32:29.0282629+01:00 0HLCQ84EU861Q:00000004 [INF] Sending file. Request path: '"/js/skins/lightgray/skin.min.css"'. Physical path: '"C:\Users\ondero\Desktop\dev\Tinix\src\Tinix\wwwroot\js\skins\lightgray\skin.min.css"' (27b0a520)
2018-04-04T16:32:29.0442629+01:00 0HLCQ84EU861Q:00000004 [INF] Request finished in 71.845ms 200 text/css (791a596a)
2018-04-04T16:32:29.0982629+01:00 0HLCQ84EU861Q:00000005 [INF] Request starting HTTP/1.1 GET http://localhost:5000/js/skins/lightgray/content.min.css   (ca22a1cb)
2018-04-04T16:32:29.1472629+01:00 0HLCQ84EU861Q:00000005 [INF] AuthenticationScheme: "Cookies" was successfully authenticated. (1805f3b3)
2018-04-04T16:32:29.1542629+01:00 0HLCQ84EU861Q:00000005 [INF] Sending file. Request path: '"/js/skins/lightgray/content.min.css"'. Physical path: '"C:\Users\ondero\Desktop\dev\Tinix\src\Tinix\wwwroot\js\skins\lightgray\content.min.css"' (27b0a520)
2018-04-04T16:32:29.1712629+01:00 0HLCQ84EU861Q:00000005 [INF] Request finished in 65.1744ms 200 text/css (791a596a)
2018-04-04T16:32:29.2012629+01:00 0HLCQ84EU861Q:00000006 [INF] Request starting HTTP/1.1 GET http://localhost:5000/js/skins/lightgray/fonts/tinymce.woff   (ca22a1cb)
2018-04-04T16:32:29.2192629+01:00 0HLCQ84EU861Q:00000006 [INF] AuthenticationScheme: "Cookies" was successfully authenticated. (1805f3b3)
2018-04-04T16:32:29.2452629+01:00 0HLCQ84EU861Q:00000006 [INF] Sending file. Request path: '"/js/skins/lightgray/fonts/tinymce.woff"'. Physical path: '"C:\Users\ondero\Desktop\dev\Tinix\src\Tinix\wwwroot\js\skins\lightgray\fonts\tinymce.woff"' (27b0a520)
2018-04-04T16:32:29.2532629+01:00 0HLCQ84EU861Q:00000006 [INF] Request finished in 51.8077ms 200 application/font-woff (791a596a)
2018-04-04T16:32:35.0942629+01:00 0HLCQ84EU861Q:00000007 [INF] Request starting HTTP/1.1 GET http://localhost:5000/Admin/Posts   (ca22a1cb)
2018-04-04T16:32:35.1002629+01:00 0HLCQ84EU861Q:00000007 [INF] AuthenticationScheme: "Cookies" was successfully authenticated. (1805f3b3)
2018-04-04T16:32:35.1112629+01:00 0HLCQ84EU861Q:00000007 [INF] Authorization was successful for user: "ozimax". (d7eb274a)
2018-04-04T16:32:35.1172629+01:00 0HLCQ84EU861Q:00000007 [INF] Executing action method "Tinix.Controllers.AdminController.Posts (Tinix)" with arguments (null) - ModelState is Valid (ba7f4ac2)
2018-04-04T16:32:35.2892629+01:00 0HLCQ84EU861Q:00000007 [INF] Executing ViewResult, running view at path "/Views/Admin/Posts.cshtml". (9707eebe)
2018-04-04T16:32:35.3132629+01:00 0HLCQ84EU861Q:00000007 [INF] Executed action "Tinix.Controllers.AdminController.Posts (Tinix)" in 194.5272ms (afa2e885)
2018-04-04T16:32:35.3192629+01:00 0HLCQ84EU861Q:00000007 [INF] Request finished in 226.353ms 200 text/html; charset=utf-8 (791a596a)
