2018-04-09T17:58:21.0599621+01:00 0HLCU7CATA242:00000006 [ERR] An unhandled exception has occurred: One or more compilation failures occurred:
C:\Users\ondero\Desktop\dev\Tinix\src\Tinix\Views\Home\Detail.cshtml(13,85): error CS1012: Too many characters in character literal (2e321ab1)
Microsoft.AspNetCore.Mvc.Razor.Compilation.CompilationFailedException: One or more compilation failures occurred:
C:\Users\ondero\Desktop\dev\Tinix\src\Tinix\Views\Home\Detail.cshtml(13,85): error CS1012: Too many characters in character literal
   at Microsoft.AspNetCore.Mvc.Razor.Internal.RazorViewCompiler.CompileAndEmit(RazorCodeDocument codeDocument, String generatedCode)
   at Microsoft.AspNetCore.Mvc.Razor.Internal.RazorViewCompiler.CompileAndEmit(String relativePath)
   at Microsoft.AspNetCore.Mvc.Razor.Internal.RazorViewCompiler.CreateCacheEntry(String normalizedPath)
--- End of stack trace from previous location where exception was thrown ---
   at System.Runtime.ExceptionServices.ExceptionDispatchInfo.Throw()
   at System.Runtime.CompilerServices.TaskAwaiter.HandleNonSuccessAndDebuggerNotification(Task task)
   at System.Runtime.CompilerServices.TaskAwaiter`1.GetResult()
   at Microsoft.AspNetCore.Mvc.Razor.Internal.DefaultRazorPageFactoryProvider.CreateFactory(String relativePath)
   at Microsoft.AspNetCore.Mvc.Razor.RazorViewEngine.CreateCacheResult(HashSet`1 expirationTokens, String relativePath, Boolean isMainPage)
   at Microsoft.AspNetCore.Mvc.Razor.RazorViewEngine.OnCacheMiss(ViewLocationExpanderContext expanderContext, ViewLocationCacheKey cacheKey)
   at Microsoft.AspNetCore.Mvc.Razor.RazorViewEngine.LocatePageFromViewLocations(ActionContext actionContext, String pageName, Boolean isMainPage)
   at Microsoft.AspNetCore.Mvc.Razor.RazorViewEngine.FindView(ActionContext context, String viewName, Boolean isMainPage)
   at Microsoft.AspNetCore.Mvc.ViewEngines.CompositeViewEngine.FindView(ActionContext context, String viewName, Boolean isMainPage)
   at Microsoft.AspNetCore.Mvc.ViewFeatures.Internal.ViewResultExecutor.FindView(ActionContext actionContext, ViewResult viewResult)
   at Microsoft.AspNetCore.Mvc.ViewResult.<ExecuteResultAsync>d__26.MoveNext()
--- End of stack trace from previous location where exception was thrown ---
   at System.Runtime.ExceptionServices.ExceptionDispatchInfo.Throw()
   at System.Runtime.CompilerServices.TaskAwaiter.HandleNonSuccessAndDebuggerNotification(Task task)
   at Microsoft.AspNetCore.Mvc.Internal.ResourceInvoker.<InvokeResultAsync>d__19.MoveNext()
--- End of stack trace from previous location where exception was thrown ---
   at System.Runtime.ExceptionServices.ExceptionDispatchInfo.Throw()
   at System.Runtime.CompilerServices.TaskAwaiter.HandleNonSuccessAndDebuggerNotification(Task task)
   at Microsoft.AspNetCore.Mvc.Internal.ResourceInvoker.<InvokeNextResultFilterAsync>d__24.MoveNext()
--- End of stack trace from previous location where exception was thrown ---
   at System.Runtime.ExceptionServices.ExceptionDispatchInfo.Throw()
   at Microsoft.AspNetCore.Mvc.Internal.ResourceInvoker.Rethrow(ResultExecutedContext context)
   at Microsoft.AspNetCore.Mvc.Internal.ResourceInvoker.Next(State& next, Scope& scope, Object& state, Boolean& isCompleted)
   at Microsoft.AspNetCore.Mvc.Internal.ResourceInvoker.<InvokeNextResourceFilter>d__22.MoveNext()
--- End of stack trace from previous location where exception was thrown ---
   at System.Runtime.ExceptionServices.ExceptionDispatchInfo.Throw()
   at Microsoft.AspNetCore.Mvc.Internal.ResourceInvoker.Rethrow(ResourceExecutedContext context)
   at Microsoft.AspNetCore.Mvc.Internal.ResourceInvoker.Next(State& next, Scope& scope, Object& state, Boolean& isCompleted)
   at Microsoft.AspNetCore.Mvc.Internal.ResourceInvoker.<InvokeFilterPipelineAsync>d__17.MoveNext()
--- End of stack trace from previous location where exception was thrown ---
   at System.Runtime.ExceptionServices.ExceptionDispatchInfo.Throw()
   at System.Runtime.CompilerServices.TaskAwaiter.HandleNonSuccessAndDebuggerNotification(Task task)
   at Microsoft.AspNetCore.Mvc.Internal.ResourceInvoker.<InvokeAsync>d__15.MoveNext()
--- End of stack trace from previous location where exception was thrown ---
   at System.Runtime.ExceptionServices.ExceptionDispatchInfo.Throw()
   at System.Runtime.CompilerServices.TaskAwaiter.HandleNonSuccessAndDebuggerNotification(Task task)
   at Microsoft.AspNetCore.Builder.RouterMiddleware.<Invoke>d__4.MoveNext()
--- End of stack trace from previous location where exception was thrown ---
   at System.Runtime.ExceptionServices.ExceptionDispatchInfo.Throw()
   at System.Runtime.CompilerServices.TaskAwaiter.HandleNonSuccessAndDebuggerNotification(Task task)
   at Microsoft.AspNetCore.Diagnostics.ExceptionHandlerMiddleware.<Invoke>d__6.MoveNext()
2018-04-09T18:10:58.7669726+01:00  [FTL] Unable to start Kestrel. (fc6a528d)
System.IO.IOException: Failed to bind to address http://127.0.0.1:5000: address already in use. ---> Microsoft.AspNetCore.Server.Kestrel.Transport.Abstractions.Internal.AddressInUseException: Error -4091 EADDRINUSE address already in use ---> Microsoft.AspNetCore.Server.Kestrel.Transport.Libuv.Internal.Networking.UvException: Error -4091 EADDRINUSE address already in use
   at Microsoft.AspNetCore.Server.Kestrel.Transport.Libuv.Internal.Networking.LibuvFunctions.ThrowError(Int32 statusCode)
   at Microsoft.AspNetCore.Server.Kestrel.Transport.Libuv.Internal.Networking.LibuvFunctions.tcp_getsockname(UvTcpHandle handle, SockAddr& addr, Int32& namelen)
   at Microsoft.AspNetCore.Server.Kestrel.Transport.Libuv.Internal.Networking.UvTcpHandle.GetSockIPEndPoint()
   at Microsoft.AspNetCore.Server.Kestrel.Transport.Libuv.Internal.Listener.ListenTcp(Boolean useFileHandle)
   at Microsoft.AspNetCore.Server.Kestrel.Transport.Libuv.Internal.Listener.CreateListenSocket()
   at Microsoft.AspNetCore.Server.Kestrel.Transport.Libuv.Internal.Listener.<>c.<StartAsync>b__8_0(Listener listener)
   at Microsoft.AspNetCore.Server.Kestrel.Transport.Libuv.Internal.LibuvThread.CallbackAdapter`1.<>c.<.cctor>b__3_1(Object callback, Object state)
   at Microsoft.AspNetCore.Server.Kestrel.Transport.Libuv.Internal.LibuvThread.DoPostWork()
--- End of stack trace from previous location where exception was thrown ---
   at System.Runtime.ExceptionServices.ExceptionDispatchInfo.Throw()
   at System.Runtime.CompilerServices.TaskAwaiter.HandleNonSuccessAndDebuggerNotification(Task task)
   at Microsoft.AspNetCore.Server.Kestrel.Transport.Libuv.Internal.ListenerPrimary.<StartAsync>d__15.MoveNext()
--- End of stack trace from previous location where exception was thrown ---
   at System.Runtime.ExceptionServices.ExceptionDispatchInfo.Throw()
   at System.Runtime.CompilerServices.TaskAwaiter.HandleNonSuccessAndDebuggerNotification(Task task)
   at Microsoft.AspNetCore.Server.Kestrel.Transport.Libuv.LibuvTransport.<BindAsync>d__20.MoveNext()
   --- End of inner exception stack trace ---
   at Microsoft.AspNetCore.Server.Kestrel.Transport.Libuv.LibuvTransport.<BindAsync>d__20.MoveNext()
--- End of stack trace from previous location where exception was thrown ---
   at System.Runtime.ExceptionServices.ExceptionDispatchInfo.Throw()
   at System.Runtime.CompilerServices.TaskAwaiter.HandleNonSuccessAndDebuggerNotification(Task task)
   at Microsoft.AspNetCore.Server.Kestrel.Core.KestrelServer.<>c__DisplayClass21_0`1.<<StartAsync>g__OnBind|0>d.MoveNext()
--- End of stack trace from previous location where exception was thrown ---
   at System.Runtime.ExceptionServices.ExceptionDispatchInfo.Throw()
   at System.Runtime.CompilerServices.TaskAwaiter.HandleNonSuccessAndDebuggerNotification(Task task)
   at Microsoft.AspNetCore.Server.Kestrel.Core.Internal.AddressBinder.<BindEndpointAsync>d__5.MoveNext()
   --- End of inner exception stack trace ---
   at Microsoft.AspNetCore.Server.Kestrel.Core.Internal.AddressBinder.<BindEndpointAsync>d__5.MoveNext()
--- End of stack trace from previous location where exception was thrown ---
   at System.Runtime.ExceptionServices.ExceptionDispatchInfo.Throw()
   at System.Runtime.CompilerServices.TaskAwaiter.HandleNonSuccessAndDebuggerNotification(Task task)
   at Microsoft.AspNetCore.Server.Kestrel.Core.Internal.AddressBinder.<BindLocalhostAsync>d__6.MoveNext()
--- End of stack trace from previous location where exception was thrown ---
   at System.Runtime.ExceptionServices.ExceptionDispatchInfo.Throw()
   at System.Runtime.CompilerServices.TaskAwaiter.HandleNonSuccessAndDebuggerNotification(Task task)
   at Microsoft.AspNetCore.Server.Kestrel.Core.Internal.AddressBinder.DefaultAddressStrategy.<BindAsync>d__0.MoveNext()
--- End of stack trace from previous location where exception was thrown ---
   at System.Runtime.ExceptionServices.ExceptionDispatchInfo.Throw()
   at System.Runtime.CompilerServices.TaskAwaiter.HandleNonSuccessAndDebuggerNotification(Task task)
   at Microsoft.AspNetCore.Server.Kestrel.Core.Internal.AddressBinder.<BindAsync>d__0.MoveNext()
--- End of stack trace from previous location where exception was thrown ---
   at System.Runtime.ExceptionServices.ExceptionDispatchInfo.Throw()
   at System.Runtime.CompilerServices.TaskAwaiter.HandleNonSuccessAndDebuggerNotification(Task task)
   at Microsoft.AspNetCore.Server.Kestrel.Core.KestrelServer.<StartAsync>d__21`1.MoveNext()
--- End of stack trace from previous location where exception was thrown ---
   at System.Runtime.ExceptionServices.ExceptionDispatchInfo.Throw()
   at System.Runtime.CompilerServices.TaskAwaiter.HandleNonSuccessAndDebuggerNotification(Task task)
   at Microsoft.AspNetCore.Hosting.Internal.WebHost.<StartAsync>d__26.MoveNext()
--- End of stack trace from previous location where exception was thrown ---
   at System.Runtime.ExceptionServices.ExceptionDispatchInfo.Throw()
   at System.Runtime.CompilerServices.TaskAwaiter.HandleNonSuccessAndDebuggerNotification(Task task)
   at Microsoft.AspNetCore.Hosting.WebHostExtensions.<RunAsync>d__5.MoveNext()
2018-04-09T18:12:10.2898481+01:00 0HLCU7K3NFJH0:00000001 [INF] Request starting HTTP/1.1 GET http://localhost:5000/   (ca22a1cb)
2018-04-09T18:12:10.7357936+01:00 0HLCU7K3NFJH0:00000001 [INF] Executing action method "Tinix.Controllers.HomeController.Index (Tinix)" with arguments ([""]) - ModelState is Valid (ba7f4ac2)
2018-04-09T18:12:13.6134221+01:00 0HLCU7K3NFJH0:00000001 [INF] Executing ViewResult, running view at path "/Views/Home/Index.cshtml". (9707eebe)
2018-04-09T18:12:15.1042118+01:00 0HLCU7K3NFJH0:00000001 [INF] Executed action "Tinix.Controllers.HomeController.Index (Tinix)" in 4411.6313ms (afa2e885)
2018-04-09T18:12:15.1152107+01:00 0HLCU7K3NFJH0:00000001 [INF] Request finished in 4872.131ms 200 text/html; charset=utf-8 (791a596a)
2018-04-09T18:12:15.1362086+01:00 0HLCU7K3NFJH1:00000001 [INF] Request starting HTTP/1.1 GET http://localhost:5000/css/site.css   (ca22a1cb)
2018-04-09T18:12:15.1482074+01:00 0HLCU7K3NFJH2:00000001 [INF] Request starting HTTP/1.1 GET http://localhost:5000/js/bootstrap.min.js   (ca22a1cb)
2018-04-09T18:12:15.1812041+01:00 0HLCU7K3NFJH0:00000002 [INF] Request starting HTTP/1.1 GET http://localhost:5000/css/bootstrap.min.css   (ca22a1cb)
2018-04-09T18:12:15.2361986+01:00 0HLCU7K3NFJH1:00000001 [INF] Sending file. Request path: '"/css/site.css"'. Physical path: '"C:\Users\ondero\desktop\dev\tinix\src\Tinix\wwwroot\css\site.css"' (27b0a520)
2018-04-09T18:12:15.3031919+01:00 0HLCU7K3NFJH2:00000001 [INF] Sending file. Request path: '"/js/bootstrap.min.js"'. Physical path: '"C:\Users\ondero\desktop\dev\tinix\src\Tinix\wwwroot\js\bootstrap.min.js"' (27b0a520)
2018-04-09T18:12:15.3591863+01:00 0HLCU7K3NFJH0:00000002 [INF] Sending file. Request path: '"/css/bootstrap.min.css"'. Physical path: '"C:\Users\ondero\desktop\dev\tinix\src\Tinix\wwwroot\css\bootstrap.min.css"' (27b0a520)
2018-04-09T18:12:15.3671855+01:00 0HLCU7K3NFJH4:00000001 [INF] Request starting HTTP/1.1 GET http://localhost:5000/js/jquery.js   (ca22a1cb)
2018-04-09T18:12:15.3721850+01:00 0HLCU7K3NFJH3:00000001 [INF] Request starting HTTP/1.1 GET http://localhost:5000/js/popper.min.js   (ca22a1cb)
2018-04-09T18:12:15.3951827+01:00 0HLCU7K3NFJH3:00000001 [INF] Sending file. Request path: '"/js/popper.min.js"'. Physical path: '"C:\Users\ondero\desktop\dev\tinix\src\Tinix\wwwroot\js\popper.min.js"' (27b0a520)
2018-04-09T18:12:15.4421780+01:00 0HLCU7K3NFJH1:00000001 [INF] Request finished in 272.9994ms 200 text/css (791a596a)
2018-04-09T18:12:15.4891733+01:00 0HLCU7K3NFJH4:00000001 [INF] The file "/js/jquery.js" was not modified (f1f8d725)
2018-04-09T18:12:15.5191703+01:00 0HLCU7K3NFJH3:00000001 [INF] Request finished in 196.5507ms 200 application/javascript (791a596a)
2018-04-09T18:12:15.5641658+01:00 0HLCU7K3NFJH2:00000001 [INF] Request finished in 288.6879ms 200 application/javascript (791a596a)
2018-04-09T18:12:15.5691653+01:00 0HLCU7K3NFJH0:00000002 [INF] Request finished in 362.0649ms 200 text/css (791a596a)
2018-04-09T18:12:15.6451577+01:00 0HLCU7K3NFJH4:00000001 [INF] Request finished in 262.3601ms 304 application/javascript (791a596a)
2018-04-09T18:12:25.4516504+01:00 0HLCU7K3NFJH0:00000003 [INF] Request starting HTTP/1.1 GET http://localhost:5000/   (ca22a1cb)
2018-04-09T18:12:25.4596496+01:00 0HLCU7K3NFJH0:00000003 [INF] Executing action method "Tinix.Controllers.HomeController.Index (Tinix)" with arguments ([""]) - ModelState is Valid (ba7f4ac2)
2018-04-09T18:12:25.4646491+01:00 0HLCU7K3NFJH0:00000003 [INF] Executing ViewResult, running view at path "/Views/Home/Index.cshtml". (9707eebe)
2018-04-09T18:12:25.4816465+01:00 0HLCU7K3NFJH0:00000003 [INF] Executed action "Tinix.Controllers.HomeController.Index (Tinix)" in 14.488ms (afa2e885)
2018-04-09T18:12:25.4916446+01:00 0HLCU7K3NFJH0:00000003 [INF] Request finished in 28.007ms 200 text/html; charset=utf-8 (791a596a)
2018-04-09T18:12:25.5586361+01:00 0HLCU7K3NFJH2:00000002 [INF] Request starting HTTP/1.1 GET http://localhost:5000/css/bootstrap.min.css   (ca22a1cb)
2018-04-09T18:12:25.6476272+01:00 0HLCU7K3NFJH0:00000004 [INF] Request starting HTTP/1.1 GET http://localhost:5000/js/bootstrap.min.js   (ca22a1cb)
2018-04-09T18:12:25.7296190+01:00 0HLCU7K3NFJH2:00000002 [INF] The file "/css/bootstrap.min.css" was not modified (f1f8d725)
2018-04-09T18:12:25.8746036+01:00 0HLCU7K3NFJH1:00000002 [INF] Request starting HTTP/1.1 GET http://localhost:5000/js/jquery.js   (ca22a1cb)
2018-04-09T18:12:25.9345976+01:00 0HLCU7K3NFJH2:00000002 [INF] Request finished in 244.0167ms 304 text/css (791a596a)
2018-04-09T18:12:25.9695941+01:00 0HLCU7K3NFJH3:00000002 [INF] Request starting HTTP/1.1 GET http://localhost:5000/css/site.css   (ca22a1cb)
2018-04-09T18:12:25.9855925+01:00 0HLCU7K3NFJH0:00000004 [INF] The file "/js/bootstrap.min.js" was not modified (f1f8d725)
2018-04-09T18:12:26.0345858+01:00 0HLCU7K3NFJH1:00000002 [INF] The file "/js/jquery.js" was not modified (f1f8d725)
2018-04-09T18:12:26.1385745+01:00 0HLCU7K3NFJH4:00000002 [INF] Request starting HTTP/1.1 GET http://localhost:5000/js/popper.min.js   (ca22a1cb)
2018-04-09T18:12:26.1565727+01:00 0HLCU7K3NFJH3:00000002 [INF] The file "/css/site.css" was not modified (f1f8d725)
2018-04-09T18:12:26.2135652+01:00 0HLCU7K3NFJH0:00000004 [INF] Request finished in 495.1403ms 304 application/javascript (791a596a)
2018-04-09T18:12:26.2145651+01:00 0HLCU7K3NFJH1:00000002 [INF] Request finished in 533.3355ms 304 application/javascript (791a596a)
2018-04-09T18:12:26.2365629+01:00 0HLCU7K3NFJH3:00000002 [INF] Request finished in 643.5428ms 304 text/css (791a596a)
2018-04-09T18:12:26.2705586+01:00 0HLCU7K3NFJH4:00000002 [INF] The file "/js/popper.min.js" was not modified (f1f8d725)
2018-04-09T18:12:26.2905548+01:00 0HLCU7K3NFJH4:00000002 [INF] Request finished in 771.603ms 304 application/javascript (791a596a)
2018-04-09T18:12:32.8562303+01:00 0HLCU7K3NFJH0:00000005 [INF] Request starting HTTP/1.1 GET http://localhost:5000/Home/Detail/9b01c867-16f4-44f0-99b3-9f957d520ca9?name=ewqreqw   (ca22a1cb)
2018-04-09T18:12:32.8912241+01:00 0HLCU7K3NFJH0:00000005 [INF] Executing action method "Tinix.Controllers.HomeController.Detail (Tinix)" with arguments (["9b01c867-16f4-44f0-99b3-9f957d520ca9", "ewqreqw"]) - ModelState is Valid (ba7f4ac2)
2018-04-09T18:12:39.9958709+01:00 0HLCU7K3NFJH0:00000005 [INF] Executed action "Tinix.Controllers.HomeController.Detail (Tinix)" in 7130.1459ms (afa2e885)
2018-04-09T18:12:40.0988606+01:00 0HLCU7K3NFJH0:00000005 [ERR] An unhandled exception has occurred while executing the request (cf926119)
Microsoft.AspNetCore.Mvc.Razor.Compilation.CompilationFailedException: One or more compilation failures occurred:
C:\Users\ondero\desktop\dev\tinix\src\Tinix\Views\Home\Detail.cshtml(13,85): error CS1012: Too many characters in character literal
   at Microsoft.AspNetCore.Mvc.Razor.Internal.RazorViewCompiler.CompileAndEmit(RazorCodeDocument codeDocument, String generatedCode)
   at Microsoft.AspNetCore.Mvc.Razor.Internal.RazorViewCompiler.CompileAndEmit(String relativePath)
   at Microsoft.AspNetCore.Mvc.Razor.Internal.RazorViewCompiler.CreateCacheEntry(String normalizedPath)
--- End of stack trace from previous location where exception was thrown ---
   at System.Runtime.ExceptionServices.ExceptionDispatchInfo.Throw()
   at System.Runtime.CompilerServices.TaskAwaiter.HandleNonSuccessAndDebuggerNotification(Task task)
   at System.Runtime.CompilerServices.TaskAwaiter`1.GetResult()
   at Microsoft.AspNetCore.Mvc.Razor.Internal.DefaultRazorPageFactoryProvider.CreateFactory(String relativePath)
   at Microsoft.AspNetCore.Mvc.Razor.RazorViewEngine.CreateCacheResult(HashSet`1 expirationTokens, String relativePath, Boolean isMainPage)
   at Microsoft.AspNetCore.Mvc.Razor.RazorViewEngine.OnCacheMiss(ViewLocationExpanderContext expanderContext, ViewLocationCacheKey cacheKey)
   at Microsoft.AspNetCore.Mvc.Razor.RazorViewEngine.LocatePageFromViewLocations(ActionContext actionContext, String pageName, Boolean isMainPage)
   at Microsoft.AspNetCore.Mvc.Razor.RazorViewEngine.FindView(ActionContext context, String viewName, Boolean isMainPage)
   at Microsoft.AspNetCore.Mvc.ViewEngines.CompositeViewEngine.FindView(ActionContext context, String viewName, Boolean isMainPage)
   at Microsoft.AspNetCore.Mvc.ViewFeatures.Internal.ViewResultExecutor.FindView(ActionContext actionContext, ViewResult viewResult)
   at Microsoft.AspNetCore.Mvc.ViewResult.<ExecuteResultAsync>d__26.MoveNext()
--- End of stack trace from previous location where exception was thrown ---
   at System.Runtime.ExceptionServices.ExceptionDispatchInfo.Throw()
   at System.Runtime.CompilerServices.TaskAwaiter.HandleNonSuccessAndDebuggerNotification(Task task)
   at Microsoft.AspNetCore.Mvc.Internal.ResourceInvoker.<InvokeResultAsync>d__19.MoveNext()
--- End of stack trace from previous location where exception was thrown ---
   at System.Runtime.ExceptionServices.ExceptionDispatchInfo.Throw()
   at System.Runtime.CompilerServices.TaskAwaiter.HandleNonSuccessAndDebuggerNotification(Task task)
   at Microsoft.AspNetCore.Mvc.Internal.ResourceInvoker.<InvokeNextResultFilterAsync>d__24.MoveNext()
--- End of stack trace from previous location where exception was thrown ---
   at System.Runtime.ExceptionServices.ExceptionDispatchInfo.Throw()
   at Microsoft.AspNetCore.Mvc.Internal.ResourceInvoker.Rethrow(ResultExecutedContext context)
   at Microsoft.AspNetCore.Mvc.Internal.ResourceInvoker.Next(State& next, Scope& scope, Object& state, Boolean& isCompleted)
   at Microsoft.AspNetCore.Mvc.Internal.ResourceInvoker.<InvokeNextResourceFilter>d__22.MoveNext()
--- End of stack trace from previous location where exception was thrown ---
   at System.Runtime.ExceptionServices.ExceptionDispatchInfo.Throw()
   at Microsoft.AspNetCore.Mvc.Internal.ResourceInvoker.Rethrow(ResourceExecutedContext context)
   at Microsoft.AspNetCore.Mvc.Internal.ResourceInvoker.Next(State& next, Scope& scope, Object& state, Boolean& isCompleted)
   at Microsoft.AspNetCore.Mvc.Internal.ResourceInvoker.<InvokeFilterPipelineAsync>d__17.MoveNext()
--- End of stack trace from previous location where exception was thrown ---
   at System.Runtime.ExceptionServices.ExceptionDispatchInfo.Throw()
   at System.Runtime.CompilerServices.TaskAwaiter.HandleNonSuccessAndDebuggerNotification(Task task)
   at Microsoft.AspNetCore.Mvc.Internal.ResourceInvoker.<InvokeAsync>d__15.MoveNext()
--- End of stack trace from previous location where exception was thrown ---
   at System.Runtime.ExceptionServices.ExceptionDispatchInfo.Throw()
   at System.Runtime.CompilerServices.TaskAwaiter.HandleNonSuccessAndDebuggerNotification(Task task)
   at Microsoft.AspNetCore.Builder.RouterMiddleware.<Invoke>d__4.MoveNext()
--- End of stack trace from previous location where exception was thrown ---
   at System.Runtime.ExceptionServices.ExceptionDispatchInfo.Throw()
   at System.Runtime.CompilerServices.TaskAwaiter.HandleNonSuccessAndDebuggerNotification(Task task)
   at Microsoft.AspNetCore.Diagnostics.DeveloperExceptionPageMiddleware.<Invoke>d__7.MoveNext()
2018-04-09T18:12:40.1578547+01:00 0HLCU7K3NFJH0:00000005 [INF] Request finished in 7321.4435ms 500 text/html; charset=utf-8 (791a596a)
2018-04-09T18:13:25.2202985+01:00 0HLCU7K3NFJH0:00000006 [INF] Request starting HTTP/1.1 GET http://localhost:5000/Home/Detail/9b01c867-16f4-44f0-99b3-9f957d520ca9?name=ewqreqw   (ca22a1cb)
2018-04-09T18:13:25.2682901+01:00 0HLCU7K3NFJH0:00000006 [INF] Executing action method "Tinix.Controllers.HomeController.Detail (Tinix)" with arguments (["9b01c867-16f4-44f0-99b3-9f957d520ca9", "ewqreqw"]) - ModelState is Valid (ba7f4ac2)
2018-04-09T18:13:29.0698814+01:00 0HLCU7K3NFJH0:00000006 [INF] Executed action "Tinix.Controllers.HomeController.Detail (Tinix)" in 3841.4686ms (afa2e885)
2018-04-09T18:13:29.1438740+01:00 0HLCU7K3NFJH0:00000006 [ERR] An unhandled exception has occurred while executing the request (cf926119)
Microsoft.AspNetCore.Mvc.Razor.Compilation.CompilationFailedException: One or more compilation failures occurred:
C:\Users\ondero\desktop\dev\tinix\src\Tinix\Views\Home\Detail.cshtml(13,90): error CS1003: Syntax error, ',' expected
C:\Users\ondero\desktop\dev\tinix\src\Tinix\Views\Home\Detail.cshtml(13,85): error CS0103: The name 'Test' does not exist in the current context
C:\Users\ondero\desktop\dev\tinix\src\Tinix\Views\Home\Detail.cshtml(13,90): error CS0103: The name 'Commenttttt' does not exist in the current context
   at Microsoft.AspNetCore.Mvc.Razor.Internal.RazorViewCompiler.CompileAndEmit(RazorCodeDocument codeDocument, String generatedCode)
   at Microsoft.AspNetCore.Mvc.Razor.Internal.RazorViewCompiler.CompileAndEmit(String relativePath)
   at Microsoft.AspNetCore.Mvc.Razor.Internal.RazorViewCompiler.CreateCacheEntry(String normalizedPath)
--- End of stack trace from previous location where exception was thrown ---
   at System.Runtime.ExceptionServices.ExceptionDispatchInfo.Throw()
   at System.Runtime.CompilerServices.TaskAwaiter.HandleNonSuccessAndDebuggerNotification(Task task)
   at System.Runtime.CompilerServices.TaskAwaiter`1.GetResult()
   at Microsoft.AspNetCore.Mvc.Razor.Internal.DefaultRazorPageFactoryProvider.CreateFactory(String relativePath)
   at Microsoft.AspNetCore.Mvc.Razor.RazorViewEngine.CreateCacheResult(HashSet`1 expirationTokens, String relativePath, Boolean isMainPage)
   at Microsoft.AspNetCore.Mvc.Razor.RazorViewEngine.OnCacheMiss(ViewLocationExpanderContext expanderContext, ViewLocationCacheKey cacheKey)
   at Microsoft.AspNetCore.Mvc.Razor.RazorViewEngine.LocatePageFromViewLocations(ActionContext actionContext, String pageName, Boolean isMainPage)
   at Microsoft.AspNetCore.Mvc.Razor.RazorViewEngine.FindView(ActionContext context, String viewName, Boolean isMainPage)
   at Microsoft.AspNetCore.Mvc.ViewEngines.CompositeViewEngine.FindView(ActionContext context, String viewName, Boolean isMainPage)
   at Microsoft.AspNetCore.Mvc.ViewFeatures.Internal.ViewResultExecutor.FindView(ActionContext actionContext, ViewResult viewResult)
   at Microsoft.AspNetCore.Mvc.ViewResult.<ExecuteResultAsync>d__26.MoveNext()
--- End of stack trace from previous location where exception was thrown ---
   at System.Runtime.ExceptionServices.ExceptionDispatchInfo.Throw()
   at System.Runtime.CompilerServices.TaskAwaiter.HandleNonSuccessAndDebuggerNotification(Task task)
   at Microsoft.AspNetCore.Mvc.Internal.ResourceInvoker.<InvokeResultAsync>d__19.MoveNext()
--- End of stack trace from previous location where exception was thrown ---
   at System.Runtime.ExceptionServices.ExceptionDispatchInfo.Throw()
   at System.Runtime.CompilerServices.TaskAwaiter.HandleNonSuccessAndDebuggerNotification(Task task)
   at Microsoft.AspNetCore.Mvc.Internal.ResourceInvoker.<InvokeNextResultFilterAsync>d__24.MoveNext()
--- End of stack trace from previous location where exception was thrown ---
   at System.Runtime.ExceptionServices.ExceptionDispatchInfo.Throw()
   at Microsoft.AspNetCore.Mvc.Internal.ResourceInvoker.Rethrow(ResultExecutedContext context)
   at Microsoft.AspNetCore.Mvc.Internal.ResourceInvoker.Next(State& next, Scope& scope, Object& state, Boolean& isCompleted)
   at Microsoft.AspNetCore.Mvc.Internal.ResourceInvoker.<InvokeNextResourceFilter>d__22.MoveNext()
--- End of stack trace from previous location where exception was thrown ---
   at System.Runtime.ExceptionServices.ExceptionDispatchInfo.Throw()
   at Microsoft.AspNetCore.Mvc.Internal.ResourceInvoker.Rethrow(ResourceExecutedContext context)
   at Microsoft.AspNetCore.Mvc.Internal.ResourceInvoker.Next(State& next, Scope& scope, Object& state, Boolean& isCompleted)
   at Microsoft.AspNetCore.Mvc.Internal.ResourceInvoker.<InvokeFilterPipelineAsync>d__17.MoveNext()
--- End of stack trace from previous location where exception was thrown ---
   at System.Runtime.ExceptionServices.ExceptionDispatchInfo.Throw()
   at System.Runtime.CompilerServices.TaskAwaiter.HandleNonSuccessAndDebuggerNotification(Task task)
   at Microsoft.AspNetCore.Mvc.Internal.ResourceInvoker.<InvokeAsync>d__15.MoveNext()
--- End of stack trace from previous location where exception was thrown ---
   at System.Runtime.ExceptionServices.ExceptionDispatchInfo.Throw()
   at System.Runtime.CompilerServices.TaskAwaiter.HandleNonSuccessAndDebuggerNotification(Task task)
   at Microsoft.AspNetCore.Builder.RouterMiddleware.<Invoke>d__4.MoveNext()
--- End of stack trace from previous location where exception was thrown ---
   at System.Runtime.ExceptionServices.ExceptionDispatchInfo.Throw()
   at System.Runtime.CompilerServices.TaskAwaiter.HandleNonSuccessAndDebuggerNotification(Task task)
   at Microsoft.AspNetCore.Diagnostics.DeveloperExceptionPageMiddleware.<Invoke>d__7.MoveNext()
2018-04-09T18:13:29.2238660+01:00 0HLCU7K3NFJH0:00000006 [INF] Request finished in 3930.9943ms 500 text/html; charset=utf-8 (791a596a)
2018-04-09T18:15:22.1047763+01:00 0HLCU7K3NFJH0:00000007 [INF] Request starting HTTP/1.1 GET http://localhost:5000/   (ca22a1cb)
2018-04-09T18:15:22.1107763+01:00 0HLCU7K3NFJH0:00000007 [INF] Executing action method "Tinix.Controllers.HomeController.Index (Tinix)" with arguments ([""]) - ModelState is Valid (ba7f4ac2)
2018-04-09T18:15:22.1157763+01:00 0HLCU7K3NFJH0:00000007 [INF] Executing ViewResult, running view at path "/Views/Home/Index.cshtml". (9707eebe)
2018-04-09T18:15:22.1547763+01:00 0HLCU7K3NFJH0:00000007 [INF] Executed action "Tinix.Controllers.HomeController.Index (Tinix)" in 11.8768ms (afa2e885)
2018-04-09T18:15:22.1987763+01:00 0HLCU7K3NFJH6:00000001 [INF] Request starting HTTP/1.1 GET http://localhost:5000/js/popper.min.js   (ca22a1cb)
2018-04-09T18:15:22.2387763+01:00 0HLCU7K3NFJH6:00000001 [INF] The file "/js/popper.min.js" was not modified (f1f8d725)
2018-04-09T18:15:22.2887763+01:00 0HLCU7K3NFJH5:00000001 [INF] Request starting HTTP/1.1 GET http://localhost:5000/js/bootstrap.min.js   (ca22a1cb)
2018-04-09T18:15:22.3137763+01:00 0HLCU7K3NFJH7:00000001 [INF] Request starting HTTP/1.1 GET http://localhost:5000/js/jquery.js   (ca22a1cb)
2018-04-09T18:15:22.3617747+01:00 0HLCU7K3NFJH0:00000007 [INF] Request finished in 57.8682ms 200 text/html; charset=utf-8 (791a596a)
2018-04-09T18:15:22.3617747+01:00 0HLCU7K3NFJH5:00000001 [INF] The file "/js/bootstrap.min.js" was not modified (f1f8d725)
2018-04-09T18:15:22.3817731+01:00 0HLCU7K3NFJH5:00000001 [INF] Request finished in 159.2487ms 304 application/javascript (791a596a)
2018-04-09T18:15:22.3827731+01:00 0HLCU7K3NFJH6:00000001 [INF] Request finished in 87.4818ms 304 application/javascript (791a596a)
2018-04-09T18:15:22.4237731+01:00 0HLCU7K3NFJH7:00000001 [INF] The file "/js/jquery.js" was not modified (f1f8d725)
2018-04-09T18:15:22.4307731+01:00 0HLCU7K3NFJH8:00000001 [INF] Request starting HTTP/1.1 GET http://localhost:5000/css/site.css   (ca22a1cb)
2018-04-09T18:15:22.4457731+01:00 0HLCU7K3NFJH7:00000001 [INF] Request finished in 202.9074ms 304 application/javascript (791a596a)
2018-04-09T18:15:22.4517731+01:00 0HLCU7K3NFJH9:00000001 [INF] Request starting HTTP/1.1 GET http://localhost:5000/css/bootstrap.min.css   (ca22a1cb)
2018-04-09T18:15:22.4737723+01:00 0HLCU7K3NFJH8:00000001 [INF] The file "/css/site.css" was not modified (f1f8d725)
2018-04-09T18:15:22.4837715+01:00 0HLCU7K3NFJH8:00000001 [INF] Request finished in 83.7259ms 304 text/css (791a596a)
2018-04-09T18:15:22.5037699+01:00 0HLCU7K3NFJH9:00000001 [INF] The file "/css/bootstrap.min.css" was not modified (f1f8d725)
2018-04-09T18:15:22.5137691+01:00 0HLCU7K3NFJH9:00000001 [INF] Request finished in 124.8624ms 304 text/css (791a596a)
2018-04-09T18:15:24.2507027+01:00 0HLCU7K3NFJH0:00000008 [INF] Request starting HTTP/1.1 GET http://localhost:5000/Home/Detail/9b01c867-16f4-44f0-99b3-9f957d520ca9?name=ewqreqw   (ca22a1cb)
2018-04-09T18:15:24.2517027+01:00 0HLCU7K3NFJH0:00000008 [INF] Executing action method "Tinix.Controllers.HomeController.Detail (Tinix)" with arguments (["9b01c867-16f4-44f0-99b3-9f957d520ca9", "ewqreqw"]) - ModelState is Valid (ba7f4ac2)
2018-04-09T18:15:27.8306915+01:00 0HLCU7K3NFJH0:00000008 [INF] Executing ViewResult, running view at path "/Views/Home/Detail.cshtml". (9707eebe)
2018-04-09T18:15:27.8646891+01:00 0HLCU7K3NFJH0:00000008 [INF] Executed action "Tinix.Controllers.HomeController.Detail (Tinix)" in 3603.9998ms (afa2e885)
2018-04-09T18:15:27.8646891+01:00 0HLCU7K3NFJH0:00000008 [INF] Request finished in 3615.8194ms 200 text/html; charset=utf-8 (791a596a)
2018-04-09T18:15:44.2145057+01:00 0HLCU7K3NFJH0:00000009 [INF] Request starting HTTP/1.1 GET http://localhost:5000/Home/Comment/9b01c867-16f4-44f0-99b3-9f957d520ca9?name=ewqreqw   (ca22a1cb)
2018-04-09T18:15:44.2365041+01:00 0HLCU7K3NFJH0:00000009 [INF] Executing action method "Tinix.Controllers.HomeController.Comment (Tinix)" with arguments (["", ""]) - ModelState is Valid (ba7f4ac2)
2018-04-09T18:22:54.5452566+01:00 0HLCU7Q3Q4QPF:00000001 [INF] Request starting HTTP/1.1 GET http://localhost:5000/Home/Comment/9b01c867-16f4-44f0-99b3-9f957d520ca9?name=ewqreqw   (ca22a1cb)
2018-04-09T18:22:55.5492554+01:00 0HLCU7Q3Q4QPG:00000001 [INF] Request starting HTTP/1.1 GET http://localhost:5000/   (ca22a1cb)
2018-04-09T18:22:56.1052426+01:00 0HLCU7Q3Q4QPF:00000001 [INF] Executing action method "Tinix.Controllers.HomeController.Comment (Tinix)" with arguments (["", ""]) - ModelState is Valid (ba7f4ac2)
2018-04-09T18:22:56.1052426+01:00 0HLCU7Q3Q4QPG:00000001 [INF] Executing action method "Tinix.Controllers.HomeController.Index (Tinix)" with arguments ([""]) - ModelState is Valid (ba7f4ac2)
2018-04-09T18:23:28.4790313+01:00 0HLCU7QDU221U:00000001 [INF] Request starting HTTP/1.1 GET http://localhost:5000/   (ca22a1cb)
2018-04-09T18:23:28.9330181+01:00 0HLCU7QDU221U:00000001 [INF] Executing action method "Tinix.Controllers.HomeController.Index (Tinix)" with arguments ([""]) - ModelState is Valid (ba7f4ac2)
2018-04-09T18:23:32.8969305+01:00 0HLCU7QDU221U:00000001 [INF] Executing ViewResult, running view at path "/Views/Home/Index.cshtml". (9707eebe)
2018-04-09T18:23:35.0983840+01:00 0HLCU7QDU221U:00000001 [INF] Executed action "Tinix.Controllers.HomeController.Index (Tinix)" in 6191.4607ms (afa2e885)
2018-04-09T18:23:35.1423840+01:00 0HLCU7QDU221U:00000001 [INF] Request finished in 6670.5429ms 200 text/html; charset=utf-8 (791a596a)
2018-04-09T18:23:35.2223832+01:00 0HLCU7QDU221V:00000001 [INF] Request starting HTTP/1.1 GET http://localhost:5000/css/bootstrap.min.css   (ca22a1cb)
2018-04-09T18:23:35.2523820+01:00 0HLCU7QDU2220:00000001 [INF] Request starting HTTP/1.1 GET http://localhost:5000/js/popper.min.js   (ca22a1cb)
2018-04-09T18:23:35.3023800+01:00 0HLCU7QDU2222:00000001 [INF] Request starting HTTP/1.1 GET http://localhost:5000/css/site.css   (ca22a1cb)
2018-04-09T18:23:35.3603780+01:00 0HLCU7QDU2222:00000001 [INF] Sending file. Request path: '"/css/site.css"'. Physical path: '"C:\Users\ondero\desktop\dev\tinix\src\Tinix\wwwroot\css\site.css"' (27b0a520)
2018-04-09T18:23:35.3673780+01:00 0HLCU7QDU221V:00000001 [INF] Sending file. Request path: '"/css/bootstrap.min.css"'. Physical path: '"C:\Users\ondero\desktop\dev\tinix\src\Tinix\wwwroot\css\bootstrap.min.css"' (27b0a520)
2018-04-09T18:23:35.3943772+01:00 0HLCU7QDU2220:00000001 [INF] The file "/js/popper.min.js" was not modified (f1f8d725)
2018-04-09T18:23:35.4043768+01:00 0HLCU7QDU2223:00000001 [INF] Request starting HTTP/1.1 GET http://localhost:5000/js/jquery.js   (ca22a1cb)
2018-04-09T18:23:35.4253764+01:00 0HLCU7QDU2221:00000001 [INF] Request starting HTTP/1.1 GET http://localhost:5000/js/bootstrap.min.js   (ca22a1cb)
2018-04-09T18:23:35.4653758+01:00 0HLCU7QDU2221:00000001 [INF] The file "/js/bootstrap.min.js" was not modified (f1f8d725)
2018-04-09T18:23:35.5523758+01:00 0HLCU7QDU2220:00000001 [INF] Request finished in 212.9233ms 304 application/javascript (791a596a)
2018-04-09T18:23:35.5563758+01:00 0HLCU7QDU221V:00000001 [INF] Request finished in 279.637ms 200 text/css (791a596a)
2018-04-09T18:23:35.6033758+01:00 0HLCU7QDU2222:00000001 [INF] Request finished in 271.0405ms 200 text/css (791a596a)
2018-04-09T18:23:35.6173758+01:00 0HLCU7QDU2221:00000001 [INF] Request finished in 165.4135ms 304 application/javascript (791a596a)
2018-04-09T18:23:35.6243758+01:00 0HLCU7QDU2223:00000001 [INF] The file "/js/jquery.js" was not modified (f1f8d725)
2018-04-09T18:23:35.6613746+01:00 0HLCU7QDU2223:00000001 [INF] Request finished in 318.9078ms 304 application/javascript (791a596a)
2018-04-09T18:23:40.7622262+01:00 0HLCU7QDU221V:00000002 [INF] Request starting HTTP/1.1 GET http://localhost:5000/Home/Detail/9b01c867-16f4-44f0-99b3-9f957d520ca9?name=ewqreqw   (ca22a1cb)
2018-04-09T18:23:40.8162250+01:00 0HLCU7QDU221V:00000002 [INF] Executing action method "Tinix.Controllers.HomeController.Detail (Tinix)" with arguments (["9b01c867-16f4-44f0-99b3-9f957d520ca9", "ewqreqw"]) - ModelState is Valid (ba7f4ac2)
2018-04-09T18:23:44.9181662+01:00 0HLCU7QDU221V:00000002 [INF] Executing ViewResult, running view at path "/Views/Home/Detail.cshtml". (9707eebe)
2018-04-09T18:23:44.9931652+01:00 0HLCU7QDU221V:00000002 [INF] Executed action "Tinix.Controllers.HomeController.Detail (Tinix)" in 4157.906ms (afa2e885)
2018-04-09T18:23:45.0361652+01:00 0HLCU7QDU221V:00000002 [INF] Request finished in 4255.6727ms 200 text/html; charset=utf-8 (791a596a)
2018-04-09T18:25:10.4715171+01:00 0HLCU7RC7ASU8:00000001 [INF] Request starting HTTP/1.1 GET http://localhost:5000/   (ca22a1cb)
2018-04-09T18:25:10.9705099+01:00 0HLCU7RC7ASU8:00000001 [INF] Executing action method "Tinix.Controllers.HomeController.Index (Tinix)" with arguments ([""]) - ModelState is Valid (ba7f4ac2)
2018-04-09T18:25:15.5024508+01:00 0HLCU7RC7ASU8:00000001 [INF] Executing ViewResult, running view at path "/Views/Home/Index.cshtml". (9707eebe)
2018-04-09T18:25:17.1344133+01:00 0HLCU7RC7ASU8:00000001 [INF] Executed action "Tinix.Controllers.HomeController.Index (Tinix)" in 6200.465ms (afa2e885)
2018-04-09T18:25:17.1904133+01:00 0HLCU7RC7ASU8:00000001 [INF] Request finished in 6697.0583ms 200 text/html; charset=utf-8 (791a596a)
2018-04-09T18:25:23.5097813+01:00 0HLCU7RC7ASU8:00000002 [INF] Request starting HTTP/1.1 GET http://localhost:5000/Home/Detail/9b01c867-16f4-44f0-99b3-9f957d520ca9?name=ewqreqw   (ca22a1cb)
2018-04-09T18:25:23.5567813+01:00 0HLCU7RC7ASU8:00000002 [INF] Executing action method "Tinix.Controllers.HomeController.Detail (Tinix)" with arguments (["9b01c867-16f4-44f0-99b3-9f957d520ca9", "ewqreqw"]) - ModelState is Valid (ba7f4ac2)
2018-04-09T18:25:28.0942540+01:00 0HLCU7RC7ASU8:00000002 [INF] Executing ViewResult, running view at path "/Views/Home/Detail.cshtml". (9707eebe)
2018-04-09T18:25:28.1412531+01:00 0HLCU7RC7ASU8:00000002 [INF] Executed action "Tinix.Controllers.HomeController.Detail (Tinix)" in 4576.0841ms (afa2e885)
2018-04-09T18:25:28.1882519+01:00 0HLCU7RC7ASU8:00000002 [INF] Request finished in 4644.2969ms 200 text/html; charset=utf-8 (791a596a)
2018-04-09T18:25:42.7848293+01:00 0HLCU7RC7ASU8:00000003 [INF] Request starting HTTP/1.1 GET http://localhost:5000/Home/Comment?blogPostID=9b01c867-16f4-44f0-99b3-9f957d520ca9&name=ewqreqw   (ca22a1cb)
2018-04-09T18:25:42.7928293+01:00 0HLCU7RC7ASU8:00000003 [INF] Executing action method "Tinix.Controllers.HomeController.Comment (Tinix)" with arguments (["9b01c867-16f4-44f0-99b3-9f957d520ca9", ""]) - ModelState is Valid (ba7f4ac2)
2018-04-09T18:28:43.3149632+01:00 0HLCU7RC7ASU8:00000003 [INF] Executing RedirectResult, redirecting to "/Home/Detail/9b01c867-16f4-44f0-99b3-9f957d520ca9?name=ewqreqw". (d98d540e)
2018-04-09T18:28:43.3199632+01:00 0HLCU7RC7ASU8:00000003 [INF] Executed action "Tinix.Controllers.HomeController.Comment (Tinix)" in 180516.9644ms (afa2e885)
2018-04-09T18:28:43.3499632+01:00 0HLCU7RC7ASU8:00000003 [INF] Request finished in 180531.3489ms 302  (791a596a)
2018-04-09T18:28:43.3739632+01:00 0HLCU7RC7ASU8:00000004 [INF] Request starting HTTP/1.1 GET http://localhost:5000/Home/Detail/9b01c867-16f4-44f0-99b3-9f957d520ca9?name=ewqreqw   (ca22a1cb)
2018-04-09T18:28:43.3809632+01:00 0HLCU7RC7ASU8:00000004 [INF] Executing action method "Tinix.Controllers.HomeController.Detail (Tinix)" with arguments (["9b01c867-16f4-44f0-99b3-9f957d520ca9", "ewqreqw"]) - ModelState is Valid (ba7f4ac2)
2018-04-09T18:28:45.8739586+01:00 0HLCU7RC7ASU8:00000004 [INF] Executing ViewResult, running view at path "/Views/Home/Detail.cshtml". (9707eebe)
2018-04-09T18:28:45.9049572+01:00 0HLCU7RC7ASU8:00000004 [INF] Executed action "Tinix.Controllers.HomeController.Detail (Tinix)" in 2503.2799ms (afa2e885)
2018-04-09T18:28:45.9149565+01:00 0HLCU7RC7ASU8:00000004 [INF] Request finished in 2539.4264ms 200 text/html; charset=utf-8 (791a596a)
2018-04-09T18:28:46.0549523+01:00 0HLCU7RC7ASU8:00000005 [INF] Request starting HTTP/1.1 GET http://localhost:5000/favicon.ico   (ca22a1cb)
2018-04-09T18:28:46.0559523+01:00 0HLCU7RC7ASU8:00000005 [INF] Sending file. Request path: '"/favicon.ico"'. Physical path: '"C:\Users\ondero\desktop\dev\tinix\src\Tinix\wwwroot\favicon.ico"' (27b0a520)
2018-04-09T18:28:46.0599523+01:00 0HLCU7RC7ASU8:00000005 [INF] Request finished in 23.7983ms 0 image/x-icon (791a596a)
2018-04-09T18:28:55.4701420+01:00 0HLCU7RC7ASUH:00000001 [INF] Request starting HTTP/1.1 GET http://localhost:5000/Home/Detail/9b01c867-16f4-44f0-99b3-9f957d520ca9?name=ewqreqw   (ca22a1cb)
2018-04-09T18:28:55.5171392+01:00 0HLCU7RC7ASUH:00000001 [INF] Executing action method "Tinix.Controllers.HomeController.Detail (Tinix)" with arguments (["9b01c867-16f4-44f0-99b3-9f957d520ca9", "ewqreqw"]) - ModelState is Valid (ba7f4ac2)
2018-04-09T18:28:58.4441105+01:00 0HLCU7RC7ASUH:00000001 [INF] Executing ViewResult, running view at path "/Views/Home/Detail.cshtml". (9707eebe)
2018-04-09T18:28:58.5451084+01:00 0HLCU7RC7ASUH:00000001 [INF] Executed action "Tinix.Controllers.HomeController.Detail (Tinix)" in 2982.8775ms (afa2e885)
2018-04-09T18:28:58.6121084+01:00 0HLCU7RC7ASUH:00000001 [INF] Request finished in 3080.9054ms 200 text/html; charset=utf-8 (791a596a)
2018-04-09T18:28:58.7001084+01:00 0HLCU7RC7ASUI:00000001 [INF] Request starting HTTP/1.1 GET http://localhost:5000/css/site.css   (ca22a1cb)
2018-04-09T18:28:58.7821084+01:00 0HLCU7RC7ASUK:00000001 [INF] Request starting HTTP/1.1 GET http://localhost:5000/css/bootstrap.min.css   (ca22a1cb)
2018-04-09T18:28:58.8161084+01:00 0HLCU7RC7ASUM:00000001 [INF] Request starting HTTP/1.1 GET http://localhost:5000/js/bootstrap.min.js   (ca22a1cb)
2018-04-09T18:28:58.8991070+01:00 0HLCU7RC7ASUJ:00000001 [INF] Request starting HTTP/1.1 GET http://localhost:5000/js/popper.min.js   (ca22a1cb)
2018-04-09T18:28:58.8991070+01:00 0HLCU7RC7ASUM:00000001 [INF] The file "/js/bootstrap.min.js" was not modified (f1f8d725)
2018-04-09T18:28:58.9121070+01:00 0HLCU7RC7ASUL:00000001 [INF] Request starting HTTP/1.1 GET http://localhost:5000/js/jquery.js   (ca22a1cb)
2018-04-09T18:28:58.9811070+01:00 0HLCU7RC7ASUI:00000001 [INF] The file "/css/site.css" was not modified (f1f8d725)
2018-04-09T18:28:59.1991070+01:00 0HLCU7RC7ASUM:00000001 [INF] Request finished in 234.0557ms 304 application/javascript (791a596a)
2018-04-09T18:28:59.2261064+01:00 0HLCU7RC7ASUK:00000001 [INF] The file "/css/bootstrap.min.css" was not modified (f1f8d725)
2018-04-09T18:28:59.2401064+01:00 0HLCU7RC7ASUI:00000001 [INF] Request finished in 407.1493ms 304 text/css (791a596a)
2018-04-09T18:28:59.2421064+01:00 0HLCU7RC7ASUL:00000001 [INF] The file "/js/jquery.js" was not modified (f1f8d725)
2018-04-09T18:28:59.2481064+01:00 0HLCU7RC7ASUL:00000001 [INF] Request finished in 561.7482ms 304 application/javascript (791a596a)
2018-04-09T18:28:59.2541064+01:00 0HLCU7RC7ASUK:00000001 [INF] Request finished in 610.3167ms 304 text/css (791a596a)
2018-04-09T18:28:59.2621064+01:00 0HLCU7RC7ASUJ:00000001 [INF] The file "/js/popper.min.js" was not modified (f1f8d725)
2018-04-09T18:28:59.2691064+01:00 0HLCU7RC7ASUJ:00000001 [INF] Request finished in 649.9999ms 304 application/javascript (791a596a)
2018-04-09T18:29:01.1740754+01:00 0HLCU7RC7ASUH:00000002 [INF] Request starting HTTP/1.1 GET http://localhost:5000/Home/Comment?blogPostID=9b01c867-16f4-44f0-99b3-9f957d520ca9&comment=ewqreqw   (ca22a1cb)
2018-04-09T18:29:01.1740754+01:00 0HLCU7RC7ASUH:00000002 [INF] Executing action method "Tinix.Controllers.HomeController.Comment (Tinix)" with arguments (["9b01c867-16f4-44f0-99b3-9f957d520ca9", "ewqreqw"]) - ModelState is Valid (ba7f4ac2)
2018-04-09T18:29:06.8740142+01:00 0HLCU7RC7ASUH:00000002 [INF] Executing RedirectResult, redirecting to "/Home/Detail/9b01c867-16f4-44f0-99b3-9f957d520ca9?name=ewqreqw". (d98d540e)
2018-04-09T18:29:06.9080142+01:00 0HLCU7RC7ASUH:00000002 [INF] Executed action "Tinix.Controllers.HomeController.Comment (Tinix)" in 5716.5856ms (afa2e885)
2018-04-09T18:29:06.9340142+01:00 0HLCU7RC7ASUH:00000002 [INF] Request finished in 5759.849ms 302  (791a596a)
2018-04-09T18:29:06.9590142+01:00 0HLCU7RC7ASUH:00000003 [INF] Request starting HTTP/1.1 GET http://localhost:5000/Home/Detail/9b01c867-16f4-44f0-99b3-9f957d520ca9?name=ewqreqw   (ca22a1cb)
2018-04-09T18:29:06.9760142+01:00 0HLCU7RC7ASUH:00000003 [INF] Executing action method "Tinix.Controllers.HomeController.Detail (Tinix)" with arguments (["9b01c867-16f4-44f0-99b3-9f957d520ca9", "ewqreqw"]) - ModelState is Valid (ba7f4ac2)
2018-04-09T18:29:10.0229453+01:00 0HLCU7RC7ASUH:00000003 [INF] Executing ViewResult, running view at path "/Views/Home/Detail.cshtml". (9707eebe)
2018-04-09T18:29:10.2219453+01:00 0HLCU7RC7ASUH:00000003 [INF] Executed action "Tinix.Controllers.HomeController.Detail (Tinix)" in 3065.5155ms (afa2e885)
2018-04-09T18:29:10.2599453+01:00 0HLCU7RC7ASUH:00000003 [INF] Request finished in 3287.6407ms 200 text/html; charset=utf-8 (791a596a)
2018-04-09T18:35:06.3618191+01:00 0HLCU80TS5Q9G:00000001 [INF] Request starting HTTP/1.1 GET http://localhost:5000/   (ca22a1cb)
2018-04-09T18:35:06.6588191+01:00 0HLCU80TS5Q9G:00000001 [INF] Executing action method "Tinix.Controllers.HomeController.Index (Tinix)" with arguments ([""]) - ModelState is Valid (ba7f4ac2)
2018-04-09T18:35:09.3278191+01:00 0HLCU80TS5Q9G:00000001 [INF] Executing ViewResult, running view at path "/Views/Home/Index.cshtml". (9707eebe)
2018-04-09T18:35:10.6398191+01:00 0HLCU80TS5Q9G:00000001 [INF] Executed action "Tinix.Controllers.HomeController.Index (Tinix)" in 4014.8668ms (afa2e885)
2018-04-09T18:35:10.6488191+01:00 0HLCU80TS5Q9G:00000001 [INF] Request finished in 4304.3693ms 200 text/html; charset=utf-8 (791a596a)
2018-04-09T18:35:21.4538191+01:00 0HLCU812CNLKG:00000001 [INF] Request starting HTTP/1.1 GET http://localhost:5000/   (ca22a1cb)
2018-04-09T18:35:21.9038191+01:00 0HLCU812CNLKG:00000001 [INF] Executing action method "Tinix.Controllers.HomeController.Index (Tinix)" with arguments ([""]) - ModelState is Valid (ba7f4ac2)
2018-04-09T18:35:25.2348191+01:00 0HLCU812CNLKG:00000001 [INF] Executing ViewResult, running view at path "/Views/Home/Index.cshtml". (9707eebe)
2018-04-09T18:35:26.5948191+01:00 0HLCU812CNLKG:00000001 [INF] Executed action "Tinix.Controllers.HomeController.Index (Tinix)" in 4713.2536ms (afa2e885)
2018-04-09T18:35:26.6248191+01:00 0HLCU812CNLKG:00000001 [INF] Request finished in 5157.2404ms 200 text/html; charset=utf-8 (791a596a)
2018-04-09T18:35:28.6538191+01:00 0HLCU812CNLKG:00000002 [INF] Request starting HTTP/1.1 GET http://localhost:5000/Home/Detail/9b01c867-16f4-44f0-99b3-9f957d520ca9?name=ewqreqw   (ca22a1cb)
2018-04-09T18:35:28.7178191+01:00 0HLCU812CNLKG:00000002 [INF] Executing action method "Tinix.Controllers.HomeController.Detail (Tinix)" with arguments (["9b01c867-16f4-44f0-99b3-9f957d520ca9", "ewqreqw"]) - ModelState is Valid (ba7f4ac2)
2018-04-09T18:35:34.3318191+01:00 0HLCU812CNLKG:00000002 [INF] Executing ViewResult, running view at path "/Views/Home/Detail.cshtml". (9707eebe)
2018-04-09T18:35:34.3908191+01:00 0HLCU812CNLKG:00000002 [INF] Executed action "Tinix.Controllers.HomeController.Detail (Tinix)" in 5692.7762ms (afa2e885)
2018-04-09T18:35:34.4648191+01:00 0HLCU812CNLKG:00000002 [INF] Request finished in 5752.1317ms 200 text/html; charset=utf-8 (791a596a)
2018-04-09T18:36:27.7938191+01:00 0HLCU812CNLKM:00000001 [INF] Request starting HTTP/1.1 GET http://localhost:5000/   (ca22a1cb)
2018-04-09T18:36:27.8198191+01:00 0HLCU812CNLKM:00000001 [INF] Executing action method "Tinix.Controllers.HomeController.Index (Tinix)" with arguments ([""]) - ModelState is Valid (ba7f4ac2)
2018-04-09T18:36:27.8258191+01:00 0HLCU812CNLKM:00000001 [INF] Executing ViewResult, running view at path "/Views/Home/Index.cshtml". (9707eebe)
2018-04-09T18:36:27.8348191+01:00 0HLCU812CNLKM:00000001 [INF] Executed action "Tinix.Controllers.HomeController.Index (Tinix)" in 32.4775ms (afa2e885)
2018-04-09T18:36:27.8428191+01:00 0HLCU812CNLKM:00000001 [INF] Request finished in 47.5687ms 200 text/html; charset=utf-8 (791a596a)
2018-04-09T18:36:27.8828191+01:00 0HLCU812CNLKN:00000001 [INF] Request starting HTTP/1.1 GET http://localhost:5000/css/site.css   (ca22a1cb)
2018-04-09T18:36:27.8888191+01:00 0HLCU812CNLKM:00000002 [INF] Request starting HTTP/1.1 GET http://localhost:5000/css/bootstrap.min.css   (ca22a1cb)
2018-04-09T18:36:27.9098191+01:00 0HLCU812CNLKN:00000001 [INF] The file "/css/site.css" was not modified (f1f8d725)
2018-04-09T18:36:27.9148191+01:00 0HLCU812CNLKM:00000002 [INF] The file "/css/bootstrap.min.css" was not modified (f1f8d725)
2018-04-09T18:36:27.9328191+01:00 0HLCU812CNLKM:00000002 [INF] Request finished in 37.2316ms 304 text/css (791a596a)
2018-04-09T18:36:27.9328191+01:00 0HLCU812CNLKN:00000001 [INF] Request finished in 50.6681ms 304 text/css (791a596a)
2018-04-09T18:36:27.9568191+01:00 0HLCU812CNLKN:00000002 [INF] Request starting HTTP/1.1 GET http://localhost:5000/js/jquery.js   (ca22a1cb)
2018-04-09T18:36:27.9648191+01:00 0HLCU812CNLKN:00000002 [INF] The file "/js/jquery.js" was not modified (f1f8d725)
2018-04-09T18:36:27.9748191+01:00 0HLCU812CNLKN:00000002 [INF] Request finished in 31.9746ms 304 application/javascript (791a596a)
2018-04-09T18:36:27.9788191+01:00 0HLCU812CNLKN:00000003 [INF] Request starting HTTP/1.1 GET http://localhost:5000/js/popper.min.js   (ca22a1cb)
2018-04-09T18:36:27.9828191+01:00 0HLCU812CNLKN:00000003 [INF] The file "/js/popper.min.js" was not modified (f1f8d725)
2018-04-09T18:36:27.9888191+01:00 0HLCU812CNLKN:00000003 [INF] Request finished in 8.8995ms 304 application/javascript (791a596a)
2018-04-09T18:36:27.9948191+01:00 0HLCU812CNLKN:00000004 [INF] Request starting HTTP/1.1 GET http://localhost:5000/js/bootstrap.min.js   (ca22a1cb)
2018-04-09T18:36:28.0008191+01:00 0HLCU812CNLKN:00000004 [INF] The file "/js/bootstrap.min.js" was not modified (f1f8d725)
2018-04-09T18:36:28.0048191+01:00 0HLCU812CNLKN:00000004 [INF] Request finished in 11.2894ms 304 application/javascript (791a596a)
2018-04-09T18:36:28.6688191+01:00 0HLCU812CNLKN:00000005 [INF] Request starting HTTP/1.1 GET http://localhost:5000/favicon.ico   (ca22a1cb)
2018-04-09T18:36:28.6758191+01:00 0HLCU812CNLKN:00000005 [INF] Sending file. Request path: '"/favicon.ico"'. Physical path: '"C:\Users\ondero\desktop\dev\tinix\src\Tinix\wwwroot\favicon.ico"' (27b0a520)
2018-04-09T18:36:28.6828191+01:00 0HLCU812CNLKN:00000005 [INF] Request finished in 16.7321ms 200 image/x-icon (791a596a)
2018-04-09T18:36:29.9218191+01:00 0HLCU812CNLKN:00000006 [INF] Request starting HTTP/1.1 GET http://localhost:5000/Home/Detail/9b01c867-16f4-44f0-99b3-9f957d520ca9?name=ewqreqw   (ca22a1cb)
2018-04-09T18:36:29.9328191+01:00 0HLCU812CNLKN:00000006 [INF] Executing action method "Tinix.Controllers.HomeController.Detail (Tinix)" with arguments (["9b01c867-16f4-44f0-99b3-9f957d520ca9", "ewqreqw"]) - ModelState is Valid (ba7f4ac2)
2018-04-09T18:36:33.0688191+01:00 0HLCU812CNLKN:00000006 [INF] Executing ViewResult, running view at path "/Views/Home/Detail.cshtml". (9707eebe)
2018-04-09T18:36:33.0768191+01:00 0HLCU812CNLKN:00000006 [INF] Executed action "Tinix.Controllers.HomeController.Detail (Tinix)" in 3150.1864ms (afa2e885)
2018-04-09T18:36:33.0808191+01:00 0HLCU812CNLKN:00000006 [INF] Request finished in 3161.4889ms 200 text/html; charset=utf-8 (791a596a)
2018-04-09T18:36:38.5888191+01:00 0HLCU812CNLKN:00000007 [INF] Request starting HTTP/1.1 GET http://localhost:5000/Home/Comment?blogPostID=9b01c867-16f4-44f0-99b3-9f957d520ca9&comment=Microsoft.AspNetCore.Mvc.Rendering.TagBuilder   (ca22a1cb)
2018-04-09T18:36:38.6138191+01:00 0HLCU812CNLKN:00000007 [INF] Executing action method "Tinix.Controllers.HomeController.Comment (Tinix)" with arguments (["9b01c867-16f4-44f0-99b3-9f957d520ca9", "Microsoft.AspNetCore.Mvc.Rendering.TagBuilder"]) - ModelState is Valid (ba7f4ac2)
