2018-05-28T23:01:16.9072551+01:00 0HLE4SQ4CCIK8:00000001 [INF] Request starting HTTP/1.1 GET http://localhost:5000/   (ca22a1cb)
2018-05-28T23:01:19.0883798+01:00 0HLE4SQ4CCIK8:00000001 [INF] Executing action method "Tinix.Controllers.HomeController.Index (Tinix)" with arguments ([""]) - ModelState is Valid (ba7f4ac2)
2018-05-28T23:01:53.2983365+01:00 0HLE4SQ4CCIK8:00000001 [INF] Executing ViewResult, running view at path "/Views/Home/Index.cshtml". (9707eebe)
2018-05-28T23:01:55.7594773+01:00 0HLE4SQ4CCIK8:00000001 [INF] Executed action "Tinix.Controllers.HomeController.Index (Tinix)" in 36711.0142ms (afa2e885)
2018-05-28T23:01:55.7704779+01:00 0HLE4SQ4CCIK8:00000001 [INF] Request finished in 39326.506ms 200 text/html; charset=utf-8 (791a596a)
2018-05-28T23:01:56.3215094+01:00 0HLE4SQ4CCIK8:00000002 [INF] Request starting HTTP/1.1 GET http://localhost:5000/css/bootstrap.min.css   (ca22a1cb)
2018-05-28T23:01:56.3315100+01:00 0HLE4SQ4CCIKE:00000001 [INF] Request starting HTTP/1.1 GET http://localhost:5000/css/site.css   (ca22a1cb)
2018-05-28T23:01:56.3375103+01:00 0HLE4SQ4CCIK8:00000002 [INF] Sending file. Request path: '"/css/bootstrap.min.css"'. Physical path: '"C:\Users\ozan\desktop\projects\tinix\src\Tinix\wwwroot\css\bootstrap.min.css"' (27b0a520)
2018-05-28T23:01:56.3555114+01:00 0HLE4SQ4CCIKE:00000001 [INF] Sending file. Request path: '"/css/site.css"'. Physical path: '"C:\Users\ozan\desktop\projects\tinix\src\Tinix\wwwroot\css\site.css"' (27b0a520)
2018-05-28T23:01:56.4125146+01:00 0HLE4SQ4CCIKF:00000001 [INF] Request starting HTTP/1.1 GET http://localhost:5000/js/jquery.js   (ca22a1cb)
2018-05-28T23:01:56.4195150+01:00 0HLE4SQ4CCIKF:00000001 [INF] Sending file. Request path: '"/js/jquery.js"'. Physical path: '"C:\Users\ozan\desktop\projects\tinix\src\Tinix\wwwroot\js\jquery.js"' (27b0a520)
2018-05-28T23:01:56.4235153+01:00 0HLE4SQ4CCIKE:00000001 [INF] Request finished in 92.6997ms 200 text/css (791a596a)
2018-05-28T23:01:56.4485167+01:00 0HLE4SQ4CCIK8:00000002 [INF] Request finished in 126.7081ms 200 text/css (791a596a)
2018-05-28T23:01:56.5685235+01:00 0HLE4SQ4CCIK8:00000003 [INF] Request starting HTTP/1.1 GET http://localhost:5000/js/popper.min.js   (ca22a1cb)
2018-05-28T23:01:56.5965252+01:00 0HLE4SQ4CCIKE:00000002 [INF] Request starting HTTP/1.1 GET http://localhost:5000/js/bootstrap.min.js   (ca22a1cb)
2018-05-28T23:01:56.6065257+01:00 0HLE4SQ4CCIK8:00000003 [INF] Sending file. Request path: '"/js/popper.min.js"'. Physical path: '"C:\Users\ozan\desktop\projects\tinix\src\Tinix\wwwroot\js\popper.min.js"' (27b0a520)
2018-05-28T23:01:56.6295270+01:00 0HLE4SQ4CCIKE:00000002 [INF] Sending file. Request path: '"/js/bootstrap.min.js"'. Physical path: '"C:\Users\ozan\desktop\projects\tinix\src\Tinix\wwwroot\js\bootstrap.min.js"' (27b0a520)
2018-05-28T23:01:56.6395276+01:00 0HLE4SQ4CCIKF:00000001 [INF] Request finished in 229.0513ms 200 application/javascript (791a596a)
2018-05-28T23:01:56.6695293+01:00 0HLE4SQ4CCIK8:00000003 [INF] Request finished in 137.6022ms 200 application/javascript (791a596a)
2018-05-28T23:01:56.6885304+01:00 0HLE4SQ4CCIKE:00000002 [INF] Request finished in 153.8181ms 200 application/javascript (791a596a)
2018-05-28T23:01:57.8495968+01:00 0HLE4SQ4CCIKE:00000003 [INF] Request starting HTTP/1.1 GET http://localhost:5000/favicon.ico   (ca22a1cb)
2018-05-28T23:01:57.8585973+01:00 0HLE4SQ4CCIKE:00000003 [INF] Sending file. Request path: '"/favicon.ico"'. Physical path: '"C:\Users\ozan\desktop\projects\tinix\src\Tinix\wwwroot\favicon.ico"' (27b0a520)
2018-05-28T23:01:58.0166064+01:00 0HLE4SQ4CCIKE:00000003 [INF] Request finished in 157.4973ms 200 image/x-icon (791a596a)
2018-05-28T23:02:01.9948339+01:00 0HLE4SQ4CCIKE:00000004 [INF] Request starting HTTP/1.1 GET http://localhost:5000/Home/Detail/40af8e08-c9d9-4e49-85d1-2d8f169ba87c?name=test   (ca22a1cb)
2018-05-28T23:02:02.1348419+01:00 0HLE4SQ4CCIKE:00000004 [INF] Executing action method "Tinix.Controllers.HomeController.Detail (Tinix)" with arguments (["40af8e08-c9d9-4e49-85d1-2d8f169ba87c", "test"]) - ModelState is Valid (ba7f4ac2)
2018-05-28T23:02:02.4288587+01:00 0HLE4SQ4CCIKE:00000004 [INF] Executing ViewResult, running view at path "/Views/Home/Detail.cshtml". (9707eebe)
2018-05-28T23:02:02.7718784+01:00 0HLE4SQ4CCIKE:00000004 [INF] Executed action "Tinix.Controllers.HomeController.Detail (Tinix)" in 759.346ms (afa2e885)
2018-05-28T23:02:02.7768786+01:00 0HLE4SQ4CCIKE:00000004 [INF] Request finished in 782.7225ms 200 text/html; charset=utf-8 (791a596a)
2018-05-28T23:02:02.8848848+01:00 0HLE4SQ4CCIKE:00000005 [INF] Request starting HTTP/1.1 GET http://localhost:5000/js/jquery.validate.min.js   (ca22a1cb)
2018-05-28T23:02:02.8908852+01:00 0HLE4SQ4CCIK8:00000004 [INF] Request starting HTTP/1.1 GET http://localhost:5000/js/jquery.validate.unobtrusive.js   (ca22a1cb)
2018-05-28T23:02:02.8968855+01:00 0HLE4SQ4CCIKE:00000005 [INF] Sending file. Request path: '"/js/jquery.validate.min.js"'. Physical path: '"C:\Users\ozan\desktop\projects\tinix\src\Tinix\wwwroot\js\jquery.validate.min.js"' (27b0a520)
2018-05-28T23:02:02.8998857+01:00 0HLE4SQ4CCIK8:00000004 [INF] Sending file. Request path: '"/js/jquery.validate.unobtrusive.js"'. Physical path: '"C:\Users\ozan\desktop\projects\tinix\src\Tinix\wwwroot\js\jquery.validate.unobtrusive.js"' (27b0a520)
2018-05-28T23:02:02.9988913+01:00 0HLE4SQ4CCIKE:00000005 [INF] Request finished in 109.9278ms 200 application/javascript (791a596a)
2018-05-28T23:02:03.0808960+01:00 0HLE4SQ4CCIK8:00000004 [INF] Request finished in 134.1651ms 200 application/javascript (791a596a)
2018-05-28T23:02:09.1692443+01:00 0HLE4SQ4CCIK8:00000005 [INF] Request starting HTTP/1.1 GET http://localhost:5000/Home/Like?blogPostID=40af8e08-c9d9-4e49-85d1-2d8f169ba87c   (ca22a1cb)
2018-05-28T23:02:09.1782448+01:00 0HLE4SQ4CCIK8:00000005 [INF] Executing action method "Tinix.Controllers.HomeController.Like (Tinix)" with arguments (["40af8e08-c9d9-4e49-85d1-2d8f169ba87c"]) - ModelState is Valid (ba7f4ac2)
2018-05-28T23:02:09.3532548+01:00 0HLE4SQ4CCIK8:00000005 [INF] Executing RedirectResult, redirecting to "/Home/Detail/40af8e08-c9d9-4e49-85d1-2d8f169ba87c?name=test". (d98d540e)
2018-05-28T23:02:09.3562550+01:00 0HLE4SQ4CCIK8:00000005 [INF] Executed action "Tinix.Controllers.HomeController.Like (Tinix)" in 177.6667ms (afa2e885)
2018-05-28T23:02:09.3612553+01:00 0HLE4SQ4CCIK8:00000005 [INF] Request finished in 193.8611ms 302  (791a596a)
2018-05-28T23:02:09.3682557+01:00 0HLE4SQ4CCIK8:00000006 [INF] Request starting HTTP/1.1 GET http://localhost:5000/Home/Detail/40af8e08-c9d9-4e49-85d1-2d8f169ba87c?name=test   (ca22a1cb)
2018-05-28T23:02:09.3722559+01:00 0HLE4SQ4CCIK8:00000006 [INF] Executing action method "Tinix.Controllers.HomeController.Detail (Tinix)" with arguments (["40af8e08-c9d9-4e49-85d1-2d8f169ba87c", "test"]) - ModelState is Valid (ba7f4ac2)
2018-05-28T23:02:09.3752561+01:00 0HLE4SQ4CCIK8:00000006 [INF] Executing ViewResult, running view at path "/Views/Home/Detail.cshtml". (9707eebe)
2018-05-28T23:02:09.3872567+01:00 0HLE4SQ4CCIK8:00000006 [INF] Executed action "Tinix.Controllers.HomeController.Detail (Tinix)" in 9.6247ms (afa2e885)
2018-05-28T23:02:09.4062578+01:00 0HLE4SQ4CCIK8:00000006 [INF] Request finished in 23.5622ms 200 text/html; charset=utf-8 (791a596a)
2018-05-28T23:02:10.9223445+01:00 0HLE4SQ4CCIK8:00000007 [INF] Request starting HTTP/1.1 GET http://localhost:5000/Home/Like?blogPostID=40af8e08-c9d9-4e49-85d1-2d8f169ba87c   (ca22a1cb)
2018-05-28T23:02:10.9313451+01:00 0HLE4SQ4CCIK8:00000007 [INF] Executing action method "Tinix.Controllers.HomeController.Like (Tinix)" with arguments (["40af8e08-c9d9-4e49-85d1-2d8f169ba87c"]) - ModelState is Valid (ba7f4ac2)
2018-05-28T23:02:10.9363453+01:00 0HLE4SQ4CCIK8:00000007 [INF] Executing RedirectResult, redirecting to "/Home/Detail/40af8e08-c9d9-4e49-85d1-2d8f169ba87c?name=test". (d98d540e)
2018-05-28T23:02:10.9413456+01:00 0HLE4SQ4CCIK8:00000007 [INF] Executed action "Tinix.Controllers.HomeController.Like (Tinix)" in 13.929ms (afa2e885)
2018-05-28T23:02:10.9483460+01:00 0HLE4SQ4CCIK8:00000007 [INF] Request finished in 30.9258ms 302  (791a596a)
2018-05-28T23:02:10.9543464+01:00 0HLE4SQ4CCIK8:00000008 [INF] Request starting HTTP/1.1 GET http://localhost:5000/Home/Detail/40af8e08-c9d9-4e49-85d1-2d8f169ba87c?name=test   (ca22a1cb)
2018-05-28T23:02:10.9573465+01:00 0HLE4SQ4CCIK8:00000008 [INF] Executing action method "Tinix.Controllers.HomeController.Detail (Tinix)" with arguments (["40af8e08-c9d9-4e49-85d1-2d8f169ba87c", "test"]) - ModelState is Valid (ba7f4ac2)
2018-05-28T23:02:10.9633469+01:00 0HLE4SQ4CCIK8:00000008 [INF] Executing ViewResult, running view at path "/Views/Home/Detail.cshtml". (9707eebe)
2018-05-28T23:02:10.9683472+01:00 0HLE4SQ4CCIK8:00000008 [INF] Executed action "Tinix.Controllers.HomeController.Detail (Tinix)" in 9.3961ms (afa2e885)
2018-05-28T23:02:10.9813479+01:00 0HLE4SQ4CCIK8:00000008 [INF] Request finished in 17.4516ms 200 text/html; charset=utf-8 (791a596a)
2018-05-28T23:02:15.0145786+01:00 0HLE4SQ4CCIK8:00000009 [INF] Request starting HTTP/1.1 GET http://localhost:5000/Home/Comment?blogPostID=40af8e08-c9d9-4e49-85d1-2d8f169ba87c&comment=wrwerwer   (ca22a1cb)
2018-05-28T23:02:15.0445803+01:00 0HLE4SQ4CCIK8:00000009 [INF] Executing action method "Tinix.Controllers.HomeController.Comment (Tinix)" with arguments (["40af8e08-c9d9-4e49-85d1-2d8f169ba87c", "wrwerwer"]) - ModelState is Valid (ba7f4ac2)
2018-05-28T23:02:15.1155844+01:00 0HLE4SQ4CCIK8:00000009 [INF] Executing RedirectResult, redirecting to "/Home/Detail/40af8e08-c9d9-4e49-85d1-2d8f169ba87c?name=test". (d98d540e)
2018-05-28T23:02:15.1195846+01:00 0HLE4SQ4CCIK8:00000009 [INF] Executed action "Tinix.Controllers.HomeController.Comment (Tinix)" in 90.1353ms (afa2e885)
2018-05-28T23:02:15.1365856+01:00 0HLE4SQ4CCIK8:00000009 [INF] Request finished in 118.5939ms 302  (791a596a)
2018-05-28T23:02:15.1535866+01:00 0HLE4SQ4CCIK8:0000000A [INF] Request starting HTTP/1.1 GET http://localhost:5000/Home/Detail/40af8e08-c9d9-4e49-85d1-2d8f169ba87c?name=test   (ca22a1cb)
2018-05-28T23:02:15.1595869+01:00 0HLE4SQ4CCIK8:0000000A [INF] Executing action method "Tinix.Controllers.HomeController.Detail (Tinix)" with arguments (["40af8e08-c9d9-4e49-85d1-2d8f169ba87c", "test"]) - ModelState is Valid (ba7f4ac2)
2018-05-28T23:02:15.1635871+01:00 0HLE4SQ4CCIK8:0000000A [INF] Executing ViewResult, running view at path "/Views/Home/Detail.cshtml". (9707eebe)
2018-05-28T23:02:15.1765879+01:00 0HLE4SQ4CCIK8:0000000A [INF] Executed action "Tinix.Controllers.HomeController.Detail (Tinix)" in 10.588ms (afa2e885)
2018-05-28T23:02:15.1845883+01:00 0HLE4SQ4CCIK8:0000000A [INF] Request finished in 38.2727ms 200 text/html; charset=utf-8 (791a596a)
2018-05-28T23:02:19.3238251+01:00 0HLE4SQ4CCIK8:0000000B [INF] Request starting HTTP/1.1 GET http://localhost:5000/Home/Comment?blogPostID=40af8e08-c9d9-4e49-85d1-2d8f169ba87c&comment=tgertert   (ca22a1cb)
2018-05-28T23:02:19.3288254+01:00 0HLE4SQ4CCIK8:0000000B [INF] Executing action method "Tinix.Controllers.HomeController.Comment (Tinix)" with arguments (["40af8e08-c9d9-4e49-85d1-2d8f169ba87c", "tgertert"]) - ModelState is Valid (ba7f4ac2)
2018-05-28T23:02:19.3358258+01:00 0HLE4SQ4CCIK8:0000000B [INF] Executing RedirectResult, redirecting to "/Home/Detail/40af8e08-c9d9-4e49-85d1-2d8f169ba87c?name=test". (d98d540e)
2018-05-28T23:02:19.3428262+01:00 0HLE4SQ4CCIK8:0000000B [INF] Executed action "Tinix.Controllers.HomeController.Comment (Tinix)" in 10.9995ms (afa2e885)
2018-05-28T23:02:19.3488265+01:00 0HLE4SQ4CCIK8:0000000B [INF] Request finished in 23.022ms 302  (791a596a)
2018-05-28T23:02:19.3558269+01:00 0HLE4SQ4CCIK8:0000000C [INF] Request starting HTTP/1.1 GET http://localhost:5000/Home/Detail/40af8e08-c9d9-4e49-85d1-2d8f169ba87c?name=test   (ca22a1cb)
2018-05-28T23:02:19.3598271+01:00 0HLE4SQ4CCIK8:0000000C [INF] Executing action method "Tinix.Controllers.HomeController.Detail (Tinix)" with arguments (["40af8e08-c9d9-4e49-85d1-2d8f169ba87c", "test"]) - ModelState is Valid (ba7f4ac2)
2018-05-28T23:02:19.3638274+01:00 0HLE4SQ4CCIK8:0000000C [INF] Executing ViewResult, running view at path "/Views/Home/Detail.cshtml". (9707eebe)
2018-05-28T23:02:19.3678276+01:00 0HLE4SQ4CCIK8:0000000C [INF] Executed action "Tinix.Controllers.HomeController.Detail (Tinix)" in 8.6077ms (afa2e885)
2018-05-28T23:02:19.3728279+01:00 0HLE4SQ4CCIK8:0000000C [INF] Request finished in 15.4438ms 200 text/html; charset=utf-8 (791a596a)
2018-05-28T23:02:25.1441580+01:00 0HLE4SQ4CCIK8:0000000D [INF] Request starting HTTP/1.1 GET http://localhost:5000/Home/Comment?blogPostID=40af8e08-c9d9-4e49-85d1-2d8f169ba87c&comment=gffdsg   (ca22a1cb)
2018-05-28T23:02:25.1581588+01:00 0HLE4SQ4CCIK8:0000000D [INF] Executing action method "Tinix.Controllers.HomeController.Comment (Tinix)" with arguments (["40af8e08-c9d9-4e49-85d1-2d8f169ba87c", "gffdsg"]) - ModelState is Valid (ba7f4ac2)
2018-05-28T23:02:25.1701595+01:00 0HLE4SQ4CCIK8:0000000D [INF] Executing RedirectResult, redirecting to "/Home/Detail/40af8e08-c9d9-4e49-85d1-2d8f169ba87c?name=test". (d98d540e)
2018-05-28T23:02:25.1751598+01:00 0HLE4SQ4CCIK8:0000000D [INF] Executed action "Tinix.Controllers.HomeController.Comment (Tinix)" in 26.461ms (afa2e885)
2018-05-28T23:02:25.1811601+01:00 0HLE4SQ4CCIK8:0000000D [INF] Request finished in 43.0743ms 302  (791a596a)
2018-05-28T23:02:25.1941608+01:00 0HLE4SQ4CCIK8:0000000E [INF] Request starting HTTP/1.1 GET http://localhost:5000/Home/Detail/40af8e08-c9d9-4e49-85d1-2d8f169ba87c?name=test   (ca22a1cb)
2018-05-28T23:02:25.2131619+01:00 0HLE4SQ4CCIK8:0000000E [INF] Executing action method "Tinix.Controllers.HomeController.Detail (Tinix)" with arguments (["40af8e08-c9d9-4e49-85d1-2d8f169ba87c", "test"]) - ModelState is Valid (ba7f4ac2)
2018-05-28T23:02:25.2191623+01:00 0HLE4SQ4CCIK8:0000000E [INF] Executing ViewResult, running view at path "/Views/Home/Detail.cshtml". (9707eebe)
2018-05-28T23:02:25.2281628+01:00 0HLE4SQ4CCIK8:0000000E [INF] Executed action "Tinix.Controllers.HomeController.Detail (Tinix)" in 25.2481ms (afa2e885)
2018-05-28T23:02:25.2351632+01:00 0HLE4SQ4CCIK8:0000000E [INF] Request finished in 38.352ms 200 text/html; charset=utf-8 (791a596a)
