2018-05-07T22:05:39.0258907+01:00 0HLDKBP48LMO5:00000001 [INF] Request starting HTTP/1.1 GET http://localhost:5000/   (ca22a1cb)
2018-05-07T22:05:40.6289824+01:00 0HLDKBP48LMO5:00000001 [INF] Executing action method "Tinix.Controllers.HomeController.Index (Tinix)" with arguments ([""]) - ModelState is Valid (ba7f4ac2)
2018-05-07T22:05:48.9344574+01:00 0HLDKBP48LMO5:00000001 [INF] Executing ViewResult, running view at path "/Views/Home/Index.cshtml". (9707eebe)
2018-05-07T22:05:51.1385835+01:00 0HLDKBP48LMO5:00000001 [INF] Executed action "Tinix.Controllers.HomeController.Index (Tinix)" in 10520.8618ms (afa2e885)
2018-05-07T22:05:51.1665851+01:00 0HLDKBP48LMO5:00000001 [INF] Request finished in 12150.3114ms 200 text/html; charset=utf-8 (791a596a)
2018-05-07T22:05:51.1685852+01:00 0HLDKBP48LMOA:00000001 [INF] Request starting HTTP/1.1 GET http://localhost:5000/js/jquery.js   (ca22a1cb)
2018-05-07T22:05:51.1785858+01:00 0HLDKBP48LMOB:00000001 [INF] Request starting HTTP/1.1 GET http://localhost:5000/css/site.css   (ca22a1cb)
2018-05-07T22:05:51.1965868+01:00 0HLDKBP48LMO5:00000002 [INF] Request starting HTTP/1.1 GET http://localhost:5000/css/bootstrap.min.css   (ca22a1cb)
2018-05-07T22:05:51.2055873+01:00 0HLDKBP48LMOA:00000001 [INF] Sending file. Request path: '"/js/jquery.js"'. Physical path: '"C:\Users\ozan\desktop\projects\tinix\src\Tinix\wwwroot\js\jquery.js"' (27b0a520)
2018-05-07T22:05:51.2125877+01:00 0HLDKBP48LMOB:00000001 [INF] Sending file. Request path: '"/css/site.css"'. Physical path: '"C:\Users\ozan\desktop\projects\tinix\src\Tinix\wwwroot\css\site.css"' (27b0a520)
2018-05-07T22:05:51.2145878+01:00 0HLDKBP48LMO5:00000002 [INF] Sending file. Request path: '"/css/bootstrap.min.css"'. Physical path: '"C:\Users\ozan\desktop\projects\tinix\src\Tinix\wwwroot\css\bootstrap.min.css"' (27b0a520)
2018-05-07T22:05:51.2705910+01:00 0HLDKBP48LMOB:00000001 [INF] Request finished in 91.091ms 200 text/css (791a596a)
2018-05-07T22:05:51.2705910+01:00 0HLDKBP48LMO5:00000002 [INF] Request finished in 89.4162ms 200 text/css (791a596a)
2018-05-07T22:05:51.3425952+01:00 0HLDKBP48LMO5:00000003 [INF] Request starting HTTP/1.1 GET http://localhost:5000/js/bootstrap.min.js   (ca22a1cb)
2018-05-07T22:05:51.3435952+01:00 0HLDKBP48LMOB:00000002 [INF] Request starting HTTP/1.1 GET http://localhost:5000/js/popper.min.js   (ca22a1cb)
2018-05-07T22:05:51.3845976+01:00 0HLDKBP48LMOB:00000002 [INF] Sending file. Request path: '"/js/popper.min.js"'. Physical path: '"C:\Users\ozan\desktop\projects\tinix\src\Tinix\wwwroot\js\popper.min.js"' (27b0a520)
2018-05-07T22:05:51.3845976+01:00 0HLDKBP48LMO5:00000003 [INF] Sending file. Request path: '"/js/bootstrap.min.js"'. Physical path: '"C:\Users\ozan\desktop\projects\tinix\src\Tinix\wwwroot\js\bootstrap.min.js"' (27b0a520)
2018-05-07T22:05:51.3895978+01:00 0HLDKBP48LMOA:00000001 [INF] Request finished in 211.1015ms 200 application/javascript (791a596a)
2018-05-07T22:05:51.4296001+01:00 0HLDKBP48LMOB:00000002 [INF] Request finished in 92.4695ms 200 application/javascript (791a596a)
2018-05-07T22:05:51.4396007+01:00 0HLDKBP48LMO5:00000003 [INF] Request finished in 99.4638ms 200 application/javascript (791a596a)
2018-05-07T22:16:21.0696135+01:00 0HLDKBP48LMOC:00000001 [INF] Request starting HTTP/1.1 GET http://localhost:5000/admin/login   (ca22a1cb)
2018-05-07T22:16:21.0856144+01:00 0HLDKBP48LMOC:00000001 [INF] Executing action method "Tinix.Controllers.AdminController.Login (Tinix)" with arguments (null) - ModelState is Valid (ba7f4ac2)
2018-05-07T22:16:22.7247082+01:00 0HLDKBP48LMOC:00000001 [INF] Executing ViewResult, running view at path "/Views/Admin/Login.cshtml". (9707eebe)
2018-05-07T22:16:23.4297485+01:00 0HLDKBP48LMOC:00000001 [INF] Executed action "Tinix.Controllers.AdminController.Login (Tinix)" in 2343.8425ms (afa2e885)
2018-05-07T22:16:23.4427492+01:00 0HLDKBP48LMOC:00000001 [INF] Request finished in 2368.6792ms 200 text/html; charset=utf-8 (791a596a)
2018-05-07T22:16:23.5257540+01:00 0HLDKBP48LMOC:00000002 [INF] Request starting HTTP/1.1 GET http://localhost:5000/css/admin.css   (ca22a1cb)
2018-05-07T22:16:23.5447551+01:00 0HLDKBP48LMOF:00000001 [INF] Request starting HTTP/1.1 GET http://localhost:5000/js/jquery.validate.unobtrusive.js   (ca22a1cb)
2018-05-07T22:16:23.5597559+01:00 0HLDKBP48LMOD:00000001 [INF] Request starting HTTP/1.1 GET http://localhost:5000/js/jquery.validate.min.js   (ca22a1cb)
2018-05-07T22:16:23.5607560+01:00 0HLDKBP48LMOF:00000001 [INF] Sending file. Request path: '"/js/jquery.validate.unobtrusive.js"'. Physical path: '"C:\Users\ozan\desktop\projects\tinix\src\Tinix\wwwroot\js\jquery.validate.unobtrusive.js"' (27b0a520)
2018-05-07T22:16:23.5647562+01:00 0HLDKBP48LMOC:00000002 [INF] Sending file. Request path: '"/css/admin.css"'. Physical path: '"C:\Users\ozan\desktop\projects\tinix\src\Tinix\wwwroot\css\admin.css"' (27b0a520)
2018-05-07T22:16:23.5667563+01:00 0HLDKBP48LMOD:00000001 [INF] Sending file. Request path: '"/js/jquery.validate.min.js"'. Physical path: '"C:\Users\ozan\desktop\projects\tinix\src\Tinix\wwwroot\js\jquery.validate.min.js"' (27b0a520)
2018-05-07T22:16:23.5717566+01:00 0HLDKBP48LMOC:00000002 [INF] Request finished in 93.1795ms 200 text/css (791a596a)
2018-05-07T22:16:23.5887576+01:00 0HLDKBP48LMOF:00000001 [INF] Request finished in 104.9023ms 200 application/javascript (791a596a)
2018-05-07T22:16:23.6017583+01:00 0HLDKBP48LMOD:00000001 [INF] Request finished in 112.6551ms 200 application/javascript (791a596a)
2018-05-07T22:16:34.4113766+01:00 0HLDKBP48LMOD:00000002 [INF] Request starting HTTP/1.1 POST http://localhost:5000/Admin/Login application/x-www-form-urlencoded 34 (ca22a1cb)
2018-05-07T22:16:34.5263832+01:00 0HLDKBP48LMOD:00000002 [INF] Executing action method "Tinix.Controllers.AdminController.Login (Tinix)" with arguments (["Tinix.Models.LoginViewModel"]) - ModelState is Valid (ba7f4ac2)
2018-05-07T22:16:34.6003874+01:00 0HLDKBP48LMOD:00000002 [INF] AuthenticationScheme: "Cookies" signed in. (c66dd7e7)
2018-05-07T22:16:34.6043876+01:00 0HLDKBP48LMOD:00000002 [INF] Executing RedirectResult, redirecting to "/Admin/NewPost". (d98d540e)
2018-05-07T22:16:34.6073878+01:00 0HLDKBP48LMOD:00000002 [INF] Executed action "Tinix.Controllers.AdminController.Login (Tinix)" in 167.4633ms (afa2e885)
2018-05-07T22:16:34.6143882+01:00 0HLDKBP48LMOD:00000002 [INF] Request finished in 203.5232ms 302  (791a596a)
2018-05-07T22:16:34.6203885+01:00 0HLDKBP48LMOD:00000003 [INF] Request starting HTTP/1.1 GET http://localhost:5000/Admin/NewPost   (ca22a1cb)
2018-05-07T22:16:34.6263889+01:00 0HLDKBP48LMOD:00000003 [INF] AuthenticationScheme: "Cookies" was successfully authenticated. (1805f3b3)
2018-05-07T22:16:34.6483901+01:00 0HLDKBP48LMOD:00000003 [INF] Authorization was successful for user: "ozimax". (d7eb274a)
2018-05-07T22:16:34.6513903+01:00 0HLDKBP48LMOD:00000003 [INF] Executing action method "Tinix.Controllers.AdminController.NewPost (Tinix)" with arguments (null) - ModelState is Valid (ba7f4ac2)
2018-05-07T22:16:34.9074050+01:00 0HLDKBP48LMOD:00000003 [INF] Executing ViewResult, running view at path "/Views/Admin/NewPost.cshtml". (9707eebe)
2018-05-07T22:16:34.9814092+01:00 0HLDKBP48LMOD:00000003 [INF] Executed action "Tinix.Controllers.AdminController.NewPost (Tinix)" in 343.738ms (afa2e885)
2018-05-07T22:16:34.9924098+01:00 0HLDKBP48LMOD:00000003 [INF] Request finished in 363.9013ms 200 text/html; charset=utf-8 (791a596a)
2018-05-07T22:16:35.0744145+01:00 0HLDKBP48LMOD:00000004 [INF] Request starting HTTP/1.1 GET http://localhost:5000/js/admin.js   (ca22a1cb)
2018-05-07T22:16:35.1174170+01:00 0HLDKBP48LMOF:00000002 [INF] Request starting HTTP/1.1 GET http://localhost:5000/js/tinymce.min.js   (ca22a1cb)
2018-05-07T22:16:35.1214172+01:00 0HLDKBP48LMOD:00000004 [INF] AuthenticationScheme: "Cookies" was successfully authenticated. (1805f3b3)
2018-05-07T22:16:35.1504189+01:00 0HLDKBP48LMOF:00000002 [INF] AuthenticationScheme: "Cookies" was successfully authenticated. (1805f3b3)
2018-05-07T22:16:35.1514189+01:00 0HLDKBP48LMOD:00000004 [INF] Sending file. Request path: '"/js/admin.js"'. Physical path: '"C:\Users\ozan\desktop\projects\tinix\src\Tinix\wwwroot\js\admin.js"' (27b0a520)
2018-05-07T22:16:35.1564192+01:00 0HLDKBP48LMOF:00000002 [INF] Sending file. Request path: '"/js/tinymce.min.js"'. Physical path: '"C:\Users\ozan\desktop\projects\tinix\src\Tinix\wwwroot\js\tinymce.min.js"' (27b0a520)
2018-05-07T22:16:35.1754203+01:00 0HLDKBP48LMOD:00000004 [INF] Request finished in 140.4607ms 200 application/javascript (791a596a)
2018-05-07T22:16:35.2484245+01:00 0HLDKBP48LMOF:00000002 [INF] Request finished in 210.4806ms 200 application/javascript (791a596a)
2018-05-07T22:16:35.6434471+01:00 0HLDKBP48LMOF:00000003 [INF] Request starting HTTP/1.1 GET http://localhost:5000/js/plugins/help/plugin.min.js   (ca22a1cb)
2018-05-07T22:16:35.6504475+01:00 0HLDKBP48LMOF:00000003 [INF] AuthenticationScheme: "Cookies" was successfully authenticated. (1805f3b3)
2018-05-07T22:16:35.6744488+01:00 0HLDKBP48LMOF:00000003 [INF] Request finished in 13.2058ms 404  (791a596a)
2018-05-07T22:16:35.7174513+01:00 0HLDKBP48LMOF:00000004 [INF] Request starting HTTP/1.1 GET http://localhost:5000/js/skins/lightgray/skin.min.css   (ca22a1cb)
2018-05-07T22:16:35.7204515+01:00 0HLDKBP48LMOF:00000004 [INF] AuthenticationScheme: "Cookies" was successfully authenticated. (1805f3b3)
2018-05-07T22:16:35.7284519+01:00 0HLDKBP48LMOF:00000004 [INF] Sending file. Request path: '"/js/skins/lightgray/skin.min.css"'. Physical path: '"C:\Users\ozan\desktop\projects\tinix\src\Tinix\wwwroot\js\skins\lightgray\skin.min.css"' (27b0a520)
2018-05-07T22:16:35.7684542+01:00 0HLDKBP48LMOF:00000004 [INF] Request finished in 42.6254ms 200 text/css (791a596a)
2018-05-07T22:16:36.0414698+01:00 0HLDKBP48LMOF:00000005 [INF] Request starting HTTP/1.1 GET http://localhost:5000/js/skins/lightgray/content.min.css   (ca22a1cb)
2018-05-07T22:16:36.0694714+01:00 0HLDKBP48LMOD:00000005 [INF] Request starting HTTP/1.1 GET http://localhost:5000/js/skins/lightgray/fonts/tinymce.woff   (ca22a1cb)
2018-05-07T22:16:36.0844723+01:00 0HLDKBP48LMOF:00000005 [INF] AuthenticationScheme: "Cookies" was successfully authenticated. (1805f3b3)
2018-05-07T22:16:36.0894726+01:00 0HLDKBP48LMOD:00000005 [INF] AuthenticationScheme: "Cookies" was successfully authenticated. (1805f3b3)
2018-05-07T22:16:36.0954729+01:00 0HLDKBP48LMOF:00000005 [INF] Sending file. Request path: '"/js/skins/lightgray/content.min.css"'. Physical path: '"C:\Users\ozan\desktop\projects\tinix\src\Tinix\wwwroot\js\skins\lightgray\content.min.css"' (27b0a520)
2018-05-07T22:16:36.0994731+01:00 0HLDKBP48LMOD:00000005 [INF] Sending file. Request path: '"/js/skins/lightgray/fonts/tinymce.woff"'. Physical path: '"C:\Users\ozan\desktop\projects\tinix\src\Tinix\wwwroot\js\skins\lightgray\fonts\tinymce.woff"' (27b0a520)
2018-05-07T22:16:36.1444757+01:00 0HLDKBP48LMOF:00000005 [INF] Request finished in 188.4845ms 200 text/css (791a596a)
2018-05-07T22:16:36.1464758+01:00 0HLDKBP48LMOD:00000005 [INF] Request finished in 145.5889ms 200 application/font-woff (791a596a)
2018-05-07T22:16:38.5546136+01:00 0HLDKBP48LMOD:00000006 [INF] Request starting HTTP/1.1 GET http://localhost:5000/Admin/Posts   (ca22a1cb)
2018-05-07T22:16:38.5576137+01:00 0HLDKBP48LMOD:00000006 [INF] AuthenticationScheme: "Cookies" was successfully authenticated. (1805f3b3)
2018-05-07T22:16:38.5686144+01:00 0HLDKBP48LMOD:00000006 [INF] Authorization was successful for user: "ozimax". (d7eb274a)
2018-05-07T22:16:38.5726146+01:00 0HLDKBP48LMOD:00000006 [INF] Executing action method "Tinix.Controllers.AdminController.Posts (Tinix)" with arguments (null) - ModelState is Valid (ba7f4ac2)
2018-05-07T22:16:38.8476303+01:00 0HLDKBP48LMOD:00000006 [INF] Executing ViewResult, running view at path "/Views/Admin/Posts.cshtml". (9707eebe)
2018-05-07T22:16:38.8706316+01:00 0HLDKBP48LMOD:00000006 [INF] Executed action "Tinix.Controllers.AdminController.Posts (Tinix)" in 296.9122ms (afa2e885)
2018-05-07T22:16:38.8756319+01:00 0HLDKBP48LMOD:00000006 [INF] Request finished in 319.7621ms 200 text/html; charset=utf-8 (791a596a)
2018-05-07T22:16:42.1478191+01:00 0HLDKBP48LMOD:00000007 [INF] Request starting HTTP/1.1 GET http://localhost:5000/Admin/NewPost   (ca22a1cb)
2018-05-07T22:16:42.1538194+01:00 0HLDKBP48LMOD:00000007 [INF] AuthenticationScheme: "Cookies" was successfully authenticated. (1805f3b3)
2018-05-07T22:16:42.1578197+01:00 0HLDKBP48LMOD:00000007 [INF] Authorization was successful for user: "ozimax". (d7eb274a)
2018-05-07T22:16:42.1598198+01:00 0HLDKBP48LMOD:00000007 [INF] Executing action method "Tinix.Controllers.AdminController.NewPost (Tinix)" with arguments (null) - ModelState is Valid (ba7f4ac2)
2018-05-07T22:16:42.1638200+01:00 0HLDKBP48LMOD:00000007 [INF] Executing ViewResult, running view at path "/Views/Admin/NewPost.cshtml". (9707eebe)
2018-05-07T22:16:42.1788209+01:00 0HLDKBP48LMOD:00000007 [INF] Executed action "Tinix.Controllers.AdminController.NewPost (Tinix)" in 13.0024ms (afa2e885)
2018-05-07T22:16:42.1908216+01:00 0HLDKBP48LMOD:00000007 [INF] Request finished in 37.7108ms 200 text/html; charset=utf-8 (791a596a)
2018-05-07T22:16:42.2958276+01:00 0HLDKBP48LMOD:00000008 [INF] Request starting HTTP/1.1 GET http://localhost:5000/js/plugins/help/plugin.min.js   (ca22a1cb)
2018-05-07T22:16:42.2998278+01:00 0HLDKBP48LMOD:00000008 [INF] AuthenticationScheme: "Cookies" was successfully authenticated. (1805f3b3)
2018-05-07T22:16:42.3298295+01:00 0HLDKBP48LMOD:00000008 [INF] Request finished in 25.6614ms 404  (791a596a)
2018-05-07T22:16:57.5466999+01:00 0HLDKBP48LMOD:00000009 [INF] Request starting HTTP/1.1 POST http://localhost:5000/Admin/NewPost application/x-www-form-urlencoded 48 (ca22a1cb)
2018-05-07T22:16:57.5527002+01:00 0HLDKBP48LMOD:00000009 [INF] AuthenticationScheme: "Cookies" was successfully authenticated. (1805f3b3)
2018-05-07T22:16:57.5717013+01:00 0HLDKBP48LMOD:00000009 [INF] Authorization was successful for user: "ozimax". (d7eb274a)
2018-05-07T22:16:57.5787017+01:00 0HLDKBP48LMOD:00000009 [INF] Executing action method "Tinix.Controllers.AdminController.NewPost (Tinix)" with arguments (["Tinix.Models.NewPostViewModel"]) - ModelState is Valid (ba7f4ac2)
2018-05-07T22:16:57.7257101+01:00 0HLDKBP48LMOD:00000009 [INF] Executing RedirectResult, redirecting to "NewPost". (d98d540e)
2018-05-07T22:16:57.7287103+01:00 0HLDKBP48LMOD:00000009 [INF] Executed action "Tinix.Controllers.AdminController.NewPost (Tinix)" in 157.9924ms (afa2e885)
2018-05-07T22:16:57.7327105+01:00 0HLDKBP48LMOD:00000009 [INF] Request finished in 219.0862ms 302  (791a596a)
2018-05-07T22:16:57.7417110+01:00 0HLDKBP48LMOD:0000000A [INF] Request starting HTTP/1.1 GET http://localhost:5000/Admin/NewPost   (ca22a1cb)
2018-05-07T22:16:57.7447112+01:00 0HLDKBP48LMOD:0000000A [INF] AuthenticationScheme: "Cookies" was successfully authenticated. (1805f3b3)
2018-05-07T22:16:57.7487114+01:00 0HLDKBP48LMOD:0000000A [INF] Authorization was successful for user: "ozimax". (d7eb274a)
2018-05-07T22:16:57.7507115+01:00 0HLDKBP48LMOD:0000000A [INF] Executing action method "Tinix.Controllers.AdminController.NewPost (Tinix)" with arguments (null) - ModelState is Valid (ba7f4ac2)
2018-05-07T22:16:57.7537117+01:00 0HLDKBP48LMOD:0000000A [INF] Executing ViewResult, running view at path "/Views/Admin/NewPost.cshtml". (9707eebe)
2018-05-07T22:16:57.7577119+01:00 0HLDKBP48LMOD:0000000A [INF] Executed action "Tinix.Controllers.AdminController.NewPost (Tinix)" in 9.7144ms (afa2e885)
2018-05-07T22:16:57.7667124+01:00 0HLDKBP48LMOD:0000000A [INF] Request finished in 19.114ms 200 text/html; charset=utf-8 (791a596a)
2018-05-07T22:16:58.0877308+01:00 0HLDKBP48LMOD:0000000B [INF] Request starting HTTP/1.1 GET http://localhost:5000/js/plugins/help/plugin.min.js   (ca22a1cb)
2018-05-07T22:16:58.0927311+01:00 0HLDKBP48LMOD:0000000B [INF] AuthenticationScheme: "Cookies" was successfully authenticated. (1805f3b3)
2018-05-07T22:16:58.1267330+01:00 0HLDKBP48LMOD:0000000B [INF] Request finished in 7.8643ms 404  (791a596a)
2018-05-07T22:17:03.6720502+01:00 0HLDKBP48LMOD:0000000C [INF] Request starting HTTP/1.1 GET http://localhost:5000/   (ca22a1cb)
2018-05-07T22:17:03.6750504+01:00 0HLDKBP48LMOD:0000000C [INF] AuthenticationScheme: "Cookies" was successfully authenticated. (1805f3b3)
2018-05-07T22:17:03.6790506+01:00 0HLDKBP48LMOD:0000000C [INF] Executing action method "Tinix.Controllers.HomeController.Index (Tinix)" with arguments ([""]) - ModelState is Valid (ba7f4ac2)
2018-05-07T22:17:03.6850510+01:00 0HLDKBP48LMOD:0000000C [INF] Executing ViewResult, running view at path "/Views/Home/Index.cshtml". (9707eebe)
2018-05-07T22:17:03.6980517+01:00 0HLDKBP48LMOD:0000000C [INF] Executed action "Tinix.Controllers.HomeController.Index (Tinix)" in 11.3085ms (afa2e885)
2018-05-07T22:17:03.7430543+01:00 0HLDKBP48LMOD:0000000C [INF] Request finished in 31.1456ms 200 text/html; charset=utf-8 (791a596a)
2018-05-07T22:17:07.5332711+01:00 0HLDKBP48LMOD:0000000D [INF] Request starting HTTP/1.1 GET http://localhost:5000/Home/Detail/a857b8ae-9b3b-4b92-8dd4-2296c0d495b3?name=galieleo   (ca22a1cb)
2018-05-07T22:17:07.5412715+01:00 0HLDKBP48LMOD:0000000D [INF] AuthenticationScheme: "Cookies" was successfully authenticated. (1805f3b3)
2018-05-07T22:17:07.5572724+01:00 0HLDKBP48LMOD:0000000D [INF] Executing action method "Tinix.Controllers.HomeController.Detail (Tinix)" with arguments (["a857b8ae-9b3b-4b92-8dd4-2296c0d495b3", "galieleo"]) - ModelState is Valid (ba7f4ac2)
2018-05-07T22:17:07.7972862+01:00 0HLDKBP48LMOD:0000000D [INF] Executing ViewResult, running view at path "/Views/Home/Detail.cshtml". (9707eebe)
2018-05-07T22:17:08.0493006+01:00 0HLDKBP48LMOD:0000000D [INF] Executed action "Tinix.Controllers.HomeController.Detail (Tinix)" in 483.7602ms (afa2e885)
2018-05-07T22:17:08.1193046+01:00 0HLDKBP48LMOD:0000000D [INF] Request finished in 538.6767ms 200 text/html; charset=utf-8 (791a596a)
2018-05-07T22:17:14.0726451+01:00 0HLDKBP48LMOD:0000000E [INF] Request starting HTTP/1.1 GET http://localhost:5000/Home/Comment?blogPostID=a857b8ae-9b3b-4b92-8dd4-2296c0d495b3&comment=gali%20gali   (ca22a1cb)
2018-05-07T22:17:14.0756453+01:00 0HLDKBP48LMOD:0000000E [INF] AuthenticationScheme: "Cookies" was successfully authenticated. (1805f3b3)
2018-05-07T22:17:14.0886460+01:00 0HLDKBP48LMOD:0000000E [INF] Executing action method "Tinix.Controllers.HomeController.Comment (Tinix)" with arguments (["a857b8ae-9b3b-4b92-8dd4-2296c0d495b3", "gali gali"]) - ModelState is Valid (ba7f4ac2)
2018-05-07T22:17:14.1166476+01:00 0HLDKBP48LMOD:0000000E [INF] Executing RedirectResult, redirecting to "/Home/Detail/a857b8ae-9b3b-4b92-8dd4-2296c0d495b3?name=galieleo". (d98d540e)
2018-05-07T22:17:14.1236480+01:00 0HLDKBP48LMOD:0000000E [INF] Executed action "Tinix.Controllers.HomeController.Comment (Tinix)" in 32.7374ms (afa2e885)
2018-05-07T22:17:14.2016525+01:00 0HLDKBP48LMOD:0000000E [INF] Request finished in 60.1081ms 302  (791a596a)
2018-05-07T22:17:14.2146532+01:00 0HLDKBP48LMOD:0000000F [INF] Request starting HTTP/1.1 GET http://localhost:5000/Home/Detail/a857b8ae-9b3b-4b92-8dd4-2296c0d495b3?name=galieleo   (ca22a1cb)
2018-05-07T22:17:14.2186534+01:00 0HLDKBP48LMOD:0000000F [INF] AuthenticationScheme: "Cookies" was successfully authenticated. (1805f3b3)
2018-05-07T22:17:14.2236537+01:00 0HLDKBP48LMOD:0000000F [INF] Executing action method "Tinix.Controllers.HomeController.Detail (Tinix)" with arguments (["a857b8ae-9b3b-4b92-8dd4-2296c0d495b3", "galieleo"]) - ModelState is Valid (ba7f4ac2)
2018-05-07T22:17:14.2276540+01:00 0HLDKBP48LMOD:0000000F [INF] Executing ViewResult, running view at path "/Views/Home/Detail.cshtml". (9707eebe)
2018-05-07T22:17:14.2406547+01:00 0HLDKBP48LMOD:0000000F [INF] Executed action "Tinix.Controllers.HomeController.Detail (Tinix)" in 10.1506ms (afa2e885)
2018-05-07T22:17:14.3396604+01:00 0HLDKBP48LMOD:0000000F [INF] Request finished in 36.9681ms 200 text/html; charset=utf-8 (791a596a)
2018-05-07T22:17:17.0508154+01:00 0HLDKBP48LMOD:00000010 [INF] Request starting HTTP/1.1 GET http://localhost:5000/   (ca22a1cb)
2018-05-07T22:17:17.0568158+01:00 0HLDKBP48LMOD:00000010 [INF] AuthenticationScheme: "Cookies" was successfully authenticated. (1805f3b3)
2018-05-07T22:17:17.0598159+01:00 0HLDKBP48LMOD:00000010 [INF] Executing action method "Tinix.Controllers.HomeController.Index (Tinix)" with arguments ([""]) - ModelState is Valid (ba7f4ac2)
2018-05-07T22:17:17.0638162+01:00 0HLDKBP48LMOD:00000010 [INF] Executing ViewResult, running view at path "/Views/Home/Index.cshtml". (9707eebe)
2018-05-07T22:17:17.0708166+01:00 0HLDKBP48LMOD:00000010 [INF] Executed action "Tinix.Controllers.HomeController.Index (Tinix)" in 8.0462ms (afa2e885)
2018-05-07T22:17:17.0748168+01:00 0HLDKBP48LMOD:00000010 [INF] Request finished in 24.7527ms 200 text/html; charset=utf-8 (791a596a)
2018-05-07T22:17:17.9318658+01:00 0HLDKBP48LMOD:00000011 [INF] Request starting HTTP/1.1 GET http://localhost:5000/admin/login   (ca22a1cb)
2018-05-07T22:17:17.9378662+01:00 0HLDKBP48LMOD:00000011 [INF] AuthenticationScheme: "Cookies" was successfully authenticated. (1805f3b3)
2018-05-07T22:17:17.9518670+01:00 0HLDKBP48LMOD:00000011 [INF] Executing action method "Tinix.Controllers.AdminController.Login (Tinix)" with arguments (null) - ModelState is Valid (ba7f4ac2)
2018-05-07T22:17:17.9578673+01:00 0HLDKBP48LMOD:00000011 [INF] Executing ViewResult, running view at path "/Views/Admin/Login.cshtml". (9707eebe)
2018-05-07T22:17:17.9628676+01:00 0HLDKBP48LMOD:00000011 [INF] Executed action "Tinix.Controllers.AdminController.Login (Tinix)" in 20.827ms (afa2e885)
2018-05-07T22:17:17.9678679+01:00 0HLDKBP48LMOD:00000011 [INF] Request finished in 125.1673ms 200 text/html; charset=utf-8 (791a596a)
2018-05-07T22:17:28.1584507+01:00 0HLDKBP48LMOD:00000012 [INF] Request starting HTTP/1.1 POST http://localhost:5000/Admin/Login application/x-www-form-urlencoded 51 (ca22a1cb)
2018-05-07T22:17:28.1644511+01:00 0HLDKBP48LMOD:00000012 [INF] AuthenticationScheme: "Cookies" was successfully authenticated. (1805f3b3)
2018-05-07T22:17:28.1814521+01:00 0HLDKBP48LMOD:00000012 [INF] Executing action method "Tinix.Controllers.AdminController.Login (Tinix)" with arguments (["Tinix.Models.LoginViewModel"]) - ModelState is Valid (ba7f4ac2)
2018-05-07T22:17:28.2344551+01:00 0HLDKBP48LMOD:00000012 [INF] AuthenticationScheme: "Cookies" signed in. (c66dd7e7)
2018-05-07T22:17:28.2424556+01:00 0HLDKBP48LMOD:00000012 [INF] Executing RedirectResult, redirecting to "/Admin/NewPost". (d98d540e)
2018-05-07T22:17:28.2464558+01:00 0HLDKBP48LMOD:00000012 [INF] Executed action "Tinix.Controllers.AdminController.Login (Tinix)" in 78.277ms (afa2e885)
2018-05-07T22:17:28.2504560+01:00 0HLDKBP48LMOD:00000012 [INF] Request finished in 102.5894ms 302  (791a596a)
2018-05-07T22:17:28.2624567+01:00 0HLDKBP48LMOD:00000013 [INF] Request starting HTTP/1.1 GET http://localhost:5000/Admin/NewPost   (ca22a1cb)
2018-05-07T22:17:28.2654569+01:00 0HLDKBP48LMOD:00000013 [INF] AuthenticationScheme: "Cookies" was successfully authenticated. (1805f3b3)
2018-05-07T22:17:28.2694571+01:00 0HLDKBP48LMOD:00000013 [INF] Authorization was successful for user: "ozimax". (d7eb274a)
2018-05-07T22:17:28.2744574+01:00 0HLDKBP48LMOD:00000013 [INF] Executing action method "Tinix.Controllers.AdminController.NewPost (Tinix)" with arguments (null) - ModelState is Valid (ba7f4ac2)
2018-05-07T22:17:28.2764575+01:00 0HLDKBP48LMOD:00000013 [INF] Executing ViewResult, running view at path "/Views/Admin/NewPost.cshtml". (9707eebe)
2018-05-07T22:17:28.2804577+01:00 0HLDKBP48LMOD:00000013 [INF] Executed action "Tinix.Controllers.AdminController.NewPost (Tinix)" in 11.3766ms (afa2e885)
2018-05-07T22:17:28.2864581+01:00 0HLDKBP48LMOD:00000013 [INF] Request finished in 23.6998ms 200 text/html; charset=utf-8 (791a596a)
2018-05-07T22:17:28.5514732+01:00 0HLDKBP48LMOD:00000014 [INF] Request starting HTTP/1.1 GET http://localhost:5000/js/plugins/help/plugin.min.js   (ca22a1cb)
2018-05-07T22:17:28.5674741+01:00 0HLDKBP48LMOD:00000014 [INF] AuthenticationScheme: "Cookies" was successfully authenticated. (1805f3b3)
2018-05-07T22:17:28.5774747+01:00 0HLDKBP48LMOD:00000014 [INF] Request finished in 20.8709ms 404  (791a596a)
2018-05-07T22:17:32.6207060+01:00 0HLDKBP48LMOK:00000001 [INF] Request starting HTTP/1.1 GET http://localhost:5000/Admin/Posts   (ca22a1cb)
2018-05-07T22:17:32.6287064+01:00 0HLDKBP48LMOK:00000001 [INF] AuthenticationScheme: "Cookies" was successfully authenticated. (1805f3b3)
2018-05-07T22:17:32.6337067+01:00 0HLDKBP48LMOK:00000001 [INF] Authorization was successful for user: "ozimax". (d7eb274a)
2018-05-07T22:17:32.6417072+01:00 0HLDKBP48LMOK:00000001 [INF] Executing action method "Tinix.Controllers.AdminController.Posts (Tinix)" with arguments (null) - ModelState is Valid (ba7f4ac2)
2018-05-07T22:17:32.6487076+01:00 0HLDKBP48LMOK:00000001 [INF] Executing ViewResult, running view at path "/Views/Admin/Posts.cshtml". (9707eebe)
2018-05-07T22:17:32.6897099+01:00 0HLDKBP48LMOK:00000001 [INF] Executed action "Tinix.Controllers.AdminController.Posts (Tinix)" in 20.4048ms (afa2e885)
2018-05-07T22:17:32.7177115+01:00 0HLDKBP48LMOK:00000001 [INF] Request finished in 94.0822ms 200 text/html; charset=utf-8 (791a596a)
2018-05-07T22:17:36.2569140+01:00 0HLDKBP48LMOK:00000002 [INF] Request starting HTTP/1.1 POST http://localhost:5000/Admin/Reset application/x-www-form-urlencoded 0 (ca22a1cb)
2018-05-07T22:17:36.2659145+01:00 0HLDKBP48LMOK:00000002 [INF] AuthenticationScheme: "Cookies" was successfully authenticated. (1805f3b3)
2018-05-07T22:17:36.2909159+01:00 0HLDKBP48LMOK:00000002 [INF] Authorization was successful for user: "ozimax". (d7eb274a)
2018-05-07T22:17:36.2979163+01:00 0HLDKBP48LMOK:00000002 [INF] Executing action method "Tinix.Controllers.AdminController.Reset (Tinix)" with arguments (null) - ModelState is Valid (ba7f4ac2)
