2018-04-30T15:59:43.4888001+01:00 0HLDELC0Q0AT2:00000001 [INF] Request starting HTTP/1.1 GET http://localhost:5000/   (ca22a1cb)
2018-04-30T15:59:43.9518001+01:00 0HLDELC0Q0AT2:00000001 [INF] Executing action method "Tinix.Controllers.HomeController.Index (Tinix)" with arguments ([""]) - ModelState is Valid (ba7f4ac2)
2018-04-30T15:59:44.1068001+01:00 0HLDELC0Q0AT2:00000001 [INF] Executed action "Tinix.Controllers.HomeController.Index (Tinix)" in 203.7607ms (afa2e885)
2018-04-30T15:59:44.2278001+01:00 0HLDELC0Q0AT2:00000001 [ERR] An unhandled exception has occurred while executing the request (cf926119)
System.NullReferenceException: Object reference not set to an instance of an object.
   at Tinix.Context.FileBlogService.<LikePost>d__10.MoveNext() in C:\Users\ondero\Desktop\dev\Tinix\src\Tinix.Context\FileBlogService.cs:line 223
--- End of stack trace from previous location where exception was thrown ---
   at System.Runtime.ExceptionServices.ExceptionDispatchInfo.Throw()
   at System.Runtime.CompilerServices.TaskAwaiter.HandleNonSuccessAndDebuggerNotification(Task task)
   at Tinix.Controllers.HomeController.<Index>d__5.MoveNext() in C:\Users\ondero\Desktop\dev\Tinix\src\Tinix\Controllers\HomeController.cs:line 74
--- End of stack trace from previous location where exception was thrown ---
   at System.Runtime.ExceptionServices.ExceptionDispatchInfo.Throw()
   at System.Runtime.CompilerServices.TaskAwaiter.HandleNonSuccessAndDebuggerNotification(Task task)
   at System.Runtime.CompilerServices.TaskAwaiter`1.GetResult()
   at Microsoft.AspNetCore.Mvc.Internal.ControllerActionInvoker.<InvokeActionMethodAsync>d__12.MoveNext()
--- End of stack trace from previous location where exception was thrown ---
   at System.Runtime.ExceptionServices.ExceptionDispatchInfo.Throw()
   at System.Runtime.CompilerServices.TaskAwaiter.HandleNonSuccessAndDebuggerNotification(Task task)
   at Microsoft.AspNetCore.Mvc.Internal.ControllerActionInvoker.<InvokeNextActionFilterAsync>d__10.MoveNext()
--- End of stack trace from previous location where exception was thrown ---
   at System.Runtime.ExceptionServices.ExceptionDispatchInfo.Throw()
   at Microsoft.AspNetCore.Mvc.Internal.ControllerActionInvoker.Rethrow(ActionExecutedContext context)
   at Microsoft.AspNetCore.Mvc.Internal.ControllerActionInvoker.Next(State& next, Scope& scope, Object& state, Boolean& isCompleted)
   at Microsoft.AspNetCore.Mvc.Internal.ControllerActionInvoker.<InvokeInnerFilterAsync>d__14.MoveNext()
--- End of stack trace from previous location where exception was thrown ---
   at System.Runtime.ExceptionServices.ExceptionDispatchInfo.Throw()
   at System.Runtime.CompilerServices.TaskAwaiter.HandleNonSuccessAndDebuggerNotification(Task task)
   at Microsoft.AspNetCore.Mvc.Internal.ResourceInvoker.<InvokeNextResourceFilter>d__22.MoveNext()
--- End of stack trace from previous location where exception was thrown ---
   at System.Runtime.ExceptionServices.ExceptionDispatchInfo.Throw()
   at Microsoft.AspNetCore.Mvc.Internal.ResourceInvoker.Rethrow(ResourceExecutedContext context)
   at Microsoft.AspNetCore.Mvc.Internal.ResourceInvoker.Next(State& next, Scope& scope, Object& state, Boolean& isCompleted)
   at Microsoft.AspNetCore.Mvc.Internal.ResourceInvoker.<InvokeFilterPipelineAsync>d__17.MoveNext()
--- End of stack trace from previous location where exception was thrown ---
   at System.Runtime.ExceptionServices.ExceptionDispatchInfo.Throw()
   at System.Runtime.CompilerServices.TaskAwaiter.HandleNonSuccessAndDebuggerNotification(Task task)
   at Microsoft.AspNetCore.Mvc.Internal.ResourceInvoker.<InvokeAsync>d__15.MoveNext()
--- End of stack trace from previous location where exception was thrown ---
   at System.Runtime.ExceptionServices.ExceptionDispatchInfo.Throw()
   at System.Runtime.CompilerServices.TaskAwaiter.HandleNonSuccessAndDebuggerNotification(Task task)
   at Microsoft.AspNetCore.Builder.RouterMiddleware.<Invoke>d__4.MoveNext()
--- End of stack trace from previous location where exception was thrown ---
   at System.Runtime.ExceptionServices.ExceptionDispatchInfo.Throw()
   at System.Runtime.CompilerServices.TaskAwaiter.HandleNonSuccessAndDebuggerNotification(Task task)
   at Microsoft.AspNetCore.Diagnostics.DeveloperExceptionPageMiddleware.<Invoke>d__7.MoveNext()
2018-04-30T15:59:44.3808001+01:00 0HLDELC0Q0AT2:00000001 [INF] Request finished in 871.9764ms 500 text/html; charset=utf-8 (791a596a)
2018-04-30T15:59:44.4278001+01:00 0HLDELC0Q0AT2:00000002 [INF] Request starting HTTP/1.1 GET http://localhost:5000/favicon.ico   (ca22a1cb)
2018-04-30T15:59:44.4428001+01:00 0HLDELC0Q0AT2:00000002 [INF] Sending file. Request path: '"/favicon.ico"'. Physical path: '"C:\Users\ondero\desktop\dev\tinix\src\Tinix\wwwroot\favicon.ico"' (27b0a520)
2018-04-30T15:59:44.4788001+01:00 0HLDELC0Q0AT2:00000002 [INF] Request finished in 59.1445ms 0 image/x-icon (791a596a)
2018-04-30T16:02:37.3858001+01:00 0HLDELDKKH4VI:00000001 [INF] Request starting HTTP/1.1 GET http://localhost:5000/   (ca22a1cb)
2018-04-30T16:02:37.7028001+01:00 0HLDELDKKH4VI:00000001 [INF] Executing action method "Tinix.Controllers.HomeController.Index (Tinix)" with arguments ([""]) - ModelState is Valid (ba7f4ac2)
2018-04-30T16:02:37.8428001+01:00 0HLDELDKKH4VI:00000001 [INF] Executed action "Tinix.Controllers.HomeController.Index (Tinix)" in 177.5431ms (afa2e885)
2018-04-30T16:02:37.9178001+01:00 0HLDELDKKH4VI:00000001 [ERR] An unhandled exception has occurred while executing the request (cf926119)
System.NullReferenceException: Object reference not set to an instance of an object.
   at Tinix.Context.FileBlogService.<LikePost>d__10.MoveNext() in C:\Users\ondero\Desktop\dev\Tinix\src\Tinix.Context\FileBlogService.cs:line 230
--- End of stack trace from previous location where exception was thrown ---
   at System.Runtime.ExceptionServices.ExceptionDispatchInfo.Throw()
   at System.Runtime.CompilerServices.TaskAwaiter.HandleNonSuccessAndDebuggerNotification(Task task)
   at Tinix.Controllers.HomeController.<Index>d__5.MoveNext() in C:\Users\ondero\Desktop\dev\Tinix\src\Tinix\Controllers\HomeController.cs:line 74
--- End of stack trace from previous location where exception was thrown ---
   at System.Runtime.ExceptionServices.ExceptionDispatchInfo.Throw()
   at System.Runtime.CompilerServices.TaskAwaiter.HandleNonSuccessAndDebuggerNotification(Task task)
   at System.Runtime.CompilerServices.TaskAwaiter`1.GetResult()
   at Microsoft.AspNetCore.Mvc.Internal.ControllerActionInvoker.<InvokeActionMethodAsync>d__12.MoveNext()
--- End of stack trace from previous location where exception was thrown ---
   at System.Runtime.ExceptionServices.ExceptionDispatchInfo.Throw()
   at System.Runtime.CompilerServices.TaskAwaiter.HandleNonSuccessAndDebuggerNotification(Task task)
   at Microsoft.AspNetCore.Mvc.Internal.ControllerActionInvoker.<InvokeNextActionFilterAsync>d__10.MoveNext()
--- End of stack trace from previous location where exception was thrown ---
   at System.Runtime.ExceptionServices.ExceptionDispatchInfo.Throw()
   at Microsoft.AspNetCore.Mvc.Internal.ControllerActionInvoker.Rethrow(ActionExecutedContext context)
   at Microsoft.AspNetCore.Mvc.Internal.ControllerActionInvoker.Next(State& next, Scope& scope, Object& state, Boolean& isCompleted)
   at Microsoft.AspNetCore.Mvc.Internal.ControllerActionInvoker.<InvokeInnerFilterAsync>d__14.MoveNext()
--- End of stack trace from previous location where exception was thrown ---
   at System.Runtime.ExceptionServices.ExceptionDispatchInfo.Throw()
   at System.Runtime.CompilerServices.TaskAwaiter.HandleNonSuccessAndDebuggerNotification(Task task)
   at Microsoft.AspNetCore.Mvc.Internal.ResourceInvoker.<InvokeNextResourceFilter>d__22.MoveNext()
--- End of stack trace from previous location where exception was thrown ---
   at System.Runtime.ExceptionServices.ExceptionDispatchInfo.Throw()
   at Microsoft.AspNetCore.Mvc.Internal.ResourceInvoker.Rethrow(ResourceExecutedContext context)
   at Microsoft.AspNetCore.Mvc.Internal.ResourceInvoker.Next(State& next, Scope& scope, Object& state, Boolean& isCompleted)
   at Microsoft.AspNetCore.Mvc.Internal.ResourceInvoker.<InvokeFilterPipelineAsync>d__17.MoveNext()
--- End of stack trace from previous location where exception was thrown ---
   at System.Runtime.ExceptionServices.ExceptionDispatchInfo.Throw()
   at System.Runtime.CompilerServices.TaskAwaiter.HandleNonSuccessAndDebuggerNotification(Task task)
   at Microsoft.AspNetCore.Mvc.Internal.ResourceInvoker.<InvokeAsync>d__15.MoveNext()
--- End of stack trace from previous location where exception was thrown ---
   at System.Runtime.ExceptionServices.ExceptionDispatchInfo.Throw()
   at System.Runtime.CompilerServices.TaskAwaiter.HandleNonSuccessAndDebuggerNotification(Task task)
   at Microsoft.AspNetCore.Builder.RouterMiddleware.<Invoke>d__4.MoveNext()
--- End of stack trace from previous location where exception was thrown ---
   at System.Runtime.ExceptionServices.ExceptionDispatchInfo.Throw()
   at System.Runtime.CompilerServices.TaskAwaiter.HandleNonSuccessAndDebuggerNotification(Task task)
   at Microsoft.AspNetCore.Diagnostics.DeveloperExceptionPageMiddleware.<Invoke>d__7.MoveNext()
2018-04-30T16:02:38.0348001+01:00 0HLDELDKKH4VI:00000001 [INF] Request finished in 637.492ms 500 text/html; charset=utf-8 (791a596a)
2018-04-30T16:09:35.9038001+01:00 0HLDELHHBU282:00000001 [INF] Request starting HTTP/1.1 GET http://localhost:5000/   (ca22a1cb)
2018-04-30T16:09:36.3068001+01:00 0HLDELHHBU282:00000001 [INF] Executing action method "Tinix.Controllers.HomeController.Index (Tinix)" with arguments ([""]) - ModelState is Valid (ba7f4ac2)
2018-04-30T16:09:36.4438001+01:00 0HLDELHHBU282:00000001 [INF] Executed action "Tinix.Controllers.HomeController.Index (Tinix)" in 189.2964ms (afa2e885)
2018-04-30T16:09:36.5408001+01:00 0HLDELHHBU282:00000001 [ERR] An unhandled exception has occurred while executing the request (cf926119)
System.FormatException: Input string was not in a correct format.
   at System.Number.StringToNumber(String str, NumberStyles options, NumberBuffer& number, NumberFormatInfo info, Boolean parseDecimal)
   at System.Number.ParseInt32(String s, NumberStyles style, NumberFormatInfo info)
   at Tinix.Context.FileBlogService.<LikePost>d__10.MoveNext() in C:\Users\ondero\Desktop\dev\Tinix\src\Tinix.Context\FileBlogService.cs:line 225
--- End of stack trace from previous location where exception was thrown ---
   at System.Runtime.ExceptionServices.ExceptionDispatchInfo.Throw()
   at System.Runtime.CompilerServices.TaskAwaiter.HandleNonSuccessAndDebuggerNotification(Task task)
   at Tinix.Controllers.HomeController.<Index>d__5.MoveNext() in C:\Users\ondero\Desktop\dev\Tinix\src\Tinix\Controllers\HomeController.cs:line 74
--- End of stack trace from previous location where exception was thrown ---
   at System.Runtime.ExceptionServices.ExceptionDispatchInfo.Throw()
   at System.Runtime.CompilerServices.TaskAwaiter.HandleNonSuccessAndDebuggerNotification(Task task)
   at System.Runtime.CompilerServices.TaskAwaiter`1.GetResult()
   at Microsoft.AspNetCore.Mvc.Internal.ControllerActionInvoker.<InvokeActionMethodAsync>d__12.MoveNext()
--- End of stack trace from previous location where exception was thrown ---
   at System.Runtime.ExceptionServices.ExceptionDispatchInfo.Throw()
   at System.Runtime.CompilerServices.TaskAwaiter.HandleNonSuccessAndDebuggerNotification(Task task)
   at Microsoft.AspNetCore.Mvc.Internal.ControllerActionInvoker.<InvokeNextActionFilterAsync>d__10.MoveNext()
--- End of stack trace from previous location where exception was thrown ---
   at System.Runtime.ExceptionServices.ExceptionDispatchInfo.Throw()
   at Microsoft.AspNetCore.Mvc.Internal.ControllerActionInvoker.Rethrow(ActionExecutedContext context)
   at Microsoft.AspNetCore.Mvc.Internal.ControllerActionInvoker.Next(State& next, Scope& scope, Object& state, Boolean& isCompleted)
   at Microsoft.AspNetCore.Mvc.Internal.ControllerActionInvoker.<InvokeInnerFilterAsync>d__14.MoveNext()
--- End of stack trace from previous location where exception was thrown ---
   at System.Runtime.ExceptionServices.ExceptionDispatchInfo.Throw()
   at System.Runtime.CompilerServices.TaskAwaiter.HandleNonSuccessAndDebuggerNotification(Task task)
   at Microsoft.AspNetCore.Mvc.Internal.ResourceInvoker.<InvokeNextResourceFilter>d__22.MoveNext()
--- End of stack trace from previous location where exception was thrown ---
   at System.Runtime.ExceptionServices.ExceptionDispatchInfo.Throw()
   at Microsoft.AspNetCore.Mvc.Internal.ResourceInvoker.Rethrow(ResourceExecutedContext context)
   at Microsoft.AspNetCore.Mvc.Internal.ResourceInvoker.Next(State& next, Scope& scope, Object& state, Boolean& isCompleted)
   at Microsoft.AspNetCore.Mvc.Internal.ResourceInvoker.<InvokeFilterPipelineAsync>d__17.MoveNext()
--- End of stack trace from previous location where exception was thrown ---
   at System.Runtime.ExceptionServices.ExceptionDispatchInfo.Throw()
   at System.Runtime.CompilerServices.TaskAwaiter.HandleNonSuccessAndDebuggerNotification(Task task)
   at Microsoft.AspNetCore.Mvc.Internal.ResourceInvoker.<InvokeAsync>d__15.MoveNext()
--- End of stack trace from previous location where exception was thrown ---
   at System.Runtime.ExceptionServices.ExceptionDispatchInfo.Throw()
   at System.Runtime.CompilerServices.TaskAwaiter.HandleNonSuccessAndDebuggerNotification(Task task)
   at Microsoft.AspNetCore.Builder.RouterMiddleware.<Invoke>d__4.MoveNext()
--- End of stack trace from previous location where exception was thrown ---
   at System.Runtime.ExceptionServices.ExceptionDispatchInfo.Throw()
   at System.Runtime.CompilerServices.TaskAwaiter.HandleNonSuccessAndDebuggerNotification(Task task)
   at Microsoft.AspNetCore.Diagnostics.DeveloperExceptionPageMiddleware.<Invoke>d__7.MoveNext()
2018-04-30T16:09:36.6948001+01:00 0HLDELHHBU282:00000001 [INF] Request finished in 769.0328ms 500 text/html; charset=utf-8 (791a596a)
2018-04-30T16:14:37.0378001+01:00 0HLDELKB3MDR2:00000001 [INF] Request starting HTTP/1.1 GET http://localhost:5000/   (ca22a1cb)
2018-04-30T16:14:37.4698001+01:00 0HLDELKB3MDR2:00000001 [INF] Executing action method "Tinix.Controllers.HomeController.Index (Tinix)" with arguments ([""]) - ModelState is Valid (ba7f4ac2)
2018-04-30T16:14:40.3778001+01:00 0HLDELKB3MDR2:00000001 [INF] Executing ViewResult, running view at path "/Views/Home/Index.cshtml". (9707eebe)
2018-04-30T16:14:41.8378001+01:00 0HLDELKB3MDR2:00000001 [INF] Executed action "Tinix.Controllers.HomeController.Index (Tinix)" in 4346.71ms (afa2e885)
2018-04-30T16:14:41.9088001+01:00 0HLDELKB3MDR2:00000001 [INF] Request finished in 4824.973ms 200 text/html; charset=utf-8 (791a596a)
2018-04-30T16:15:05.4828001+01:00 0HLDELKB3MDR2:00000002 [INF] Request starting HTTP/1.1 GET http://localhost:5000/   (ca22a1cb)
2018-04-30T16:15:05.4938001+01:00 0HLDELKB3MDR2:00000002 [INF] Executing action method "Tinix.Controllers.HomeController.Index (Tinix)" with arguments ([""]) - ModelState is Valid (ba7f4ac2)
2018-04-30T16:15:05.5058001+01:00 0HLDELKB3MDR2:00000002 [INF] Executing ViewResult, running view at path "/Views/Home/Index.cshtml". (9707eebe)
2018-04-30T16:15:05.5208001+01:00 0HLDELKB3MDR2:00000002 [INF] Executed action "Tinix.Controllers.HomeController.Index (Tinix)" in 26.3835ms (afa2e885)
2018-04-30T16:15:05.6028001+01:00 0HLDELKB3MDR2:00000002 [INF] Request finished in 43.7681ms 200 text/html; charset=utf-8 (791a596a)
2018-04-30T16:15:05.6738001+01:00 0HLDELKB3MDR4:00000001 [INF] Request starting HTTP/1.1 GET http://localhost:5000/css/site.css   (ca22a1cb)
2018-04-30T16:15:05.7318001+01:00 0HLDELKB3MDR6:00000001 [INF] Request starting HTTP/1.1 GET http://localhost:5000/js/bootstrap.min.js   (ca22a1cb)
2018-04-30T16:15:05.7408001+01:00 0HLDELKB3MDR2:00000003 [INF] Request starting HTTP/1.1 GET http://localhost:5000/css/bootstrap.min.css   (ca22a1cb)
2018-04-30T16:15:05.7928001+01:00 0HLDELKB3MDR5:00000001 [INF] Request starting HTTP/1.1 GET http://localhost:5000/js/jquery.js   (ca22a1cb)
2018-04-30T16:15:05.7968001+01:00 0HLDELKB3MDR7:00000001 [INF] Request starting HTTP/1.1 GET http://localhost:5000/js/popper.min.js   (ca22a1cb)
2018-04-30T16:15:05.8358001+01:00 0HLDELKB3MDR4:00000001 [INF] The file "/css/site.css" was not modified (f1f8d725)
2018-04-30T16:15:05.8438001+01:00 0HLDELKB3MDR2:00000003 [INF] The file "/css/bootstrap.min.css" was not modified (f1f8d725)
2018-04-30T16:15:05.8658001+01:00 0HLDELKB3MDR6:00000001 [INF] The file "/js/bootstrap.min.js" was not modified (f1f8d725)
2018-04-30T16:15:05.9288001+01:00 0HLDELKB3MDR5:00000001 [INF] The file "/js/jquery.js" was not modified (f1f8d725)
2018-04-30T16:15:05.9398001+01:00 0HLDELKB3MDR6:00000001 [INF] Request finished in 229.3372ms 304 application/javascript (791a596a)
2018-04-30T16:15:05.9528001+01:00 0HLDELKB3MDR4:00000001 [INF] Request finished in 214.8066ms 304 text/css (791a596a)
2018-04-30T16:15:05.9548001+01:00 0HLDELKB3MDR2:00000003 [INF] Request finished in 208.2398ms 304 text/css (791a596a)
2018-04-30T16:15:05.9658001+01:00 0HLDELKB3MDR7:00000001 [INF] The file "/js/popper.min.js" was not modified (f1f8d725)
2018-04-30T16:15:05.9998001+01:00 0HLDELKB3MDR5:00000001 [INF] Request finished in 267.4334ms 304 application/javascript (791a596a)
2018-04-30T16:15:06.0128001+01:00 0HLDELKB3MDR7:00000001 [INF] Request finished in 234.9931ms 304 application/javascript (791a596a)
2018-04-30T16:15:10.7178001+01:00 0HLDELKB3MDR2:00000004 [INF] Request starting HTTP/1.1 GET http://localhost:5000/   (ca22a1cb)
2018-04-30T16:15:10.7248001+01:00 0HLDELKB3MDR2:00000004 [INF] Executing action method "Tinix.Controllers.HomeController.Index (Tinix)" with arguments ([""]) - ModelState is Valid (ba7f4ac2)
2018-04-30T16:15:10.7448001+01:00 0HLDELKB3MDR2:00000004 [INF] Executing ViewResult, running view at path "/Views/Home/Index.cshtml". (9707eebe)
2018-04-30T16:15:10.7558001+01:00 0HLDELKB3MDR2:00000004 [INF] Executed action "Tinix.Controllers.HomeController.Index (Tinix)" in 27.0293ms (afa2e885)
2018-04-30T16:15:10.7658001+01:00 0HLDELKB3MDR2:00000004 [INF] Request finished in 44.1932ms 200 text/html; charset=utf-8 (791a596a)
2018-04-30T16:15:10.8458001+01:00 0HLDELKB3MDR7:00000002 [INF] Request starting HTTP/1.1 GET http://localhost:5000/js/popper.min.js   (ca22a1cb)
2018-04-30T16:15:10.8728001+01:00 0HLDELKB3MDR7:00000002 [INF] The file "/js/popper.min.js" was not modified (f1f8d725)
2018-04-30T16:15:10.9058001+01:00 0HLDELKB3MDR7:00000002 [INF] Request finished in 97.5176ms 304 application/javascript (791a596a)
2018-04-30T16:15:10.9148001+01:00 0HLDELKB3MDR5:00000002 [INF] Request starting HTTP/1.1 GET http://localhost:5000/js/jquery.js   (ca22a1cb)
2018-04-30T16:15:10.9318001+01:00 0HLDELKB3MDR4:00000002 [INF] Request starting HTTP/1.1 GET http://localhost:5000/css/bootstrap.min.css   (ca22a1cb)
2018-04-30T16:15:10.9438001+01:00 0HLDELKB3MDR5:00000002 [INF] The file "/js/jquery.js" was not modified (f1f8d725)
2018-04-30T16:15:10.9818001+01:00 0HLDELKB3MDR4:00000002 [INF] The file "/css/bootstrap.min.css" was not modified (f1f8d725)
2018-04-30T16:15:10.9998001+01:00 0HLDELKB3MDR6:00000002 [INF] Request starting HTTP/1.1 GET http://localhost:5000/css/site.css   (ca22a1cb)
2018-04-30T16:15:11.0318001+01:00 0HLDELKB3MDR2:00000005 [INF] Request starting HTTP/1.1 GET http://localhost:5000/js/bootstrap.min.js   (ca22a1cb)
2018-04-30T16:15:11.0458001+01:00 0HLDELKB3MDR5:00000002 [INF] Request finished in 172.8665ms 304 application/javascript (791a596a)
2018-04-30T16:15:11.0468001+01:00 0HLDELKB3MDR2:00000005 [INF] The file "/js/bootstrap.min.js" was not modified (f1f8d725)
2018-04-30T16:15:11.1188001+01:00 0HLDELKB3MDR2:00000005 [INF] Request finished in 262.4518ms 304 application/javascript (791a596a)
2018-04-30T16:15:11.1288001+01:00 0HLDELKB3MDR6:00000002 [INF] The file "/css/site.css" was not modified (f1f8d725)
2018-04-30T16:15:11.1388001+01:00 0HLDELKB3MDR4:00000002 [INF] Request finished in 93.1317ms 304 text/css (791a596a)
2018-04-30T16:15:11.1408001+01:00 0HLDELKB3MDR6:00000002 [INF] Request finished in 199.4128ms 304 text/css (791a596a)
2018-04-30T16:15:20.1058001+01:00 0HLDELKB3MDR2:00000006 [INF] Request starting HTTP/1.1 GET http://localhost:5000/admin/home   (ca22a1cb)
2018-04-30T16:15:20.1228001+01:00 0HLDELKB3MDR2:00000006 [INF] Request finished in 6.4995ms 404  (791a596a)
2018-04-30T16:15:30.3058001+01:00 0HLDELKB3MDR2:00000007 [INF] Request starting HTTP/1.1 GET http://localhost:5000/admin/login   (ca22a1cb)
2018-04-30T16:15:30.3208001+01:00 0HLDELKB3MDR2:00000007 [INF] Executing action method "Tinix.Controllers.AdminController.Login (Tinix)" with arguments (null) - ModelState is Valid (ba7f4ac2)
2018-04-30T16:15:30.7948001+01:00 0HLDELKB3MDR2:00000007 [INF] Executing ViewResult, running view at path "/Views/Admin/Login.cshtml". (9707eebe)
2018-04-30T16:15:31.1818001+01:00 0HLDELKB3MDR2:00000007 [INF] Executed action "Tinix.Controllers.AdminController.Login (Tinix)" in 858.8591ms (afa2e885)
2018-04-30T16:15:31.1888001+01:00 0HLDELKB3MDR2:00000007 [INF] Request finished in 892.7515ms 200 text/html; charset=utf-8 (791a596a)
2018-04-30T16:15:31.2098001+01:00 0HLDELKB3MDR7:00000003 [INF] Request starting HTTP/1.1 GET http://localhost:5000/css/admin.css   (ca22a1cb)
2018-04-30T16:15:31.2148001+01:00 0HLDELKB3MDR7:00000003 [INF] Sending file. Request path: '"/css/admin.css"'. Physical path: '"C:\Users\ondero\desktop\dev\tinix\src\Tinix\wwwroot\css\admin.css"' (27b0a520)
2018-04-30T16:15:31.2478001+01:00 0HLDELKB3MDR7:00000003 [INF] Request finished in 23.4011ms 0 text/css (791a596a)
2018-04-30T16:15:33.7688001+01:00 0HLDELKB3MDR2:00000008 [INF] Request starting HTTP/1.1 POST http://localhost:5000/Admin/Login application/x-www-form-urlencoded 34 (ca22a1cb)
2018-04-30T16:15:33.8108001+01:00 0HLDELKB3MDR2:00000008 [INF] Executing action method "Tinix.Controllers.AdminController.Login (Tinix)" with arguments (["Tinix.Models.LoginViewModel"]) - ModelState is Valid (ba7f4ac2)
2018-04-30T16:15:33.8728001+01:00 0HLDELKB3MDR2:00000008 [INF] AuthenticationScheme: "Cookies" signed in. (c66dd7e7)
2018-04-30T16:15:33.8788001+01:00 0HLDELKB3MDR2:00000008 [INF] Executing RedirectResult, redirecting to "/Admin/NewPost". (d98d540e)
2018-04-30T16:15:33.9028001+01:00 0HLDELKB3MDR2:00000008 [INF] Executed action "Tinix.Controllers.AdminController.Login (Tinix)" in 101.5325ms (afa2e885)
2018-04-30T16:15:33.9108001+01:00 0HLDELKB3MDR2:00000008 [INF] Request finished in 141.5536ms 302  (791a596a)
2018-04-30T16:15:33.9158001+01:00 0HLDELKB3MDR2:00000009 [INF] Request starting HTTP/1.1 GET http://localhost:5000/Admin/NewPost   (ca22a1cb)
2018-04-30T16:15:33.9258001+01:00 0HLDELKB3MDR2:00000009 [INF] AuthenticationScheme: "Cookies" was successfully authenticated. (1805f3b3)
2018-04-30T16:15:33.9388001+01:00 0HLDELKB3MDR2:00000009 [INF] Authorization was successful for user: "ozimax". (d7eb274a)
2018-04-30T16:15:33.9468001+01:00 0HLDELKB3MDR2:00000009 [INF] Executing action method "Tinix.Controllers.AdminController.NewPost (Tinix)" with arguments (null) - ModelState is Valid (ba7f4ac2)
2018-04-30T16:15:34.1648001+01:00 0HLDELKB3MDR2:00000009 [INF] Executing ViewResult, running view at path "/Views/Admin/NewPost.cshtml". (9707eebe)
2018-04-30T16:15:34.2238001+01:00 0HLDELKB3MDR2:00000009 [INF] Executed action "Tinix.Controllers.AdminController.NewPost (Tinix)" in 266.1954ms (afa2e885)
2018-04-30T16:15:34.3278001+01:00 0HLDELKB3MDR2:00000009 [INF] Request finished in 312.5936ms 200 text/html; charset=utf-8 (791a596a)
2018-04-30T16:15:42.4168001+01:00 0HLDELKB3MDR2:0000000A [INF] Request starting HTTP/1.1 POST http://localhost:5000/Admin/NewPost application/x-www-form-urlencoded 46 (ca22a1cb)
2018-04-30T16:15:42.4228001+01:00 0HLDELKB3MDR2:0000000A [INF] AuthenticationScheme: "Cookies" was successfully authenticated. (1805f3b3)
2018-04-30T16:15:42.4308001+01:00 0HLDELKB3MDR2:0000000A [INF] Authorization was successful for user: "ozimax". (d7eb274a)
2018-04-30T16:15:42.4368001+01:00 0HLDELKB3MDR2:0000000A [INF] Executing action method "Tinix.Controllers.AdminController.NewPost (Tinix)" with arguments (["Tinix.Models.NewPostViewModel"]) - ModelState is Valid (ba7f4ac2)
2018-04-30T16:15:42.4608001+01:00 0HLDELKB3MDR2:0000000A [INF] Executing RedirectResult, redirecting to "NewPost". (d98d540e)
2018-04-30T16:15:42.4858001+01:00 0HLDELKB3MDR2:0000000A [INF] Executed action "Tinix.Controllers.AdminController.NewPost (Tinix)" in 33.222ms (afa2e885)
2018-04-30T16:15:42.4978001+01:00 0HLDELKB3MDR2:0000000A [INF] Request finished in 76.037ms 302  (791a596a)
2018-04-30T16:15:42.5028001+01:00 0HLDELKB3MDR2:0000000B [INF] Request starting HTTP/1.1 GET http://localhost:5000/Admin/NewPost   (ca22a1cb)
2018-04-30T16:15:42.5068001+01:00 0HLDELKB3MDR2:0000000B [INF] AuthenticationScheme: "Cookies" was successfully authenticated. (1805f3b3)
2018-04-30T16:15:42.5098001+01:00 0HLDELKB3MDR2:0000000B [INF] Authorization was successful for user: "ozimax". (d7eb274a)
2018-04-30T16:15:42.5338001+01:00 0HLDELKB3MDR2:0000000B [INF] Executing action method "Tinix.Controllers.AdminController.NewPost (Tinix)" with arguments (null) - ModelState is Valid (ba7f4ac2)
2018-04-30T16:15:42.5368001+01:00 0HLDELKB3MDR2:0000000B [INF] Executing ViewResult, running view at path "/Views/Admin/NewPost.cshtml". (9707eebe)
2018-04-30T16:15:42.5428001+01:00 0HLDELKB3MDR2:0000000B [INF] Executed action "Tinix.Controllers.AdminController.NewPost (Tinix)" in 30.2317ms (afa2e885)
2018-04-30T16:15:42.5648001+01:00 0HLDELKB3MDR2:0000000B [INF] Request finished in 46.5392ms 200 text/html; charset=utf-8 (791a596a)
2018-04-30T17:56:41.9388001+01:00 0HLDENDCEJT1I:00000001 [INF] Request starting HTTP/1.1 GET http://localhost:5000/   (ca22a1cb)
2018-04-30T17:56:42.0338001+01:00 0HLDENDCEJT1I:00000001 [INF] AuthenticationScheme: "Cookies" was successfully authenticated. (1805f3b3)
2018-04-30T17:56:42.3978001+01:00 0HLDENDCEJT1I:00000001 [INF] Executing action method "Tinix.Controllers.HomeController.Index (Tinix)" with arguments ([""]) - ModelState is Valid (ba7f4ac2)
